[0.906s] Invoking command in '/home/sksuser/arduinobot_ws/build/arduinobot_utils': AMENT_PREFIX_PATH=/home/sksuser/arduinobot_ws/install/arduinobot_msgs:${AMENT_PREFIX_PATH} CMAKE_PREFIX_PATH=/home/sksuser/arduinobot_ws/install/arduinobot_msgs:/home/sksuser/my_robot_ws/install/my_robot_bringup:/home/sksuser/my_robot_ws/install/my_robot_description:/opt/ros/humble LD_LIBRARY_PATH=/home/sksuser/arduinobot_ws/install/arduinobot_msgs/lib:${LD_LIBRARY_PATH} PYTHONPATH=/home/sksuser/arduinobot_ws/install/arduinobot_msgs/local/lib/python3.10/dist-packages:${PYTHONPATH} /usr/bin/cmake --build /home/sksuser/arduinobot_ws/build/arduinobot_utils -- -j8 -l8
[1.120s] [100%] Built target angle_conversion
[1.128s] [100%] Built target ament_cmake_python_copy_arduinobot_utils
[2.011s] running egg_info
[2.012s] writing arduinobot_utils.egg-info/PKG-INFO
[2.015s] writing dependency_links to arduinobot_utils.egg-info/dependency_links.txt
[2.015s] writing top-level names to arduinobot_utils.egg-info/top_level.txt
[2.023s] reading manifest file 'arduinobot_utils.egg-info/SOURCES.txt'
[2.025s] writing manifest file 'arduinobot_utils.egg-info/SOURCES.txt'
[2.083s] [100%] Built target ament_cmake_python_build_arduinobot_utils_egg
[2.108s] Invoked command in '/home/sksuser/arduinobot_ws/build/arduinobot_utils' returned '0': AMENT_PREFIX_PATH=/home/sksuser/arduinobot_ws/install/arduinobot_msgs:${AMENT_PREFIX_PATH} CMAKE_PREFIX_PATH=/home/sksuser/arduinobot_ws/install/arduinobot_msgs:/home/sksuser/my_robot_ws/install/my_robot_bringup:/home/sksuser/my_robot_ws/install/my_robot_description:/opt/ros/humble LD_LIBRARY_PATH=/home/sksuser/arduinobot_ws/install/arduinobot_msgs/lib:${LD_LIBRARY_PATH} PYTHONPATH=/home/sksuser/arduinobot_ws/install/arduinobot_msgs/local/lib/python3.10/dist-packages:${PYTHONPATH} /usr/bin/cmake --build /home/sksuser/arduinobot_ws/build/arduinobot_utils -- -j8 -l8
[2.113s] Invoking command in '/home/sksuser/arduinobot_ws/build/arduinobot_utils': AMENT_PREFIX_PATH=/home/sksuser/arduinobot_ws/install/arduinobot_msgs:${AMENT_PREFIX_PATH} CMAKE_PREFIX_PATH=/home/sksuser/arduinobot_ws/install/arduinobot_msgs:/home/sksuser/my_robot_ws/install/my_robot_bringup:/home/sksuser/my_robot_ws/install/my_robot_description:/opt/ros/humble LD_LIBRARY_PATH=/home/sksuser/arduinobot_ws/install/arduinobot_msgs/lib:${LD_LIBRARY_PATH} PYTHONPATH=/home/sksuser/arduinobot_ws/install/arduinobot_msgs/local/lib/python3.10/dist-packages:${PYTHONPATH} /usr/bin/cmake --install /home/sksuser/arduinobot_ws/build/arduinobot_utils
[2.126s] -- Install configuration: ""
[2.126s] -- Up-to-date: /home/sksuser/arduinobot_ws/install/arduinobot_utils/share/arduinobot_utils/environment/pythonpath.sh
[2.126s] -- Up-to-date: /home/sksuser/arduinobot_ws/install/arduinobot_utils/share/arduinobot_utils/environment/pythonpath.dsv
[2.127s] -- Up-to-date: /home/sksuser/arduinobot_ws/install/arduinobot_utils/local/lib/python3.10/dist-packages/arduinobot_utils-0.0.0-py3.10.egg-info
[2.127s] -- Installing: /home/sksuser/arduinobot_ws/install/arduinobot_utils/local/lib/python3.10/dist-packages/arduinobot_utils-0.0.0-py3.10.egg-info/PKG-INFO
[2.127s] -- Installing: /home/sksuser/arduinobot_ws/install/arduinobot_utils/local/lib/python3.10/dist-packages/arduinobot_utils-0.0.0-py3.10.egg-info/dependency_links.txt
[2.127s] -- Installing: /home/sksuser/arduinobot_ws/install/arduinobot_utils/local/lib/python3.10/dist-packages/arduinobot_utils-0.0.0-py3.10.egg-info/top_level.txt
[2.128s] -- Installing: /home/sksuser/arduinobot_ws/install/arduinobot_utils/local/lib/python3.10/dist-packages/arduinobot_utils-0.0.0-py3.10.egg-info/SOURCES.txt
[2.128s] -- Up-to-date: /home/sksuser/arduinobot_ws/install/arduinobot_utils/local/lib/python3.10/dist-packages/arduinobot_utils
[2.128s] -- Up-to-date: /home/sksuser/arduinobot_ws/install/arduinobot_utils/local/lib/python3.10/dist-packages/arduinobot_utils/__init__.py
[2.129s] -- Up-to-date: /home/sksuser/arduinobot_ws/install/arduinobot_utils/local/lib/python3.10/dist-packages/arduinobot_utils/angle_conversion.py
[2.206s] Listing '/home/sksuser/arduinobot_ws/install/arduinobot_utils/local/lib/python3.10/dist-packages/arduinobot_utils'...
[2.218s] -- Up-to-date: /home/sksuser/arduinobot_ws/install/arduinobot_utils/lib/arduinobot_utils/angle_conversion
[2.220s] -- Up-to-date: /home/sksuser/arduinobot_ws/install/arduinobot_utils/lib/arduinobot_utils/angle_conversion.py
[2.220s] -- Up-to-date: /home/sksuser/arduinobot_ws/install/arduinobot_utils/share/ament_index/resource_index/package_run_dependencies/arduinobot_utils
[2.220s] -- Up-to-date: /home/sksuser/arduinobot_ws/install/arduinobot_utils/share/ament_index/resource_index/parent_prefix_path/arduinobot_utils
[2.221s] -- Up-to-date: /home/sksuser/arduinobot_ws/install/arduinobot_utils/share/arduinobot_utils/environment/ament_prefix_path.sh
[2.221s] -- Up-to-date: /home/sksuser/arduinobot_ws/install/arduinobot_utils/share/arduinobot_utils/environment/ament_prefix_path.dsv
[2.221s] -- Up-to-date: /home/sksuser/arduinobot_ws/install/arduinobot_utils/share/arduinobot_utils/environment/path.sh
[2.221s] -- Up-to-date: /home/sksuser/arduinobot_ws/install/arduinobot_utils/share/arduinobot_utils/environment/path.dsv
[2.221s] -- Up-to-date: /home/sksuser/arduinobot_ws/install/arduinobot_utils/share/arduinobot_utils/local_setup.bash
[2.222s] -- Up-to-date: /home/sksuser/arduinobot_ws/install/arduinobot_utils/share/arduinobot_utils/local_setup.sh
[2.222s] -- Up-to-date: /home/sksuser/arduinobot_ws/install/arduinobot_utils/share/arduinobot_utils/local_setup.zsh
[2.222s] -- Up-to-date: /home/sksuser/arduinobot_ws/install/arduinobot_utils/share/arduinobot_utils/local_setup.dsv
[2.222s] -- Installing: /home/sksuser/arduinobot_ws/install/arduinobot_utils/share/arduinobot_utils/package.dsv
[2.223s] -- Up-to-date: /home/sksuser/arduinobot_ws/install/arduinobot_utils/share/ament_index/resource_index/packages/arduinobot_utils
[2.223s] -- Up-to-date: /home/sksuser/arduinobot_ws/install/arduinobot_utils/share/arduinobot_utils/cmake/arduinobot_utilsConfig.cmake
[2.223s] -- Up-to-date: /home/sksuser/arduinobot_ws/install/arduinobot_utils/share/arduinobot_utils/cmake/arduinobot_utilsConfig-version.cmake
[2.223s] -- Up-to-date: /home/sksuser/arduinobot_ws/install/arduinobot_utils/share/arduinobot_utils/package.xml
[2.226s] Invoked command in '/home/sksuser/arduinobot_ws/build/arduinobot_utils' returned '0': AMENT_PREFIX_PATH=/home/sksuser/arduinobot_ws/install/arduinobot_msgs:${AMENT_PREFIX_PATH} CMAKE_PREFIX_PATH=/home/sksuser/arduinobot_ws/install/arduinobot_msgs:/home/sksuser/my_robot_ws/install/my_robot_bringup:/home/sksuser/my_robot_ws/install/my_robot_description:/opt/ros/humble LD_LIBRARY_PATH=/home/sksuser/arduinobot_ws/install/arduinobot_msgs/lib:${LD_LIBRARY_PATH} PYTHONPATH=/home/sksuser/arduinobot_ws/install/arduinobot_msgs/local/lib/python3.10/dist-packages:${PYTHONPATH} /usr/bin/cmake --install /home/sksuser/arduinobot_ws/build/arduinobot_utils
