[0.033s] Invoking command in '/home/sksuser/arduinobot_ws/build/arduinobot_controller': AMENT_PREFIX_PATH=/home/sksuser/arduinobot_ws/install/arduinobot_description:${AMENT_PREFIX_PATH} CMAKE_PREFIX_PATH=/home/sksuser/arduinobot_ws/install/arduinobot_description:/home/sksuser/my_robot_ws/install/my_robot_bringup:/home/sksuser/my_robot_ws/install/my_robot_description:/opt/ros/humble /usr/bin/cmake --build /home/sksuser/arduinobot_ws/build/arduinobot_controller -- -j8 -l8
[0.209s] [  0%] Built target ament_cmake_python_copy_arduinobot_controller
[0.211s] [100%] Built target slider_control
[0.870s] running egg_info
[0.876s] writing arduinobot_controller.egg-info/PKG-INFO
[0.876s] writing dependency_links to arduinobot_controller.egg-info/dependency_links.txt
[0.876s] writing top-level names to arduinobot_controller.egg-info/top_level.txt
[0.891s] reading manifest file 'arduinobot_controller.egg-info/SOURCES.txt'
[0.894s] writing manifest file 'arduinobot_controller.egg-info/SOURCES.txt'
[0.938s] [100%] Built target ament_cmake_python_build_arduinobot_controller_egg
[0.964s] Invoked command in '/home/sksuser/arduinobot_ws/build/arduinobot_controller' returned '0': AMENT_PREFIX_PATH=/home/sksuser/arduinobot_ws/install/arduinobot_description:${AMENT_PREFIX_PATH} CMAKE_PREFIX_PATH=/home/sksuser/arduinobot_ws/install/arduinobot_description:/home/sksuser/my_robot_ws/install/my_robot_bringup:/home/sksuser/my_robot_ws/install/my_robot_description:/opt/ros/humble /usr/bin/cmake --build /home/sksuser/arduinobot_ws/build/arduinobot_controller -- -j8 -l8
[0.967s] Invoking command in '/home/sksuser/arduinobot_ws/build/arduinobot_controller': AMENT_PREFIX_PATH=/home/sksuser/arduinobot_ws/install/arduinobot_description:${AMENT_PREFIX_PATH} CMAKE_PREFIX_PATH=/home/sksuser/arduinobot_ws/install/arduinobot_description:/home/sksuser/my_robot_ws/install/my_robot_bringup:/home/sksuser/my_robot_ws/install/my_robot_description:/opt/ros/humble /usr/bin/cmake --install /home/sksuser/arduinobot_ws/build/arduinobot_controller
[0.982s] -- Install configuration: ""
[0.983s] -- Up-to-date: /home/sksuser/arduinobot_ws/install/arduinobot_controller/share/arduinobot_controller/environment/pythonpath.sh
[0.983s] -- Up-to-date: /home/sksuser/arduinobot_ws/install/arduinobot_controller/share/arduinobot_controller/environment/pythonpath.dsv
[0.983s] -- Up-to-date: /home/sksuser/arduinobot_ws/install/arduinobot_controller/local/lib/python3.10/dist-packages/arduinobot_controller-0.0.0-py3.10.egg-info
[0.984s] -- Installing: /home/sksuser/arduinobot_ws/install/arduinobot_controller/local/lib/python3.10/dist-packages/arduinobot_controller-0.0.0-py3.10.egg-info/PKG-INFO
[0.984s] -- Installing: /home/sksuser/arduinobot_ws/install/arduinobot_controller/local/lib/python3.10/dist-packages/arduinobot_controller-0.0.0-py3.10.egg-info/dependency_links.txt
[0.984s] -- Installing: /home/sksuser/arduinobot_ws/install/arduinobot_controller/local/lib/python3.10/dist-packages/arduinobot_controller-0.0.0-py3.10.egg-info/top_level.txt
[0.984s] -- Installing: /home/sksuser/arduinobot_ws/install/arduinobot_controller/local/lib/python3.10/dist-packages/arduinobot_controller-0.0.0-py3.10.egg-info/SOURCES.txt
[0.985s] -- Up-to-date: /home/sksuser/arduinobot_ws/install/arduinobot_controller/local/lib/python3.10/dist-packages/arduinobot_controller
[0.985s] -- Up-to-date: /home/sksuser/arduinobot_ws/install/arduinobot_controller/local/lib/python3.10/dist-packages/arduinobot_controller/__init__.py
[0.986s] -- Up-to-date: /home/sksuser/arduinobot_ws/install/arduinobot_controller/local/lib/python3.10/dist-packages/arduinobot_controller/slider_control.py
[1.076s] Listing '/home/sksuser/arduinobot_ws/install/arduinobot_controller/local/lib/python3.10/dist-packages/arduinobot_controller'...
[1.087s] -- Up-to-date: /home/sksuser/arduinobot_ws/install/arduinobot_controller/lib/arduinobot_controller/slider_control
[1.091s] -- Up-to-date: /home/sksuser/arduinobot_ws/install/arduinobot_controller/share/arduinobot_controller/launch
[1.096s] -- Up-to-date: /home/sksuser/arduinobot_ws/install/arduinobot_controller/share/arduinobot_controller/launch/slider_controller.launch.py
[1.097s] -- Up-to-date: /home/sksuser/arduinobot_ws/install/arduinobot_controller/share/arduinobot_controller/launch/controller.launch.py
[1.098s] -- Up-to-date: /home/sksuser/arduinobot_ws/install/arduinobot_controller/share/arduinobot_controller/config
[1.098s] -- Up-to-date: /home/sksuser/arduinobot_ws/install/arduinobot_controller/share/arduinobot_controller/config/arduinobot_controllers.yaml
[1.098s] -- Up-to-date: /home/sksuser/arduinobot_ws/install/arduinobot_controller/lib/arduinobot_controller/slider_control.py
[1.099s] -- Up-to-date: /home/sksuser/arduinobot_ws/install/arduinobot_controller/share/ament_index/resource_index/package_run_dependencies/arduinobot_controller
[1.099s] -- Up-to-date: /home/sksuser/arduinobot_ws/install/arduinobot_controller/share/ament_index/resource_index/parent_prefix_path/arduinobot_controller
[1.099s] -- Up-to-date: /home/sksuser/arduinobot_ws/install/arduinobot_controller/share/arduinobot_controller/environment/ament_prefix_path.sh
[1.100s] -- Up-to-date: /home/sksuser/arduinobot_ws/install/arduinobot_controller/share/arduinobot_controller/environment/ament_prefix_path.dsv
[1.100s] -- Up-to-date: /home/sksuser/arduinobot_ws/install/arduinobot_controller/share/arduinobot_controller/environment/path.sh
[1.101s] -- Up-to-date: /home/sksuser/arduinobot_ws/install/arduinobot_controller/share/arduinobot_controller/environment/path.dsv
[1.101s] -- Up-to-date: /home/sksuser/arduinobot_ws/install/arduinobot_controller/share/arduinobot_controller/local_setup.bash
[1.101s] -- Up-to-date: /home/sksuser/arduinobot_ws/install/arduinobot_controller/share/arduinobot_controller/local_setup.sh
[1.102s] -- Up-to-date: /home/sksuser/arduinobot_ws/install/arduinobot_controller/share/arduinobot_controller/local_setup.zsh
[1.102s] -- Up-to-date: /home/sksuser/arduinobot_ws/install/arduinobot_controller/share/arduinobot_controller/local_setup.dsv
[1.103s] -- Installing: /home/sksuser/arduinobot_ws/install/arduinobot_controller/share/arduinobot_controller/package.dsv
[1.103s] -- Up-to-date: /home/sksuser/arduinobot_ws/install/arduinobot_controller/share/ament_index/resource_index/packages/arduinobot_controller
[1.103s] -- Up-to-date: /home/sksuser/arduinobot_ws/install/arduinobot_controller/share/arduinobot_controller/cmake/arduinobot_controllerConfig.cmake
[1.103s] -- Up-to-date: /home/sksuser/arduinobot_ws/install/arduinobot_controller/share/arduinobot_controller/cmake/arduinobot_controllerConfig-version.cmake
[1.103s] -- Up-to-date: /home/sksuser/arduinobot_ws/install/arduinobot_controller/share/arduinobot_controller/package.xml
[1.135s] Invoked command in '/home/sksuser/arduinobot_ws/build/arduinobot_controller' returned '0': AMENT_PREFIX_PATH=/home/sksuser/arduinobot_ws/install/arduinobot_description:${AMENT_PREFIX_PATH} CMAKE_PREFIX_PATH=/home/sksuser/arduinobot_ws/install/arduinobot_description:/home/sksuser/my_robot_ws/install/my_robot_bringup:/home/sksuser/my_robot_ws/install/my_robot_description:/opt/ros/humble /usr/bin/cmake --install /home/sksuser/arduinobot_ws/build/arduinobot_controller
