[0.038s] Invoking command in '/home/sksuser/arduinobot_ws/build/arduinobot_controller': CMAKE_PREFIX_PATH=/home/sksuser/arduinobot_ws/install/arduinobot_description:/home/sksuser/arduinobot_ws/install/arduinobot_utils:/home/sksuser/arduinobot_ws/install/arduinobot_bringup:/home/sksuser/arduinobot_ws/install/arduinobot_remote:/home/sksuser/arduinobot_ws/install/arduinobot_cpp_example:/home/sksuser/arduinobot_ws/install/arduinobot_msgs:/home/sksuser/arduinobot_ws/install/arduinobot_moveit:/home/sksuser/arduinobot_ws/install/arduinobot_controller:/home/sksuser/my_robot_ws/install/my_robot_bringup:/home/sksuser/my_robot_ws/install/my_robot_description:/home/sksuser/arduinobot_ws/install/arduinobot_py_example:/opt/ros/humble /usr/bin/cmake --build /home/sksuser/arduinobot_ws/build/arduinobot_controller -- -j8 -l8
[0.185s] [100%] Built target slider_control
[0.256s] [100%] Built target ament_cmake_python_copy_arduinobot_controller
[0.984s] running egg_info
[0.987s] writing arduinobot_controller.egg-info/PKG-INFO
[0.988s] writing dependency_links to arduinobot_controller.egg-info/dependency_links.txt
[0.989s] writing top-level names to arduinobot_controller.egg-info/top_level.txt
[0.995s] reading manifest file 'arduinobot_controller.egg-info/SOURCES.txt'
[0.997s] writing manifest file 'arduinobot_controller.egg-info/SOURCES.txt'
[1.073s] [100%] Built target ament_cmake_python_build_arduinobot_controller_egg
[1.103s] Invoked command in '/home/sksuser/arduinobot_ws/build/arduinobot_controller' returned '0': CMAKE_PREFIX_PATH=/home/sksuser/arduinobot_ws/install/arduinobot_description:/home/sksuser/arduinobot_ws/install/arduinobot_utils:/home/sksuser/arduinobot_ws/install/arduinobot_bringup:/home/sksuser/arduinobot_ws/install/arduinobot_remote:/home/sksuser/arduinobot_ws/install/arduinobot_cpp_example:/home/sksuser/arduinobot_ws/install/arduinobot_msgs:/home/sksuser/arduinobot_ws/install/arduinobot_moveit:/home/sksuser/arduinobot_ws/install/arduinobot_controller:/home/sksuser/my_robot_ws/install/my_robot_bringup:/home/sksuser/my_robot_ws/install/my_robot_description:/home/sksuser/arduinobot_ws/install/arduinobot_py_example:/opt/ros/humble /usr/bin/cmake --build /home/sksuser/arduinobot_ws/build/arduinobot_controller -- -j8 -l8
[1.109s] Invoking command in '/home/sksuser/arduinobot_ws/build/arduinobot_controller': CMAKE_PREFIX_PATH=/home/sksuser/arduinobot_ws/install/arduinobot_description:/home/sksuser/arduinobot_ws/install/arduinobot_utils:/home/sksuser/arduinobot_ws/install/arduinobot_bringup:/home/sksuser/arduinobot_ws/install/arduinobot_remote:/home/sksuser/arduinobot_ws/install/arduinobot_cpp_example:/home/sksuser/arduinobot_ws/install/arduinobot_msgs:/home/sksuser/arduinobot_ws/install/arduinobot_moveit:/home/sksuser/arduinobot_ws/install/arduinobot_controller:/home/sksuser/my_robot_ws/install/my_robot_bringup:/home/sksuser/my_robot_ws/install/my_robot_description:/home/sksuser/arduinobot_ws/install/arduinobot_py_example:/opt/ros/humble /usr/bin/cmake --install /home/sksuser/arduinobot_ws/build/arduinobot_controller
[1.123s] -- Install configuration: ""
[1.125s] -- Up-to-date: /home/sksuser/arduinobot_ws/install/arduinobot_controller/share/arduinobot_controller/environment/pythonpath.sh
[1.126s] -- Up-to-date: /home/sksuser/arduinobot_ws/install/arduinobot_controller/share/arduinobot_controller/environment/pythonpath.dsv
[1.126s] -- Up-to-date: /home/sksuser/arduinobot_ws/install/arduinobot_controller/local/lib/python3.10/dist-packages/arduinobot_controller-0.0.0-py3.10.egg-info
[1.126s] -- Installing: /home/sksuser/arduinobot_ws/install/arduinobot_controller/local/lib/python3.10/dist-packages/arduinobot_controller-0.0.0-py3.10.egg-info/PKG-INFO
[1.126s] -- Installing: /home/sksuser/arduinobot_ws/install/arduinobot_controller/local/lib/python3.10/dist-packages/arduinobot_controller-0.0.0-py3.10.egg-info/dependency_links.txt
[1.127s] -- Installing: /home/sksuser/arduinobot_ws/install/arduinobot_controller/local/lib/python3.10/dist-packages/arduinobot_controller-0.0.0-py3.10.egg-info/top_level.txt
[1.127s] -- Installing: /home/sksuser/arduinobot_ws/install/arduinobot_controller/local/lib/python3.10/dist-packages/arduinobot_controller-0.0.0-py3.10.egg-info/SOURCES.txt
[1.127s] -- Up-to-date: /home/sksuser/arduinobot_ws/install/arduinobot_controller/local/lib/python3.10/dist-packages/arduinobot_controller
[1.127s] -- Up-to-date: /home/sksuser/arduinobot_ws/install/arduinobot_controller/local/lib/python3.10/dist-packages/arduinobot_controller/__init__.py
[1.128s] -- Up-to-date: /home/sksuser/arduinobot_ws/install/arduinobot_controller/local/lib/python3.10/dist-packages/arduinobot_controller/slider_control.py
[1.230s] Listing '/home/sksuser/arduinobot_ws/install/arduinobot_controller/local/lib/python3.10/dist-packages/arduinobot_controller'...
[1.246s] -- Up-to-date: /home/sksuser/arduinobot_ws/install/arduinobot_controller/lib/arduinobot_controller/slider_control
[1.247s] -- Up-to-date: /home/sksuser/arduinobot_ws/install/arduinobot_controller/share/arduinobot_controller/launch
[1.248s] -- Up-to-date: /home/sksuser/arduinobot_ws/install/arduinobot_controller/share/arduinobot_controller/launch/slider_controller.launch.py
[1.248s] -- Up-to-date: /home/sksuser/arduinobot_ws/install/arduinobot_controller/share/arduinobot_controller/launch/controller.launch.py
[1.248s] -- Up-to-date: /home/sksuser/arduinobot_ws/install/arduinobot_controller/share/arduinobot_controller/config
[1.248s] -- Up-to-date: /home/sksuser/arduinobot_ws/install/arduinobot_controller/share/arduinobot_controller/config/arduinobot_controllers.yaml
[1.249s] -- Up-to-date: /home/sksuser/arduinobot_ws/install/arduinobot_controller/lib/arduinobot_controller/slider_control.py
[1.249s] -- Up-to-date: /home/sksuser/arduinobot_ws/install/arduinobot_controller/share/ament_index/resource_index/package_run_dependencies/arduinobot_controller
[1.249s] -- Up-to-date: /home/sksuser/arduinobot_ws/install/arduinobot_controller/share/ament_index/resource_index/parent_prefix_path/arduinobot_controller
[1.249s] -- Up-to-date: /home/sksuser/arduinobot_ws/install/arduinobot_controller/share/arduinobot_controller/environment/ament_prefix_path.sh
[1.250s] -- Up-to-date: /home/sksuser/arduinobot_ws/install/arduinobot_controller/share/arduinobot_controller/environment/ament_prefix_path.dsv
[1.250s] -- Up-to-date: /home/sksuser/arduinobot_ws/install/arduinobot_controller/share/arduinobot_controller/environment/path.sh
[1.250s] -- Up-to-date: /home/sksuser/arduinobot_ws/install/arduinobot_controller/share/arduinobot_controller/environment/path.dsv
[1.250s] -- Up-to-date: /home/sksuser/arduinobot_ws/install/arduinobot_controller/share/arduinobot_controller/local_setup.bash
[1.250s] -- Up-to-date: /home/sksuser/arduinobot_ws/install/arduinobot_controller/share/arduinobot_controller/local_setup.sh
[1.250s] -- Up-to-date: /home/sksuser/arduinobot_ws/install/arduinobot_controller/share/arduinobot_controller/local_setup.zsh
[1.251s] -- Up-to-date: /home/sksuser/arduinobot_ws/install/arduinobot_controller/share/arduinobot_controller/local_setup.dsv
[1.251s] -- Installing: /home/sksuser/arduinobot_ws/install/arduinobot_controller/share/arduinobot_controller/package.dsv
[1.251s] -- Up-to-date: /home/sksuser/arduinobot_ws/install/arduinobot_controller/share/ament_index/resource_index/packages/arduinobot_controller
[1.251s] -- Up-to-date: /home/sksuser/arduinobot_ws/install/arduinobot_controller/share/arduinobot_controller/cmake/arduinobot_controllerConfig.cmake
[1.251s] -- Up-to-date: /home/sksuser/arduinobot_ws/install/arduinobot_controller/share/arduinobot_controller/cmake/arduinobot_controllerConfig-version.cmake
[1.252s] -- Up-to-date: /home/sksuser/arduinobot_ws/install/arduinobot_controller/share/arduinobot_controller/package.xml
[1.255s] Invoked command in '/home/sksuser/arduinobot_ws/build/arduinobot_controller' returned '0': CMAKE_PREFIX_PATH=/home/sksuser/arduinobot_ws/install/arduinobot_description:/home/sksuser/arduinobot_ws/install/arduinobot_utils:/home/sksuser/arduinobot_ws/install/arduinobot_bringup:/home/sksuser/arduinobot_ws/install/arduinobot_remote:/home/sksuser/arduinobot_ws/install/arduinobot_cpp_example:/home/sksuser/arduinobot_ws/install/arduinobot_msgs:/home/sksuser/arduinobot_ws/install/arduinobot_moveit:/home/sksuser/arduinobot_ws/install/arduinobot_controller:/home/sksuser/my_robot_ws/install/my_robot_bringup:/home/sksuser/my_robot_ws/install/my_robot_description:/home/sksuser/arduinobot_ws/install/arduinobot_py_example:/opt/ros/humble /usr/bin/cmake --install /home/sksuser/arduinobot_ws/build/arduinobot_controller
