[1.205s] Invoking command in '/home/sksuser/arduinobot_ws/src/arduinobot_py_example': AMENT_PREFIX_PATH=/home/sksuser/arduinobot_ws/install/arduinobot_msgs:${AMENT_PREFIX_PATH} CMAKE_PREFIX_PATH=/home/sksuser/arduinobot_ws/install/arduinobot_msgs:${CMAKE_PREFIX_PATH} LD_LIBRARY_PATH=/home/sksuser/arduinobot_ws/install/arduinobot_msgs/lib:${LD_LIBRARY_PATH} PYTHONPATH=/home/sksuser/arduinobot_ws/build/arduinobot_py_example/prefix_override:/usr/lib/python3/dist-packages/colcon_core/task/python/colcon_distutils_commands:/home/sksuser/arduinobot_ws/install/arduinobot_py_example/lib/python3.10/site-packages:/home/sksuser/arduinobot_ws/install/arduinobot_msgs/local/lib/python3.10/dist-packages:${PYTHONPATH} /usr/bin/python3 -W ignore:setup.py install is deprecated -W ignore:easy_install command is deprecated setup.py egg_info --egg-base ../../build/arduinobot_py_example build --build-base /home/sksuser/arduinobot_ws/build/arduinobot_py_example/build install --record /home/sksuser/arduinobot_ws/build/arduinobot_py_example/install.log --single-version-externally-managed install_data
[1.655s] running egg_info
[1.657s] writing ../../build/arduinobot_py_example/arduinobot_py_example.egg-info/PKG-INFO
[1.657s] writing dependency_links to ../../build/arduinobot_py_example/arduinobot_py_example.egg-info/dependency_links.txt
[1.657s] writing entry points to ../../build/arduinobot_py_example/arduinobot_py_example.egg-info/entry_points.txt
[1.658s] writing requirements to ../../build/arduinobot_py_example/arduinobot_py_example.egg-info/requires.txt
[1.658s] writing top-level names to ../../build/arduinobot_py_example/arduinobot_py_example.egg-info/top_level.txt
[1.662s] reading manifest file '../../build/arduinobot_py_example/arduinobot_py_example.egg-info/SOURCES.txt'
[1.663s] writing manifest file '../../build/arduinobot_py_example/arduinobot_py_example.egg-info/SOURCES.txt'
[1.664s] running build
[1.664s] running build_py
[1.665s] running install
[1.666s] running install_lib
[1.669s] running install_data
[1.669s] running install_egg_info
[1.672s] removing '/home/sksuser/arduinobot_ws/install/arduinobot_py_example/lib/python3.10/site-packages/arduinobot_py_example-0.0.0-py3.10.egg-info' (and everything under it)
[1.673s] Copying ../../build/arduinobot_py_example/arduinobot_py_example.egg-info to /home/sksuser/arduinobot_ws/install/arduinobot_py_example/lib/python3.10/site-packages/arduinobot_py_example-0.0.0-py3.10.egg-info
[1.674s] running install_scripts
[1.717s] Installing simple_parameter script to /home/sksuser/arduinobot_ws/install/arduinobot_py_example/lib/arduinobot_py_example
[1.717s] Installing simple_publisher script to /home/sksuser/arduinobot_ws/install/arduinobot_py_example/lib/arduinobot_py_example
[1.718s] Installing simple_service_client script to /home/sksuser/arduinobot_ws/install/arduinobot_py_example/lib/arduinobot_py_example
[1.721s] Installing simple_service_server script to /home/sksuser/arduinobot_ws/install/arduinobot_py_example/lib/arduinobot_py_example
[1.721s] Installing simple_subscriber script to /home/sksuser/arduinobot_ws/install/arduinobot_py_example/lib/arduinobot_py_example
[1.721s] writing list of installed files to '/home/sksuser/arduinobot_ws/build/arduinobot_py_example/install.log'
[1.769s] Invoked command in '/home/sksuser/arduinobot_ws/src/arduinobot_py_example' returned '0': AMENT_PREFIX_PATH=/home/sksuser/arduinobot_ws/install/arduinobot_msgs:${AMENT_PREFIX_PATH} CMAKE_PREFIX_PATH=/home/sksuser/arduinobot_ws/install/arduinobot_msgs:${CMAKE_PREFIX_PATH} LD_LIBRARY_PATH=/home/sksuser/arduinobot_ws/install/arduinobot_msgs/lib:${LD_LIBRARY_PATH} PYTHONPATH=/home/sksuser/arduinobot_ws/build/arduinobot_py_example/prefix_override:/usr/lib/python3/dist-packages/colcon_core/task/python/colcon_distutils_commands:/home/sksuser/arduinobot_ws/install/arduinobot_py_example/lib/python3.10/site-packages:/home/sksuser/arduinobot_ws/install/arduinobot_msgs/local/lib/python3.10/dist-packages:${PYTHONPATH} /usr/bin/python3 -W ignore:setup.py install is deprecated -W ignore:easy_install command is deprecated setup.py egg_info --egg-base ../../build/arduinobot_py_example build --build-base /home/sksuser/arduinobot_ws/build/arduinobot_py_example/build install --record /home/sksuser/arduinobot_ws/build/arduinobot_py_example/install.log --single-version-externally-managed install_data
