[0.113s] Invoking command in '/home/sksuser/arduinobot_ws/build/arduinobot_moveit': CMAKE_PREFIX_PATH=${CMAKE_PREFIX_PATH}:/opt/ros/humble /usr/bin/cmake --build /home/sksuser/arduinobot_ws/build/arduinobot_moveit -- -j8 -l8
[0.481s] Invoked command in '/home/sksuser/arduinobot_ws/build/arduinobot_moveit' returned '0': CMAKE_PREFIX_PATH=${CMAKE_PREFIX_PATH}:/opt/ros/humble /usr/bin/cmake --build /home/sksuser/arduinobot_ws/build/arduinobot_moveit -- -j8 -l8
[0.490s] Invoking command in '/home/sksuser/arduinobot_ws/build/arduinobot_moveit': CMAKE_PREFIX_PATH=${CMAKE_PREFIX_PATH}:/opt/ros/humble /usr/bin/cmake --install /home/sksuser/arduinobot_ws/build/arduinobot_moveit
[0.630s] -- Install configuration: ""
[0.630s] -- Up-to-date: /home/sksuser/arduinobot_ws/install/arduinobot_moveit/share/arduinobot_moveit/config
[0.631s] -- Up-to-date: /home/sksuser/arduinobot_ws/install/arduinobot_moveit/share/arduinobot_moveit/config/moveit_controller.yaml
[0.631s] -- Up-to-date: /home/sksuser/arduinobot_ws/install/arduinobot_moveit/share/arduinobot_moveit/config/joint_limits.yaml
[0.632s] -- Up-to-date: /home/sksuser/arduinobot_ws/install/arduinobot_moveit/share/arduinobot_moveit/config/arduinobot.srdf
[0.632s] -- Up-to-date: /home/sksuser/arduinobot_ws/install/arduinobot_moveit/share/arduinobot_moveit/config/initial_position.yaml
[0.632s] -- Up-to-date: /home/sksuser/arduinobot_ws/install/arduinobot_moveit/share/arduinobot_moveit/config/pilz_cartesian_limits.yaml
[0.634s] -- Up-to-date: /home/sksuser/arduinobot_ws/install/arduinobot_moveit/share/arduinobot_moveit/config/kinematics.yaml
[0.634s] -- Up-to-date: /home/sksuser/arduinobot_ws/install/arduinobot_moveit/share/arduinobot_moveit/launch
[0.635s] -- Installing: /home/sksuser/arduinobot_ws/install/arduinobot_moveit/share/arduinobot_moveit/launch/moveit.launch.py
[0.635s] -- Up-to-date: /home/sksuser/arduinobot_ws/install/arduinobot_moveit/share/ament_index/resource_index/package_run_dependencies/arduinobot_moveit
[0.645s] -- Up-to-date: /home/sksuser/arduinobot_ws/install/arduinobot_moveit/share/ament_index/resource_index/parent_prefix_path/arduinobot_moveit
[0.645s] -- Up-to-date: /home/sksuser/arduinobot_ws/install/arduinobot_moveit/share/arduinobot_moveit/environment/ament_prefix_path.sh
[0.646s] -- Up-to-date: /home/sksuser/arduinobot_ws/install/arduinobot_moveit/share/arduinobot_moveit/environment/ament_prefix_path.dsv
[0.651s] -- Up-to-date: /home/sksuser/arduinobot_ws/install/arduinobot_moveit/share/arduinobot_moveit/environment/path.sh
[0.652s] -- Up-to-date: /home/sksuser/arduinobot_ws/install/arduinobot_moveit/share/arduinobot_moveit/environment/path.dsv
[0.652s] -- Up-to-date: /home/sksuser/arduinobot_ws/install/arduinobot_moveit/share/arduinobot_moveit/local_setup.bash
[0.654s] -- Up-to-date: /home/sksuser/arduinobot_ws/install/arduinobot_moveit/share/arduinobot_moveit/local_setup.sh
[0.663s] -- Up-to-date: /home/sksuser/arduinobot_ws/install/arduinobot_moveit/share/arduinobot_moveit/local_setup.zsh
[0.664s] -- Up-to-date: /home/sksuser/arduinobot_ws/install/arduinobot_moveit/share/arduinobot_moveit/local_setup.dsv
[0.664s] -- Installing: /home/sksuser/arduinobot_ws/install/arduinobot_moveit/share/arduinobot_moveit/package.dsv
[0.664s] -- Up-to-date: /home/sksuser/arduinobot_ws/install/arduinobot_moveit/share/ament_index/resource_index/packages/arduinobot_moveit
[0.665s] -- Up-to-date: /home/sksuser/arduinobot_ws/install/arduinobot_moveit/share/arduinobot_moveit/cmake/arduinobot_moveitConfig.cmake
[0.665s] -- Up-to-date: /home/sksuser/arduinobot_ws/install/arduinobot_moveit/share/arduinobot_moveit/cmake/arduinobot_moveitConfig-version.cmake
[0.675s] -- Up-to-date: /home/sksuser/arduinobot_ws/install/arduinobot_moveit/share/arduinobot_moveit/package.xml
[0.851s] Invoked command in '/home/sksuser/arduinobot_ws/build/arduinobot_moveit' returned '0': CMAKE_PREFIX_PATH=${CMAKE_PREFIX_PATH}:/opt/ros/humble /usr/bin/cmake --install /home/sksuser/arduinobot_ws/build/arduinobot_moveit
