[1.157s] Invoking command in '/home/sksuser/arduinobot_ws/build/arduinobot_utils': CMAKE_PREFIX_PATH=/home/sksuser/arduinobot_ws/install/arduinobot_msgs:/home/sksuser/arduinobot_ws/install/arduinobot_utils:/home/sksuser/arduinobot_ws/install/arduinobot_bringup:/home/sksuser/arduinobot_ws/install/arduinobot_remote:/home/sksuser/arduinobot_ws/install/arduinobot_cpp_example:/home/sksuser/arduinobot_ws/install/arduinobot_moveit:/home/sksuser/arduinobot_ws/install/arduinobot_controller:/home/sksuser/arduinobot_ws/install/arduinobot_description:/home/sksuser/my_robot_ws/install/my_robot_bringup:/home/sksuser/my_robot_ws/install/my_robot_description:/home/sksuser/arduinobot_ws/install/arduinobot_py_example:/opt/ros/humble LD_LIBRARY_PATH=/home/sksuser/arduinobot_ws/install/arduinobot_msgs/lib:/home/sksuser/arduinobot_ws/install/arduinobot_remote/lib:/home/sksuser/arduinobot_ws/install/arduinobot_cpp_example/lib:/usr/lib/x86_64-linux-gnu/gazebo-11/plugins:/opt/ros/humble/opt/rviz_ogre_vendor/lib:/opt/ros/humble/lib/x86_64-linux-gnu:/opt/ros/humble/lib /usr/bin/cmake --build /home/sksuser/arduinobot_ws/build/arduinobot_utils -- -j8 -l8
[1.389s] [100%] Built target angle_conversion
[1.428s] [100%] Built target ament_cmake_python_copy_arduinobot_utils
[2.382s] running egg_info
[2.384s] writing arduinobot_utils.egg-info/PKG-INFO
[2.384s] writing dependency_links to arduinobot_utils.egg-info/dependency_links.txt
[2.385s] writing top-level names to arduinobot_utils.egg-info/top_level.txt
[2.393s] reading manifest file 'arduinobot_utils.egg-info/SOURCES.txt'
[2.394s] writing manifest file 'arduinobot_utils.egg-info/SOURCES.txt'
[2.467s] [100%] Built target ament_cmake_python_build_arduinobot_utils_egg
[2.502s] Invoked command in '/home/sksuser/arduinobot_ws/build/arduinobot_utils' returned '0': CMAKE_PREFIX_PATH=/home/sksuser/arduinobot_ws/install/arduinobot_msgs:/home/sksuser/arduinobot_ws/install/arduinobot_utils:/home/sksuser/arduinobot_ws/install/arduinobot_bringup:/home/sksuser/arduinobot_ws/install/arduinobot_remote:/home/sksuser/arduinobot_ws/install/arduinobot_cpp_example:/home/sksuser/arduinobot_ws/install/arduinobot_moveit:/home/sksuser/arduinobot_ws/install/arduinobot_controller:/home/sksuser/arduinobot_ws/install/arduinobot_description:/home/sksuser/my_robot_ws/install/my_robot_bringup:/home/sksuser/my_robot_ws/install/my_robot_description:/home/sksuser/arduinobot_ws/install/arduinobot_py_example:/opt/ros/humble LD_LIBRARY_PATH=/home/sksuser/arduinobot_ws/install/arduinobot_msgs/lib:/home/sksuser/arduinobot_ws/install/arduinobot_remote/lib:/home/sksuser/arduinobot_ws/install/arduinobot_cpp_example/lib:/usr/lib/x86_64-linux-gnu/gazebo-11/plugins:/opt/ros/humble/opt/rviz_ogre_vendor/lib:/opt/ros/humble/lib/x86_64-linux-gnu:/opt/ros/humble/lib /usr/bin/cmake --build /home/sksuser/arduinobot_ws/build/arduinobot_utils -- -j8 -l8
[2.505s] Invoking command in '/home/sksuser/arduinobot_ws/build/arduinobot_utils': CMAKE_PREFIX_PATH=/home/sksuser/arduinobot_ws/install/arduinobot_msgs:/home/sksuser/arduinobot_ws/install/arduinobot_utils:/home/sksuser/arduinobot_ws/install/arduinobot_bringup:/home/sksuser/arduinobot_ws/install/arduinobot_remote:/home/sksuser/arduinobot_ws/install/arduinobot_cpp_example:/home/sksuser/arduinobot_ws/install/arduinobot_moveit:/home/sksuser/arduinobot_ws/install/arduinobot_controller:/home/sksuser/arduinobot_ws/install/arduinobot_description:/home/sksuser/my_robot_ws/install/my_robot_bringup:/home/sksuser/my_robot_ws/install/my_robot_description:/home/sksuser/arduinobot_ws/install/arduinobot_py_example:/opt/ros/humble LD_LIBRARY_PATH=/home/sksuser/arduinobot_ws/install/arduinobot_msgs/lib:/home/sksuser/arduinobot_ws/install/arduinobot_remote/lib:/home/sksuser/arduinobot_ws/install/arduinobot_cpp_example/lib:/usr/lib/x86_64-linux-gnu/gazebo-11/plugins:/opt/ros/humble/opt/rviz_ogre_vendor/lib:/opt/ros/humble/lib/x86_64-linux-gnu:/opt/ros/humble/lib /usr/bin/cmake --install /home/sksuser/arduinobot_ws/build/arduinobot_utils
[2.520s] -- Install configuration: ""
[2.521s] -- Up-to-date: /home/sksuser/arduinobot_ws/install/arduinobot_utils/share/arduinobot_utils/environment/pythonpath.sh
[2.522s] -- Up-to-date: /home/sksuser/arduinobot_ws/install/arduinobot_utils/share/arduinobot_utils/environment/pythonpath.dsv
[2.522s] -- Up-to-date: /home/sksuser/arduinobot_ws/install/arduinobot_utils/local/lib/python3.10/dist-packages/arduinobot_utils-0.0.0-py3.10.egg-info
[2.522s] -- Installing: /home/sksuser/arduinobot_ws/install/arduinobot_utils/local/lib/python3.10/dist-packages/arduinobot_utils-0.0.0-py3.10.egg-info/PKG-INFO
[2.522s] -- Installing: /home/sksuser/arduinobot_ws/install/arduinobot_utils/local/lib/python3.10/dist-packages/arduinobot_utils-0.0.0-py3.10.egg-info/dependency_links.txt
[2.523s] -- Installing: /home/sksuser/arduinobot_ws/install/arduinobot_utils/local/lib/python3.10/dist-packages/arduinobot_utils-0.0.0-py3.10.egg-info/top_level.txt
[2.523s] -- Installing: /home/sksuser/arduinobot_ws/install/arduinobot_utils/local/lib/python3.10/dist-packages/arduinobot_utils-0.0.0-py3.10.egg-info/SOURCES.txt
[2.523s] -- Up-to-date: /home/sksuser/arduinobot_ws/install/arduinobot_utils/local/lib/python3.10/dist-packages/arduinobot_utils
[2.523s] -- Up-to-date: /home/sksuser/arduinobot_ws/install/arduinobot_utils/local/lib/python3.10/dist-packages/arduinobot_utils/__init__.py
[2.524s] -- Up-to-date: /home/sksuser/arduinobot_ws/install/arduinobot_utils/local/lib/python3.10/dist-packages/arduinobot_utils/angle_conversion.py
[2.625s] Listing '/home/sksuser/arduinobot_ws/install/arduinobot_utils/local/lib/python3.10/dist-packages/arduinobot_utils'...
[2.639s] -- Up-to-date: /home/sksuser/arduinobot_ws/install/arduinobot_utils/lib/arduinobot_utils/angle_conversion
[2.640s] -- Up-to-date: /home/sksuser/arduinobot_ws/install/arduinobot_utils/lib/arduinobot_utils/angle_conversion.py
[2.640s] -- Up-to-date: /home/sksuser/arduinobot_ws/install/arduinobot_utils/share/ament_index/resource_index/package_run_dependencies/arduinobot_utils
[2.640s] -- Up-to-date: /home/sksuser/arduinobot_ws/install/arduinobot_utils/share/ament_index/resource_index/parent_prefix_path/arduinobot_utils
[2.641s] -- Up-to-date: /home/sksuser/arduinobot_ws/install/arduinobot_utils/share/arduinobot_utils/environment/ament_prefix_path.sh
[2.641s] -- Up-to-date: /home/sksuser/arduinobot_ws/install/arduinobot_utils/share/arduinobot_utils/environment/ament_prefix_path.dsv
[2.641s] -- Up-to-date: /home/sksuser/arduinobot_ws/install/arduinobot_utils/share/arduinobot_utils/environment/path.sh
[2.641s] -- Up-to-date: /home/sksuser/arduinobot_ws/install/arduinobot_utils/share/arduinobot_utils/environment/path.dsv
[2.641s] -- Up-to-date: /home/sksuser/arduinobot_ws/install/arduinobot_utils/share/arduinobot_utils/local_setup.bash
[2.645s] -- Up-to-date: /home/sksuser/arduinobot_ws/install/arduinobot_utils/share/arduinobot_utils/local_setup.sh
[2.645s] -- Up-to-date: /home/sksuser/arduinobot_ws/install/arduinobot_utils/share/arduinobot_utils/local_setup.zsh
[2.646s] -- Up-to-date: /home/sksuser/arduinobot_ws/install/arduinobot_utils/share/arduinobot_utils/local_setup.dsv
[2.646s] -- Installing: /home/sksuser/arduinobot_ws/install/arduinobot_utils/share/arduinobot_utils/package.dsv
[2.646s] -- Up-to-date: /home/sksuser/arduinobot_ws/install/arduinobot_utils/share/ament_index/resource_index/packages/arduinobot_utils
[2.650s] -- Up-to-date: /home/sksuser/arduinobot_ws/install/arduinobot_utils/share/arduinobot_utils/cmake/arduinobot_utilsConfig.cmake
[2.653s] -- Up-to-date: /home/sksuser/arduinobot_ws/install/arduinobot_utils/share/arduinobot_utils/cmake/arduinobot_utilsConfig-version.cmake
[2.653s] -- Up-to-date: /home/sksuser/arduinobot_ws/install/arduinobot_utils/share/arduinobot_utils/package.xml
[2.654s] Invoked command in '/home/sksuser/arduinobot_ws/build/arduinobot_utils' returned '0': CMAKE_PREFIX_PATH=/home/sksuser/arduinobot_ws/install/arduinobot_msgs:/home/sksuser/arduinobot_ws/install/arduinobot_utils:/home/sksuser/arduinobot_ws/install/arduinobot_bringup:/home/sksuser/arduinobot_ws/install/arduinobot_remote:/home/sksuser/arduinobot_ws/install/arduinobot_cpp_example:/home/sksuser/arduinobot_ws/install/arduinobot_moveit:/home/sksuser/arduinobot_ws/install/arduinobot_controller:/home/sksuser/arduinobot_ws/install/arduinobot_description:/home/sksuser/my_robot_ws/install/my_robot_bringup:/home/sksuser/my_robot_ws/install/my_robot_description:/home/sksuser/arduinobot_ws/install/arduinobot_py_example:/opt/ros/humble LD_LIBRARY_PATH=/home/sksuser/arduinobot_ws/install/arduinobot_msgs/lib:/home/sksuser/arduinobot_ws/install/arduinobot_remote/lib:/home/sksuser/arduinobot_ws/install/arduinobot_cpp_example/lib:/usr/lib/x86_64-linux-gnu/gazebo-11/plugins:/opt/ros/humble/opt/rviz_ogre_vendor/lib:/opt/ros/humble/lib/x86_64-linux-gnu:/opt/ros/humble/lib /usr/bin/cmake --install /home/sksuser/arduinobot_ws/build/arduinobot_utils
