[0.549s] Invoking command in '/home/sksuser/arduinobot_ws/build/arduinobot_utils': AMENT_PREFIX_PATH=/home/sksuser/arduinobot_ws/install/arduinobot_msgs:${AMENT_PREFIX_PATH} CMAKE_PREFIX_PATH=/home/sksuser/arduinobot_ws/install/arduinobot_msgs:/home/sksuser/my_robot_ws/install/my_robot_bringup:/home/sksuser/my_robot_ws/install/my_robot_description:/opt/ros/humble LD_LIBRARY_PATH=/home/sksuser/arduinobot_ws/install/arduinobot_msgs/lib:${LD_LIBRARY_PATH} PYTHONPATH=/home/sksuser/arduinobot_ws/install/arduinobot_msgs/local/lib/python3.10/dist-packages:${PYTHONPATH} /usr/bin/cmake --build /home/sksuser/arduinobot_ws/build/arduinobot_utils -- -j8 -l8
[0.652s] [  0%] Built target ament_cmake_python_copy_arduinobot_utils
[0.665s] [100%] Built target angle_conversion
[1.128s] running egg_info
[1.130s] writing arduinobot_utils.egg-info/PKG-INFO
[1.130s] writing dependency_links to arduinobot_utils.egg-info/dependency_links.txt
[1.130s] writing top-level names to arduinobot_utils.egg-info/top_level.txt
[1.135s] reading manifest file 'arduinobot_utils.egg-info/SOURCES.txt'
[1.136s] writing manifest file 'arduinobot_utils.egg-info/SOURCES.txt'
[1.171s] [100%] Built target ament_cmake_python_build_arduinobot_utils_egg
[1.187s] Invoked command in '/home/sksuser/arduinobot_ws/build/arduinobot_utils' returned '0': AMENT_PREFIX_PATH=/home/sksuser/arduinobot_ws/install/arduinobot_msgs:${AMENT_PREFIX_PATH} CMAKE_PREFIX_PATH=/home/sksuser/arduinobot_ws/install/arduinobot_msgs:/home/sksuser/my_robot_ws/install/my_robot_bringup:/home/sksuser/my_robot_ws/install/my_robot_description:/opt/ros/humble LD_LIBRARY_PATH=/home/sksuser/arduinobot_ws/install/arduinobot_msgs/lib:${LD_LIBRARY_PATH} PYTHONPATH=/home/sksuser/arduinobot_ws/install/arduinobot_msgs/local/lib/python3.10/dist-packages:${PYTHONPATH} /usr/bin/cmake --build /home/sksuser/arduinobot_ws/build/arduinobot_utils -- -j8 -l8
[1.190s] Invoking command in '/home/sksuser/arduinobot_ws/build/arduinobot_utils': AMENT_PREFIX_PATH=/home/sksuser/arduinobot_ws/install/arduinobot_msgs:${AMENT_PREFIX_PATH} CMAKE_PREFIX_PATH=/home/sksuser/arduinobot_ws/install/arduinobot_msgs:/home/sksuser/my_robot_ws/install/my_robot_bringup:/home/sksuser/my_robot_ws/install/my_robot_description:/opt/ros/humble LD_LIBRARY_PATH=/home/sksuser/arduinobot_ws/install/arduinobot_msgs/lib:${LD_LIBRARY_PATH} PYTHONPATH=/home/sksuser/arduinobot_ws/install/arduinobot_msgs/local/lib/python3.10/dist-packages:${PYTHONPATH} /usr/bin/cmake --install /home/sksuser/arduinobot_ws/build/arduinobot_utils
[1.200s] -- Install configuration: ""
[1.201s] -- Up-to-date: /home/sksuser/arduinobot_ws/install/arduinobot_utils/share/arduinobot_utils/environment/pythonpath.sh
[1.201s] -- Up-to-date: /home/sksuser/arduinobot_ws/install/arduinobot_utils/share/arduinobot_utils/environment/pythonpath.dsv
[1.201s] -- Up-to-date: /home/sksuser/arduinobot_ws/install/arduinobot_utils/local/lib/python3.10/dist-packages/arduinobot_utils-0.0.0-py3.10.egg-info
[1.202s] -- Installing: /home/sksuser/arduinobot_ws/install/arduinobot_utils/local/lib/python3.10/dist-packages/arduinobot_utils-0.0.0-py3.10.egg-info/PKG-INFO
[1.202s] -- Installing: /home/sksuser/arduinobot_ws/install/arduinobot_utils/local/lib/python3.10/dist-packages/arduinobot_utils-0.0.0-py3.10.egg-info/dependency_links.txt
[1.202s] -- Installing: /home/sksuser/arduinobot_ws/install/arduinobot_utils/local/lib/python3.10/dist-packages/arduinobot_utils-0.0.0-py3.10.egg-info/top_level.txt
[1.202s] -- Installing: /home/sksuser/arduinobot_ws/install/arduinobot_utils/local/lib/python3.10/dist-packages/arduinobot_utils-0.0.0-py3.10.egg-info/SOURCES.txt
[1.203s] -- Up-to-date: /home/sksuser/arduinobot_ws/install/arduinobot_utils/local/lib/python3.10/dist-packages/arduinobot_utils
[1.203s] -- Up-to-date: /home/sksuser/arduinobot_ws/install/arduinobot_utils/local/lib/python3.10/dist-packages/arduinobot_utils/__init__.py
[1.203s] -- Up-to-date: /home/sksuser/arduinobot_ws/install/arduinobot_utils/local/lib/python3.10/dist-packages/arduinobot_utils/angle_conversion.py
[1.257s] Listing '/home/sksuser/arduinobot_ws/install/arduinobot_utils/local/lib/python3.10/dist-packages/arduinobot_utils'...
[1.265s] -- Up-to-date: /home/sksuser/arduinobot_ws/install/arduinobot_utils/lib/arduinobot_utils/angle_conversion
[1.265s] -- Up-to-date: /home/sksuser/arduinobot_ws/install/arduinobot_utils/lib/arduinobot_utils/angle_conversion.py
[1.266s] -- Up-to-date: /home/sksuser/arduinobot_ws/install/arduinobot_utils/share/ament_index/resource_index/package_run_dependencies/arduinobot_utils
[1.266s] -- Up-to-date: /home/sksuser/arduinobot_ws/install/arduinobot_utils/share/ament_index/resource_index/parent_prefix_path/arduinobot_utils
[1.266s] -- Up-to-date: /home/sksuser/arduinobot_ws/install/arduinobot_utils/share/arduinobot_utils/environment/ament_prefix_path.sh
[1.267s] -- Up-to-date: /home/sksuser/arduinobot_ws/install/arduinobot_utils/share/arduinobot_utils/environment/ament_prefix_path.dsv
[1.267s] -- Up-to-date: /home/sksuser/arduinobot_ws/install/arduinobot_utils/share/arduinobot_utils/environment/path.sh
[1.267s] -- Up-to-date: /home/sksuser/arduinobot_ws/install/arduinobot_utils/share/arduinobot_utils/environment/path.dsv
[1.267s] -- Up-to-date: /home/sksuser/arduinobot_ws/install/arduinobot_utils/share/arduinobot_utils/local_setup.bash
[1.268s] -- Up-to-date: /home/sksuser/arduinobot_ws/install/arduinobot_utils/share/arduinobot_utils/local_setup.sh
[1.268s] -- Up-to-date: /home/sksuser/arduinobot_ws/install/arduinobot_utils/share/arduinobot_utils/local_setup.zsh
[1.268s] -- Up-to-date: /home/sksuser/arduinobot_ws/install/arduinobot_utils/share/arduinobot_utils/local_setup.dsv
[1.268s] -- Installing: /home/sksuser/arduinobot_ws/install/arduinobot_utils/share/arduinobot_utils/package.dsv
[1.268s] -- Up-to-date: /home/sksuser/arduinobot_ws/install/arduinobot_utils/share/ament_index/resource_index/packages/arduinobot_utils
[1.268s] -- Up-to-date: /home/sksuser/arduinobot_ws/install/arduinobot_utils/share/arduinobot_utils/cmake/arduinobot_utilsConfig.cmake
[1.269s] -- Up-to-date: /home/sksuser/arduinobot_ws/install/arduinobot_utils/share/arduinobot_utils/cmake/arduinobot_utilsConfig-version.cmake
[1.269s] -- Up-to-date: /home/sksuser/arduinobot_ws/install/arduinobot_utils/share/arduinobot_utils/package.xml
[1.273s] Invoked command in '/home/sksuser/arduinobot_ws/build/arduinobot_utils' returned '0': AMENT_PREFIX_PATH=/home/sksuser/arduinobot_ws/install/arduinobot_msgs:${AMENT_PREFIX_PATH} CMAKE_PREFIX_PATH=/home/sksuser/arduinobot_ws/install/arduinobot_msgs:/home/sksuser/my_robot_ws/install/my_robot_bringup:/home/sksuser/my_robot_ws/install/my_robot_description:/opt/ros/humble LD_LIBRARY_PATH=/home/sksuser/arduinobot_ws/install/arduinobot_msgs/lib:${LD_LIBRARY_PATH} PYTHONPATH=/home/sksuser/arduinobot_ws/install/arduinobot_msgs/local/lib/python3.10/dist-packages:${PYTHONPATH} /usr/bin/cmake --install /home/sksuser/arduinobot_ws/build/arduinobot_utils
