[0.162s] DEBUG:colcon:Command line arguments: ['/usr/bin/colcon', 'build']
[0.162s] DEBUG:colcon:Parsed command line arguments: Namespace(log_base=None, log_level=None, verb_name='build', build_base='build', install_base='install', merge_install=False, symlink_install=False, test_result_base=None, continue_on_error=False, executor='parallel', parallel_workers=8, event_handlers=None, ignore_user_meta=False, metas=['./colcon.meta'], base_paths=['.'], packages_ignore=None, packages_ignore_regex=None, paths=None, packages_up_to=None, packages_up_to_regex=None, packages_above=None, packages_above_and_dependencies=None, packages_above_depth=None, packages_select_by_dep=None, packages_skip_by_dep=None, packages_skip_up_to=None, packages_select_build_failed=False, packages_skip_build_finished=False, packages_select_test_failures=False, packages_skip_test_passed=False, packages_select=None, packages_skip=None, packages_select_regex=None, packages_skip_regex=None, packages_start=None, packages_end=None, allow_overriding=[], cmake_args=None, cmake_target=None, cmake_target_skip_unavailable=False, cmake_clean_cache=False, cmake_clean_first=False, cmake_force_configure=False, ament_cmake_args=None, catkin_cmake_args=None, catkin_skip_building_tests=False, mixin_files=None, mixin=None, verb_parser=<colcon_mixin.mixin.mixin_argument.MixinArgumentDecorator object at 0x741fae462fe0>, verb_extension=<colcon_core.verb.build.BuildVerb object at 0x741fae462a10>, main=<bound method BuildVerb.main of <colcon_core.verb.build.BuildVerb object at 0x741fae462a10>>, mixin_verb=('build',))
[0.390s] Level 1:colcon.colcon_core.package_discovery:discover_packages(colcon_meta) check parameters
[0.390s] Level 1:colcon.colcon_core.package_discovery:discover_packages(recursive) check parameters
[0.390s] Level 1:colcon.colcon_core.package_discovery:discover_packages(ignore) check parameters
[0.390s] Level 1:colcon.colcon_core.package_discovery:discover_packages(path) check parameters
[0.390s] Level 1:colcon.colcon_core.package_discovery:discover_packages(colcon_meta) discover
[0.391s] Level 1:colcon.colcon_core.package_discovery:discover_packages(recursive) discover
[0.391s] INFO:colcon.colcon_core.package_discovery:Crawling recursively for packages in '/home/sksuser/arduinobot_ws'
[0.391s] Level 1:colcon.colcon_core.package_identification:_identify(.) by extensions ['ignore', 'ignore_ament_install']
[0.391s] Level 1:colcon.colcon_core.package_identification:_identify(.) by extension 'ignore'
[0.391s] Level 1:colcon.colcon_core.package_identification:_identify(.) by extension 'ignore_ament_install'
[0.391s] Level 1:colcon.colcon_core.package_identification:_identify(.) by extensions ['colcon_pkg']
[0.391s] Level 1:colcon.colcon_core.package_identification:_identify(.) by extension 'colcon_pkg'
[0.391s] Level 1:colcon.colcon_core.package_identification:_identify(.) by extensions ['colcon_meta']
[0.391s] Level 1:colcon.colcon_core.package_identification:_identify(.) by extension 'colcon_meta'
[0.391s] Level 1:colcon.colcon_core.package_identification:_identify(.) by extensions ['ros']
[0.391s] Level 1:colcon.colcon_core.package_identification:_identify(.) by extension 'ros'
[0.404s] Level 1:colcon.colcon_core.package_identification:_identify(.) by extensions ['cmake', 'python']
[0.404s] Level 1:colcon.colcon_core.package_identification:_identify(.) by extension 'cmake'
[0.404s] Level 1:colcon.colcon_core.package_identification:_identify(.) by extension 'python'
[0.404s] Level 1:colcon.colcon_core.package_identification:_identify(.) by extensions ['python_setup_py']
[0.404s] Level 1:colcon.colcon_core.package_identification:_identify(.) by extension 'python_setup_py'
[0.404s] Level 1:colcon.colcon_core.package_identification:_identify(build) by extensions ['ignore', 'ignore_ament_install']
[0.404s] Level 1:colcon.colcon_core.package_identification:_identify(build) by extension 'ignore'
[0.404s] Level 1:colcon.colcon_core.package_identification:_identify(build) ignored
[0.404s] Level 1:colcon.colcon_core.package_identification:_identify(install) by extensions ['ignore', 'ignore_ament_install']
[0.405s] Level 1:colcon.colcon_core.package_identification:_identify(install) by extension 'ignore'
[0.405s] Level 1:colcon.colcon_core.package_identification:_identify(install) ignored
[0.405s] Level 1:colcon.colcon_core.package_identification:_identify(log) by extensions ['ignore', 'ignore_ament_install']
[0.405s] Level 1:colcon.colcon_core.package_identification:_identify(log) by extension 'ignore'
[0.405s] Level 1:colcon.colcon_core.package_identification:_identify(log) ignored
[0.405s] Level 1:colcon.colcon_core.package_identification:_identify(src) by extensions ['ignore', 'ignore_ament_install']
[0.405s] Level 1:colcon.colcon_core.package_identification:_identify(src) by extension 'ignore'
[0.406s] Level 1:colcon.colcon_core.package_identification:_identify(src) by extension 'ignore_ament_install'
[0.406s] Level 1:colcon.colcon_core.package_identification:_identify(src) by extensions ['colcon_pkg']
[0.406s] Level 1:colcon.colcon_core.package_identification:_identify(src) by extension 'colcon_pkg'
[0.406s] Level 1:colcon.colcon_core.package_identification:_identify(src) by extensions ['colcon_meta']
[0.406s] Level 1:colcon.colcon_core.package_identification:_identify(src) by extension 'colcon_meta'
[0.406s] Level 1:colcon.colcon_core.package_identification:_identify(src) by extensions ['ros']
[0.406s] Level 1:colcon.colcon_core.package_identification:_identify(src) by extension 'ros'
[0.406s] Level 1:colcon.colcon_core.package_identification:_identify(src) by extensions ['cmake', 'python']
[0.406s] Level 1:colcon.colcon_core.package_identification:_identify(src) by extension 'cmake'
[0.406s] Level 1:colcon.colcon_core.package_identification:_identify(src) by extension 'python'
[0.406s] Level 1:colcon.colcon_core.package_identification:_identify(src) by extensions ['python_setup_py']
[0.406s] Level 1:colcon.colcon_core.package_identification:_identify(src) by extension 'python_setup_py'
[0.407s] Level 1:colcon.colcon_core.package_identification:_identify(src/arduinobot_cpp_example) by extensions ['ignore', 'ignore_ament_install']
[0.407s] Level 1:colcon.colcon_core.package_identification:_identify(src/arduinobot_cpp_example) by extension 'ignore'
[0.407s] Level 1:colcon.colcon_core.package_identification:_identify(src/arduinobot_cpp_example) by extension 'ignore_ament_install'
[0.407s] Level 1:colcon.colcon_core.package_identification:_identify(src/arduinobot_cpp_example) by extensions ['colcon_pkg']
[0.407s] Level 1:colcon.colcon_core.package_identification:_identify(src/arduinobot_cpp_example) by extension 'colcon_pkg'
[0.407s] Level 1:colcon.colcon_core.package_identification:_identify(src/arduinobot_cpp_example) by extensions ['colcon_meta']
[0.407s] Level 1:colcon.colcon_core.package_identification:_identify(src/arduinobot_cpp_example) by extension 'colcon_meta'
[0.407s] Level 1:colcon.colcon_core.package_identification:_identify(src/arduinobot_cpp_example) by extensions ['ros']
[0.407s] Level 1:colcon.colcon_core.package_identification:_identify(src/arduinobot_cpp_example) by extension 'ros'
[0.416s] DEBUG:colcon.colcon_core.package_identification:Package 'src/arduinobot_cpp_example' with type 'ros.ament_cmake' and name 'arduinobot_cpp_example'
[0.416s] Level 1:colcon.colcon_core.package_identification:_identify(src/arduinobot_description) by extensions ['ignore', 'ignore_ament_install']
[0.416s] Level 1:colcon.colcon_core.package_identification:_identify(src/arduinobot_description) by extension 'ignore'
[0.416s] Level 1:colcon.colcon_core.package_identification:_identify(src/arduinobot_description) by extension 'ignore_ament_install'
[0.416s] Level 1:colcon.colcon_core.package_identification:_identify(src/arduinobot_description) by extensions ['colcon_pkg']
[0.416s] Level 1:colcon.colcon_core.package_identification:_identify(src/arduinobot_description) by extension 'colcon_pkg'
[0.417s] Level 1:colcon.colcon_core.package_identification:_identify(src/arduinobot_description) by extensions ['colcon_meta']
[0.417s] Level 1:colcon.colcon_core.package_identification:_identify(src/arduinobot_description) by extension 'colcon_meta'
[0.417s] Level 1:colcon.colcon_core.package_identification:_identify(src/arduinobot_description) by extensions ['ros']
[0.417s] Level 1:colcon.colcon_core.package_identification:_identify(src/arduinobot_description) by extension 'ros'
[0.419s] DEBUG:colcon.colcon_core.package_identification:Package 'src/arduinobot_description' with type 'ros.ament_cmake' and name 'arduinobot_description'
[0.419s] Level 1:colcon.colcon_core.package_identification:_identify(src/arduinobot_py_example) by extensions ['ignore', 'ignore_ament_install']
[0.420s] Level 1:colcon.colcon_core.package_identification:_identify(src/arduinobot_py_example) by extension 'ignore'
[0.420s] Level 1:colcon.colcon_core.package_identification:_identify(src/arduinobot_py_example) by extension 'ignore_ament_install'
[0.420s] Level 1:colcon.colcon_core.package_identification:_identify(src/arduinobot_py_example) by extensions ['colcon_pkg']
[0.420s] Level 1:colcon.colcon_core.package_identification:_identify(src/arduinobot_py_example) by extension 'colcon_pkg'
[0.420s] Level 1:colcon.colcon_core.package_identification:_identify(src/arduinobot_py_example) by extensions ['colcon_meta']
[0.420s] Level 1:colcon.colcon_core.package_identification:_identify(src/arduinobot_py_example) by extension 'colcon_meta'
[0.420s] Level 1:colcon.colcon_core.package_identification:_identify(src/arduinobot_py_example) by extensions ['ros']
[0.420s] Level 1:colcon.colcon_core.package_identification:_identify(src/arduinobot_py_example) by extension 'ros'
[0.421s] DEBUG:colcon.colcon_core.package_identification:Package 'src/arduinobot_py_example' with type 'ros.ament_python' and name 'arduinobot_py_example'
[0.421s] Level 1:colcon.colcon_core.package_identification:_identify(src/demo_robot) by extensions ['ignore', 'ignore_ament_install']
[0.422s] Level 1:colcon.colcon_core.package_identification:_identify(src/demo_robot) by extension 'ignore'
[0.422s] Level 1:colcon.colcon_core.package_identification:_identify(src/demo_robot) by extension 'ignore_ament_install'
[0.422s] Level 1:colcon.colcon_core.package_identification:_identify(src/demo_robot) by extensions ['colcon_pkg']
[0.422s] Level 1:colcon.colcon_core.package_identification:_identify(src/demo_robot) by extension 'colcon_pkg'
[0.422s] Level 1:colcon.colcon_core.package_identification:_identify(src/demo_robot) by extensions ['colcon_meta']
[0.422s] Level 1:colcon.colcon_core.package_identification:_identify(src/demo_robot) by extension 'colcon_meta'
[0.422s] Level 1:colcon.colcon_core.package_identification:_identify(src/demo_robot) by extensions ['ros']
[0.422s] Level 1:colcon.colcon_core.package_identification:_identify(src/demo_robot) by extension 'ros'
[0.422s] Level 1:colcon.colcon_core.package_identification:_identify(src/demo_robot) by extensions ['cmake', 'python']
[0.422s] Level 1:colcon.colcon_core.package_identification:_identify(src/demo_robot) by extension 'cmake'
[0.422s] Level 1:colcon.colcon_core.package_identification:_identify(src/demo_robot) by extension 'python'
[0.422s] Level 1:colcon.colcon_core.package_identification:_identify(src/demo_robot) by extensions ['python_setup_py']
[0.423s] Level 1:colcon.colcon_core.package_identification:_identify(src/demo_robot) by extension 'python_setup_py'
[0.423s] Level 1:colcon.colcon_core.package_identification:_identify(src/demo_robot/urdf) by extensions ['ignore', 'ignore_ament_install']
[0.423s] Level 1:colcon.colcon_core.package_identification:_identify(src/demo_robot/urdf) by extension 'ignore'
[0.423s] Level 1:colcon.colcon_core.package_identification:_identify(src/demo_robot/urdf) by extension 'ignore_ament_install'
[0.423s] Level 1:colcon.colcon_core.package_identification:_identify(src/demo_robot/urdf) by extensions ['colcon_pkg']
[0.423s] Level 1:colcon.colcon_core.package_identification:_identify(src/demo_robot/urdf) by extension 'colcon_pkg'
[0.423s] Level 1:colcon.colcon_core.package_identification:_identify(src/demo_robot/urdf) by extensions ['colcon_meta']
[0.423s] Level 1:colcon.colcon_core.package_identification:_identify(src/demo_robot/urdf) by extension 'colcon_meta'
[0.423s] Level 1:colcon.colcon_core.package_identification:_identify(src/demo_robot/urdf) by extensions ['ros']
[0.423s] Level 1:colcon.colcon_core.package_identification:_identify(src/demo_robot/urdf) by extension 'ros'
[0.424s] Level 1:colcon.colcon_core.package_identification:_identify(src/demo_robot/urdf) by extensions ['cmake', 'python']
[0.424s] Level 1:colcon.colcon_core.package_identification:_identify(src/demo_robot/urdf) by extension 'cmake'
[0.424s] Level 1:colcon.colcon_core.package_identification:_identify(src/demo_robot/urdf) by extension 'python'
[0.424s] Level 1:colcon.colcon_core.package_identification:_identify(src/demo_robot/urdf) by extensions ['python_setup_py']
[0.424s] Level 1:colcon.colcon_core.package_identification:_identify(src/demo_robot/urdf) by extension 'python_setup_py'
[0.424s] Level 1:colcon.colcon_core.package_discovery:discover_packages(recursive) using defaults
[0.424s] Level 1:colcon.colcon_core.package_discovery:discover_packages(ignore) discover
[0.424s] Level 1:colcon.colcon_core.package_discovery:discover_packages(ignore) using defaults
[0.424s] Level 1:colcon.colcon_core.package_discovery:discover_packages(path) discover
[0.424s] Level 1:colcon.colcon_core.package_discovery:discover_packages(path) using defaults
[0.458s] Level 1:colcon.colcon_core.package_discovery:discover_packages(prefix_path) check parameters
[0.458s] Level 1:colcon.colcon_core.package_discovery:discover_packages(prefix_path) discover
[0.462s] DEBUG:colcon.colcon_installed_package_information.package_discovery:Found 2 installed packages in /home/sksuser/my_robot_ws/install
[0.464s] DEBUG:colcon.colcon_installed_package_information.package_discovery:Found 371 installed packages in /opt/ros/humble
[0.466s] Level 1:colcon.colcon_core.package_discovery:discover_packages(prefix_path) using defaults
[0.523s] Level 5:colcon.colcon_core.verb:set package 'arduinobot_cpp_example' build argument 'cmake_args' from command line to 'None'
[0.523s] Level 5:colcon.colcon_core.verb:set package 'arduinobot_cpp_example' build argument 'cmake_target' from command line to 'None'
[0.523s] Level 5:colcon.colcon_core.verb:set package 'arduinobot_cpp_example' build argument 'cmake_target_skip_unavailable' from command line to 'False'
[0.523s] Level 5:colcon.colcon_core.verb:set package 'arduinobot_cpp_example' build argument 'cmake_clean_cache' from command line to 'False'
[0.523s] Level 5:colcon.colcon_core.verb:set package 'arduinobot_cpp_example' build argument 'cmake_clean_first' from command line to 'False'
[0.523s] Level 5:colcon.colcon_core.verb:set package 'arduinobot_cpp_example' build argument 'cmake_force_configure' from command line to 'False'
[0.524s] Level 5:colcon.colcon_core.verb:set package 'arduinobot_cpp_example' build argument 'ament_cmake_args' from command line to 'None'
[0.524s] Level 5:colcon.colcon_core.verb:set package 'arduinobot_cpp_example' build argument 'catkin_cmake_args' from command line to 'None'
[0.524s] Level 5:colcon.colcon_core.verb:set package 'arduinobot_cpp_example' build argument 'catkin_skip_building_tests' from command line to 'False'
[0.524s] DEBUG:colcon.colcon_core.verb:Building package 'arduinobot_cpp_example' with the following arguments: {'ament_cmake_args': None, 'build_base': '/home/sksuser/arduinobot_ws/build/arduinobot_cpp_example', 'catkin_cmake_args': None, 'catkin_skip_building_tests': False, 'cmake_args': None, 'cmake_clean_cache': False, 'cmake_clean_first': False, 'cmake_force_configure': False, 'cmake_target': None, 'cmake_target_skip_unavailable': False, 'install_base': '/home/sksuser/arduinobot_ws/install/arduinobot_cpp_example', 'merge_install': False, 'path': '/home/sksuser/arduinobot_ws/src/arduinobot_cpp_example', 'symlink_install': False, 'test_result_base': None}
[0.525s] Level 5:colcon.colcon_core.verb:set package 'arduinobot_description' build argument 'cmake_args' from command line to 'None'
[0.525s] Level 5:colcon.colcon_core.verb:set package 'arduinobot_description' build argument 'cmake_target' from command line to 'None'
[0.525s] Level 5:colcon.colcon_core.verb:set package 'arduinobot_description' build argument 'cmake_target_skip_unavailable' from command line to 'False'
[0.525s] Level 5:colcon.colcon_core.verb:set package 'arduinobot_description' build argument 'cmake_clean_cache' from command line to 'False'
[0.525s] Level 5:colcon.colcon_core.verb:set package 'arduinobot_description' build argument 'cmake_clean_first' from command line to 'False'
[0.525s] Level 5:colcon.colcon_core.verb:set package 'arduinobot_description' build argument 'cmake_force_configure' from command line to 'False'
[0.525s] Level 5:colcon.colcon_core.verb:set package 'arduinobot_description' build argument 'ament_cmake_args' from command line to 'None'
[0.525s] Level 5:colcon.colcon_core.verb:set package 'arduinobot_description' build argument 'catkin_cmake_args' from command line to 'None'
[0.525s] Level 5:colcon.colcon_core.verb:set package 'arduinobot_description' build argument 'catkin_skip_building_tests' from command line to 'False'
[0.525s] DEBUG:colcon.colcon_core.verb:Building package 'arduinobot_description' with the following arguments: {'ament_cmake_args': None, 'build_base': '/home/sksuser/arduinobot_ws/build/arduinobot_description', 'catkin_cmake_args': None, 'catkin_skip_building_tests': False, 'cmake_args': None, 'cmake_clean_cache': False, 'cmake_clean_first': False, 'cmake_force_configure': False, 'cmake_target': None, 'cmake_target_skip_unavailable': False, 'install_base': '/home/sksuser/arduinobot_ws/install/arduinobot_description', 'merge_install': False, 'path': '/home/sksuser/arduinobot_ws/src/arduinobot_description', 'symlink_install': False, 'test_result_base': None}
[0.527s] Level 5:colcon.colcon_core.verb:set package 'arduinobot_py_example' build argument 'cmake_args' from command line to 'None'
[0.527s] Level 5:colcon.colcon_core.verb:set package 'arduinobot_py_example' build argument 'cmake_target' from command line to 'None'
[0.527s] Level 5:colcon.colcon_core.verb:set package 'arduinobot_py_example' build argument 'cmake_target_skip_unavailable' from command line to 'False'
[0.527s] Level 5:colcon.colcon_core.verb:set package 'arduinobot_py_example' build argument 'cmake_clean_cache' from command line to 'False'
[0.527s] Level 5:colcon.colcon_core.verb:set package 'arduinobot_py_example' build argument 'cmake_clean_first' from command line to 'False'
[0.527s] Level 5:colcon.colcon_core.verb:set package 'arduinobot_py_example' build argument 'cmake_force_configure' from command line to 'False'
[0.527s] Level 5:colcon.colcon_core.verb:set package 'arduinobot_py_example' build argument 'ament_cmake_args' from command line to 'None'
[0.527s] Level 5:colcon.colcon_core.verb:set package 'arduinobot_py_example' build argument 'catkin_cmake_args' from command line to 'None'
[0.528s] Level 5:colcon.colcon_core.verb:set package 'arduinobot_py_example' build argument 'catkin_skip_building_tests' from command line to 'False'
[0.528s] DEBUG:colcon.colcon_core.verb:Building package 'arduinobot_py_example' with the following arguments: {'ament_cmake_args': None, 'build_base': '/home/sksuser/arduinobot_ws/build/arduinobot_py_example', 'catkin_cmake_args': None, 'catkin_skip_building_tests': False, 'cmake_args': None, 'cmake_clean_cache': False, 'cmake_clean_first': False, 'cmake_force_configure': False, 'cmake_target': None, 'cmake_target_skip_unavailable': False, 'install_base': '/home/sksuser/arduinobot_ws/install/arduinobot_py_example', 'merge_install': False, 'path': '/home/sksuser/arduinobot_ws/src/arduinobot_py_example', 'symlink_install': False, 'test_result_base': None}
[0.528s] INFO:colcon.colcon_core.executor:Executing jobs using 'parallel' executor
[0.531s] DEBUG:colcon.colcon_parallel_executor.executor.parallel:run_until_complete
[0.532s] INFO:colcon.colcon_ros.task.ament_cmake.build:Building ROS package in '/home/sksuser/arduinobot_ws/src/arduinobot_cpp_example' with build type 'ament_cmake'
[0.532s] INFO:colcon.colcon_cmake.task.cmake.build:Building CMake package in '/home/sksuser/arduinobot_ws/src/arduinobot_cpp_example'
[0.539s] INFO:colcon.colcon_core.plugin_system:Skipping extension 'colcon_core.shell.bat': Not used on non-Windows systems
[0.539s] INFO:colcon.colcon_core.shell:Skip shell extension 'powershell' for command environment: Not usable outside of PowerShell
[0.539s] DEBUG:colcon.colcon_core.shell:Skip shell extension 'dsv' for command environment
[0.546s] INFO:colcon.colcon_ros.task.ament_cmake.build:Building ROS package in '/home/sksuser/arduinobot_ws/src/arduinobot_description' with build type 'ament_cmake'
[0.546s] INFO:colcon.colcon_cmake.task.cmake.build:Building CMake package in '/home/sksuser/arduinobot_ws/src/arduinobot_description'
[0.547s] INFO:colcon.colcon_core.shell:Skip shell extension 'powershell' for command environment: Not usable outside of PowerShell
[0.547s] DEBUG:colcon.colcon_core.shell:Skip shell extension 'dsv' for command environment
[0.552s] INFO:colcon.colcon_ros.task.ament_python.build:Building ROS package in '/home/sksuser/arduinobot_ws/src/arduinobot_py_example' with build type 'ament_python'
[0.553s] Level 1:colcon.colcon_core.shell:create_environment_hook('arduinobot_py_example', 'ament_prefix_path')
[0.553s] INFO:colcon.colcon_core.shell:Creating environment hook '/home/sksuser/arduinobot_ws/install/arduinobot_py_example/share/arduinobot_py_example/hook/ament_prefix_path.ps1'
[0.555s] INFO:colcon.colcon_core.shell:Creating environment descriptor '/home/sksuser/arduinobot_ws/install/arduinobot_py_example/share/arduinobot_py_example/hook/ament_prefix_path.dsv'
[0.556s] INFO:colcon.colcon_core.shell:Creating environment hook '/home/sksuser/arduinobot_ws/install/arduinobot_py_example/share/arduinobot_py_example/hook/ament_prefix_path.sh'
[0.557s] INFO:colcon.colcon_core.shell:Skip shell extension 'powershell' for command environment: Not usable outside of PowerShell
[0.557s] DEBUG:colcon.colcon_core.shell:Skip shell extension 'dsv' for command environment
[0.571s] DEBUG:colcon.colcon_core.event_handler.log_command:Invoking command in '/home/sksuser/arduinobot_ws/build/arduinobot_cpp_example': CMAKE_PREFIX_PATH=${CMAKE_PREFIX_PATH}:/opt/ros/humble /usr/bin/cmake --build /home/sksuser/arduinobot_ws/build/arduinobot_cpp_example -- -j8 -l8
[0.584s] DEBUG:colcon.colcon_core.event_handler.log_command:Invoking command in '/home/sksuser/arduinobot_ws/build/arduinobot_description': CMAKE_PREFIX_PATH=${CMAKE_PREFIX_PATH}:/opt/ros/humble /usr/bin/cmake --build /home/sksuser/arduinobot_ws/build/arduinobot_description -- -j8 -l8
[1.108s] INFO:colcon.colcon_core.task.python.build:Building Python package in '/home/sksuser/arduinobot_ws/src/arduinobot_py_example'
[1.109s] INFO:colcon.colcon_core.shell:Skip shell extension 'powershell' for command environment: Not usable outside of PowerShell
[1.109s] DEBUG:colcon.colcon_core.shell:Skip shell extension 'dsv' for command environment
[1.116s] DEBUG:colcon.colcon_core.event_handler.log_command:Invoked command in '/home/sksuser/arduinobot_ws/build/arduinobot_description' returned '0': CMAKE_PREFIX_PATH=${CMAKE_PREFIX_PATH}:/opt/ros/humble /usr/bin/cmake --build /home/sksuser/arduinobot_ws/build/arduinobot_description -- -j8 -l8
[1.132s] DEBUG:colcon.colcon_core.event_handler.log_command:Invoking command in '/home/sksuser/arduinobot_ws/build/arduinobot_description': CMAKE_PREFIX_PATH=${CMAKE_PREFIX_PATH}:/opt/ros/humble /usr/bin/cmake --install /home/sksuser/arduinobot_ws/build/arduinobot_description
[1.134s] DEBUG:colcon.colcon_core.event_handler.log_command:Invoked command in '/home/sksuser/arduinobot_ws/build/arduinobot_cpp_example' returned '0': CMAKE_PREFIX_PATH=${CMAKE_PREFIX_PATH}:/opt/ros/humble /usr/bin/cmake --build /home/sksuser/arduinobot_ws/build/arduinobot_cpp_example -- -j8 -l8
[1.138s] DEBUG:colcon.colcon_core.event_handler.log_command:Invoking command in '/home/sksuser/arduinobot_ws/build/arduinobot_cpp_example': CMAKE_PREFIX_PATH=${CMAKE_PREFIX_PATH}:/opt/ros/humble /usr/bin/cmake --install /home/sksuser/arduinobot_ws/build/arduinobot_cpp_example
[1.156s] Level 1:colcon.colcon_core.environment:create_environment_scripts_only(arduinobot_description)
[1.166s] DEBUG:colcon.colcon_core.event_handler.log_command:Invoked command in '/home/sksuser/arduinobot_ws/build/arduinobot_description' returned '0': CMAKE_PREFIX_PATH=${CMAKE_PREFIX_PATH}:/opt/ros/humble /usr/bin/cmake --install /home/sksuser/arduinobot_ws/build/arduinobot_description
[1.172s] Level 1:colcon.colcon_core.environment:checking '/home/sksuser/arduinobot_ws/install/arduinobot_description' for CMake module files
[1.173s] Level 1:colcon.colcon_core.environment:checking '/home/sksuser/arduinobot_ws/install/arduinobot_description' for CMake config files
[1.174s] Level 1:colcon.colcon_core.shell:create_environment_hook('arduinobot_description', 'cmake_prefix_path')
[1.174s] INFO:colcon.colcon_core.shell:Creating environment hook '/home/sksuser/arduinobot_ws/install/arduinobot_description/share/arduinobot_description/hook/cmake_prefix_path.ps1'
[1.175s] INFO:colcon.colcon_core.shell:Creating environment descriptor '/home/sksuser/arduinobot_ws/install/arduinobot_description/share/arduinobot_description/hook/cmake_prefix_path.dsv'
[1.176s] INFO:colcon.colcon_core.shell:Creating environment hook '/home/sksuser/arduinobot_ws/install/arduinobot_description/share/arduinobot_description/hook/cmake_prefix_path.sh'
[1.177s] Level 1:colcon.colcon_core.environment:checking '/home/sksuser/arduinobot_ws/install/arduinobot_description/bin'
[1.177s] Level 1:colcon.colcon_core.environment:checking '/home/sksuser/arduinobot_ws/install/arduinobot_description/lib/pkgconfig/arduinobot_description.pc'
[1.178s] Level 1:colcon.colcon_core.environment:checking '/home/sksuser/arduinobot_ws/install/arduinobot_description/lib/python3.10/site-packages'
[1.178s] Level 1:colcon.colcon_core.environment:checking '/home/sksuser/arduinobot_ws/install/arduinobot_description/bin'
[1.179s] INFO:colcon.colcon_core.shell:Creating package script '/home/sksuser/arduinobot_ws/install/arduinobot_description/share/arduinobot_description/package.ps1'
[1.180s] INFO:colcon.colcon_core.shell:Creating package descriptor '/home/sksuser/arduinobot_ws/install/arduinobot_description/share/arduinobot_description/package.dsv'
[1.182s] INFO:colcon.colcon_core.shell:Creating package script '/home/sksuser/arduinobot_ws/install/arduinobot_description/share/arduinobot_description/package.sh'
[1.183s] INFO:colcon.colcon_core.shell:Creating package script '/home/sksuser/arduinobot_ws/install/arduinobot_description/share/arduinobot_description/package.bash'
[1.184s] INFO:colcon.colcon_core.shell:Creating package script '/home/sksuser/arduinobot_ws/install/arduinobot_description/share/arduinobot_description/package.zsh'
[1.186s] Level 1:colcon.colcon_core.environment:create_file_with_runtime_dependencies(/home/sksuser/arduinobot_ws/install/arduinobot_description/share/colcon-core/packages/arduinobot_description)
[1.187s] Level 1:colcon.colcon_core.environment:create_environment_scripts_only(arduinobot_description)
[1.187s] Level 1:colcon.colcon_core.environment:checking '/home/sksuser/arduinobot_ws/install/arduinobot_description' for CMake module files
[1.188s] Level 1:colcon.colcon_core.environment:checking '/home/sksuser/arduinobot_ws/install/arduinobot_description' for CMake config files
[1.188s] Level 1:colcon.colcon_core.shell:create_environment_hook('arduinobot_description', 'cmake_prefix_path')
[1.188s] INFO:colcon.colcon_core.shell:Creating environment hook '/home/sksuser/arduinobot_ws/install/arduinobot_description/share/arduinobot_description/hook/cmake_prefix_path.ps1'
[1.189s] INFO:colcon.colcon_core.shell:Creating environment descriptor '/home/sksuser/arduinobot_ws/install/arduinobot_description/share/arduinobot_description/hook/cmake_prefix_path.dsv'
[1.190s] INFO:colcon.colcon_core.shell:Creating environment hook '/home/sksuser/arduinobot_ws/install/arduinobot_description/share/arduinobot_description/hook/cmake_prefix_path.sh'
[1.191s] Level 1:colcon.colcon_core.environment:checking '/home/sksuser/arduinobot_ws/install/arduinobot_description/bin'
[1.191s] Level 1:colcon.colcon_core.environment:checking '/home/sksuser/arduinobot_ws/install/arduinobot_description/lib/pkgconfig/arduinobot_description.pc'
[1.191s] Level 1:colcon.colcon_core.environment:checking '/home/sksuser/arduinobot_ws/install/arduinobot_description/lib/python3.10/site-packages'
[1.192s] Level 1:colcon.colcon_core.environment:checking '/home/sksuser/arduinobot_ws/install/arduinobot_description/bin'
[1.192s] INFO:colcon.colcon_core.shell:Creating package script '/home/sksuser/arduinobot_ws/install/arduinobot_description/share/arduinobot_description/package.ps1'
[1.194s] INFO:colcon.colcon_core.shell:Creating package descriptor '/home/sksuser/arduinobot_ws/install/arduinobot_description/share/arduinobot_description/package.dsv'
[1.194s] INFO:colcon.colcon_core.shell:Creating package script '/home/sksuser/arduinobot_ws/install/arduinobot_description/share/arduinobot_description/package.sh'
[1.195s] INFO:colcon.colcon_core.shell:Creating package script '/home/sksuser/arduinobot_ws/install/arduinobot_description/share/arduinobot_description/package.bash'
[1.196s] INFO:colcon.colcon_core.shell:Creating package script '/home/sksuser/arduinobot_ws/install/arduinobot_description/share/arduinobot_description/package.zsh'
[1.196s] Level 1:colcon.colcon_core.environment:create_file_with_runtime_dependencies(/home/sksuser/arduinobot_ws/install/arduinobot_description/share/colcon-core/packages/arduinobot_description)
[1.198s] Level 1:colcon.colcon_core.environment:create_environment_scripts_only(arduinobot_cpp_example)
[1.199s] Level 1:colcon.colcon_core.environment:checking '/home/sksuser/arduinobot_ws/install/arduinobot_cpp_example' for CMake module files
[1.200s] DEBUG:colcon.colcon_core.event_handler.log_command:Invoked command in '/home/sksuser/arduinobot_ws/build/arduinobot_cpp_example' returned '0': CMAKE_PREFIX_PATH=${CMAKE_PREFIX_PATH}:/opt/ros/humble /usr/bin/cmake --install /home/sksuser/arduinobot_ws/build/arduinobot_cpp_example
[1.200s] Level 1:colcon.colcon_core.environment:checking '/home/sksuser/arduinobot_ws/install/arduinobot_cpp_example' for CMake config files
[1.200s] Level 1:colcon.colcon_core.shell:create_environment_hook('arduinobot_cpp_example', 'cmake_prefix_path')
[1.201s] INFO:colcon.colcon_core.shell:Creating environment hook '/home/sksuser/arduinobot_ws/install/arduinobot_cpp_example/share/arduinobot_cpp_example/hook/cmake_prefix_path.ps1'
[1.201s] INFO:colcon.colcon_core.shell:Creating environment descriptor '/home/sksuser/arduinobot_ws/install/arduinobot_cpp_example/share/arduinobot_cpp_example/hook/cmake_prefix_path.dsv'
[1.202s] INFO:colcon.colcon_core.shell:Creating environment hook '/home/sksuser/arduinobot_ws/install/arduinobot_cpp_example/share/arduinobot_cpp_example/hook/cmake_prefix_path.sh'
[1.203s] Level 1:colcon.colcon_core.environment:checking '/home/sksuser/arduinobot_ws/install/arduinobot_cpp_example/lib'
[1.203s] Level 1:colcon.colcon_core.environment:checking '/home/sksuser/arduinobot_ws/install/arduinobot_cpp_example/bin'
[1.203s] Level 1:colcon.colcon_core.environment:checking '/home/sksuser/arduinobot_ws/install/arduinobot_cpp_example/lib/pkgconfig/arduinobot_cpp_example.pc'
[1.204s] Level 1:colcon.colcon_core.environment:checking '/home/sksuser/arduinobot_ws/install/arduinobot_cpp_example/lib/python3.10/site-packages'
[1.204s] Level 1:colcon.colcon_core.environment:checking '/home/sksuser/arduinobot_ws/install/arduinobot_cpp_example/bin'
[1.204s] INFO:colcon.colcon_core.shell:Creating package script '/home/sksuser/arduinobot_ws/install/arduinobot_cpp_example/share/arduinobot_cpp_example/package.ps1'
[1.205s] INFO:colcon.colcon_core.shell:Creating package descriptor '/home/sksuser/arduinobot_ws/install/arduinobot_cpp_example/share/arduinobot_cpp_example/package.dsv'
[1.206s] INFO:colcon.colcon_core.shell:Creating package script '/home/sksuser/arduinobot_ws/install/arduinobot_cpp_example/share/arduinobot_cpp_example/package.sh'
[1.206s] INFO:colcon.colcon_core.shell:Creating package script '/home/sksuser/arduinobot_ws/install/arduinobot_cpp_example/share/arduinobot_cpp_example/package.bash'
[1.207s] INFO:colcon.colcon_core.shell:Creating package script '/home/sksuser/arduinobot_ws/install/arduinobot_cpp_example/share/arduinobot_cpp_example/package.zsh'
[1.207s] Level 1:colcon.colcon_core.environment:create_file_with_runtime_dependencies(/home/sksuser/arduinobot_ws/install/arduinobot_cpp_example/share/colcon-core/packages/arduinobot_cpp_example)
[1.208s] Level 1:colcon.colcon_core.environment:create_environment_scripts_only(arduinobot_cpp_example)
[1.209s] Level 1:colcon.colcon_core.environment:checking '/home/sksuser/arduinobot_ws/install/arduinobot_cpp_example' for CMake module files
[1.210s] Level 1:colcon.colcon_core.environment:checking '/home/sksuser/arduinobot_ws/install/arduinobot_cpp_example' for CMake config files
[1.210s] Level 1:colcon.colcon_core.shell:create_environment_hook('arduinobot_cpp_example', 'cmake_prefix_path')
[1.211s] INFO:colcon.colcon_core.shell:Creating environment hook '/home/sksuser/arduinobot_ws/install/arduinobot_cpp_example/share/arduinobot_cpp_example/hook/cmake_prefix_path.ps1'
[1.212s] INFO:colcon.colcon_core.shell:Creating environment descriptor '/home/sksuser/arduinobot_ws/install/arduinobot_cpp_example/share/arduinobot_cpp_example/hook/cmake_prefix_path.dsv'
[1.213s] INFO:colcon.colcon_core.shell:Creating environment hook '/home/sksuser/arduinobot_ws/install/arduinobot_cpp_example/share/arduinobot_cpp_example/hook/cmake_prefix_path.sh'
[1.215s] Level 1:colcon.colcon_core.environment:checking '/home/sksuser/arduinobot_ws/install/arduinobot_cpp_example/lib'
[1.216s] Level 1:colcon.colcon_core.environment:checking '/home/sksuser/arduinobot_ws/install/arduinobot_cpp_example/bin'
[1.216s] Level 1:colcon.colcon_core.environment:checking '/home/sksuser/arduinobot_ws/install/arduinobot_cpp_example/lib/pkgconfig/arduinobot_cpp_example.pc'
[1.216s] Level 1:colcon.colcon_core.environment:checking '/home/sksuser/arduinobot_ws/install/arduinobot_cpp_example/lib/python3.10/site-packages'
[1.217s] Level 1:colcon.colcon_core.environment:checking '/home/sksuser/arduinobot_ws/install/arduinobot_cpp_example/bin'
[1.217s] INFO:colcon.colcon_core.shell:Creating package script '/home/sksuser/arduinobot_ws/install/arduinobot_cpp_example/share/arduinobot_cpp_example/package.ps1'
[1.219s] INFO:colcon.colcon_core.shell:Creating package descriptor '/home/sksuser/arduinobot_ws/install/arduinobot_cpp_example/share/arduinobot_cpp_example/package.dsv'
[1.220s] INFO:colcon.colcon_core.shell:Creating package script '/home/sksuser/arduinobot_ws/install/arduinobot_cpp_example/share/arduinobot_cpp_example/package.sh'
[1.221s] INFO:colcon.colcon_core.shell:Creating package script '/home/sksuser/arduinobot_ws/install/arduinobot_cpp_example/share/arduinobot_cpp_example/package.bash'
[1.222s] INFO:colcon.colcon_core.shell:Creating package script '/home/sksuser/arduinobot_ws/install/arduinobot_cpp_example/share/arduinobot_cpp_example/package.zsh'
[1.222s] Level 1:colcon.colcon_core.environment:create_file_with_runtime_dependencies(/home/sksuser/arduinobot_ws/install/arduinobot_cpp_example/share/colcon-core/packages/arduinobot_cpp_example)
[1.924s] DEBUG:colcon.colcon_core.event_handler.log_command:Invoking command in '/home/sksuser/arduinobot_ws/src/arduinobot_py_example': PYTHONPATH=/home/sksuser/arduinobot_ws/build/arduinobot_py_example/prefix_override:/usr/lib/python3/dist-packages/colcon_core/task/python/colcon_distutils_commands:/home/sksuser/arduinobot_ws/install/arduinobot_py_example/lib/python3.10/site-packages:${PYTHONPATH} /usr/bin/python3 -W ignore:setup.py install is deprecated -W ignore:easy_install command is deprecated setup.py egg_info --egg-base ../../build/arduinobot_py_example build --build-base /home/sksuser/arduinobot_ws/build/arduinobot_py_example/build install --record /home/sksuser/arduinobot_ws/build/arduinobot_py_example/install.log --single-version-externally-managed install_data
[2.347s] Level 1:colcon.colcon_core.environment:checking '/home/sksuser/arduinobot_ws/install/arduinobot_py_example' for CMake module files
[2.348s] DEBUG:colcon.colcon_core.event_handler.log_command:Invoked command in '/home/sksuser/arduinobot_ws/src/arduinobot_py_example' returned '0': PYTHONPATH=/home/sksuser/arduinobot_ws/build/arduinobot_py_example/prefix_override:/usr/lib/python3/dist-packages/colcon_core/task/python/colcon_distutils_commands:/home/sksuser/arduinobot_ws/install/arduinobot_py_example/lib/python3.10/site-packages:${PYTHONPATH} /usr/bin/python3 -W ignore:setup.py install is deprecated -W ignore:easy_install command is deprecated setup.py egg_info --egg-base ../../build/arduinobot_py_example build --build-base /home/sksuser/arduinobot_ws/build/arduinobot_py_example/build install --record /home/sksuser/arduinobot_ws/build/arduinobot_py_example/install.log --single-version-externally-managed install_data
[2.349s] Level 1:colcon.colcon_core.environment:checking '/home/sksuser/arduinobot_ws/install/arduinobot_py_example' for CMake config files
[2.349s] Level 1:colcon.colcon_core.environment:checking '/home/sksuser/arduinobot_ws/install/arduinobot_py_example/lib'
[2.349s] Level 1:colcon.colcon_core.environment:checking '/home/sksuser/arduinobot_ws/install/arduinobot_py_example/bin'
[2.349s] Level 1:colcon.colcon_core.environment:checking '/home/sksuser/arduinobot_ws/install/arduinobot_py_example/lib/pkgconfig/arduinobot_py_example.pc'
[2.350s] Level 1:colcon.colcon_core.environment:checking '/home/sksuser/arduinobot_ws/install/arduinobot_py_example/lib/python3.10/site-packages'
[2.350s] Level 1:colcon.colcon_core.shell:create_environment_hook('arduinobot_py_example', 'pythonpath')
[2.350s] INFO:colcon.colcon_core.shell:Creating environment hook '/home/sksuser/arduinobot_ws/install/arduinobot_py_example/share/arduinobot_py_example/hook/pythonpath.ps1'
[2.351s] INFO:colcon.colcon_core.shell:Creating environment descriptor '/home/sksuser/arduinobot_ws/install/arduinobot_py_example/share/arduinobot_py_example/hook/pythonpath.dsv'
[2.351s] INFO:colcon.colcon_core.shell:Creating environment hook '/home/sksuser/arduinobot_ws/install/arduinobot_py_example/share/arduinobot_py_example/hook/pythonpath.sh'
[2.352s] Level 1:colcon.colcon_core.environment:checking '/home/sksuser/arduinobot_ws/install/arduinobot_py_example/bin'
[2.352s] Level 1:colcon.colcon_core.environment:create_environment_scripts_only(arduinobot_py_example)
[2.353s] INFO:colcon.colcon_core.shell:Creating package script '/home/sksuser/arduinobot_ws/install/arduinobot_py_example/share/arduinobot_py_example/package.ps1'
[2.354s] INFO:colcon.colcon_core.shell:Creating package descriptor '/home/sksuser/arduinobot_ws/install/arduinobot_py_example/share/arduinobot_py_example/package.dsv'
[2.355s] INFO:colcon.colcon_core.shell:Creating package script '/home/sksuser/arduinobot_ws/install/arduinobot_py_example/share/arduinobot_py_example/package.sh'
[2.355s] INFO:colcon.colcon_core.shell:Creating package script '/home/sksuser/arduinobot_ws/install/arduinobot_py_example/share/arduinobot_py_example/package.bash'
[2.356s] INFO:colcon.colcon_core.shell:Creating package script '/home/sksuser/arduinobot_ws/install/arduinobot_py_example/share/arduinobot_py_example/package.zsh'
[2.357s] Level 1:colcon.colcon_core.environment:create_file_with_runtime_dependencies(/home/sksuser/arduinobot_ws/install/arduinobot_py_example/share/colcon-core/packages/arduinobot_py_example)
[2.357s] DEBUG:colcon.colcon_parallel_executor.executor.parallel:closing loop
[2.359s] DEBUG:colcon.colcon_parallel_executor.executor.parallel:loop closed
[2.359s] DEBUG:colcon.colcon_parallel_executor.executor.parallel:run_until_complete finished with '0'
[2.359s] DEBUG:colcon.colcon_core.event_reactor:joining thread
[2.373s] INFO:colcon.colcon_core.plugin_system:Skipping extension 'colcon_notification.desktop_notification.terminal_notifier': Not used on non-Darwin systems
[2.373s] INFO:colcon.colcon_core.plugin_system:Skipping extension 'colcon_notification.desktop_notification.win32': Not used on non-Windows systems
[2.373s] INFO:colcon.colcon_notification.desktop_notification:Sending desktop notification using 'notify2'
[2.391s] DEBUG:colcon.colcon_core.event_reactor:joined thread
[2.391s] INFO:colcon.colcon_core.shell:Creating prefix script '/home/sksuser/arduinobot_ws/install/local_setup.ps1'
[2.393s] INFO:colcon.colcon_core.shell:Creating prefix util module '/home/sksuser/arduinobot_ws/install/_local_setup_util_ps1.py'
[2.395s] INFO:colcon.colcon_core.shell:Creating prefix chain script '/home/sksuser/arduinobot_ws/install/setup.ps1'
[2.398s] INFO:colcon.colcon_core.shell:Creating prefix script '/home/sksuser/arduinobot_ws/install/local_setup.sh'
[2.400s] INFO:colcon.colcon_core.shell:Creating prefix util module '/home/sksuser/arduinobot_ws/install/_local_setup_util_sh.py'
[2.401s] INFO:colcon.colcon_core.shell:Creating prefix chain script '/home/sksuser/arduinobot_ws/install/setup.sh'
[2.403s] INFO:colcon.colcon_core.shell:Creating prefix script '/home/sksuser/arduinobot_ws/install/local_setup.bash'
[2.405s] INFO:colcon.colcon_core.shell:Creating prefix chain script '/home/sksuser/arduinobot_ws/install/setup.bash'
[2.407s] INFO:colcon.colcon_core.shell:Creating prefix script '/home/sksuser/arduinobot_ws/install/local_setup.zsh'
[2.409s] INFO:colcon.colcon_core.shell:Creating prefix chain script '/home/sksuser/arduinobot_ws/install/setup.zsh'
