[0.060s] Invoking command in '/home/sksuser/arduinobot_ws/build/arduinobot_cpp_examples': CMAKE_PREFIX_PATH=/home/sksuser/arduinobot_ws/install/arduinobot_msgs:/home/sksuser/arduinobot_ws/install/arduinobot_utils:/home/sksuser/arduinobot_ws/install/arduinobot_bringup:/home/sksuser/arduinobot_ws/install/arduinobot_remote:/home/sksuser/arduinobot_ws/install/arduinobot_cpp_examples:/home/sksuser/arduinobot_ws/install/arduinobot_moveit:/home/sksuser/arduinobot_ws/install/arduinobot_firmware:/home/sksuser/arduinobot_ws/install/arduinobot_controller:/home/sksuser/arduinobot_ws/install/arduinobot_description:/home/sksuser/my_robot_ws/install/my_robot_bringup:/home/sksuser/my_robot_ws/install/my_robot_description:/home/sksuser/arduinobot_ws/install/arduinobot_py_examples:/opt/ros/humble LD_LIBRARY_PATH=/home/sksuser/arduinobot_ws/install/arduinobot_msgs/lib:/home/sksuser/arduinobot_ws/install/arduinobot_remote/lib:/home/sksuser/arduinobot_ws/install/arduinobot_cpp_examples/lib:/home/sksuser/arduinobot_ws/install/arduinobot_controller/lib:/usr/lib/x86_64-linux-gnu/gazebo-11/plugins:/opt/ros/humble/opt/rviz_ogre_vendor/lib:/opt/ros/humble/lib/x86_64-linux-gnu:/opt/ros/humble/lib /usr/bin/cmake --build /home/sksuser/arduinobot_ws/build/arduinobot_cpp_examples -- -j8 -l8
[0.747s] -- Found ament_cmake: 1.3.12 (/opt/ros/humble/share/ament_cmake/cmake)
[0.749s] -- Found rclcpp: 16.0.15 (/opt/ros/humble/share/rclcpp/cmake)
[0.749s] -- Found rosidl_generator_c: 3.1.7 (/opt/ros/humble/share/rosidl_generator_c/cmake)
[0.749s] -- Found rosidl_adapter: 3.1.7 (/opt/ros/humble/share/rosidl_adapter/cmake)
[0.750s] -- Found rosidl_generator_cpp: 3.1.7 (/opt/ros/humble/share/rosidl_generator_cpp/cmake)
[0.750s] -- Using all available rosidl_typesupport_c: rosidl_typesupport_fastrtps_c;rosidl_typesupport_introspection_c
[0.751s] -- Using all available rosidl_typesupport_cpp: rosidl_typesupport_fastrtps_cpp;rosidl_typesupport_introspection_cpp
[0.752s] -- Found rmw_implementation_cmake: 6.1.2 (/opt/ros/humble/share/rmw_implementation_cmake/cmake)
[0.753s] -- Found rmw_cyclonedds_cpp: 1.3.4 (/opt/ros/humble/share/rmw_cyclonedds_cpp/cmake)
[0.754s] -- Using RMW implementation 'rmw_cyclonedds_cpp' as default
[0.796s] -- Found arduinobot_msgs: 0.0.0 (/home/sksuser/arduinobot_ws/install/arduinobot_msgs/share/arduinobot_msgs/cmake)
[0.904s] -- Found rclcpp_action: 16.0.15 (/opt/ros/humble/share/rclcpp_action/cmake)
[0.934s] -- Found rclcpp_components: 16.0.15 (/opt/ros/humble/share/rclcpp_components/cmake)
[0.997s] -- Found moveit_ros_planning_interface: 2.5.9 (/opt/ros/humble/share/moveit_ros_planning_interface/cmake)
[1.034s] -- Found Boost: /usr/lib/x86_64-linux-gnu/cmake/Boost-1.74.0/BoostConfig.cmake (found version "1.74.0") found components: date_time filesystem program_options system thread 
[1.537s] -- Found Boost: /usr/lib/x86_64-linux-gnu/cmake/Boost-1.74.0/BoostConfig.cmake (found version "1.74.0") found components: chrono date_time filesystem iostreams program_options regex serialization system thread 
[1.625s] -- Found parameter_traits: 0.5.0 (/opt/ros/humble/share/parameter_traits/cmake)
[1.648s] -- Found rclcpp_lifecycle: 16.0.15 (/opt/ros/humble/share/rclcpp_lifecycle/cmake)
[1.717s] -- Found Boost: /usr/lib/x86_64-linux-gnu/cmake/Boost-1.74.0/BoostConfig.cmake (found version "1.74.0") found components: filesystem 
[1.804s] -- library: /usr/lib/x86_64-linux-gnu/libcurl.so
[1.873s] -- Ensuring Eigen3 include directory is part of orocos-kdl CMake target
[2.183s] -- Found Boost: /usr/lib/x86_64-linux-gnu/cmake/Boost-1.74.0/BoostConfig.cmake (found version "1.74.0") found components: system filesystem date_time program_options thread chrono 
[2.288s] -- Found Boost: /usr/lib/x86_64-linux-gnu/cmake/Boost-1.74.0/BoostConfig.cmake (found version "1.74.0") found components: thread system filesystem regex date_time program_options 
[2.379s] -- Found Boost: /usr/lib/x86_64-linux-gnu/cmake/Boost-1.74.0/BoostConfig.cmake (found version "1.74.0") found components: system filesystem date_time program_options thread 
[2.779s] -- Configuring done
[2.955s] -- Generating done
[3.017s] -- Build files have been written to: /home/sksuser/arduinobot_ws/build/arduinobot_cpp_examples
[3.110s] [35m[1mConsolidate compiler generated dependencies of target simple_subscriber[0m
[3.120s] [35m[1mConsolidate compiler generated dependencies of target simple_service_server[0m
[3.125s] [35m[1mConsolidate compiler generated dependencies of target simple_publisher[0m
[3.129s] [35m[1mConsolidate compiler generated dependencies of target simple_parameter[0m
[3.136s] [35m[1mConsolidate compiler generated dependencies of target simple_action_server_node[0m
[3.153s] [35m[1mConsolidate compiler generated dependencies of target simple_service_client[0m
[3.169s] [35m[1mConsolidate compiler generated dependencies of target simple_action_client[0m
[3.172s] [35m[1mConsolidate compiler generated dependencies of target simple_action_server[0m
[3.208s] [  9%] Built target simple_publisher
[3.213s] [ 18%] Built target simple_parameter
[3.228s] [ 31%] Built target simple_service_server
[3.231s] [ 36%] Built target simple_subscriber
[3.239s] [ 45%] Built target simple_action_server_node
[3.241s] [35m[1mConsolidate compiler generated dependencies of target simple_action_client_node[0m
[3.246s] [ 54%] Built target simple_service_client
[3.262s] [ 63%] Built target simple_action_client
[3.267s] [ 72%] Built target simple_action_server
[3.271s] [35m[1mConsolidate compiler generated dependencies of target simple_moveit_interface[0m
[3.271s] [35m[1mConsolidate compiler generated dependencies of target simple_lifecycle_node[0m
[3.294s] [ 81%] Built target simple_action_client_node
[3.318s] [ 90%] Built target simple_lifecycle_node
[3.344s] [100%] Built target simple_moveit_interface
[3.374s] Invoked command in '/home/sksuser/arduinobot_ws/build/arduinobot_cpp_examples' returned '0': CMAKE_PREFIX_PATH=/home/sksuser/arduinobot_ws/install/arduinobot_msgs:/home/sksuser/arduinobot_ws/install/arduinobot_utils:/home/sksuser/arduinobot_ws/install/arduinobot_bringup:/home/sksuser/arduinobot_ws/install/arduinobot_remote:/home/sksuser/arduinobot_ws/install/arduinobot_cpp_examples:/home/sksuser/arduinobot_ws/install/arduinobot_moveit:/home/sksuser/arduinobot_ws/install/arduinobot_firmware:/home/sksuser/arduinobot_ws/install/arduinobot_controller:/home/sksuser/arduinobot_ws/install/arduinobot_description:/home/sksuser/my_robot_ws/install/my_robot_bringup:/home/sksuser/my_robot_ws/install/my_robot_description:/home/sksuser/arduinobot_ws/install/arduinobot_py_examples:/opt/ros/humble LD_LIBRARY_PATH=/home/sksuser/arduinobot_ws/install/arduinobot_msgs/lib:/home/sksuser/arduinobot_ws/install/arduinobot_remote/lib:/home/sksuser/arduinobot_ws/install/arduinobot_cpp_examples/lib:/home/sksuser/arduinobot_ws/install/arduinobot_controller/lib:/usr/lib/x86_64-linux-gnu/gazebo-11/plugins:/opt/ros/humble/opt/rviz_ogre_vendor/lib:/opt/ros/humble/lib/x86_64-linux-gnu:/opt/ros/humble/lib /usr/bin/cmake --build /home/sksuser/arduinobot_ws/build/arduinobot_cpp_examples -- -j8 -l8
[3.378s] Invoking command in '/home/sksuser/arduinobot_ws/build/arduinobot_cpp_examples': CMAKE_PREFIX_PATH=/home/sksuser/arduinobot_ws/install/arduinobot_msgs:/home/sksuser/arduinobot_ws/install/arduinobot_utils:/home/sksuser/arduinobot_ws/install/arduinobot_bringup:/home/sksuser/arduinobot_ws/install/arduinobot_remote:/home/sksuser/arduinobot_ws/install/arduinobot_cpp_examples:/home/sksuser/arduinobot_ws/install/arduinobot_moveit:/home/sksuser/arduinobot_ws/install/arduinobot_firmware:/home/sksuser/arduinobot_ws/install/arduinobot_controller:/home/sksuser/arduinobot_ws/install/arduinobot_description:/home/sksuser/my_robot_ws/install/my_robot_bringup:/home/sksuser/my_robot_ws/install/my_robot_description:/home/sksuser/arduinobot_ws/install/arduinobot_py_examples:/opt/ros/humble LD_LIBRARY_PATH=/home/sksuser/arduinobot_ws/install/arduinobot_msgs/lib:/home/sksuser/arduinobot_ws/install/arduinobot_remote/lib:/home/sksuser/arduinobot_ws/install/arduinobot_cpp_examples/lib:/home/sksuser/arduinobot_ws/install/arduinobot_controller/lib:/usr/lib/x86_64-linux-gnu/gazebo-11/plugins:/opt/ros/humble/opt/rviz_ogre_vendor/lib:/opt/ros/humble/lib/x86_64-linux-gnu:/opt/ros/humble/lib /usr/bin/cmake --install /home/sksuser/arduinobot_ws/build/arduinobot_cpp_examples
[3.391s] -- Install configuration: ""
[3.392s] -- Up-to-date: /home/sksuser/arduinobot_ws/install/arduinobot_cpp_examples/lib/arduinobot_cpp_examples/simple_action_server_node
[3.393s] -- Up-to-date: /home/sksuser/arduinobot_ws/install/arduinobot_cpp_examples/lib/arduinobot_cpp_examples/simple_action_client_node
[3.394s] -- Up-to-date: /home/sksuser/arduinobot_ws/install/arduinobot_cpp_examples/lib/arduinobot_cpp_examples/simple_publisher
[3.395s] -- Up-to-date: /home/sksuser/arduinobot_ws/install/arduinobot_cpp_examples/lib/arduinobot_cpp_examples/simple_subscriber
[3.396s] -- Up-to-date: /home/sksuser/arduinobot_ws/install/arduinobot_cpp_examples/lib/arduinobot_cpp_examples/simple_parameter
[3.397s] -- Up-to-date: /home/sksuser/arduinobot_ws/install/arduinobot_cpp_examples/lib/arduinobot_cpp_examples/simple_service_server
[3.397s] -- Up-to-date: /home/sksuser/arduinobot_ws/install/arduinobot_cpp_examples/lib/arduinobot_cpp_examples/simple_service_client
[3.398s] -- Up-to-date: /home/sksuser/arduinobot_ws/install/arduinobot_cpp_examples/lib/arduinobot_cpp_examples/simple_moveit_interface
[3.398s] -- Up-to-date: /home/sksuser/arduinobot_ws/install/arduinobot_cpp_examples/lib/arduinobot_cpp_examples/simple_lifecycle_node
[3.399s] -- Up-to-date: /home/sksuser/arduinobot_ws/install/arduinobot_cpp_examples/lib/libsimple_action_server.so
[3.402s] -- Up-to-date: /home/sksuser/arduinobot_ws/install/arduinobot_cpp_examples/lib/libsimple_action_client.so
[3.403s] -- Up-to-date: /home/sksuser/arduinobot_ws/install/arduinobot_cpp_examples/share/ament_index/resource_index/package_run_dependencies/arduinobot_cpp_examples
[3.403s] -- Installing: /home/sksuser/arduinobot_ws/install/arduinobot_cpp_examples/share/ament_index/resource_index/parent_prefix_path/arduinobot_cpp_examples
[3.406s] -- Up-to-date: /home/sksuser/arduinobot_ws/install/arduinobot_cpp_examples/share/arduinobot_cpp_examples/environment/ament_prefix_path.sh
[3.407s] -- Installing: /home/sksuser/arduinobot_ws/install/arduinobot_cpp_examples/share/arduinobot_cpp_examples/environment/ament_prefix_path.dsv
[3.407s] -- Up-to-date: /home/sksuser/arduinobot_ws/install/arduinobot_cpp_examples/share/arduinobot_cpp_examples/environment/path.sh
[3.407s] -- Installing: /home/sksuser/arduinobot_ws/install/arduinobot_cpp_examples/share/arduinobot_cpp_examples/environment/path.dsv
[3.407s] -- Up-to-date: /home/sksuser/arduinobot_ws/install/arduinobot_cpp_examples/share/arduinobot_cpp_examples/local_setup.bash
[3.407s] -- Up-to-date: /home/sksuser/arduinobot_ws/install/arduinobot_cpp_examples/share/arduinobot_cpp_examples/local_setup.sh
[3.407s] -- Up-to-date: /home/sksuser/arduinobot_ws/install/arduinobot_cpp_examples/share/arduinobot_cpp_examples/local_setup.zsh
[3.407s] -- Installing: /home/sksuser/arduinobot_ws/install/arduinobot_cpp_examples/share/arduinobot_cpp_examples/local_setup.dsv
[3.407s] -- Installing: /home/sksuser/arduinobot_ws/install/arduinobot_cpp_examples/share/arduinobot_cpp_examples/package.dsv
[3.408s] -- Up-to-date: /home/sksuser/arduinobot_ws/install/arduinobot_cpp_examples/share/ament_index/resource_index/packages/arduinobot_cpp_examples
[3.408s] -- Up-to-date: /home/sksuser/arduinobot_ws/install/arduinobot_cpp_examples/share/ament_index/resource_index/rclcpp_components/arduinobot_cpp_examples
[3.409s] -- Up-to-date: /home/sksuser/arduinobot_ws/install/arduinobot_cpp_examples/share/arduinobot_cpp_examples/cmake/arduinobot_cpp_examplesConfig.cmake
[3.409s] -- Up-to-date: /home/sksuser/arduinobot_ws/install/arduinobot_cpp_examples/share/arduinobot_cpp_examples/cmake/arduinobot_cpp_examplesConfig-version.cmake
[3.410s] -- Installing: /home/sksuser/arduinobot_ws/install/arduinobot_cpp_examples/share/arduinobot_cpp_examples/package.xml
[3.423s] Invoked command in '/home/sksuser/arduinobot_ws/build/arduinobot_cpp_examples' returned '0': CMAKE_PREFIX_PATH=/home/sksuser/arduinobot_ws/install/arduinobot_msgs:/home/sksuser/arduinobot_ws/install/arduinobot_utils:/home/sksuser/arduinobot_ws/install/arduinobot_bringup:/home/sksuser/arduinobot_ws/install/arduinobot_remote:/home/sksuser/arduinobot_ws/install/arduinobot_cpp_examples:/home/sksuser/arduinobot_ws/install/arduinobot_moveit:/home/sksuser/arduinobot_ws/install/arduinobot_firmware:/home/sksuser/arduinobot_ws/install/arduinobot_controller:/home/sksuser/arduinobot_ws/install/arduinobot_description:/home/sksuser/my_robot_ws/install/my_robot_bringup:/home/sksuser/my_robot_ws/install/my_robot_description:/home/sksuser/arduinobot_ws/install/arduinobot_py_examples:/opt/ros/humble LD_LIBRARY_PATH=/home/sksuser/arduinobot_ws/install/arduinobot_msgs/lib:/home/sksuser/arduinobot_ws/install/arduinobot_remote/lib:/home/sksuser/arduinobot_ws/install/arduinobot_cpp_examples/lib:/home/sksuser/arduinobot_ws/install/arduinobot_controller/lib:/usr/lib/x86_64-linux-gnu/gazebo-11/plugins:/opt/ros/humble/opt/rviz_ogre_vendor/lib:/opt/ros/humble/lib/x86_64-linux-gnu:/opt/ros/humble/lib /usr/bin/cmake --install /home/sksuser/arduinobot_ws/build/arduinobot_cpp_examples
