[4.059s] Invoking command in '/home/sksuser/arduinobot_ws/src/arduinobot_py_example': AMENT_PREFIX_PATH=/home/sksuser/arduinobot_ws/install/arduinobot_msgs:${AMENT_PREFIX_PATH} CMAKE_PREFIX_PATH=/home/sksuser/arduinobot_ws/install/arduinobot_msgs:${CMAKE_PREFIX_PATH} LD_LIBRARY_PATH=/home/sksuser/arduinobot_ws/install/arduinobot_msgs/lib:${LD_LIBRARY_PATH} PYTHONPATH=/home/sksuser/arduinobot_ws/build/arduinobot_py_example/prefix_override:/usr/lib/python3/dist-packages/colcon_core/task/python/colcon_distutils_commands:/home/sksuser/arduinobot_ws/install/arduinobot_py_example/lib/python3.10/site-packages:/home/sksuser/arduinobot_ws/install/arduinobot_msgs/local/lib/python3.10/dist-packages:${PYTHONPATH} /usr/bin/python3 -W ignore:setup.py install is deprecated -W ignore:easy_install command is deprecated setup.py egg_info --egg-base ../../build/arduinobot_py_example build --build-base /home/sksuser/arduinobot_ws/build/arduinobot_py_example/build install --record /home/sksuser/arduinobot_ws/build/arduinobot_py_example/install.log --single-version-externally-managed install_data
[5.346s] running egg_info
[5.349s] writing ../../build/arduinobot_py_example/arduinobot_py_example.egg-info/PKG-INFO
[5.349s] writing dependency_links to ../../build/arduinobot_py_example/arduinobot_py_example.egg-info/dependency_links.txt
[5.350s] writing entry points to ../../build/arduinobot_py_example/arduinobot_py_example.egg-info/entry_points.txt
[5.350s] writing requirements to ../../build/arduinobot_py_example/arduinobot_py_example.egg-info/requires.txt
[5.350s] writing top-level names to ../../build/arduinobot_py_example/arduinobot_py_example.egg-info/top_level.txt
[5.360s] reading manifest file '../../build/arduinobot_py_example/arduinobot_py_example.egg-info/SOURCES.txt'
[5.363s] writing manifest file '../../build/arduinobot_py_example/arduinobot_py_example.egg-info/SOURCES.txt'
[5.363s] running build
[5.363s] running build_py
[5.365s] running install
[5.366s] running install_lib
[5.371s] running install_data
[5.371s] running install_egg_info
[5.378s] removing '/home/sksuser/arduinobot_ws/install/arduinobot_py_example/lib/python3.10/site-packages/arduinobot_py_example-0.0.0-py3.10.egg-info' (and everything under it)
[5.380s] Copying ../../build/arduinobot_py_example/arduinobot_py_example.egg-info to /home/sksuser/arduinobot_ws/install/arduinobot_py_example/lib/python3.10/site-packages/arduinobot_py_example-0.0.0-py3.10.egg-info
[5.382s] running install_scripts
[5.461s] Installing simple_parameter script to /home/sksuser/arduinobot_ws/install/arduinobot_py_example/lib/arduinobot_py_example
[5.461s] Installing simple_publisher script to /home/sksuser/arduinobot_ws/install/arduinobot_py_example/lib/arduinobot_py_example
[5.462s] Installing simple_service_client script to /home/sksuser/arduinobot_ws/install/arduinobot_py_example/lib/arduinobot_py_example
[5.462s] Installing simple_service_server script to /home/sksuser/arduinobot_ws/install/arduinobot_py_example/lib/arduinobot_py_example
[5.462s] Installing simple_subscriber script to /home/sksuser/arduinobot_ws/install/arduinobot_py_example/lib/arduinobot_py_example
[5.463s] writing list of installed files to '/home/sksuser/arduinobot_ws/build/arduinobot_py_example/install.log'
[5.572s] Invoked command in '/home/sksuser/arduinobot_ws/src/arduinobot_py_example' returned '0': AMENT_PREFIX_PATH=/home/sksuser/arduinobot_ws/install/arduinobot_msgs:${AMENT_PREFIX_PATH} CMAKE_PREFIX_PATH=/home/sksuser/arduinobot_ws/install/arduinobot_msgs:${CMAKE_PREFIX_PATH} LD_LIBRARY_PATH=/home/sksuser/arduinobot_ws/install/arduinobot_msgs/lib:${LD_LIBRARY_PATH} PYTHONPATH=/home/sksuser/arduinobot_ws/build/arduinobot_py_example/prefix_override:/usr/lib/python3/dist-packages/colcon_core/task/python/colcon_distutils_commands:/home/sksuser/arduinobot_ws/install/arduinobot_py_example/lib/python3.10/site-packages:/home/sksuser/arduinobot_ws/install/arduinobot_msgs/local/lib/python3.10/dist-packages:${PYTHONPATH} /usr/bin/python3 -W ignore:setup.py install is deprecated -W ignore:easy_install command is deprecated setup.py egg_info --egg-base ../../build/arduinobot_py_example build --build-base /home/sksuser/arduinobot_ws/build/arduinobot_py_example/build install --record /home/sksuser/arduinobot_ws/build/arduinobot_py_example/install.log --single-version-externally-managed install_data
