[0.131s] DEBUG:colcon:Command line arguments: ['/usr/bin/colcon', 'build']
[0.132s] DEBUG:colcon:Parsed command line arguments: Namespace(log_base=None, log_level=None, verb_name='build', build_base='build', install_base='install', merge_install=False, symlink_install=False, test_result_base=None, continue_on_error=False, executor='parallel', parallel_workers=8, event_handlers=None, ignore_user_meta=False, metas=['./colcon.meta'], base_paths=['.'], packages_ignore=None, packages_ignore_regex=None, paths=None, packages_up_to=None, packages_up_to_regex=None, packages_above=None, packages_above_and_dependencies=None, packages_above_depth=None, packages_select_by_dep=None, packages_skip_by_dep=None, packages_skip_up_to=None, packages_select_build_failed=False, packages_skip_build_finished=False, packages_select_test_failures=False, packages_skip_test_passed=False, packages_select=None, packages_skip=None, packages_select_regex=None, packages_skip_regex=None, packages_start=None, packages_end=None, allow_overriding=[], cmake_args=None, cmake_target=None, cmake_target_skip_unavailable=False, cmake_clean_cache=False, cmake_clean_first=False, cmake_force_configure=False, ament_cmake_args=None, catkin_cmake_args=None, catkin_skip_building_tests=False, mixin_files=None, mixin=None, verb_parser=<colcon_mixin.mixin.mixin_argument.MixinArgumentDecorator object at 0x7ece27257310>, verb_extension=<colcon_core.verb.build.BuildVerb object at 0x7ece27256d40>, main=<bound method BuildVerb.main of <colcon_core.verb.build.BuildVerb object at 0x7ece27256d40>>, mixin_verb=('build',))
[0.346s] Level 1:colcon.colcon_core.package_discovery:discover_packages(colcon_meta) check parameters
[0.346s] Level 1:colcon.colcon_core.package_discovery:discover_packages(recursive) check parameters
[0.346s] Level 1:colcon.colcon_core.package_discovery:discover_packages(ignore) check parameters
[0.346s] Level 1:colcon.colcon_core.package_discovery:discover_packages(path) check parameters
[0.346s] Level 1:colcon.colcon_core.package_discovery:discover_packages(colcon_meta) discover
[0.346s] Level 1:colcon.colcon_core.package_discovery:discover_packages(recursive) discover
[0.346s] INFO:colcon.colcon_core.package_discovery:Crawling recursively for packages in '/home/sksuser/arduinobot_ws'
[0.346s] Level 1:colcon.colcon_core.package_identification:_identify(.) by extensions ['ignore', 'ignore_ament_install']
[0.346s] Level 1:colcon.colcon_core.package_identification:_identify(.) by extension 'ignore'
[0.346s] Level 1:colcon.colcon_core.package_identification:_identify(.) by extension 'ignore_ament_install'
[0.347s] Level 1:colcon.colcon_core.package_identification:_identify(.) by extensions ['colcon_pkg']
[0.347s] Level 1:colcon.colcon_core.package_identification:_identify(.) by extension 'colcon_pkg'
[0.347s] Level 1:colcon.colcon_core.package_identification:_identify(.) by extensions ['colcon_meta']
[0.347s] Level 1:colcon.colcon_core.package_identification:_identify(.) by extension 'colcon_meta'
[0.347s] Level 1:colcon.colcon_core.package_identification:_identify(.) by extensions ['ros']
[0.347s] Level 1:colcon.colcon_core.package_identification:_identify(.) by extension 'ros'
[0.360s] Level 1:colcon.colcon_core.package_identification:_identify(.) by extensions ['cmake', 'python']
[0.360s] Level 1:colcon.colcon_core.package_identification:_identify(.) by extension 'cmake'
[0.360s] Level 1:colcon.colcon_core.package_identification:_identify(.) by extension 'python'
[0.360s] Level 1:colcon.colcon_core.package_identification:_identify(.) by extensions ['python_setup_py']
[0.360s] Level 1:colcon.colcon_core.package_identification:_identify(.) by extension 'python_setup_py'
[0.360s] Level 1:colcon.colcon_core.package_identification:_identify(build) by extensions ['ignore', 'ignore_ament_install']
[0.361s] Level 1:colcon.colcon_core.package_identification:_identify(build) by extension 'ignore'
[0.361s] Level 1:colcon.colcon_core.package_identification:_identify(build) ignored
[0.361s] Level 1:colcon.colcon_core.package_identification:_identify(install) by extensions ['ignore', 'ignore_ament_install']
[0.361s] Level 1:colcon.colcon_core.package_identification:_identify(install) by extension 'ignore'
[0.361s] Level 1:colcon.colcon_core.package_identification:_identify(install) ignored
[0.361s] Level 1:colcon.colcon_core.package_identification:_identify(log) by extensions ['ignore', 'ignore_ament_install']
[0.362s] Level 1:colcon.colcon_core.package_identification:_identify(log) by extension 'ignore'
[0.362s] Level 1:colcon.colcon_core.package_identification:_identify(log) ignored
[0.362s] Level 1:colcon.colcon_core.package_identification:_identify(src) by extensions ['ignore', 'ignore_ament_install']
[0.362s] Level 1:colcon.colcon_core.package_identification:_identify(src) by extension 'ignore'
[0.362s] Level 1:colcon.colcon_core.package_identification:_identify(src) by extension 'ignore_ament_install'
[0.362s] Level 1:colcon.colcon_core.package_identification:_identify(src) by extensions ['colcon_pkg']
[0.362s] Level 1:colcon.colcon_core.package_identification:_identify(src) by extension 'colcon_pkg'
[0.362s] Level 1:colcon.colcon_core.package_identification:_identify(src) by extensions ['colcon_meta']
[0.362s] Level 1:colcon.colcon_core.package_identification:_identify(src) by extension 'colcon_meta'
[0.362s] Level 1:colcon.colcon_core.package_identification:_identify(src) by extensions ['ros']
[0.362s] Level 1:colcon.colcon_core.package_identification:_identify(src) by extension 'ros'
[0.362s] Level 1:colcon.colcon_core.package_identification:_identify(src) by extensions ['cmake', 'python']
[0.363s] Level 1:colcon.colcon_core.package_identification:_identify(src) by extension 'cmake'
[0.363s] Level 1:colcon.colcon_core.package_identification:_identify(src) by extension 'python'
[0.363s] Level 1:colcon.colcon_core.package_identification:_identify(src) by extensions ['python_setup_py']
[0.363s] Level 1:colcon.colcon_core.package_identification:_identify(src) by extension 'python_setup_py'
[0.363s] Level 1:colcon.colcon_core.package_identification:_identify(src/arduinobot_controller) by extensions ['ignore', 'ignore_ament_install']
[0.363s] Level 1:colcon.colcon_core.package_identification:_identify(src/arduinobot_controller) by extension 'ignore'
[0.363s] Level 1:colcon.colcon_core.package_identification:_identify(src/arduinobot_controller) by extension 'ignore_ament_install'
[0.363s] Level 1:colcon.colcon_core.package_identification:_identify(src/arduinobot_controller) by extensions ['colcon_pkg']
[0.363s] Level 1:colcon.colcon_core.package_identification:_identify(src/arduinobot_controller) by extension 'colcon_pkg'
[0.363s] Level 1:colcon.colcon_core.package_identification:_identify(src/arduinobot_controller) by extensions ['colcon_meta']
[0.363s] Level 1:colcon.colcon_core.package_identification:_identify(src/arduinobot_controller) by extension 'colcon_meta'
[0.363s] Level 1:colcon.colcon_core.package_identification:_identify(src/arduinobot_controller) by extensions ['ros']
[0.363s] Level 1:colcon.colcon_core.package_identification:_identify(src/arduinobot_controller) by extension 'ros'
[0.367s] DEBUG:colcon.colcon_core.package_identification:Package 'src/arduinobot_controller' with type 'ros.ament_cmake' and name 'arduinobot_controller'
[0.367s] Level 1:colcon.colcon_core.package_identification:_identify(src/arduinobot_cpp_example) by extensions ['ignore', 'ignore_ament_install']
[0.367s] Level 1:colcon.colcon_core.package_identification:_identify(src/arduinobot_cpp_example) by extension 'ignore'
[0.367s] Level 1:colcon.colcon_core.package_identification:_identify(src/arduinobot_cpp_example) by extension 'ignore_ament_install'
[0.367s] Level 1:colcon.colcon_core.package_identification:_identify(src/arduinobot_cpp_example) by extensions ['colcon_pkg']
[0.367s] Level 1:colcon.colcon_core.package_identification:_identify(src/arduinobot_cpp_example) by extension 'colcon_pkg'
[0.367s] Level 1:colcon.colcon_core.package_identification:_identify(src/arduinobot_cpp_example) by extensions ['colcon_meta']
[0.368s] Level 1:colcon.colcon_core.package_identification:_identify(src/arduinobot_cpp_example) by extension 'colcon_meta'
[0.368s] Level 1:colcon.colcon_core.package_identification:_identify(src/arduinobot_cpp_example) by extensions ['ros']
[0.368s] Level 1:colcon.colcon_core.package_identification:_identify(src/arduinobot_cpp_example) by extension 'ros'
[0.369s] DEBUG:colcon.colcon_core.package_identification:Package 'src/arduinobot_cpp_example' with type 'ros.ament_cmake' and name 'arduinobot_cpp_example'
[0.369s] Level 1:colcon.colcon_core.package_identification:_identify(src/arduinobot_description) by extensions ['ignore', 'ignore_ament_install']
[0.369s] Level 1:colcon.colcon_core.package_identification:_identify(src/arduinobot_description) by extension 'ignore'
[0.369s] Level 1:colcon.colcon_core.package_identification:_identify(src/arduinobot_description) by extension 'ignore_ament_install'
[0.369s] Level 1:colcon.colcon_core.package_identification:_identify(src/arduinobot_description) by extensions ['colcon_pkg']
[0.369s] Level 1:colcon.colcon_core.package_identification:_identify(src/arduinobot_description) by extension 'colcon_pkg'
[0.369s] Level 1:colcon.colcon_core.package_identification:_identify(src/arduinobot_description) by extensions ['colcon_meta']
[0.369s] Level 1:colcon.colcon_core.package_identification:_identify(src/arduinobot_description) by extension 'colcon_meta'
[0.370s] Level 1:colcon.colcon_core.package_identification:_identify(src/arduinobot_description) by extensions ['ros']
[0.370s] Level 1:colcon.colcon_core.package_identification:_identify(src/arduinobot_description) by extension 'ros'
[0.372s] DEBUG:colcon.colcon_core.package_identification:Package 'src/arduinobot_description' with type 'ros.ament_cmake' and name 'arduinobot_description'
[0.372s] Level 1:colcon.colcon_core.package_identification:_identify(src/arduinobot_py_example) by extensions ['ignore', 'ignore_ament_install']
[0.372s] Level 1:colcon.colcon_core.package_identification:_identify(src/arduinobot_py_example) by extension 'ignore'
[0.372s] Level 1:colcon.colcon_core.package_identification:_identify(src/arduinobot_py_example) by extension 'ignore_ament_install'
[0.372s] Level 1:colcon.colcon_core.package_identification:_identify(src/arduinobot_py_example) by extensions ['colcon_pkg']
[0.372s] Level 1:colcon.colcon_core.package_identification:_identify(src/arduinobot_py_example) by extension 'colcon_pkg'
[0.372s] Level 1:colcon.colcon_core.package_identification:_identify(src/arduinobot_py_example) by extensions ['colcon_meta']
[0.372s] Level 1:colcon.colcon_core.package_identification:_identify(src/arduinobot_py_example) by extension 'colcon_meta'
[0.372s] Level 1:colcon.colcon_core.package_identification:_identify(src/arduinobot_py_example) by extensions ['ros']
[0.372s] Level 1:colcon.colcon_core.package_identification:_identify(src/arduinobot_py_example) by extension 'ros'
[0.373s] DEBUG:colcon.colcon_core.package_identification:Package 'src/arduinobot_py_example' with type 'ros.ament_python' and name 'arduinobot_py_example'
[0.373s] Level 1:colcon.colcon_core.package_identification:_identify(src/demo_robot) by extensions ['ignore', 'ignore_ament_install']
[0.373s] Level 1:colcon.colcon_core.package_identification:_identify(src/demo_robot) by extension 'ignore'
[0.373s] Level 1:colcon.colcon_core.package_identification:_identify(src/demo_robot) by extension 'ignore_ament_install'
[0.373s] Level 1:colcon.colcon_core.package_identification:_identify(src/demo_robot) by extensions ['colcon_pkg']
[0.373s] Level 1:colcon.colcon_core.package_identification:_identify(src/demo_robot) by extension 'colcon_pkg'
[0.373s] Level 1:colcon.colcon_core.package_identification:_identify(src/demo_robot) by extensions ['colcon_meta']
[0.374s] Level 1:colcon.colcon_core.package_identification:_identify(src/demo_robot) by extension 'colcon_meta'
[0.374s] Level 1:colcon.colcon_core.package_identification:_identify(src/demo_robot) by extensions ['ros']
[0.374s] Level 1:colcon.colcon_core.package_identification:_identify(src/demo_robot) by extension 'ros'
[0.374s] Level 1:colcon.colcon_core.package_identification:_identify(src/demo_robot) by extensions ['cmake', 'python']
[0.374s] Level 1:colcon.colcon_core.package_identification:_identify(src/demo_robot) by extension 'cmake'
[0.374s] Level 1:colcon.colcon_core.package_identification:_identify(src/demo_robot) by extension 'python'
[0.374s] Level 1:colcon.colcon_core.package_identification:_identify(src/demo_robot) by extensions ['python_setup_py']
[0.374s] Level 1:colcon.colcon_core.package_identification:_identify(src/demo_robot) by extension 'python_setup_py'
[0.374s] Level 1:colcon.colcon_core.package_identification:_identify(src/demo_robot/urdf) by extensions ['ignore', 'ignore_ament_install']
[0.374s] Level 1:colcon.colcon_core.package_identification:_identify(src/demo_robot/urdf) by extension 'ignore'
[0.374s] Level 1:colcon.colcon_core.package_identification:_identify(src/demo_robot/urdf) by extension 'ignore_ament_install'
[0.374s] Level 1:colcon.colcon_core.package_identification:_identify(src/demo_robot/urdf) by extensions ['colcon_pkg']
[0.374s] Level 1:colcon.colcon_core.package_identification:_identify(src/demo_robot/urdf) by extension 'colcon_pkg'
[0.374s] Level 1:colcon.colcon_core.package_identification:_identify(src/demo_robot/urdf) by extensions ['colcon_meta']
[0.374s] Level 1:colcon.colcon_core.package_identification:_identify(src/demo_robot/urdf) by extension 'colcon_meta'
[0.375s] Level 1:colcon.colcon_core.package_identification:_identify(src/demo_robot/urdf) by extensions ['ros']
[0.375s] Level 1:colcon.colcon_core.package_identification:_identify(src/demo_robot/urdf) by extension 'ros'
[0.375s] Level 1:colcon.colcon_core.package_identification:_identify(src/demo_robot/urdf) by extensions ['cmake', 'python']
[0.375s] Level 1:colcon.colcon_core.package_identification:_identify(src/demo_robot/urdf) by extension 'cmake'
[0.375s] Level 1:colcon.colcon_core.package_identification:_identify(src/demo_robot/urdf) by extension 'python'
[0.375s] Level 1:colcon.colcon_core.package_identification:_identify(src/demo_robot/urdf) by extensions ['python_setup_py']
[0.375s] Level 1:colcon.colcon_core.package_identification:_identify(src/demo_robot/urdf) by extension 'python_setup_py'
[0.375s] Level 1:colcon.colcon_core.package_discovery:discover_packages(recursive) using defaults
[0.375s] Level 1:colcon.colcon_core.package_discovery:discover_packages(ignore) discover
[0.375s] Level 1:colcon.colcon_core.package_discovery:discover_packages(ignore) using defaults
[0.375s] Level 1:colcon.colcon_core.package_discovery:discover_packages(path) discover
[0.375s] Level 1:colcon.colcon_core.package_discovery:discover_packages(path) using defaults
[0.406s] Level 1:colcon.colcon_core.package_discovery:discover_packages(prefix_path) check parameters
[0.406s] Level 1:colcon.colcon_core.package_discovery:discover_packages(prefix_path) discover
[0.408s] DEBUG:colcon.colcon_installed_package_information.package_discovery:Found 4 installed packages in /home/sksuser/arduinobot_ws/install
[0.409s] DEBUG:colcon.colcon_installed_package_information.package_discovery:Found 2 installed packages in /home/sksuser/my_robot_ws/install
[0.411s] DEBUG:colcon.colcon_installed_package_information.package_discovery:Found 379 installed packages in /opt/ros/humble
[0.413s] Level 1:colcon.colcon_core.package_discovery:discover_packages(prefix_path) using defaults
[0.471s] Level 5:colcon.colcon_core.verb:set package 'arduinobot_controller' build argument 'cmake_args' from command line to 'None'
[0.471s] Level 5:colcon.colcon_core.verb:set package 'arduinobot_controller' build argument 'cmake_target' from command line to 'None'
[0.471s] Level 5:colcon.colcon_core.verb:set package 'arduinobot_controller' build argument 'cmake_target_skip_unavailable' from command line to 'False'
[0.471s] Level 5:colcon.colcon_core.verb:set package 'arduinobot_controller' build argument 'cmake_clean_cache' from command line to 'False'
[0.471s] Level 5:colcon.colcon_core.verb:set package 'arduinobot_controller' build argument 'cmake_clean_first' from command line to 'False'
[0.471s] Level 5:colcon.colcon_core.verb:set package 'arduinobot_controller' build argument 'cmake_force_configure' from command line to 'False'
[0.471s] Level 5:colcon.colcon_core.verb:set package 'arduinobot_controller' build argument 'ament_cmake_args' from command line to 'None'
[0.471s] Level 5:colcon.colcon_core.verb:set package 'arduinobot_controller' build argument 'catkin_cmake_args' from command line to 'None'
[0.471s] Level 5:colcon.colcon_core.verb:set package 'arduinobot_controller' build argument 'catkin_skip_building_tests' from command line to 'False'
[0.471s] DEBUG:colcon.colcon_core.verb:Building package 'arduinobot_controller' with the following arguments: {'ament_cmake_args': None, 'build_base': '/home/sksuser/arduinobot_ws/build/arduinobot_controller', 'catkin_cmake_args': None, 'catkin_skip_building_tests': False, 'cmake_args': None, 'cmake_clean_cache': False, 'cmake_clean_first': False, 'cmake_force_configure': False, 'cmake_target': None, 'cmake_target_skip_unavailable': False, 'install_base': '/home/sksuser/arduinobot_ws/install/arduinobot_controller', 'merge_install': False, 'path': '/home/sksuser/arduinobot_ws/src/arduinobot_controller', 'symlink_install': False, 'test_result_base': None}
[0.472s] Level 5:colcon.colcon_core.verb:set package 'arduinobot_cpp_example' build argument 'cmake_args' from command line to 'None'
[0.472s] Level 5:colcon.colcon_core.verb:set package 'arduinobot_cpp_example' build argument 'cmake_target' from command line to 'None'
[0.472s] Level 5:colcon.colcon_core.verb:set package 'arduinobot_cpp_example' build argument 'cmake_target_skip_unavailable' from command line to 'False'
[0.472s] Level 5:colcon.colcon_core.verb:set package 'arduinobot_cpp_example' build argument 'cmake_clean_cache' from command line to 'False'
[0.472s] Level 5:colcon.colcon_core.verb:set package 'arduinobot_cpp_example' build argument 'cmake_clean_first' from command line to 'False'
[0.472s] Level 5:colcon.colcon_core.verb:set package 'arduinobot_cpp_example' build argument 'cmake_force_configure' from command line to 'False'
[0.472s] Level 5:colcon.colcon_core.verb:set package 'arduinobot_cpp_example' build argument 'ament_cmake_args' from command line to 'None'
[0.472s] Level 5:colcon.colcon_core.verb:set package 'arduinobot_cpp_example' build argument 'catkin_cmake_args' from command line to 'None'
[0.472s] Level 5:colcon.colcon_core.verb:set package 'arduinobot_cpp_example' build argument 'catkin_skip_building_tests' from command line to 'False'
[0.472s] DEBUG:colcon.colcon_core.verb:Building package 'arduinobot_cpp_example' with the following arguments: {'ament_cmake_args': None, 'build_base': '/home/sksuser/arduinobot_ws/build/arduinobot_cpp_example', 'catkin_cmake_args': None, 'catkin_skip_building_tests': False, 'cmake_args': None, 'cmake_clean_cache': False, 'cmake_clean_first': False, 'cmake_force_configure': False, 'cmake_target': None, 'cmake_target_skip_unavailable': False, 'install_base': '/home/sksuser/arduinobot_ws/install/arduinobot_cpp_example', 'merge_install': False, 'path': '/home/sksuser/arduinobot_ws/src/arduinobot_cpp_example', 'symlink_install': False, 'test_result_base': None}
[0.472s] Level 5:colcon.colcon_core.verb:set package 'arduinobot_description' build argument 'cmake_args' from command line to 'None'
[0.472s] Level 5:colcon.colcon_core.verb:set package 'arduinobot_description' build argument 'cmake_target' from command line to 'None'
[0.472s] Level 5:colcon.colcon_core.verb:set package 'arduinobot_description' build argument 'cmake_target_skip_unavailable' from command line to 'False'
[0.472s] Level 5:colcon.colcon_core.verb:set package 'arduinobot_description' build argument 'cmake_clean_cache' from command line to 'False'
[0.472s] Level 5:colcon.colcon_core.verb:set package 'arduinobot_description' build argument 'cmake_clean_first' from command line to 'False'
[0.472s] Level 5:colcon.colcon_core.verb:set package 'arduinobot_description' build argument 'cmake_force_configure' from command line to 'False'
[0.472s] Level 5:colcon.colcon_core.verb:set package 'arduinobot_description' build argument 'ament_cmake_args' from command line to 'None'
[0.472s] Level 5:colcon.colcon_core.verb:set package 'arduinobot_description' build argument 'catkin_cmake_args' from command line to 'None'
[0.473s] Level 5:colcon.colcon_core.verb:set package 'arduinobot_description' build argument 'catkin_skip_building_tests' from command line to 'False'
[0.473s] DEBUG:colcon.colcon_core.verb:Building package 'arduinobot_description' with the following arguments: {'ament_cmake_args': None, 'build_base': '/home/sksuser/arduinobot_ws/build/arduinobot_description', 'catkin_cmake_args': None, 'catkin_skip_building_tests': False, 'cmake_args': None, 'cmake_clean_cache': False, 'cmake_clean_first': False, 'cmake_force_configure': False, 'cmake_target': None, 'cmake_target_skip_unavailable': False, 'install_base': '/home/sksuser/arduinobot_ws/install/arduinobot_description', 'merge_install': False, 'path': '/home/sksuser/arduinobot_ws/src/arduinobot_description', 'symlink_install': False, 'test_result_base': None}
[0.473s] Level 5:colcon.colcon_core.verb:set package 'arduinobot_py_example' build argument 'cmake_args' from command line to 'None'
[0.473s] Level 5:colcon.colcon_core.verb:set package 'arduinobot_py_example' build argument 'cmake_target' from command line to 'None'
[0.473s] Level 5:colcon.colcon_core.verb:set package 'arduinobot_py_example' build argument 'cmake_target_skip_unavailable' from command line to 'False'
[0.473s] Level 5:colcon.colcon_core.verb:set package 'arduinobot_py_example' build argument 'cmake_clean_cache' from command line to 'False'
[0.473s] Level 5:colcon.colcon_core.verb:set package 'arduinobot_py_example' build argument 'cmake_clean_first' from command line to 'False'
[0.473s] Level 5:colcon.colcon_core.verb:set package 'arduinobot_py_example' build argument 'cmake_force_configure' from command line to 'False'
[0.473s] Level 5:colcon.colcon_core.verb:set package 'arduinobot_py_example' build argument 'ament_cmake_args' from command line to 'None'
[0.473s] Level 5:colcon.colcon_core.verb:set package 'arduinobot_py_example' build argument 'catkin_cmake_args' from command line to 'None'
[0.473s] Level 5:colcon.colcon_core.verb:set package 'arduinobot_py_example' build argument 'catkin_skip_building_tests' from command line to 'False'
[0.473s] DEBUG:colcon.colcon_core.verb:Building package 'arduinobot_py_example' with the following arguments: {'ament_cmake_args': None, 'build_base': '/home/sksuser/arduinobot_ws/build/arduinobot_py_example', 'catkin_cmake_args': None, 'catkin_skip_building_tests': False, 'cmake_args': None, 'cmake_clean_cache': False, 'cmake_clean_first': False, 'cmake_force_configure': False, 'cmake_target': None, 'cmake_target_skip_unavailable': False, 'install_base': '/home/sksuser/arduinobot_ws/install/arduinobot_py_example', 'merge_install': False, 'path': '/home/sksuser/arduinobot_ws/src/arduinobot_py_example', 'symlink_install': False, 'test_result_base': None}
[0.473s] INFO:colcon.colcon_core.executor:Executing jobs using 'parallel' executor
[0.475s] DEBUG:colcon.colcon_parallel_executor.executor.parallel:run_until_complete
[0.476s] INFO:colcon.colcon_ros.task.ament_cmake.build:Building ROS package in '/home/sksuser/arduinobot_ws/src/arduinobot_controller' with build type 'ament_cmake'
[0.476s] INFO:colcon.colcon_cmake.task.cmake.build:Building CMake package in '/home/sksuser/arduinobot_ws/src/arduinobot_controller'
[0.478s] INFO:colcon.colcon_core.plugin_system:Skipping extension 'colcon_core.shell.bat': Not used on non-Windows systems
[0.479s] INFO:colcon.colcon_core.shell:Skip shell extension 'powershell' for command environment: Not usable outside of PowerShell
[0.479s] DEBUG:colcon.colcon_core.shell:Skip shell extension 'dsv' for command environment
[0.486s] INFO:colcon.colcon_ros.task.ament_cmake.build:Building ROS package in '/home/sksuser/arduinobot_ws/src/arduinobot_cpp_example' with build type 'ament_cmake'
[0.486s] INFO:colcon.colcon_cmake.task.cmake.build:Building CMake package in '/home/sksuser/arduinobot_ws/src/arduinobot_cpp_example'
[0.487s] INFO:colcon.colcon_core.shell:Skip shell extension 'powershell' for command environment: Not usable outside of PowerShell
[0.487s] DEBUG:colcon.colcon_core.shell:Skip shell extension 'dsv' for command environment
[0.493s] INFO:colcon.colcon_ros.task.ament_cmake.build:Building ROS package in '/home/sksuser/arduinobot_ws/src/arduinobot_description' with build type 'ament_cmake'
[0.493s] INFO:colcon.colcon_cmake.task.cmake.build:Building CMake package in '/home/sksuser/arduinobot_ws/src/arduinobot_description'
[0.493s] INFO:colcon.colcon_core.shell:Skip shell extension 'powershell' for command environment: Not usable outside of PowerShell
[0.493s] DEBUG:colcon.colcon_core.shell:Skip shell extension 'dsv' for command environment
[0.498s] INFO:colcon.colcon_ros.task.ament_python.build:Building ROS package in '/home/sksuser/arduinobot_ws/src/arduinobot_py_example' with build type 'ament_python'
[0.498s] Level 1:colcon.colcon_core.shell:create_environment_hook('arduinobot_py_example', 'ament_prefix_path')
[0.499s] INFO:colcon.colcon_core.shell:Creating environment hook '/home/sksuser/arduinobot_ws/install/arduinobot_py_example/share/arduinobot_py_example/hook/ament_prefix_path.ps1'
[0.500s] INFO:colcon.colcon_core.shell:Creating environment descriptor '/home/sksuser/arduinobot_ws/install/arduinobot_py_example/share/arduinobot_py_example/hook/ament_prefix_path.dsv'
[0.501s] INFO:colcon.colcon_core.shell:Creating environment hook '/home/sksuser/arduinobot_ws/install/arduinobot_py_example/share/arduinobot_py_example/hook/ament_prefix_path.sh'
[0.502s] INFO:colcon.colcon_core.shell:Skip shell extension 'powershell' for command environment: Not usable outside of PowerShell
[0.503s] DEBUG:colcon.colcon_core.shell:Skip shell extension 'dsv' for command environment
[0.523s] DEBUG:colcon.colcon_core.event_handler.log_command:Invoking command in '/home/sksuser/arduinobot_ws/build/arduinobot_controller': CMAKE_PREFIX_PATH=${CMAKE_PREFIX_PATH}:/home/sksuser/arduinobot_ws/install/arduinobot_py_example:/opt/ros/humble /usr/bin/cmake --build /home/sksuser/arduinobot_ws/build/arduinobot_controller -- -j8 -l8
[0.531s] DEBUG:colcon.colcon_core.event_handler.log_command:Invoking command in '/home/sksuser/arduinobot_ws/build/arduinobot_cpp_example': CMAKE_PREFIX_PATH=${CMAKE_PREFIX_PATH}:/home/sksuser/arduinobot_ws/install/arduinobot_py_example:/opt/ros/humble /usr/bin/cmake --build /home/sksuser/arduinobot_ws/build/arduinobot_cpp_example -- -j8 -l8
[0.538s] DEBUG:colcon.colcon_core.event_handler.log_command:Invoking command in '/home/sksuser/arduinobot_ws/build/arduinobot_description': CMAKE_PREFIX_PATH=${CMAKE_PREFIX_PATH}:/home/sksuser/arduinobot_ws/install/arduinobot_py_example:/opt/ros/humble /usr/bin/cmake --build /home/sksuser/arduinobot_ws/build/arduinobot_description -- -j8 -l8
[0.957s] INFO:colcon.colcon_core.task.python.build:Building Python package in '/home/sksuser/arduinobot_ws/src/arduinobot_py_example'
[0.958s] INFO:colcon.colcon_core.shell:Skip shell extension 'powershell' for command environment: Not usable outside of PowerShell
[0.958s] DEBUG:colcon.colcon_core.shell:Skip shell extension 'dsv' for command environment
[0.967s] DEBUG:colcon.colcon_core.event_handler.log_command:Invoked command in '/home/sksuser/arduinobot_ws/build/arduinobot_description' returned '0': CMAKE_PREFIX_PATH=${CMAKE_PREFIX_PATH}:/home/sksuser/arduinobot_ws/install/arduinobot_py_example:/opt/ros/humble /usr/bin/cmake --build /home/sksuser/arduinobot_ws/build/arduinobot_description -- -j8 -l8
[0.980s] DEBUG:colcon.colcon_core.event_handler.log_command:Invoking command in '/home/sksuser/arduinobot_ws/build/arduinobot_description': CMAKE_PREFIX_PATH=${CMAKE_PREFIX_PATH}:/home/sksuser/arduinobot_ws/install/arduinobot_py_example:/opt/ros/humble /usr/bin/cmake --install /home/sksuser/arduinobot_ws/build/arduinobot_description
[0.981s] DEBUG:colcon.colcon_core.event_handler.log_command:Invoked command in '/home/sksuser/arduinobot_ws/build/arduinobot_controller' returned '0': CMAKE_PREFIX_PATH=${CMAKE_PREFIX_PATH}:/home/sksuser/arduinobot_ws/install/arduinobot_py_example:/opt/ros/humble /usr/bin/cmake --build /home/sksuser/arduinobot_ws/build/arduinobot_controller -- -j8 -l8
[0.984s] DEBUG:colcon.colcon_core.event_handler.log_command:Invoking command in '/home/sksuser/arduinobot_ws/build/arduinobot_controller': CMAKE_PREFIX_PATH=${CMAKE_PREFIX_PATH}:/home/sksuser/arduinobot_ws/install/arduinobot_py_example:/opt/ros/humble /usr/bin/cmake --install /home/sksuser/arduinobot_ws/build/arduinobot_controller
[0.987s] DEBUG:colcon.colcon_core.event_handler.log_command:Invoked command in '/home/sksuser/arduinobot_ws/build/arduinobot_cpp_example' returned '0': CMAKE_PREFIX_PATH=${CMAKE_PREFIX_PATH}:/home/sksuser/arduinobot_ws/install/arduinobot_py_example:/opt/ros/humble /usr/bin/cmake --build /home/sksuser/arduinobot_ws/build/arduinobot_cpp_example -- -j8 -l8
[0.992s] DEBUG:colcon.colcon_core.event_handler.log_command:Invoking command in '/home/sksuser/arduinobot_ws/build/arduinobot_cpp_example': CMAKE_PREFIX_PATH=${CMAKE_PREFIX_PATH}:/home/sksuser/arduinobot_ws/install/arduinobot_py_example:/opt/ros/humble /usr/bin/cmake --install /home/sksuser/arduinobot_ws/build/arduinobot_cpp_example
[1.003s] Level 1:colcon.colcon_core.environment:create_environment_scripts_only(arduinobot_description)
[1.021s] Level 1:colcon.colcon_core.environment:checking '/home/sksuser/arduinobot_ws/install/arduinobot_description' for CMake module files
[1.022s] DEBUG:colcon.colcon_core.event_handler.log_command:Invoked command in '/home/sksuser/arduinobot_ws/build/arduinobot_description' returned '0': CMAKE_PREFIX_PATH=${CMAKE_PREFIX_PATH}:/home/sksuser/arduinobot_ws/install/arduinobot_py_example:/opt/ros/humble /usr/bin/cmake --install /home/sksuser/arduinobot_ws/build/arduinobot_description
[1.023s] Level 1:colcon.colcon_core.environment:checking '/home/sksuser/arduinobot_ws/install/arduinobot_description' for CMake config files
[1.025s] Level 1:colcon.colcon_core.shell:create_environment_hook('arduinobot_description', 'cmake_prefix_path')
[1.026s] INFO:colcon.colcon_core.shell:Creating environment hook '/home/sksuser/arduinobot_ws/install/arduinobot_description/share/arduinobot_description/hook/cmake_prefix_path.ps1'
[1.027s] INFO:colcon.colcon_core.shell:Creating environment descriptor '/home/sksuser/arduinobot_ws/install/arduinobot_description/share/arduinobot_description/hook/cmake_prefix_path.dsv'
[1.028s] INFO:colcon.colcon_core.shell:Creating environment hook '/home/sksuser/arduinobot_ws/install/arduinobot_description/share/arduinobot_description/hook/cmake_prefix_path.sh'
[1.029s] Level 1:colcon.colcon_core.environment:checking '/home/sksuser/arduinobot_ws/install/arduinobot_description/bin'
[1.029s] Level 1:colcon.colcon_core.environment:checking '/home/sksuser/arduinobot_ws/install/arduinobot_description/lib/pkgconfig/arduinobot_description.pc'
[1.030s] Level 1:colcon.colcon_core.environment:checking '/home/sksuser/arduinobot_ws/install/arduinobot_description/lib/python3.10/site-packages'
[1.030s] Level 1:colcon.colcon_core.environment:checking '/home/sksuser/arduinobot_ws/install/arduinobot_description/bin'
[1.031s] INFO:colcon.colcon_core.shell:Creating package script '/home/sksuser/arduinobot_ws/install/arduinobot_description/share/arduinobot_description/package.ps1'
[1.032s] INFO:colcon.colcon_core.shell:Creating package descriptor '/home/sksuser/arduinobot_ws/install/arduinobot_description/share/arduinobot_description/package.dsv'
[1.033s] INFO:colcon.colcon_core.shell:Creating package script '/home/sksuser/arduinobot_ws/install/arduinobot_description/share/arduinobot_description/package.sh'
[1.034s] INFO:colcon.colcon_core.shell:Creating package script '/home/sksuser/arduinobot_ws/install/arduinobot_description/share/arduinobot_description/package.bash'
[1.035s] INFO:colcon.colcon_core.shell:Creating package script '/home/sksuser/arduinobot_ws/install/arduinobot_description/share/arduinobot_description/package.zsh'
[1.036s] Level 1:colcon.colcon_core.environment:create_file_with_runtime_dependencies(/home/sksuser/arduinobot_ws/install/arduinobot_description/share/colcon-core/packages/arduinobot_description)
[1.037s] Level 1:colcon.colcon_core.environment:create_environment_scripts_only(arduinobot_description)
[1.038s] Level 1:colcon.colcon_core.environment:checking '/home/sksuser/arduinobot_ws/install/arduinobot_description' for CMake module files
[1.039s] Level 1:colcon.colcon_core.environment:checking '/home/sksuser/arduinobot_ws/install/arduinobot_description' for CMake config files
[1.039s] Level 1:colcon.colcon_core.shell:create_environment_hook('arduinobot_description', 'cmake_prefix_path')
[1.040s] INFO:colcon.colcon_core.shell:Creating environment hook '/home/sksuser/arduinobot_ws/install/arduinobot_description/share/arduinobot_description/hook/cmake_prefix_path.ps1'
[1.041s] INFO:colcon.colcon_core.shell:Creating environment descriptor '/home/sksuser/arduinobot_ws/install/arduinobot_description/share/arduinobot_description/hook/cmake_prefix_path.dsv'
[1.041s] INFO:colcon.colcon_core.shell:Creating environment hook '/home/sksuser/arduinobot_ws/install/arduinobot_description/share/arduinobot_description/hook/cmake_prefix_path.sh'
[1.042s] Level 1:colcon.colcon_core.environment:checking '/home/sksuser/arduinobot_ws/install/arduinobot_description/bin'
[1.042s] Level 1:colcon.colcon_core.environment:checking '/home/sksuser/arduinobot_ws/install/arduinobot_description/lib/pkgconfig/arduinobot_description.pc'
[1.043s] Level 1:colcon.colcon_core.environment:checking '/home/sksuser/arduinobot_ws/install/arduinobot_description/lib/python3.10/site-packages'
[1.043s] Level 1:colcon.colcon_core.environment:checking '/home/sksuser/arduinobot_ws/install/arduinobot_description/bin'
[1.044s] INFO:colcon.colcon_core.shell:Creating package script '/home/sksuser/arduinobot_ws/install/arduinobot_description/share/arduinobot_description/package.ps1'
[1.044s] INFO:colcon.colcon_core.shell:Creating package descriptor '/home/sksuser/arduinobot_ws/install/arduinobot_description/share/arduinobot_description/package.dsv'
[1.045s] INFO:colcon.colcon_core.shell:Creating package script '/home/sksuser/arduinobot_ws/install/arduinobot_description/share/arduinobot_description/package.sh'
[1.046s] INFO:colcon.colcon_core.shell:Creating package script '/home/sksuser/arduinobot_ws/install/arduinobot_description/share/arduinobot_description/package.bash'
[1.046s] INFO:colcon.colcon_core.shell:Creating package script '/home/sksuser/arduinobot_ws/install/arduinobot_description/share/arduinobot_description/package.zsh'
[1.047s] Level 1:colcon.colcon_core.environment:create_file_with_runtime_dependencies(/home/sksuser/arduinobot_ws/install/arduinobot_description/share/colcon-core/packages/arduinobot_description)
[1.048s] Level 1:colcon.colcon_core.environment:create_environment_scripts_only(arduinobot_controller)
[1.049s] Level 1:colcon.colcon_core.environment:checking '/home/sksuser/arduinobot_ws/install/arduinobot_controller' for CMake module files
[1.050s] Level 1:colcon.colcon_core.environment:checking '/home/sksuser/arduinobot_ws/install/arduinobot_controller' for CMake config files
[1.052s] DEBUG:colcon.colcon_core.event_handler.log_command:Invoked command in '/home/sksuser/arduinobot_ws/build/arduinobot_controller' returned '0': CMAKE_PREFIX_PATH=${CMAKE_PREFIX_PATH}:/home/sksuser/arduinobot_ws/install/arduinobot_py_example:/opt/ros/humble /usr/bin/cmake --install /home/sksuser/arduinobot_ws/build/arduinobot_controller
[1.052s] Level 1:colcon.colcon_core.shell:create_environment_hook('arduinobot_controller', 'cmake_prefix_path')
[1.052s] INFO:colcon.colcon_core.shell:Creating environment hook '/home/sksuser/arduinobot_ws/install/arduinobot_controller/share/arduinobot_controller/hook/cmake_prefix_path.ps1'
[1.053s] INFO:colcon.colcon_core.shell:Creating environment descriptor '/home/sksuser/arduinobot_ws/install/arduinobot_controller/share/arduinobot_controller/hook/cmake_prefix_path.dsv'
[1.054s] INFO:colcon.colcon_core.shell:Creating environment hook '/home/sksuser/arduinobot_ws/install/arduinobot_controller/share/arduinobot_controller/hook/cmake_prefix_path.sh'
[1.054s] Level 1:colcon.colcon_core.environment:checking '/home/sksuser/arduinobot_ws/install/arduinobot_controller/bin'
[1.055s] Level 1:colcon.colcon_core.environment:checking '/home/sksuser/arduinobot_ws/install/arduinobot_controller/lib/pkgconfig/arduinobot_controller.pc'
[1.055s] Level 1:colcon.colcon_core.environment:checking '/home/sksuser/arduinobot_ws/install/arduinobot_controller/lib/python3.10/site-packages'
[1.055s] Level 1:colcon.colcon_core.environment:checking '/home/sksuser/arduinobot_ws/install/arduinobot_controller/bin'
[1.056s] INFO:colcon.colcon_core.shell:Creating package script '/home/sksuser/arduinobot_ws/install/arduinobot_controller/share/arduinobot_controller/package.ps1'
[1.056s] INFO:colcon.colcon_core.shell:Creating package descriptor '/home/sksuser/arduinobot_ws/install/arduinobot_controller/share/arduinobot_controller/package.dsv'
[1.057s] INFO:colcon.colcon_core.shell:Creating package script '/home/sksuser/arduinobot_ws/install/arduinobot_controller/share/arduinobot_controller/package.sh'
[1.058s] INFO:colcon.colcon_core.shell:Creating package script '/home/sksuser/arduinobot_ws/install/arduinobot_controller/share/arduinobot_controller/package.bash'
[1.058s] INFO:colcon.colcon_core.shell:Creating package script '/home/sksuser/arduinobot_ws/install/arduinobot_controller/share/arduinobot_controller/package.zsh'
[1.059s] Level 1:colcon.colcon_core.environment:create_file_with_runtime_dependencies(/home/sksuser/arduinobot_ws/install/arduinobot_controller/share/colcon-core/packages/arduinobot_controller)
[1.060s] Level 1:colcon.colcon_core.environment:create_environment_scripts_only(arduinobot_controller)
[1.060s] Level 1:colcon.colcon_core.environment:checking '/home/sksuser/arduinobot_ws/install/arduinobot_controller' for CMake module files
[1.061s] Level 1:colcon.colcon_core.environment:checking '/home/sksuser/arduinobot_ws/install/arduinobot_controller' for CMake config files
[1.061s] Level 1:colcon.colcon_core.shell:create_environment_hook('arduinobot_controller', 'cmake_prefix_path')
[1.061s] INFO:colcon.colcon_core.shell:Creating environment hook '/home/sksuser/arduinobot_ws/install/arduinobot_controller/share/arduinobot_controller/hook/cmake_prefix_path.ps1'
[1.062s] INFO:colcon.colcon_core.shell:Creating environment descriptor '/home/sksuser/arduinobot_ws/install/arduinobot_controller/share/arduinobot_controller/hook/cmake_prefix_path.dsv'
[1.062s] INFO:colcon.colcon_core.shell:Creating environment hook '/home/sksuser/arduinobot_ws/install/arduinobot_controller/share/arduinobot_controller/hook/cmake_prefix_path.sh'
[1.063s] Level 1:colcon.colcon_core.environment:checking '/home/sksuser/arduinobot_ws/install/arduinobot_controller/bin'
[1.063s] Level 1:colcon.colcon_core.environment:checking '/home/sksuser/arduinobot_ws/install/arduinobot_controller/lib/pkgconfig/arduinobot_controller.pc'
[1.064s] Level 1:colcon.colcon_core.environment:checking '/home/sksuser/arduinobot_ws/install/arduinobot_controller/lib/python3.10/site-packages'
[1.064s] Level 1:colcon.colcon_core.environment:checking '/home/sksuser/arduinobot_ws/install/arduinobot_controller/bin'
[1.064s] INFO:colcon.colcon_core.shell:Creating package script '/home/sksuser/arduinobot_ws/install/arduinobot_controller/share/arduinobot_controller/package.ps1'
[1.065s] INFO:colcon.colcon_core.shell:Creating package descriptor '/home/sksuser/arduinobot_ws/install/arduinobot_controller/share/arduinobot_controller/package.dsv'
[1.066s] INFO:colcon.colcon_core.shell:Creating package script '/home/sksuser/arduinobot_ws/install/arduinobot_controller/share/arduinobot_controller/package.sh'
[1.067s] INFO:colcon.colcon_core.shell:Creating package script '/home/sksuser/arduinobot_ws/install/arduinobot_controller/share/arduinobot_controller/package.bash'
[1.067s] INFO:colcon.colcon_core.shell:Creating package script '/home/sksuser/arduinobot_ws/install/arduinobot_controller/share/arduinobot_controller/package.zsh'
[1.068s] Level 1:colcon.colcon_core.environment:create_file_with_runtime_dependencies(/home/sksuser/arduinobot_ws/install/arduinobot_controller/share/colcon-core/packages/arduinobot_controller)
[1.070s] Level 1:colcon.colcon_core.environment:create_environment_scripts_only(arduinobot_cpp_example)
[1.071s] Level 1:colcon.colcon_core.environment:checking '/home/sksuser/arduinobot_ws/install/arduinobot_cpp_example' for CMake module files
[1.072s] DEBUG:colcon.colcon_core.event_handler.log_command:Invoked command in '/home/sksuser/arduinobot_ws/build/arduinobot_cpp_example' returned '0': CMAKE_PREFIX_PATH=${CMAKE_PREFIX_PATH}:/home/sksuser/arduinobot_ws/install/arduinobot_py_example:/opt/ros/humble /usr/bin/cmake --install /home/sksuser/arduinobot_ws/build/arduinobot_cpp_example
[1.073s] Level 1:colcon.colcon_core.environment:checking '/home/sksuser/arduinobot_ws/install/arduinobot_cpp_example' for CMake config files
[1.073s] Level 1:colcon.colcon_core.shell:create_environment_hook('arduinobot_cpp_example', 'cmake_prefix_path')
[1.073s] INFO:colcon.colcon_core.shell:Creating environment hook '/home/sksuser/arduinobot_ws/install/arduinobot_cpp_example/share/arduinobot_cpp_example/hook/cmake_prefix_path.ps1'
[1.074s] INFO:colcon.colcon_core.shell:Creating environment descriptor '/home/sksuser/arduinobot_ws/install/arduinobot_cpp_example/share/arduinobot_cpp_example/hook/cmake_prefix_path.dsv'
[1.075s] INFO:colcon.colcon_core.shell:Creating environment hook '/home/sksuser/arduinobot_ws/install/arduinobot_cpp_example/share/arduinobot_cpp_example/hook/cmake_prefix_path.sh'
[1.075s] Level 1:colcon.colcon_core.environment:checking '/home/sksuser/arduinobot_ws/install/arduinobot_cpp_example/lib'
[1.076s] Level 1:colcon.colcon_core.environment:checking '/home/sksuser/arduinobot_ws/install/arduinobot_cpp_example/bin'
[1.076s] Level 1:colcon.colcon_core.environment:checking '/home/sksuser/arduinobot_ws/install/arduinobot_cpp_example/lib/pkgconfig/arduinobot_cpp_example.pc'
[1.077s] Level 1:colcon.colcon_core.environment:checking '/home/sksuser/arduinobot_ws/install/arduinobot_cpp_example/lib/python3.10/site-packages'
[1.077s] Level 1:colcon.colcon_core.environment:checking '/home/sksuser/arduinobot_ws/install/arduinobot_cpp_example/bin'
[1.078s] INFO:colcon.colcon_core.shell:Creating package script '/home/sksuser/arduinobot_ws/install/arduinobot_cpp_example/share/arduinobot_cpp_example/package.ps1'
[1.079s] INFO:colcon.colcon_core.shell:Creating package descriptor '/home/sksuser/arduinobot_ws/install/arduinobot_cpp_example/share/arduinobot_cpp_example/package.dsv'
[1.080s] INFO:colcon.colcon_core.shell:Creating package script '/home/sksuser/arduinobot_ws/install/arduinobot_cpp_example/share/arduinobot_cpp_example/package.sh'
[1.081s] INFO:colcon.colcon_core.shell:Creating package script '/home/sksuser/arduinobot_ws/install/arduinobot_cpp_example/share/arduinobot_cpp_example/package.bash'
[1.083s] INFO:colcon.colcon_core.shell:Creating package script '/home/sksuser/arduinobot_ws/install/arduinobot_cpp_example/share/arduinobot_cpp_example/package.zsh'
[1.084s] Level 1:colcon.colcon_core.environment:create_file_with_runtime_dependencies(/home/sksuser/arduinobot_ws/install/arduinobot_cpp_example/share/colcon-core/packages/arduinobot_cpp_example)
[1.085s] Level 1:colcon.colcon_core.environment:create_environment_scripts_only(arduinobot_cpp_example)
[1.086s] Level 1:colcon.colcon_core.environment:checking '/home/sksuser/arduinobot_ws/install/arduinobot_cpp_example' for CMake module files
[1.087s] Level 1:colcon.colcon_core.environment:checking '/home/sksuser/arduinobot_ws/install/arduinobot_cpp_example' for CMake config files
[1.088s] Level 1:colcon.colcon_core.shell:create_environment_hook('arduinobot_cpp_example', 'cmake_prefix_path')
[1.088s] INFO:colcon.colcon_core.shell:Creating environment hook '/home/sksuser/arduinobot_ws/install/arduinobot_cpp_example/share/arduinobot_cpp_example/hook/cmake_prefix_path.ps1'
[1.089s] INFO:colcon.colcon_core.shell:Creating environment descriptor '/home/sksuser/arduinobot_ws/install/arduinobot_cpp_example/share/arduinobot_cpp_example/hook/cmake_prefix_path.dsv'
[1.090s] INFO:colcon.colcon_core.shell:Creating environment hook '/home/sksuser/arduinobot_ws/install/arduinobot_cpp_example/share/arduinobot_cpp_example/hook/cmake_prefix_path.sh'
[1.091s] Level 1:colcon.colcon_core.environment:checking '/home/sksuser/arduinobot_ws/install/arduinobot_cpp_example/lib'
[1.091s] Level 1:colcon.colcon_core.environment:checking '/home/sksuser/arduinobot_ws/install/arduinobot_cpp_example/bin'
[1.092s] Level 1:colcon.colcon_core.environment:checking '/home/sksuser/arduinobot_ws/install/arduinobot_cpp_example/lib/pkgconfig/arduinobot_cpp_example.pc'
[1.092s] Level 1:colcon.colcon_core.environment:checking '/home/sksuser/arduinobot_ws/install/arduinobot_cpp_example/lib/python3.10/site-packages'
[1.093s] Level 1:colcon.colcon_core.environment:checking '/home/sksuser/arduinobot_ws/install/arduinobot_cpp_example/bin'
[1.093s] INFO:colcon.colcon_core.shell:Creating package script '/home/sksuser/arduinobot_ws/install/arduinobot_cpp_example/share/arduinobot_cpp_example/package.ps1'
[1.094s] INFO:colcon.colcon_core.shell:Creating package descriptor '/home/sksuser/arduinobot_ws/install/arduinobot_cpp_example/share/arduinobot_cpp_example/package.dsv'
[1.095s] INFO:colcon.colcon_core.shell:Creating package script '/home/sksuser/arduinobot_ws/install/arduinobot_cpp_example/share/arduinobot_cpp_example/package.sh'
[1.096s] INFO:colcon.colcon_core.shell:Creating package script '/home/sksuser/arduinobot_ws/install/arduinobot_cpp_example/share/arduinobot_cpp_example/package.bash'
[1.097s] INFO:colcon.colcon_core.shell:Creating package script '/home/sksuser/arduinobot_ws/install/arduinobot_cpp_example/share/arduinobot_cpp_example/package.zsh'
[1.098s] Level 1:colcon.colcon_core.environment:create_file_with_runtime_dependencies(/home/sksuser/arduinobot_ws/install/arduinobot_cpp_example/share/colcon-core/packages/arduinobot_cpp_example)
[1.549s] DEBUG:colcon.colcon_core.event_handler.log_command:Invoking command in '/home/sksuser/arduinobot_ws/src/arduinobot_py_example': PYTHONPATH=/home/sksuser/arduinobot_ws/build/arduinobot_py_example/prefix_override:/usr/lib/python3/dist-packages/colcon_core/task/python/colcon_distutils_commands:/home/sksuser/arduinobot_ws/install/arduinobot_py_example/lib/python3.10/site-packages:${PYTHONPATH} /usr/bin/python3 -W ignore:setup.py install is deprecated -W ignore:easy_install command is deprecated setup.py egg_info --egg-base ../../build/arduinobot_py_example build --build-base /home/sksuser/arduinobot_ws/build/arduinobot_py_example/build install --record /home/sksuser/arduinobot_ws/build/arduinobot_py_example/install.log --single-version-externally-managed install_data
[1.948s] Level 1:colcon.colcon_core.environment:checking '/home/sksuser/arduinobot_ws/install/arduinobot_py_example' for CMake module files
[1.949s] DEBUG:colcon.colcon_core.event_handler.log_command:Invoked command in '/home/sksuser/arduinobot_ws/src/arduinobot_py_example' returned '0': PYTHONPATH=/home/sksuser/arduinobot_ws/build/arduinobot_py_example/prefix_override:/usr/lib/python3/dist-packages/colcon_core/task/python/colcon_distutils_commands:/home/sksuser/arduinobot_ws/install/arduinobot_py_example/lib/python3.10/site-packages:${PYTHONPATH} /usr/bin/python3 -W ignore:setup.py install is deprecated -W ignore:easy_install command is deprecated setup.py egg_info --egg-base ../../build/arduinobot_py_example build --build-base /home/sksuser/arduinobot_ws/build/arduinobot_py_example/build install --record /home/sksuser/arduinobot_ws/build/arduinobot_py_example/install.log --single-version-externally-managed install_data
[1.950s] Level 1:colcon.colcon_core.environment:checking '/home/sksuser/arduinobot_ws/install/arduinobot_py_example' for CMake config files
[1.951s] Level 1:colcon.colcon_core.environment:checking '/home/sksuser/arduinobot_ws/install/arduinobot_py_example/lib'
[1.951s] Level 1:colcon.colcon_core.environment:checking '/home/sksuser/arduinobot_ws/install/arduinobot_py_example/bin'
[1.952s] Level 1:colcon.colcon_core.environment:checking '/home/sksuser/arduinobot_ws/install/arduinobot_py_example/lib/pkgconfig/arduinobot_py_example.pc'
[1.952s] Level 1:colcon.colcon_core.environment:checking '/home/sksuser/arduinobot_ws/install/arduinobot_py_example/lib/python3.10/site-packages'
[1.952s] Level 1:colcon.colcon_core.shell:create_environment_hook('arduinobot_py_example', 'pythonpath')
[1.953s] INFO:colcon.colcon_core.shell:Creating environment hook '/home/sksuser/arduinobot_ws/install/arduinobot_py_example/share/arduinobot_py_example/hook/pythonpath.ps1'
[1.954s] INFO:colcon.colcon_core.shell:Creating environment descriptor '/home/sksuser/arduinobot_ws/install/arduinobot_py_example/share/arduinobot_py_example/hook/pythonpath.dsv'
[1.955s] INFO:colcon.colcon_core.shell:Creating environment hook '/home/sksuser/arduinobot_ws/install/arduinobot_py_example/share/arduinobot_py_example/hook/pythonpath.sh'
[1.955s] Level 1:colcon.colcon_core.environment:checking '/home/sksuser/arduinobot_ws/install/arduinobot_py_example/bin'
[1.955s] Level 1:colcon.colcon_core.environment:create_environment_scripts_only(arduinobot_py_example)
[1.956s] INFO:colcon.colcon_core.shell:Creating package script '/home/sksuser/arduinobot_ws/install/arduinobot_py_example/share/arduinobot_py_example/package.ps1'
[1.956s] INFO:colcon.colcon_core.shell:Creating package descriptor '/home/sksuser/arduinobot_ws/install/arduinobot_py_example/share/arduinobot_py_example/package.dsv'
[1.957s] INFO:colcon.colcon_core.shell:Creating package script '/home/sksuser/arduinobot_ws/install/arduinobot_py_example/share/arduinobot_py_example/package.sh'
[1.958s] INFO:colcon.colcon_core.shell:Creating package script '/home/sksuser/arduinobot_ws/install/arduinobot_py_example/share/arduinobot_py_example/package.bash'
[1.959s] INFO:colcon.colcon_core.shell:Creating package script '/home/sksuser/arduinobot_ws/install/arduinobot_py_example/share/arduinobot_py_example/package.zsh'
[1.960s] Level 1:colcon.colcon_core.environment:create_file_with_runtime_dependencies(/home/sksuser/arduinobot_ws/install/arduinobot_py_example/share/colcon-core/packages/arduinobot_py_example)
[1.960s] DEBUG:colcon.colcon_parallel_executor.executor.parallel:closing loop
[1.961s] DEBUG:colcon.colcon_parallel_executor.executor.parallel:loop closed
[1.961s] DEBUG:colcon.colcon_parallel_executor.executor.parallel:run_until_complete finished with '0'
[1.961s] DEBUG:colcon.colcon_core.event_reactor:joining thread
[1.968s] INFO:colcon.colcon_core.plugin_system:Skipping extension 'colcon_notification.desktop_notification.terminal_notifier': Not used on non-Darwin systems
[1.968s] INFO:colcon.colcon_core.plugin_system:Skipping extension 'colcon_notification.desktop_notification.win32': Not used on non-Windows systems
[1.968s] INFO:colcon.colcon_notification.desktop_notification:Sending desktop notification using 'notify2'
[1.983s] DEBUG:colcon.colcon_core.event_reactor:joined thread
[1.984s] INFO:colcon.colcon_core.shell:Creating prefix script '/home/sksuser/arduinobot_ws/install/local_setup.ps1'
[1.985s] INFO:colcon.colcon_core.shell:Creating prefix util module '/home/sksuser/arduinobot_ws/install/_local_setup_util_ps1.py'
[1.988s] INFO:colcon.colcon_core.shell:Creating prefix chain script '/home/sksuser/arduinobot_ws/install/setup.ps1'
[1.990s] INFO:colcon.colcon_core.shell:Creating prefix script '/home/sksuser/arduinobot_ws/install/local_setup.sh'
[1.992s] INFO:colcon.colcon_core.shell:Creating prefix util module '/home/sksuser/arduinobot_ws/install/_local_setup_util_sh.py'
[1.993s] INFO:colcon.colcon_core.shell:Creating prefix chain script '/home/sksuser/arduinobot_ws/install/setup.sh'
[1.996s] INFO:colcon.colcon_core.shell:Creating prefix script '/home/sksuser/arduinobot_ws/install/local_setup.bash'
[1.998s] INFO:colcon.colcon_core.shell:Creating prefix chain script '/home/sksuser/arduinobot_ws/install/setup.bash'
[2.001s] INFO:colcon.colcon_core.shell:Creating prefix script '/home/sksuser/arduinobot_ws/install/local_setup.zsh'
[2.002s] INFO:colcon.colcon_core.shell:Creating prefix chain script '/home/sksuser/arduinobot_ws/install/setup.zsh'
