[0.752s] Invoking command in '/home/sksuser/arduinobot_ws/build/arduinobot_utils': AMENT_PREFIX_PATH=/home/sksuser/arduinobot_ws/install/arduinobot_msgs:${AMENT_PREFIX_PATH} CMAKE_PREFIX_PATH=/home/sksuser/arduinobot_ws/install/arduinobot_msgs:/home/sksuser/my_robot_ws/install/my_robot_bringup:/home/sksuser/my_robot_ws/install/my_robot_description:/opt/ros/humble LD_LIBRARY_PATH=/home/sksuser/arduinobot_ws/install/arduinobot_msgs/lib:${LD_LIBRARY_PATH} PYTHONPATH=/home/sksuser/arduinobot_ws/install/arduinobot_msgs/local/lib/python3.10/dist-packages:${PYTHONPATH} /usr/bin/cmake --build /home/sksuser/arduinobot_ws/build/arduinobot_utils -- -j8 -l8
[0.958s] Built target ament_cmake_python_copy_arduinobot_utils
[1.760s] running egg_info
[1.762s] writing arduinobot_utils.egg-info/PKG-INFO
[1.762s] writing dependency_links to arduinobot_utils.egg-info/dependency_links.txt
[1.763s] writing top-level names to arduinobot_utils.egg-info/top_level.txt
[1.770s] reading manifest file 'arduinobot_utils.egg-info/SOURCES.txt'
[1.771s] writing manifest file 'arduinobot_utils.egg-info/SOURCES.txt'
[1.827s] Built target ament_cmake_python_build_arduinobot_utils_egg
[1.851s] Invoked command in '/home/sksuser/arduinobot_ws/build/arduinobot_utils' returned '0': AMENT_PREFIX_PATH=/home/sksuser/arduinobot_ws/install/arduinobot_msgs:${AMENT_PREFIX_PATH} CMAKE_PREFIX_PATH=/home/sksuser/arduinobot_ws/install/arduinobot_msgs:/home/sksuser/my_robot_ws/install/my_robot_bringup:/home/sksuser/my_robot_ws/install/my_robot_description:/opt/ros/humble LD_LIBRARY_PATH=/home/sksuser/arduinobot_ws/install/arduinobot_msgs/lib:${LD_LIBRARY_PATH} PYTHONPATH=/home/sksuser/arduinobot_ws/install/arduinobot_msgs/local/lib/python3.10/dist-packages:${PYTHONPATH} /usr/bin/cmake --build /home/sksuser/arduinobot_ws/build/arduinobot_utils -- -j8 -l8
[1.855s] Invoking command in '/home/sksuser/arduinobot_ws/build/arduinobot_utils': AMENT_PREFIX_PATH=/home/sksuser/arduinobot_ws/install/arduinobot_msgs:${AMENT_PREFIX_PATH} CMAKE_PREFIX_PATH=/home/sksuser/arduinobot_ws/install/arduinobot_msgs:/home/sksuser/my_robot_ws/install/my_robot_bringup:/home/sksuser/my_robot_ws/install/my_robot_description:/opt/ros/humble LD_LIBRARY_PATH=/home/sksuser/arduinobot_ws/install/arduinobot_msgs/lib:${LD_LIBRARY_PATH} PYTHONPATH=/home/sksuser/arduinobot_ws/install/arduinobot_msgs/local/lib/python3.10/dist-packages:${PYTHONPATH} /usr/bin/cmake --install /home/sksuser/arduinobot_ws/build/arduinobot_utils
[1.868s] -- Install configuration: ""
[1.868s] -- Up-to-date: /home/sksuser/arduinobot_ws/install/arduinobot_utils/share/arduinobot_utils/environment/pythonpath.sh
[1.869s] -- Up-to-date: /home/sksuser/arduinobot_ws/install/arduinobot_utils/share/arduinobot_utils/environment/pythonpath.dsv
[1.869s] -- Up-to-date: /home/sksuser/arduinobot_ws/install/arduinobot_utils/local/lib/python3.10/dist-packages/arduinobot_utils-0.0.0-py3.10.egg-info
[1.869s] -- Installing: /home/sksuser/arduinobot_ws/install/arduinobot_utils/local/lib/python3.10/dist-packages/arduinobot_utils-0.0.0-py3.10.egg-info/PKG-INFO
[1.869s] -- Installing: /home/sksuser/arduinobot_ws/install/arduinobot_utils/local/lib/python3.10/dist-packages/arduinobot_utils-0.0.0-py3.10.egg-info/dependency_links.txt
[1.869s] -- Installing: /home/sksuser/arduinobot_ws/install/arduinobot_utils/local/lib/python3.10/dist-packages/arduinobot_utils-0.0.0-py3.10.egg-info/top_level.txt
[1.870s] -- Installing: /home/sksuser/arduinobot_ws/install/arduinobot_utils/local/lib/python3.10/dist-packages/arduinobot_utils-0.0.0-py3.10.egg-info/SOURCES.txt
[1.870s] -- Up-to-date: /home/sksuser/arduinobot_ws/install/arduinobot_utils/local/lib/python3.10/dist-packages/arduinobot_utils
[1.871s] -- Up-to-date: /home/sksuser/arduinobot_ws/install/arduinobot_utils/local/lib/python3.10/dist-packages/arduinobot_utils/__init__.py
[1.871s] -- Up-to-date: /home/sksuser/arduinobot_ws/install/arduinobot_utils/local/lib/python3.10/dist-packages/arduinobot_utils/angle_conversion.py
[1.937s] Listing '/home/sksuser/arduinobot_ws/install/arduinobot_utils/local/lib/python3.10/dist-packages/arduinobot_utils'...
[1.947s] -- Up-to-date: /home/sksuser/arduinobot_ws/install/arduinobot_utils/lib/arduinobot_utils/angle_conversion.py
[1.948s] -- Up-to-date: /home/sksuser/arduinobot_ws/install/arduinobot_utils/share/ament_index/resource_index/package_run_dependencies/arduinobot_utils
[1.949s] -- Up-to-date: /home/sksuser/arduinobot_ws/install/arduinobot_utils/share/ament_index/resource_index/parent_prefix_path/arduinobot_utils
[1.949s] -- Up-to-date: /home/sksuser/arduinobot_ws/install/arduinobot_utils/share/arduinobot_utils/environment/ament_prefix_path.sh
[1.949s] -- Up-to-date: /home/sksuser/arduinobot_ws/install/arduinobot_utils/share/arduinobot_utils/environment/ament_prefix_path.dsv
[1.950s] -- Up-to-date: /home/sksuser/arduinobot_ws/install/arduinobot_utils/share/arduinobot_utils/environment/path.sh
[1.950s] -- Up-to-date: /home/sksuser/arduinobot_ws/install/arduinobot_utils/share/arduinobot_utils/environment/path.dsv
[1.950s] -- Up-to-date: /home/sksuser/arduinobot_ws/install/arduinobot_utils/share/arduinobot_utils/local_setup.bash
[1.950s] -- Up-to-date: /home/sksuser/arduinobot_ws/install/arduinobot_utils/share/arduinobot_utils/local_setup.sh
[1.950s] -- Up-to-date: /home/sksuser/arduinobot_ws/install/arduinobot_utils/share/arduinobot_utils/local_setup.zsh
[1.951s] -- Up-to-date: /home/sksuser/arduinobot_ws/install/arduinobot_utils/share/arduinobot_utils/local_setup.dsv
[1.951s] -- Installing: /home/sksuser/arduinobot_ws/install/arduinobot_utils/share/arduinobot_utils/package.dsv
[1.951s] -- Up-to-date: /home/sksuser/arduinobot_ws/install/arduinobot_utils/share/ament_index/resource_index/packages/arduinobot_utils
[1.951s] -- Up-to-date: /home/sksuser/arduinobot_ws/install/arduinobot_utils/share/arduinobot_utils/cmake/arduinobot_utilsConfig.cmake
[1.952s] -- Up-to-date: /home/sksuser/arduinobot_ws/install/arduinobot_utils/share/arduinobot_utils/cmake/arduinobot_utilsConfig-version.cmake
[1.952s] -- Up-to-date: /home/sksuser/arduinobot_ws/install/arduinobot_utils/share/arduinobot_utils/package.xml
[1.955s] Invoked command in '/home/sksuser/arduinobot_ws/build/arduinobot_utils' returned '0': AMENT_PREFIX_PATH=/home/sksuser/arduinobot_ws/install/arduinobot_msgs:${AMENT_PREFIX_PATH} CMAKE_PREFIX_PATH=/home/sksuser/arduinobot_ws/install/arduinobot_msgs:/home/sksuser/my_robot_ws/install/my_robot_bringup:/home/sksuser/my_robot_ws/install/my_robot_description:/opt/ros/humble LD_LIBRARY_PATH=/home/sksuser/arduinobot_ws/install/arduinobot_msgs/lib:${LD_LIBRARY_PATH} PYTHONPATH=/home/sksuser/arduinobot_ws/install/arduinobot_msgs/local/lib/python3.10/dist-packages:${PYTHONPATH} /usr/bin/cmake --install /home/sksuser/arduinobot_ws/build/arduinobot_utils
