[0.025s] Invoking command in '/home/sksuser/arduinobot_ws/build/arduinobot_remote': CMAKE_PREFIX_PATH=/home/sksuser/arduinobot_ws/install/arduinobot_moveit:/home/sksuser/arduinobot_ws/install/arduinobot_msgs:/home/sksuser/arduinobot_ws/install/arduinobot_description:/home/sksuser/arduinobot_ws/install/arduinobot_utils:/home/sksuser/arduinobot_ws/install/arduinobot_bringup:/home/sksuser/arduinobot_ws/install/arduinobot_remote:/home/sksuser/arduinobot_ws/install/arduinobot_cpp_examples:/home/sksuser/arduinobot_ws/install/arduinobot_firmware:/home/sksuser/arduinobot_ws/install/arduinobot_controller:/home/sksuser/my_robot_ws/install/my_robot_bringup:/home/sksuser/my_robot_ws/install/my_robot_description:/home/sksuser/arduinobot_ws/install/arduinobot_py_examples:/opt/ros/humble LD_LIBRARY_PATH=/home/sksuser/arduinobot_ws/install/arduinobot_msgs/lib:/home/sksuser/arduinobot_ws/install/arduinobot_remote/lib:/home/sksuser/arduinobot_ws/install/arduinobot_cpp_examples/lib:/home/sksuser/arduinobot_ws/install/arduinobot_controller/lib:/usr/lib/x86_64-linux-gnu/gazebo-11/plugins:/opt/ros/humble/opt/rviz_ogre_vendor/lib:/opt/ros/humble/lib/x86_64-linux-gnu:/opt/ros/humble/lib /usr/bin/cmake --build /home/sksuser/arduinobot_ws/build/arduinobot_remote -- -j8 -l8
[0.096s] [35m[1mConsolidate compiler generated dependencies of target task_server_node[0m
[0.101s] [35m[1mConsolidate compiler generated dependencies of target task_server[0m
[0.131s] [  0%] Built target ament_cmake_python_copy_arduinobot_remote
[0.131s] [ 50%] Built target task_server_node
[0.156s] [100%] Built target task_server
[0.590s] running egg_info
[0.591s] writing arduinobot_remote.egg-info/PKG-INFO
[0.591s] writing dependency_links to arduinobot_remote.egg-info/dependency_links.txt
[0.592s] writing top-level names to arduinobot_remote.egg-info/top_level.txt
[0.595s] reading manifest file 'arduinobot_remote.egg-info/SOURCES.txt'
[0.597s] writing manifest file 'arduinobot_remote.egg-info/SOURCES.txt'
[0.629s] [100%] Built target ament_cmake_python_build_arduinobot_remote_egg
[0.648s] Invoked command in '/home/sksuser/arduinobot_ws/build/arduinobot_remote' returned '0': CMAKE_PREFIX_PATH=/home/sksuser/arduinobot_ws/install/arduinobot_moveit:/home/sksuser/arduinobot_ws/install/arduinobot_msgs:/home/sksuser/arduinobot_ws/install/arduinobot_description:/home/sksuser/arduinobot_ws/install/arduinobot_utils:/home/sksuser/arduinobot_ws/install/arduinobot_bringup:/home/sksuser/arduinobot_ws/install/arduinobot_remote:/home/sksuser/arduinobot_ws/install/arduinobot_cpp_examples:/home/sksuser/arduinobot_ws/install/arduinobot_firmware:/home/sksuser/arduinobot_ws/install/arduinobot_controller:/home/sksuser/my_robot_ws/install/my_robot_bringup:/home/sksuser/my_robot_ws/install/my_robot_description:/home/sksuser/arduinobot_ws/install/arduinobot_py_examples:/opt/ros/humble LD_LIBRARY_PATH=/home/sksuser/arduinobot_ws/install/arduinobot_msgs/lib:/home/sksuser/arduinobot_ws/install/arduinobot_remote/lib:/home/sksuser/arduinobot_ws/install/arduinobot_cpp_examples/lib:/home/sksuser/arduinobot_ws/install/arduinobot_controller/lib:/usr/lib/x86_64-linux-gnu/gazebo-11/plugins:/opt/ros/humble/opt/rviz_ogre_vendor/lib:/opt/ros/humble/lib/x86_64-linux-gnu:/opt/ros/humble/lib /usr/bin/cmake --build /home/sksuser/arduinobot_ws/build/arduinobot_remote -- -j8 -l8
[0.663s] Invoking command in '/home/sksuser/arduinobot_ws/build/arduinobot_remote': CMAKE_PREFIX_PATH=/home/sksuser/arduinobot_ws/install/arduinobot_moveit:/home/sksuser/arduinobot_ws/install/arduinobot_msgs:/home/sksuser/arduinobot_ws/install/arduinobot_description:/home/sksuser/arduinobot_ws/install/arduinobot_utils:/home/sksuser/arduinobot_ws/install/arduinobot_bringup:/home/sksuser/arduinobot_ws/install/arduinobot_remote:/home/sksuser/arduinobot_ws/install/arduinobot_cpp_examples:/home/sksuser/arduinobot_ws/install/arduinobot_firmware:/home/sksuser/arduinobot_ws/install/arduinobot_controller:/home/sksuser/my_robot_ws/install/my_robot_bringup:/home/sksuser/my_robot_ws/install/my_robot_description:/home/sksuser/arduinobot_ws/install/arduinobot_py_examples:/opt/ros/humble LD_LIBRARY_PATH=/home/sksuser/arduinobot_ws/install/arduinobot_msgs/lib:/home/sksuser/arduinobot_ws/install/arduinobot_remote/lib:/home/sksuser/arduinobot_ws/install/arduinobot_cpp_examples/lib:/home/sksuser/arduinobot_ws/install/arduinobot_controller/lib:/usr/lib/x86_64-linux-gnu/gazebo-11/plugins:/opt/ros/humble/opt/rviz_ogre_vendor/lib:/opt/ros/humble/lib/x86_64-linux-gnu:/opt/ros/humble/lib /usr/bin/cmake --install /home/sksuser/arduinobot_ws/build/arduinobot_remote
[0.673s] -- Install configuration: ""
[0.674s] -- Up-to-date: /home/sksuser/arduinobot_ws/install/arduinobot_remote/lib/arduinobot_remote/task_server_node
[0.674s] -- Up-to-date: /home/sksuser/arduinobot_ws/install/arduinobot_remote/share/arduinobot_remote/environment/pythonpath.sh
[0.674s] -- Up-to-date: /home/sksuser/arduinobot_ws/install/arduinobot_remote/share/arduinobot_remote/environment/pythonpath.dsv
[0.674s] -- Up-to-date: /home/sksuser/arduinobot_ws/install/arduinobot_remote/local/lib/python3.10/dist-packages/arduinobot_remote-0.0.0-py3.10.egg-info
[0.675s] -- Installing: /home/sksuser/arduinobot_ws/install/arduinobot_remote/local/lib/python3.10/dist-packages/arduinobot_remote-0.0.0-py3.10.egg-info/PKG-INFO
[0.675s] -- Installing: /home/sksuser/arduinobot_ws/install/arduinobot_remote/local/lib/python3.10/dist-packages/arduinobot_remote-0.0.0-py3.10.egg-info/dependency_links.txt
[0.675s] -- Installing: /home/sksuser/arduinobot_ws/install/arduinobot_remote/local/lib/python3.10/dist-packages/arduinobot_remote-0.0.0-py3.10.egg-info/top_level.txt
[0.675s] -- Installing: /home/sksuser/arduinobot_ws/install/arduinobot_remote/local/lib/python3.10/dist-packages/arduinobot_remote-0.0.0-py3.10.egg-info/SOURCES.txt
[0.676s] -- Up-to-date: /home/sksuser/arduinobot_ws/install/arduinobot_remote/local/lib/python3.10/dist-packages/arduinobot_remote
[0.676s] -- Up-to-date: /home/sksuser/arduinobot_ws/install/arduinobot_remote/local/lib/python3.10/dist-packages/arduinobot_remote/task_server.py
[0.676s] -- Up-to-date: /home/sksuser/arduinobot_ws/install/arduinobot_remote/local/lib/python3.10/dist-packages/arduinobot_remote/__init__.py
[0.676s] -- Up-to-date: /home/sksuser/arduinobot_ws/install/arduinobot_remote/local/lib/python3.10/dist-packages/arduinobot_remote/alexa_interface.py
[0.719s] Listing '/home/sksuser/arduinobot_ws/install/arduinobot_remote/local/lib/python3.10/dist-packages/arduinobot_remote'...
[0.725s] -- Up-to-date: /home/sksuser/arduinobot_ws/install/arduinobot_remote/share/arduinobot_remote/launch
[0.725s] -- Up-to-date: /home/sksuser/arduinobot_ws/install/arduinobot_remote/share/arduinobot_remote/launch/remote_interface.launch.py
[0.725s] -- Up-to-date: /home/sksuser/arduinobot_ws/install/arduinobot_remote/lib/libtask_server.so
[0.726s] -- Up-to-date: /home/sksuser/arduinobot_ws/install/arduinobot_remote/lib/arduinobot_remote/task_server.py
[0.727s] -- Up-to-date: /home/sksuser/arduinobot_ws/install/arduinobot_remote/lib/arduinobot_remote/alexa_interface.py
[0.727s] -- Up-to-date: /home/sksuser/arduinobot_ws/install/arduinobot_remote/share/ament_index/resource_index/package_run_dependencies/arduinobot_remote
[0.727s] -- Up-to-date: /home/sksuser/arduinobot_ws/install/arduinobot_remote/share/ament_index/resource_index/parent_prefix_path/arduinobot_remote
[0.727s] -- Up-to-date: /home/sksuser/arduinobot_ws/install/arduinobot_remote/share/arduinobot_remote/environment/ament_prefix_path.sh
[0.727s] -- Up-to-date: /home/sksuser/arduinobot_ws/install/arduinobot_remote/share/arduinobot_remote/environment/ament_prefix_path.dsv
[0.728s] -- Up-to-date: /home/sksuser/arduinobot_ws/install/arduinobot_remote/share/arduinobot_remote/environment/path.sh
[0.728s] -- Up-to-date: /home/sksuser/arduinobot_ws/install/arduinobot_remote/share/arduinobot_remote/environment/path.dsv
[0.728s] -- Up-to-date: /home/sksuser/arduinobot_ws/install/arduinobot_remote/share/arduinobot_remote/local_setup.bash
[0.729s] -- Up-to-date: /home/sksuser/arduinobot_ws/install/arduinobot_remote/share/arduinobot_remote/local_setup.sh
[0.729s] -- Up-to-date: /home/sksuser/arduinobot_ws/install/arduinobot_remote/share/arduinobot_remote/local_setup.zsh
[0.729s] -- Up-to-date: /home/sksuser/arduinobot_ws/install/arduinobot_remote/share/arduinobot_remote/local_setup.dsv
[0.729s] -- Installing: /home/sksuser/arduinobot_ws/install/arduinobot_remote/share/arduinobot_remote/package.dsv
[0.730s] -- Up-to-date: /home/sksuser/arduinobot_ws/install/arduinobot_remote/share/ament_index/resource_index/packages/arduinobot_remote
[0.730s] -- Up-to-date: /home/sksuser/arduinobot_ws/install/arduinobot_remote/share/ament_index/resource_index/rclcpp_components/arduinobot_remote
[0.730s] -- Up-to-date: /home/sksuser/arduinobot_ws/install/arduinobot_remote/share/arduinobot_remote/cmake/arduinobot_remoteConfig.cmake
[0.731s] -- Up-to-date: /home/sksuser/arduinobot_ws/install/arduinobot_remote/share/arduinobot_remote/cmake/arduinobot_remoteConfig-version.cmake
[0.731s] -- Up-to-date: /home/sksuser/arduinobot_ws/install/arduinobot_remote/share/arduinobot_remote/package.xml
[0.734s] Invoked command in '/home/sksuser/arduinobot_ws/build/arduinobot_remote' returned '0': CMAKE_PREFIX_PATH=/home/sksuser/arduinobot_ws/install/arduinobot_moveit:/home/sksuser/arduinobot_ws/install/arduinobot_msgs:/home/sksuser/arduinobot_ws/install/arduinobot_description:/home/sksuser/arduinobot_ws/install/arduinobot_utils:/home/sksuser/arduinobot_ws/install/arduinobot_bringup:/home/sksuser/arduinobot_ws/install/arduinobot_remote:/home/sksuser/arduinobot_ws/install/arduinobot_cpp_examples:/home/sksuser/arduinobot_ws/install/arduinobot_firmware:/home/sksuser/arduinobot_ws/install/arduinobot_controller:/home/sksuser/my_robot_ws/install/my_robot_bringup:/home/sksuser/my_robot_ws/install/my_robot_description:/home/sksuser/arduinobot_ws/install/arduinobot_py_examples:/opt/ros/humble LD_LIBRARY_PATH=/home/sksuser/arduinobot_ws/install/arduinobot_msgs/lib:/home/sksuser/arduinobot_ws/install/arduinobot_remote/lib:/home/sksuser/arduinobot_ws/install/arduinobot_cpp_examples/lib:/home/sksuser/arduinobot_ws/install/arduinobot_controller/lib:/usr/lib/x86_64-linux-gnu/gazebo-11/plugins:/opt/ros/humble/opt/rviz_ogre_vendor/lib:/opt/ros/humble/lib/x86_64-linux-gnu:/opt/ros/humble/lib /usr/bin/cmake --install /home/sksuser/arduinobot_ws/build/arduinobot_remote
