[0.146s] DEBUG:colcon:Command line arguments: ['/usr/bin/colcon', 'build', '--packages-select', 'arduinobot_cpp_example']
[0.146s] DEBUG:colcon:Parsed command line arguments: Namespace(log_base=None, log_level=None, verb_name='build', build_base='build', install_base='install', merge_install=False, symlink_install=False, test_result_base=None, continue_on_error=False, executor='parallel', parallel_workers=8, event_handlers=None, ignore_user_meta=False, metas=['./colcon.meta'], base_paths=['.'], packages_ignore=None, packages_ignore_regex=None, paths=None, packages_up_to=None, packages_up_to_regex=None, packages_above=None, packages_above_and_dependencies=None, packages_above_depth=None, packages_select_by_dep=None, packages_skip_by_dep=None, packages_skip_up_to=None, packages_select_build_failed=False, packages_skip_build_finished=False, packages_select_test_failures=False, packages_skip_test_passed=False, packages_select=['arduinobot_cpp_example'], packages_skip=None, packages_select_regex=None, packages_skip_regex=None, packages_start=None, packages_end=None, allow_overriding=[], cmake_args=None, cmake_target=None, cmake_target_skip_unavailable=False, cmake_clean_cache=False, cmake_clean_first=False, cmake_force_configure=False, ament_cmake_args=None, catkin_cmake_args=None, catkin_skip_building_tests=False, mixin_files=None, mixin=None, verb_parser=<colcon_mixin.mixin.mixin_argument.MixinArgumentDecorator object at 0x7ea51754fe80>, verb_extension=<colcon_core.verb.build.BuildVerb object at 0x7ea51754f8b0>, main=<bound method BuildVerb.main of <colcon_core.verb.build.BuildVerb object at 0x7ea51754f8b0>>, mixin_verb=('build',))
[0.384s] Level 1:colcon.colcon_core.package_discovery:discover_packages(colcon_meta) check parameters
[0.384s] Level 1:colcon.colcon_core.package_discovery:discover_packages(recursive) check parameters
[0.384s] Level 1:colcon.colcon_core.package_discovery:discover_packages(ignore) check parameters
[0.384s] Level 1:colcon.colcon_core.package_discovery:discover_packages(path) check parameters
[0.384s] Level 1:colcon.colcon_core.package_discovery:discover_packages(colcon_meta) discover
[0.384s] Level 1:colcon.colcon_core.package_discovery:discover_packages(recursive) discover
[0.384s] INFO:colcon.colcon_core.package_discovery:Crawling recursively for packages in '/home/sksuser/arduinobot_ws'
[0.385s] Level 1:colcon.colcon_core.package_identification:_identify(.) by extensions ['ignore', 'ignore_ament_install']
[0.385s] Level 1:colcon.colcon_core.package_identification:_identify(.) by extension 'ignore'
[0.385s] Level 1:colcon.colcon_core.package_identification:_identify(.) by extension 'ignore_ament_install'
[0.385s] Level 1:colcon.colcon_core.package_identification:_identify(.) by extensions ['colcon_pkg']
[0.385s] Level 1:colcon.colcon_core.package_identification:_identify(.) by extension 'colcon_pkg'
[0.385s] Level 1:colcon.colcon_core.package_identification:_identify(.) by extensions ['colcon_meta']
[0.385s] Level 1:colcon.colcon_core.package_identification:_identify(.) by extension 'colcon_meta'
[0.385s] Level 1:colcon.colcon_core.package_identification:_identify(.) by extensions ['ros']
[0.385s] Level 1:colcon.colcon_core.package_identification:_identify(.) by extension 'ros'
[0.398s] Level 1:colcon.colcon_core.package_identification:_identify(.) by extensions ['cmake', 'python']
[0.398s] Level 1:colcon.colcon_core.package_identification:_identify(.) by extension 'cmake'
[0.398s] Level 1:colcon.colcon_core.package_identification:_identify(.) by extension 'python'
[0.398s] Level 1:colcon.colcon_core.package_identification:_identify(.) by extensions ['python_setup_py']
[0.398s] Level 1:colcon.colcon_core.package_identification:_identify(.) by extension 'python_setup_py'
[0.398s] Level 1:colcon.colcon_core.package_identification:_identify(build) by extensions ['ignore', 'ignore_ament_install']
[0.398s] Level 1:colcon.colcon_core.package_identification:_identify(build) by extension 'ignore'
[0.399s] Level 1:colcon.colcon_core.package_identification:_identify(build) ignored
[0.399s] Level 1:colcon.colcon_core.package_identification:_identify(install) by extensions ['ignore', 'ignore_ament_install']
[0.399s] Level 1:colcon.colcon_core.package_identification:_identify(install) by extension 'ignore'
[0.399s] Level 1:colcon.colcon_core.package_identification:_identify(install) ignored
[0.399s] Level 1:colcon.colcon_core.package_identification:_identify(log) by extensions ['ignore', 'ignore_ament_install']
[0.399s] Level 1:colcon.colcon_core.package_identification:_identify(log) by extension 'ignore'
[0.400s] Level 1:colcon.colcon_core.package_identification:_identify(log) ignored
[0.400s] Level 1:colcon.colcon_core.package_identification:_identify(src) by extensions ['ignore', 'ignore_ament_install']
[0.400s] Level 1:colcon.colcon_core.package_identification:_identify(src) by extension 'ignore'
[0.400s] Level 1:colcon.colcon_core.package_identification:_identify(src) by extension 'ignore_ament_install'
[0.400s] Level 1:colcon.colcon_core.package_identification:_identify(src) by extensions ['colcon_pkg']
[0.400s] Level 1:colcon.colcon_core.package_identification:_identify(src) by extension 'colcon_pkg'
[0.400s] Level 1:colcon.colcon_core.package_identification:_identify(src) by extensions ['colcon_meta']
[0.400s] Level 1:colcon.colcon_core.package_identification:_identify(src) by extension 'colcon_meta'
[0.400s] Level 1:colcon.colcon_core.package_identification:_identify(src) by extensions ['ros']
[0.400s] Level 1:colcon.colcon_core.package_identification:_identify(src) by extension 'ros'
[0.400s] Level 1:colcon.colcon_core.package_identification:_identify(src) by extensions ['cmake', 'python']
[0.400s] Level 1:colcon.colcon_core.package_identification:_identify(src) by extension 'cmake'
[0.400s] Level 1:colcon.colcon_core.package_identification:_identify(src) by extension 'python'
[0.400s] Level 1:colcon.colcon_core.package_identification:_identify(src) by extensions ['python_setup_py']
[0.400s] Level 1:colcon.colcon_core.package_identification:_identify(src) by extension 'python_setup_py'
[0.401s] Level 1:colcon.colcon_core.package_identification:_identify(src/arduinobot_controller) by extensions ['ignore', 'ignore_ament_install']
[0.401s] Level 1:colcon.colcon_core.package_identification:_identify(src/arduinobot_controller) by extension 'ignore'
[0.401s] Level 1:colcon.colcon_core.package_identification:_identify(src/arduinobot_controller) by extension 'ignore_ament_install'
[0.401s] Level 1:colcon.colcon_core.package_identification:_identify(src/arduinobot_controller) by extensions ['colcon_pkg']
[0.401s] Level 1:colcon.colcon_core.package_identification:_identify(src/arduinobot_controller) by extension 'colcon_pkg'
[0.401s] Level 1:colcon.colcon_core.package_identification:_identify(src/arduinobot_controller) by extensions ['colcon_meta']
[0.401s] Level 1:colcon.colcon_core.package_identification:_identify(src/arduinobot_controller) by extension 'colcon_meta'
[0.401s] Level 1:colcon.colcon_core.package_identification:_identify(src/arduinobot_controller) by extensions ['ros']
[0.401s] Level 1:colcon.colcon_core.package_identification:_identify(src/arduinobot_controller) by extension 'ros'
[0.404s] DEBUG:colcon.colcon_core.package_identification:Package 'src/arduinobot_controller' with type 'ros.ament_cmake' and name 'arduinobot_controller'
[0.404s] Level 1:colcon.colcon_core.package_identification:_identify(src/arduinobot_cpp_example) by extensions ['ignore', 'ignore_ament_install']
[0.404s] Level 1:colcon.colcon_core.package_identification:_identify(src/arduinobot_cpp_example) by extension 'ignore'
[0.404s] Level 1:colcon.colcon_core.package_identification:_identify(src/arduinobot_cpp_example) by extension 'ignore_ament_install'
[0.404s] Level 1:colcon.colcon_core.package_identification:_identify(src/arduinobot_cpp_example) by extensions ['colcon_pkg']
[0.404s] Level 1:colcon.colcon_core.package_identification:_identify(src/arduinobot_cpp_example) by extension 'colcon_pkg'
[0.404s] Level 1:colcon.colcon_core.package_identification:_identify(src/arduinobot_cpp_example) by extensions ['colcon_meta']
[0.404s] Level 1:colcon.colcon_core.package_identification:_identify(src/arduinobot_cpp_example) by extension 'colcon_meta'
[0.404s] Level 1:colcon.colcon_core.package_identification:_identify(src/arduinobot_cpp_example) by extensions ['ros']
[0.405s] Level 1:colcon.colcon_core.package_identification:_identify(src/arduinobot_cpp_example) by extension 'ros'
[0.419s] DEBUG:colcon.colcon_core.package_identification:Package 'src/arduinobot_cpp_example' with type 'ros.ament_cmake' and name 'arduinobot_cpp_example'
[0.419s] Level 1:colcon.colcon_core.package_identification:_identify(src/arduinobot_description) by extensions ['ignore', 'ignore_ament_install']
[0.420s] Level 1:colcon.colcon_core.package_identification:_identify(src/arduinobot_description) by extension 'ignore'
[0.420s] Level 1:colcon.colcon_core.package_identification:_identify(src/arduinobot_description) by extension 'ignore_ament_install'
[0.420s] Level 1:colcon.colcon_core.package_identification:_identify(src/arduinobot_description) by extensions ['colcon_pkg']
[0.420s] Level 1:colcon.colcon_core.package_identification:_identify(src/arduinobot_description) by extension 'colcon_pkg'
[0.420s] Level 1:colcon.colcon_core.package_identification:_identify(src/arduinobot_description) by extensions ['colcon_meta']
[0.420s] Level 1:colcon.colcon_core.package_identification:_identify(src/arduinobot_description) by extension 'colcon_meta'
[0.420s] Level 1:colcon.colcon_core.package_identification:_identify(src/arduinobot_description) by extensions ['ros']
[0.420s] Level 1:colcon.colcon_core.package_identification:_identify(src/arduinobot_description) by extension 'ros'
[0.421s] DEBUG:colcon.colcon_core.package_identification:Package 'src/arduinobot_description' with type 'ros.ament_cmake' and name 'arduinobot_description'
[0.421s] Level 1:colcon.colcon_core.package_identification:_identify(src/arduinobot_moveit) by extensions ['ignore', 'ignore_ament_install']
[0.421s] Level 1:colcon.colcon_core.package_identification:_identify(src/arduinobot_moveit) by extension 'ignore'
[0.422s] Level 1:colcon.colcon_core.package_identification:_identify(src/arduinobot_moveit) by extension 'ignore_ament_install'
[0.422s] Level 1:colcon.colcon_core.package_identification:_identify(src/arduinobot_moveit) by extensions ['colcon_pkg']
[0.422s] Level 1:colcon.colcon_core.package_identification:_identify(src/arduinobot_moveit) by extension 'colcon_pkg'
[0.422s] Level 1:colcon.colcon_core.package_identification:_identify(src/arduinobot_moveit) by extensions ['colcon_meta']
[0.422s] Level 1:colcon.colcon_core.package_identification:_identify(src/arduinobot_moveit) by extension 'colcon_meta'
[0.422s] Level 1:colcon.colcon_core.package_identification:_identify(src/arduinobot_moveit) by extensions ['ros']
[0.422s] Level 1:colcon.colcon_core.package_identification:_identify(src/arduinobot_moveit) by extension 'ros'
[0.423s] DEBUG:colcon.colcon_core.package_identification:Package 'src/arduinobot_moveit' with type 'ros.ament_cmake' and name 'arduinobot_moveit'
[0.423s] Level 1:colcon.colcon_core.package_identification:_identify(src/arduinobot_msgs) by extensions ['ignore', 'ignore_ament_install']
[0.423s] Level 1:colcon.colcon_core.package_identification:_identify(src/arduinobot_msgs) by extension 'ignore'
[0.423s] Level 1:colcon.colcon_core.package_identification:_identify(src/arduinobot_msgs) by extension 'ignore_ament_install'
[0.423s] Level 1:colcon.colcon_core.package_identification:_identify(src/arduinobot_msgs) by extensions ['colcon_pkg']
[0.423s] Level 1:colcon.colcon_core.package_identification:_identify(src/arduinobot_msgs) by extension 'colcon_pkg'
[0.423s] Level 1:colcon.colcon_core.package_identification:_identify(src/arduinobot_msgs) by extensions ['colcon_meta']
[0.423s] Level 1:colcon.colcon_core.package_identification:_identify(src/arduinobot_msgs) by extension 'colcon_meta'
[0.423s] Level 1:colcon.colcon_core.package_identification:_identify(src/arduinobot_msgs) by extensions ['ros']
[0.423s] Level 1:colcon.colcon_core.package_identification:_identify(src/arduinobot_msgs) by extension 'ros'
[0.424s] DEBUG:colcon.colcon_core.package_identification:Package 'src/arduinobot_msgs' with type 'ros.ament_cmake' and name 'arduinobot_msgs'
[0.424s] Level 1:colcon.colcon_core.package_identification:_identify(src/arduinobot_py_example) by extensions ['ignore', 'ignore_ament_install']
[0.424s] Level 1:colcon.colcon_core.package_identification:_identify(src/arduinobot_py_example) by extension 'ignore'
[0.425s] Level 1:colcon.colcon_core.package_identification:_identify(src/arduinobot_py_example) by extension 'ignore_ament_install'
[0.425s] Level 1:colcon.colcon_core.package_identification:_identify(src/arduinobot_py_example) by extensions ['colcon_pkg']
[0.425s] Level 1:colcon.colcon_core.package_identification:_identify(src/arduinobot_py_example) by extension 'colcon_pkg'
[0.425s] Level 1:colcon.colcon_core.package_identification:_identify(src/arduinobot_py_example) by extensions ['colcon_meta']
[0.425s] Level 1:colcon.colcon_core.package_identification:_identify(src/arduinobot_py_example) by extension 'colcon_meta'
[0.425s] Level 1:colcon.colcon_core.package_identification:_identify(src/arduinobot_py_example) by extensions ['ros']
[0.425s] Level 1:colcon.colcon_core.package_identification:_identify(src/arduinobot_py_example) by extension 'ros'
[0.426s] DEBUG:colcon.colcon_core.package_identification:Package 'src/arduinobot_py_example' with type 'ros.ament_python' and name 'arduinobot_py_example'
[0.426s] Level 1:colcon.colcon_core.package_identification:_identify(src/arduinobot_utils) by extensions ['ignore', 'ignore_ament_install']
[0.427s] Level 1:colcon.colcon_core.package_identification:_identify(src/arduinobot_utils) by extension 'ignore'
[0.427s] Level 1:colcon.colcon_core.package_identification:_identify(src/arduinobot_utils) by extension 'ignore_ament_install'
[0.427s] Level 1:colcon.colcon_core.package_identification:_identify(src/arduinobot_utils) by extensions ['colcon_pkg']
[0.427s] Level 1:colcon.colcon_core.package_identification:_identify(src/arduinobot_utils) by extension 'colcon_pkg'
[0.427s] Level 1:colcon.colcon_core.package_identification:_identify(src/arduinobot_utils) by extensions ['colcon_meta']
[0.427s] Level 1:colcon.colcon_core.package_identification:_identify(src/arduinobot_utils) by extension 'colcon_meta'
[0.427s] Level 1:colcon.colcon_core.package_identification:_identify(src/arduinobot_utils) by extensions ['ros']
[0.427s] Level 1:colcon.colcon_core.package_identification:_identify(src/arduinobot_utils) by extension 'ros'
[0.429s] DEBUG:colcon.colcon_core.package_identification:Package 'src/arduinobot_utils' with type 'ros.ament_cmake' and name 'arduinobot_utils'
[0.429s] Level 1:colcon.colcon_core.package_identification:_identify(src/demo_robot) by extensions ['ignore', 'ignore_ament_install']
[0.429s] Level 1:colcon.colcon_core.package_identification:_identify(src/demo_robot) by extension 'ignore'
[0.429s] Level 1:colcon.colcon_core.package_identification:_identify(src/demo_robot) by extension 'ignore_ament_install'
[0.429s] Level 1:colcon.colcon_core.package_identification:_identify(src/demo_robot) by extensions ['colcon_pkg']
[0.429s] Level 1:colcon.colcon_core.package_identification:_identify(src/demo_robot) by extension 'colcon_pkg'
[0.429s] Level 1:colcon.colcon_core.package_identification:_identify(src/demo_robot) by extensions ['colcon_meta']
[0.429s] Level 1:colcon.colcon_core.package_identification:_identify(src/demo_robot) by extension 'colcon_meta'
[0.430s] Level 1:colcon.colcon_core.package_identification:_identify(src/demo_robot) by extensions ['ros']
[0.430s] Level 1:colcon.colcon_core.package_identification:_identify(src/demo_robot) by extension 'ros'
[0.430s] Level 1:colcon.colcon_core.package_identification:_identify(src/demo_robot) by extensions ['cmake', 'python']
[0.430s] Level 1:colcon.colcon_core.package_identification:_identify(src/demo_robot) by extension 'cmake'
[0.430s] Level 1:colcon.colcon_core.package_identification:_identify(src/demo_robot) by extension 'python'
[0.430s] Level 1:colcon.colcon_core.package_identification:_identify(src/demo_robot) by extensions ['python_setup_py']
[0.430s] Level 1:colcon.colcon_core.package_identification:_identify(src/demo_robot) by extension 'python_setup_py'
[0.430s] Level 1:colcon.colcon_core.package_identification:_identify(src/demo_robot/urdf) by extensions ['ignore', 'ignore_ament_install']
[0.430s] Level 1:colcon.colcon_core.package_identification:_identify(src/demo_robot/urdf) by extension 'ignore'
[0.431s] Level 1:colcon.colcon_core.package_identification:_identify(src/demo_robot/urdf) by extension 'ignore_ament_install'
[0.431s] Level 1:colcon.colcon_core.package_identification:_identify(src/demo_robot/urdf) by extensions ['colcon_pkg']
[0.431s] Level 1:colcon.colcon_core.package_identification:_identify(src/demo_robot/urdf) by extension 'colcon_pkg'
[0.431s] Level 1:colcon.colcon_core.package_identification:_identify(src/demo_robot/urdf) by extensions ['colcon_meta']
[0.431s] Level 1:colcon.colcon_core.package_identification:_identify(src/demo_robot/urdf) by extension 'colcon_meta'
[0.431s] Level 1:colcon.colcon_core.package_identification:_identify(src/demo_robot/urdf) by extensions ['ros']
[0.431s] Level 1:colcon.colcon_core.package_identification:_identify(src/demo_robot/urdf) by extension 'ros'
[0.431s] Level 1:colcon.colcon_core.package_identification:_identify(src/demo_robot/urdf) by extensions ['cmake', 'python']
[0.431s] Level 1:colcon.colcon_core.package_identification:_identify(src/demo_robot/urdf) by extension 'cmake'
[0.431s] Level 1:colcon.colcon_core.package_identification:_identify(src/demo_robot/urdf) by extension 'python'
[0.431s] Level 1:colcon.colcon_core.package_identification:_identify(src/demo_robot/urdf) by extensions ['python_setup_py']
[0.431s] Level 1:colcon.colcon_core.package_identification:_identify(src/demo_robot/urdf) by extension 'python_setup_py'
[0.431s] Level 1:colcon.colcon_core.package_discovery:discover_packages(recursive) using defaults
[0.432s] Level 1:colcon.colcon_core.package_discovery:discover_packages(ignore) discover
[0.432s] Level 1:colcon.colcon_core.package_discovery:discover_packages(ignore) using defaults
[0.432s] Level 1:colcon.colcon_core.package_discovery:discover_packages(path) discover
[0.432s] Level 1:colcon.colcon_core.package_discovery:discover_packages(path) using defaults
[0.454s] INFO:colcon.colcon_core.package_selection:Skipping not selected package 'arduinobot_controller' in 'src/arduinobot_controller'
[0.454s] INFO:colcon.colcon_core.package_selection:Skipping not selected package 'arduinobot_description' in 'src/arduinobot_description'
[0.454s] INFO:colcon.colcon_core.package_selection:Skipping not selected package 'arduinobot_moveit' in 'src/arduinobot_moveit'
[0.454s] INFO:colcon.colcon_core.package_selection:Skipping not selected package 'arduinobot_msgs' in 'src/arduinobot_msgs'
[0.454s] INFO:colcon.colcon_core.package_selection:Skipping not selected package 'arduinobot_py_example' in 'src/arduinobot_py_example'
[0.454s] INFO:colcon.colcon_core.package_selection:Skipping not selected package 'arduinobot_utils' in 'src/arduinobot_utils'
[0.455s] Level 1:colcon.colcon_core.package_discovery:discover_packages(prefix_path) check parameters
[0.455s] Level 1:colcon.colcon_core.package_discovery:discover_packages(prefix_path) discover
[0.457s] DEBUG:colcon.colcon_installed_package_information.package_discovery:Found 7 installed packages in /home/sksuser/arduinobot_ws/install
[0.458s] DEBUG:colcon.colcon_installed_package_information.package_discovery:Found 2 installed packages in /home/sksuser/my_robot_ws/install
[0.460s] DEBUG:colcon.colcon_installed_package_information.package_discovery:Found 381 installed packages in /opt/ros/humble
[0.463s] Level 1:colcon.colcon_core.package_discovery:discover_packages(prefix_path) using defaults
[0.525s] Level 5:colcon.colcon_core.verb:set package 'arduinobot_cpp_example' build argument 'cmake_args' from command line to 'None'
[0.525s] Level 5:colcon.colcon_core.verb:set package 'arduinobot_cpp_example' build argument 'cmake_target' from command line to 'None'
[0.525s] Level 5:colcon.colcon_core.verb:set package 'arduinobot_cpp_example' build argument 'cmake_target_skip_unavailable' from command line to 'False'
[0.525s] Level 5:colcon.colcon_core.verb:set package 'arduinobot_cpp_example' build argument 'cmake_clean_cache' from command line to 'False'
[0.525s] Level 5:colcon.colcon_core.verb:set package 'arduinobot_cpp_example' build argument 'cmake_clean_first' from command line to 'False'
[0.525s] Level 5:colcon.colcon_core.verb:set package 'arduinobot_cpp_example' build argument 'cmake_force_configure' from command line to 'False'
[0.525s] Level 5:colcon.colcon_core.verb:set package 'arduinobot_cpp_example' build argument 'ament_cmake_args' from command line to 'None'
[0.526s] Level 5:colcon.colcon_core.verb:set package 'arduinobot_cpp_example' build argument 'catkin_cmake_args' from command line to 'None'
[0.526s] Level 5:colcon.colcon_core.verb:set package 'arduinobot_cpp_example' build argument 'catkin_skip_building_tests' from command line to 'False'
[0.526s] DEBUG:colcon.colcon_core.verb:Building package 'arduinobot_cpp_example' with the following arguments: {'ament_cmake_args': None, 'build_base': '/home/sksuser/arduinobot_ws/build/arduinobot_cpp_example', 'catkin_cmake_args': None, 'catkin_skip_building_tests': False, 'cmake_args': None, 'cmake_clean_cache': False, 'cmake_clean_first': False, 'cmake_force_configure': False, 'cmake_target': None, 'cmake_target_skip_unavailable': False, 'install_base': '/home/sksuser/arduinobot_ws/install/arduinobot_cpp_example', 'merge_install': False, 'path': '/home/sksuser/arduinobot_ws/src/arduinobot_cpp_example', 'symlink_install': False, 'test_result_base': None}
[0.526s] INFO:colcon.colcon_core.executor:Executing jobs using 'parallel' executor
[0.527s] DEBUG:colcon.colcon_parallel_executor.executor.parallel:run_until_complete
[0.528s] INFO:colcon.colcon_ros.task.ament_cmake.build:Building ROS package in '/home/sksuser/arduinobot_ws/src/arduinobot_cpp_example' with build type 'ament_cmake'
[0.528s] INFO:colcon.colcon_cmake.task.cmake.build:Building CMake package in '/home/sksuser/arduinobot_ws/src/arduinobot_cpp_example'
[0.532s] INFO:colcon.colcon_core.plugin_system:Skipping extension 'colcon_core.shell.bat': Not used on non-Windows systems
[0.532s] INFO:colcon.colcon_core.shell:Skip shell extension 'powershell' for command environment: Not usable outside of PowerShell
[0.532s] DEBUG:colcon.colcon_core.shell:Skip shell extension 'dsv' for command environment
[0.553s] DEBUG:colcon.colcon_core.event_handler.log_command:Invoking command in '/home/sksuser/arduinobot_ws/build/arduinobot_cpp_example': CMAKE_PREFIX_PATH=/home/sksuser/arduinobot_ws/install/arduinobot_msgs:/home/sksuser/arduinobot_ws/install/arduinobot_utils:/home/sksuser/arduinobot_ws/install/arduinobot_cpp_example:/home/sksuser/arduinobot_ws/install/arduinobot_moveit:/home/sksuser/arduinobot_ws/install/arduinobot_description:/home/sksuser/arduinobot_ws/install/arduinobot_controller:/home/sksuser/my_robot_ws/install/my_robot_bringup:/home/sksuser/my_robot_ws/install/my_robot_description:/home/sksuser/arduinobot_ws/install/arduinobot_py_example:/opt/ros/humble /usr/bin/cmake --build /home/sksuser/arduinobot_ws/build/arduinobot_cpp_example -- -j8 -l8
[2.253s] DEBUG:colcon.colcon_core.event_handler.log_command:Invoked command in '/home/sksuser/arduinobot_ws/build/arduinobot_cpp_example' returned '2': CMAKE_PREFIX_PATH=/home/sksuser/arduinobot_ws/install/arduinobot_msgs:/home/sksuser/arduinobot_ws/install/arduinobot_utils:/home/sksuser/arduinobot_ws/install/arduinobot_cpp_example:/home/sksuser/arduinobot_ws/install/arduinobot_moveit:/home/sksuser/arduinobot_ws/install/arduinobot_description:/home/sksuser/arduinobot_ws/install/arduinobot_controller:/home/sksuser/my_robot_ws/install/my_robot_bringup:/home/sksuser/my_robot_ws/install/my_robot_description:/home/sksuser/arduinobot_ws/install/arduinobot_py_example:/opt/ros/humble /usr/bin/cmake --build /home/sksuser/arduinobot_ws/build/arduinobot_cpp_example -- -j8 -l8
[2.254s] Level 1:colcon.colcon_core.environment:create_environment_scripts_only(arduinobot_cpp_example)
[2.256s] Level 1:colcon.colcon_core.environment:checking '/home/sksuser/arduinobot_ws/install/arduinobot_cpp_example' for CMake module files
[2.257s] Level 1:colcon.colcon_core.environment:checking '/home/sksuser/arduinobot_ws/install/arduinobot_cpp_example' for CMake config files
[2.257s] Level 1:colcon.colcon_core.shell:create_environment_hook('arduinobot_cpp_example', 'cmake_prefix_path')
[2.257s] INFO:colcon.colcon_core.shell:Creating environment hook '/home/sksuser/arduinobot_ws/install/arduinobot_cpp_example/share/arduinobot_cpp_example/hook/cmake_prefix_path.ps1'
[2.258s] INFO:colcon.colcon_core.shell:Creating environment descriptor '/home/sksuser/arduinobot_ws/install/arduinobot_cpp_example/share/arduinobot_cpp_example/hook/cmake_prefix_path.dsv'
[2.259s] INFO:colcon.colcon_core.shell:Creating environment hook '/home/sksuser/arduinobot_ws/install/arduinobot_cpp_example/share/arduinobot_cpp_example/hook/cmake_prefix_path.sh'
[2.260s] Level 1:colcon.colcon_core.environment:checking '/home/sksuser/arduinobot_ws/install/arduinobot_cpp_example/lib'
[2.261s] Level 1:colcon.colcon_core.environment:checking '/home/sksuser/arduinobot_ws/install/arduinobot_cpp_example/bin'
[2.261s] Level 1:colcon.colcon_core.environment:checking '/home/sksuser/arduinobot_ws/install/arduinobot_cpp_example/lib/pkgconfig/arduinobot_cpp_example.pc'
[2.261s] Level 1:colcon.colcon_core.environment:checking '/home/sksuser/arduinobot_ws/install/arduinobot_cpp_example/lib/python3.10/site-packages'
[2.261s] Level 1:colcon.colcon_core.environment:checking '/home/sksuser/arduinobot_ws/install/arduinobot_cpp_example/bin'
[2.262s] INFO:colcon.colcon_core.shell:Creating package script '/home/sksuser/arduinobot_ws/install/arduinobot_cpp_example/share/arduinobot_cpp_example/package.ps1'
[2.264s] INFO:colcon.colcon_core.shell:Creating package descriptor '/home/sksuser/arduinobot_ws/install/arduinobot_cpp_example/share/arduinobot_cpp_example/package.dsv'
[2.266s] INFO:colcon.colcon_core.shell:Creating package script '/home/sksuser/arduinobot_ws/install/arduinobot_cpp_example/share/arduinobot_cpp_example/package.sh'
[2.268s] INFO:colcon.colcon_core.shell:Creating package script '/home/sksuser/arduinobot_ws/install/arduinobot_cpp_example/share/arduinobot_cpp_example/package.bash'
[2.269s] INFO:colcon.colcon_core.shell:Creating package script '/home/sksuser/arduinobot_ws/install/arduinobot_cpp_example/share/arduinobot_cpp_example/package.zsh'
[2.270s] Level 1:colcon.colcon_core.environment:create_file_with_runtime_dependencies(/home/sksuser/arduinobot_ws/install/arduinobot_cpp_example/share/colcon-core/packages/arduinobot_cpp_example)
[2.280s] DEBUG:colcon.colcon_parallel_executor.executor.parallel:closing loop
[2.281s] DEBUG:colcon.colcon_parallel_executor.executor.parallel:loop closed
[2.281s] DEBUG:colcon.colcon_parallel_executor.executor.parallel:run_until_complete finished with '2'
[2.281s] DEBUG:colcon.colcon_core.event_reactor:joining thread
[2.288s] INFO:colcon.colcon_core.plugin_system:Skipping extension 'colcon_notification.desktop_notification.terminal_notifier': Not used on non-Darwin systems
[2.289s] INFO:colcon.colcon_core.plugin_system:Skipping extension 'colcon_notification.desktop_notification.win32': Not used on non-Windows systems
[2.289s] INFO:colcon.colcon_notification.desktop_notification:Sending desktop notification using 'notify2'
[2.312s] DEBUG:colcon.colcon_core.event_reactor:joined thread
[2.314s] INFO:colcon.colcon_core.shell:Creating prefix script '/home/sksuser/arduinobot_ws/install/local_setup.ps1'
[2.316s] INFO:colcon.colcon_core.shell:Creating prefix util module '/home/sksuser/arduinobot_ws/install/_local_setup_util_ps1.py'
[2.321s] INFO:colcon.colcon_core.shell:Creating prefix chain script '/home/sksuser/arduinobot_ws/install/setup.ps1'
[2.325s] INFO:colcon.colcon_core.shell:Creating prefix script '/home/sksuser/arduinobot_ws/install/local_setup.sh'
[2.327s] INFO:colcon.colcon_core.shell:Creating prefix util module '/home/sksuser/arduinobot_ws/install/_local_setup_util_sh.py'
[2.329s] INFO:colcon.colcon_core.shell:Creating prefix chain script '/home/sksuser/arduinobot_ws/install/setup.sh'
[2.334s] INFO:colcon.colcon_core.shell:Creating prefix script '/home/sksuser/arduinobot_ws/install/local_setup.bash'
[2.335s] INFO:colcon.colcon_core.shell:Creating prefix chain script '/home/sksuser/arduinobot_ws/install/setup.bash'
[2.339s] INFO:colcon.colcon_core.shell:Creating prefix script '/home/sksuser/arduinobot_ws/install/local_setup.zsh'
[2.341s] INFO:colcon.colcon_core.shell:Creating prefix chain script '/home/sksuser/arduinobot_ws/install/setup.zsh'
