[2.347s] Invoking command in '/home/sksuser/arduinobot_ws/src/arduinobot_py_examples': AMENT_PREFIX_PATH=/home/sksuser/arduinobot_ws/install/arduinobot_msgs:${AMENT_PREFIX_PATH} CMAKE_PREFIX_PATH=/home/sksuser/arduinobot_ws/install/arduinobot_msgs:${CMAKE_PREFIX_PATH} LD_LIBRARY_PATH=/home/sksuser/arduinobot_ws/install/arduinobot_msgs/lib:${LD_LIBRARY_PATH} PYTHONPATH=/home/sksuser/arduinobot_ws/build/arduinobot_py_examples/prefix_override:/usr/lib/python3/dist-packages/colcon_core/task/python/colcon_distutils_commands:/home/sksuser/arduinobot_ws/install/arduinobot_py_examples/lib/python3.10/site-packages:/home/sksuser/arduinobot_ws/install/arduinobot_msgs/local/lib/python3.10/dist-packages:${PYTHONPATH} /usr/bin/python3 -W ignore:setup.py install is deprecated -W ignore:easy_install command is deprecated setup.py egg_info --egg-base ../../build/arduinobot_py_examples build --build-base /home/sksuser/arduinobot_ws/build/arduinobot_py_examples/build install --record /home/sksuser/arduinobot_ws/build/arduinobot_py_examples/install.log --single-version-externally-managed install_data
[3.123s] running egg_info
[3.124s] creating ../../build/arduinobot_py_examples/arduinobot_py_examples.egg-info
[3.125s] writing ../../build/arduinobot_py_examples/arduinobot_py_examples.egg-info/PKG-INFO
[3.126s] writing dependency_links to ../../build/arduinobot_py_examples/arduinobot_py_examples.egg-info/dependency_links.txt
[3.126s] writing entry points to ../../build/arduinobot_py_examples/arduinobot_py_examples.egg-info/entry_points.txt
[3.126s] writing requirements to ../../build/arduinobot_py_examples/arduinobot_py_examples.egg-info/requires.txt
[3.127s] writing top-level names to ../../build/arduinobot_py_examples/arduinobot_py_examples.egg-info/top_level.txt
[3.127s] writing manifest file '../../build/arduinobot_py_examples/arduinobot_py_examples.egg-info/SOURCES.txt'
[3.131s] reading manifest file '../../build/arduinobot_py_examples/arduinobot_py_examples.egg-info/SOURCES.txt'
[3.133s] writing manifest file '../../build/arduinobot_py_examples/arduinobot_py_examples.egg-info/SOURCES.txt'
[3.133s] running build
[3.134s] running build_py
[3.134s] creating /home/sksuser/arduinobot_ws/build/arduinobot_py_examples/build
[3.134s] creating /home/sksuser/arduinobot_ws/build/arduinobot_py_examples/build/lib
[3.134s] creating /home/sksuser/arduinobot_ws/build/arduinobot_py_examples/build/lib/arduinobot_py_examples
[3.135s] copying arduinobot_py_examples/simple_service_client.py -> /home/sksuser/arduinobot_ws/build/arduinobot_py_examples/build/lib/arduinobot_py_examples
[3.135s] copying arduinobot_py_examples/simple_subscriber.py -> /home/sksuser/arduinobot_ws/build/arduinobot_py_examples/build/lib/arduinobot_py_examples
[3.135s] copying arduinobot_py_examples/simple_publisher.py -> /home/sksuser/arduinobot_ws/build/arduinobot_py_examples/build/lib/arduinobot_py_examples
[3.136s] copying arduinobot_py_examples/simple_action_client.py -> /home/sksuser/arduinobot_ws/build/arduinobot_py_examples/build/lib/arduinobot_py_examples
[3.136s] copying arduinobot_py_examples/__init__.py -> /home/sksuser/arduinobot_ws/build/arduinobot_py_examples/build/lib/arduinobot_py_examples
[3.136s] copying arduinobot_py_examples/simple_parameter.py -> /home/sksuser/arduinobot_ws/build/arduinobot_py_examples/build/lib/arduinobot_py_examples
[3.136s] copying arduinobot_py_examples/simple_moveit_interface.py -> /home/sksuser/arduinobot_ws/build/arduinobot_py_examples/build/lib/arduinobot_py_examples
[3.137s] copying arduinobot_py_examples/simple_service_server.py -> /home/sksuser/arduinobot_ws/build/arduinobot_py_examples/build/lib/arduinobot_py_examples
[3.137s] copying arduinobot_py_examples/simple_action_server.py -> /home/sksuser/arduinobot_ws/build/arduinobot_py_examples/build/lib/arduinobot_py_examples
[3.138s] running install
[3.138s] running install_lib
[3.140s] creating /home/sksuser/arduinobot_ws/install/arduinobot_py_examples/lib/python3.10/site-packages/arduinobot_py_examples
[3.140s] copying /home/sksuser/arduinobot_ws/build/arduinobot_py_examples/build/lib/arduinobot_py_examples/simple_service_client.py -> /home/sksuser/arduinobot_ws/install/arduinobot_py_examples/lib/python3.10/site-packages/arduinobot_py_examples
[3.141s] copying /home/sksuser/arduinobot_ws/build/arduinobot_py_examples/build/lib/arduinobot_py_examples/simple_subscriber.py -> /home/sksuser/arduinobot_ws/install/arduinobot_py_examples/lib/python3.10/site-packages/arduinobot_py_examples
[3.141s] copying /home/sksuser/arduinobot_ws/build/arduinobot_py_examples/build/lib/arduinobot_py_examples/simple_publisher.py -> /home/sksuser/arduinobot_ws/install/arduinobot_py_examples/lib/python3.10/site-packages/arduinobot_py_examples
[3.141s] copying /home/sksuser/arduinobot_ws/build/arduinobot_py_examples/build/lib/arduinobot_py_examples/simple_action_client.py -> /home/sksuser/arduinobot_ws/install/arduinobot_py_examples/lib/python3.10/site-packages/arduinobot_py_examples
[3.142s] copying /home/sksuser/arduinobot_ws/build/arduinobot_py_examples/build/lib/arduinobot_py_examples/__init__.py -> /home/sksuser/arduinobot_ws/install/arduinobot_py_examples/lib/python3.10/site-packages/arduinobot_py_examples
[3.142s] copying /home/sksuser/arduinobot_ws/build/arduinobot_py_examples/build/lib/arduinobot_py_examples/simple_parameter.py -> /home/sksuser/arduinobot_ws/install/arduinobot_py_examples/lib/python3.10/site-packages/arduinobot_py_examples
[3.142s] copying /home/sksuser/arduinobot_ws/build/arduinobot_py_examples/build/lib/arduinobot_py_examples/simple_moveit_interface.py -> /home/sksuser/arduinobot_ws/install/arduinobot_py_examples/lib/python3.10/site-packages/arduinobot_py_examples
[3.142s] copying /home/sksuser/arduinobot_ws/build/arduinobot_py_examples/build/lib/arduinobot_py_examples/simple_service_server.py -> /home/sksuser/arduinobot_ws/install/arduinobot_py_examples/lib/python3.10/site-packages/arduinobot_py_examples
[3.142s] copying /home/sksuser/arduinobot_ws/build/arduinobot_py_examples/build/lib/arduinobot_py_examples/simple_action_server.py -> /home/sksuser/arduinobot_ws/install/arduinobot_py_examples/lib/python3.10/site-packages/arduinobot_py_examples
[3.144s] byte-compiling /home/sksuser/arduinobot_ws/install/arduinobot_py_examples/lib/python3.10/site-packages/arduinobot_py_examples/simple_service_client.py to simple_service_client.cpython-310.pyc
[3.145s] byte-compiling /home/sksuser/arduinobot_ws/install/arduinobot_py_examples/lib/python3.10/site-packages/arduinobot_py_examples/simple_subscriber.py to simple_subscriber.cpython-310.pyc
[3.146s] byte-compiling /home/sksuser/arduinobot_ws/install/arduinobot_py_examples/lib/python3.10/site-packages/arduinobot_py_examples/simple_publisher.py to simple_publisher.cpython-310.pyc
[3.146s] byte-compiling /home/sksuser/arduinobot_ws/install/arduinobot_py_examples/lib/python3.10/site-packages/arduinobot_py_examples/simple_action_client.py to simple_action_client.cpython-310.pyc
[3.147s] byte-compiling /home/sksuser/arduinobot_ws/install/arduinobot_py_examples/lib/python3.10/site-packages/arduinobot_py_examples/__init__.py to __init__.cpython-310.pyc
[3.148s] byte-compiling /home/sksuser/arduinobot_ws/install/arduinobot_py_examples/lib/python3.10/site-packages/arduinobot_py_examples/simple_parameter.py to simple_parameter.cpython-310.pyc
[3.149s] byte-compiling /home/sksuser/arduinobot_ws/install/arduinobot_py_examples/lib/python3.10/site-packages/arduinobot_py_examples/simple_moveit_interface.py to simple_moveit_interface.cpython-310.pyc
[3.150s] byte-compiling /home/sksuser/arduinobot_ws/install/arduinobot_py_examples/lib/python3.10/site-packages/arduinobot_py_examples/simple_service_server.py to simple_service_server.cpython-310.pyc
[3.151s] byte-compiling /home/sksuser/arduinobot_ws/install/arduinobot_py_examples/lib/python3.10/site-packages/arduinobot_py_examples/simple_action_server.py to simple_action_server.cpython-310.pyc
[3.152s] running install_data
[3.152s] creating /home/sksuser/arduinobot_ws/install/arduinobot_py_examples/share/ament_index
[3.153s] creating /home/sksuser/arduinobot_ws/install/arduinobot_py_examples/share/ament_index/resource_index
[3.153s] creating /home/sksuser/arduinobot_ws/install/arduinobot_py_examples/share/ament_index/resource_index/packages
[3.153s] copying resource/arduinobot_py_examples -> /home/sksuser/arduinobot_ws/install/arduinobot_py_examples/share/ament_index/resource_index/packages
[3.153s] copying package.xml -> /home/sksuser/arduinobot_ws/install/arduinobot_py_examples/share/arduinobot_py_examples
[3.154s] creating /home/sksuser/arduinobot_ws/install/arduinobot_py_examples/share/arduinobot_py_examples/launch
[3.154s] copying launch/simple_moveit_interface.launch.py -> /home/sksuser/arduinobot_ws/install/arduinobot_py_examples/share/arduinobot_py_examples/launch
[3.154s] running install_egg_info
[3.159s] Copying ../../build/arduinobot_py_examples/arduinobot_py_examples.egg-info to /home/sksuser/arduinobot_ws/install/arduinobot_py_examples/lib/python3.10/site-packages/arduinobot_py_examples-0.0.0-py3.10.egg-info
[3.161s] running install_scripts
[3.213s] Installing simple_action_client script to /home/sksuser/arduinobot_ws/install/arduinobot_py_examples/lib/arduinobot_py_examples
[3.213s] Installing simple_action_server script to /home/sksuser/arduinobot_ws/install/arduinobot_py_examples/lib/arduinobot_py_examples
[3.213s] Installing simple_moveit_interface script to /home/sksuser/arduinobot_ws/install/arduinobot_py_examples/lib/arduinobot_py_examples
[3.214s] Installing simple_parameter script to /home/sksuser/arduinobot_ws/install/arduinobot_py_examples/lib/arduinobot_py_examples
[3.215s] Installing simple_publisher script to /home/sksuser/arduinobot_ws/install/arduinobot_py_examples/lib/arduinobot_py_examples
[3.215s] Installing simple_service_client script to /home/sksuser/arduinobot_ws/install/arduinobot_py_examples/lib/arduinobot_py_examples
[3.215s] Installing simple_service_server script to /home/sksuser/arduinobot_ws/install/arduinobot_py_examples/lib/arduinobot_py_examples
[3.216s] Installing simple_subscriber script to /home/sksuser/arduinobot_ws/install/arduinobot_py_examples/lib/arduinobot_py_examples
[3.217s] writing list of installed files to '/home/sksuser/arduinobot_ws/build/arduinobot_py_examples/install.log'
[3.282s] Invoked command in '/home/sksuser/arduinobot_ws/src/arduinobot_py_examples' returned '0': AMENT_PREFIX_PATH=/home/sksuser/arduinobot_ws/install/arduinobot_msgs:${AMENT_PREFIX_PATH} CMAKE_PREFIX_PATH=/home/sksuser/arduinobot_ws/install/arduinobot_msgs:${CMAKE_PREFIX_PATH} LD_LIBRARY_PATH=/home/sksuser/arduinobot_ws/install/arduinobot_msgs/lib:${LD_LIBRARY_PATH} PYTHONPATH=/home/sksuser/arduinobot_ws/build/arduinobot_py_examples/prefix_override:/usr/lib/python3/dist-packages/colcon_core/task/python/colcon_distutils_commands:/home/sksuser/arduinobot_ws/install/arduinobot_py_examples/lib/python3.10/site-packages:/home/sksuser/arduinobot_ws/install/arduinobot_msgs/local/lib/python3.10/dist-packages:${PYTHONPATH} /usr/bin/python3 -W ignore:setup.py install is deprecated -W ignore:easy_install command is deprecated setup.py egg_info --egg-base ../../build/arduinobot_py_examples build --build-base /home/sksuser/arduinobot_ws/build/arduinobot_py_examples/build install --record /home/sksuser/arduinobot_ws/build/arduinobot_py_examples/install.log --single-version-externally-managed install_data
