[0.165s] DEBUG:colcon:Command line arguments: ['/usr/bin/colcon', 'build']
[0.166s] DEBUG:colcon:Parsed command line arguments: Namespace(log_base=None, log_level=None, verb_name='build', build_base='build', install_base='install', merge_install=False, symlink_install=False, test_result_base=None, continue_on_error=False, executor='parallel', parallel_workers=8, event_handlers=None, ignore_user_meta=False, metas=['./colcon.meta'], base_paths=['.'], packages_ignore=None, packages_ignore_regex=None, paths=None, packages_up_to=None, packages_up_to_regex=None, packages_above=None, packages_above_and_dependencies=None, packages_above_depth=None, packages_select_by_dep=None, packages_skip_by_dep=None, packages_skip_up_to=None, packages_select_build_failed=False, packages_skip_build_finished=False, packages_select_test_failures=False, packages_skip_test_passed=False, packages_select=None, packages_skip=None, packages_select_regex=None, packages_skip_regex=None, packages_start=None, packages_end=None, allow_overriding=[], cmake_args=None, cmake_target=None, cmake_target_skip_unavailable=False, cmake_clean_cache=False, cmake_clean_first=False, cmake_force_configure=False, ament_cmake_args=None, catkin_cmake_args=None, catkin_skip_building_tests=False, mixin_files=None, mixin=None, verb_parser=<colcon_mixin.mixin.mixin_argument.MixinArgumentDecorator object at 0x790cd725afe0>, verb_extension=<colcon_core.verb.build.BuildVerb object at 0x790cd725aa10>, main=<bound method BuildVerb.main of <colcon_core.verb.build.BuildVerb object at 0x790cd725aa10>>, mixin_verb=('build',))
[0.380s] Level 1:colcon.colcon_core.package_discovery:discover_packages(colcon_meta) check parameters
[0.381s] Level 1:colcon.colcon_core.package_discovery:discover_packages(recursive) check parameters
[0.381s] Level 1:colcon.colcon_core.package_discovery:discover_packages(ignore) check parameters
[0.381s] Level 1:colcon.colcon_core.package_discovery:discover_packages(path) check parameters
[0.381s] Level 1:colcon.colcon_core.package_discovery:discover_packages(colcon_meta) discover
[0.381s] Level 1:colcon.colcon_core.package_discovery:discover_packages(recursive) discover
[0.381s] INFO:colcon.colcon_core.package_discovery:Crawling recursively for packages in '/home/sksuser/arduinobot_ws'
[0.381s] Level 1:colcon.colcon_core.package_identification:_identify(.) by extensions ['ignore', 'ignore_ament_install']
[0.381s] Level 1:colcon.colcon_core.package_identification:_identify(.) by extension 'ignore'
[0.381s] Level 1:colcon.colcon_core.package_identification:_identify(.) by extension 'ignore_ament_install'
[0.381s] Level 1:colcon.colcon_core.package_identification:_identify(.) by extensions ['colcon_pkg']
[0.381s] Level 1:colcon.colcon_core.package_identification:_identify(.) by extension 'colcon_pkg'
[0.382s] Level 1:colcon.colcon_core.package_identification:_identify(.) by extensions ['colcon_meta']
[0.382s] Level 1:colcon.colcon_core.package_identification:_identify(.) by extension 'colcon_meta'
[0.382s] Level 1:colcon.colcon_core.package_identification:_identify(.) by extensions ['ros']
[0.382s] Level 1:colcon.colcon_core.package_identification:_identify(.) by extension 'ros'
[0.396s] Level 1:colcon.colcon_core.package_identification:_identify(.) by extensions ['cmake', 'python']
[0.396s] Level 1:colcon.colcon_core.package_identification:_identify(.) by extension 'cmake'
[0.396s] Level 1:colcon.colcon_core.package_identification:_identify(.) by extension 'python'
[0.396s] Level 1:colcon.colcon_core.package_identification:_identify(.) by extensions ['python_setup_py']
[0.396s] Level 1:colcon.colcon_core.package_identification:_identify(.) by extension 'python_setup_py'
[0.397s] Level 1:colcon.colcon_core.package_identification:_identify(build) by extensions ['ignore', 'ignore_ament_install']
[0.397s] Level 1:colcon.colcon_core.package_identification:_identify(build) by extension 'ignore'
[0.397s] Level 1:colcon.colcon_core.package_identification:_identify(build) ignored
[0.397s] Level 1:colcon.colcon_core.package_identification:_identify(install) by extensions ['ignore', 'ignore_ament_install']
[0.397s] Level 1:colcon.colcon_core.package_identification:_identify(install) by extension 'ignore'
[0.397s] Level 1:colcon.colcon_core.package_identification:_identify(install) ignored
[0.397s] Level 1:colcon.colcon_core.package_identification:_identify(log) by extensions ['ignore', 'ignore_ament_install']
[0.398s] Level 1:colcon.colcon_core.package_identification:_identify(log) by extension 'ignore'
[0.398s] Level 1:colcon.colcon_core.package_identification:_identify(log) ignored
[0.398s] Level 1:colcon.colcon_core.package_identification:_identify(src) by extensions ['ignore', 'ignore_ament_install']
[0.398s] Level 1:colcon.colcon_core.package_identification:_identify(src) by extension 'ignore'
[0.398s] Level 1:colcon.colcon_core.package_identification:_identify(src) by extension 'ignore_ament_install'
[0.398s] Level 1:colcon.colcon_core.package_identification:_identify(src) by extensions ['colcon_pkg']
[0.398s] Level 1:colcon.colcon_core.package_identification:_identify(src) by extension 'colcon_pkg'
[0.398s] Level 1:colcon.colcon_core.package_identification:_identify(src) by extensions ['colcon_meta']
[0.398s] Level 1:colcon.colcon_core.package_identification:_identify(src) by extension 'colcon_meta'
[0.398s] Level 1:colcon.colcon_core.package_identification:_identify(src) by extensions ['ros']
[0.398s] Level 1:colcon.colcon_core.package_identification:_identify(src) by extension 'ros'
[0.398s] Level 1:colcon.colcon_core.package_identification:_identify(src) by extensions ['cmake', 'python']
[0.398s] Level 1:colcon.colcon_core.package_identification:_identify(src) by extension 'cmake'
[0.398s] Level 1:colcon.colcon_core.package_identification:_identify(src) by extension 'python'
[0.399s] Level 1:colcon.colcon_core.package_identification:_identify(src) by extensions ['python_setup_py']
[0.399s] Level 1:colcon.colcon_core.package_identification:_identify(src) by extension 'python_setup_py'
[0.399s] Level 1:colcon.colcon_core.package_identification:_identify(src/arduinobot_controller) by extensions ['ignore', 'ignore_ament_install']
[0.399s] Level 1:colcon.colcon_core.package_identification:_identify(src/arduinobot_controller) by extension 'ignore'
[0.399s] Level 1:colcon.colcon_core.package_identification:_identify(src/arduinobot_controller) by extension 'ignore_ament_install'
[0.399s] Level 1:colcon.colcon_core.package_identification:_identify(src/arduinobot_controller) by extensions ['colcon_pkg']
[0.399s] Level 1:colcon.colcon_core.package_identification:_identify(src/arduinobot_controller) by extension 'colcon_pkg'
[0.399s] Level 1:colcon.colcon_core.package_identification:_identify(src/arduinobot_controller) by extensions ['colcon_meta']
[0.399s] Level 1:colcon.colcon_core.package_identification:_identify(src/arduinobot_controller) by extension 'colcon_meta'
[0.399s] Level 1:colcon.colcon_core.package_identification:_identify(src/arduinobot_controller) by extensions ['ros']
[0.399s] Level 1:colcon.colcon_core.package_identification:_identify(src/arduinobot_controller) by extension 'ros'
[0.403s] DEBUG:colcon.colcon_core.package_identification:Package 'src/arduinobot_controller' with type 'ros.ament_cmake' and name 'arduinobot_controller'
[0.403s] Level 1:colcon.colcon_core.package_identification:_identify(src/arduinobot_cpp_example) by extensions ['ignore', 'ignore_ament_install']
[0.403s] Level 1:colcon.colcon_core.package_identification:_identify(src/arduinobot_cpp_example) by extension 'ignore'
[0.404s] Level 1:colcon.colcon_core.package_identification:_identify(src/arduinobot_cpp_example) by extension 'ignore_ament_install'
[0.404s] Level 1:colcon.colcon_core.package_identification:_identify(src/arduinobot_cpp_example) by extensions ['colcon_pkg']
[0.404s] Level 1:colcon.colcon_core.package_identification:_identify(src/arduinobot_cpp_example) by extension 'colcon_pkg'
[0.404s] Level 1:colcon.colcon_core.package_identification:_identify(src/arduinobot_cpp_example) by extensions ['colcon_meta']
[0.404s] Level 1:colcon.colcon_core.package_identification:_identify(src/arduinobot_cpp_example) by extension 'colcon_meta'
[0.404s] Level 1:colcon.colcon_core.package_identification:_identify(src/arduinobot_cpp_example) by extensions ['ros']
[0.404s] Level 1:colcon.colcon_core.package_identification:_identify(src/arduinobot_cpp_example) by extension 'ros'
[0.405s] DEBUG:colcon.colcon_core.package_identification:Package 'src/arduinobot_cpp_example' with type 'ros.ament_cmake' and name 'arduinobot_cpp_example'
[0.405s] Level 1:colcon.colcon_core.package_identification:_identify(src/arduinobot_description) by extensions ['ignore', 'ignore_ament_install']
[0.406s] Level 1:colcon.colcon_core.package_identification:_identify(src/arduinobot_description) by extension 'ignore'
[0.407s] Level 1:colcon.colcon_core.package_identification:_identify(src/arduinobot_description) by extension 'ignore_ament_install'
[0.407s] Level 1:colcon.colcon_core.package_identification:_identify(src/arduinobot_description) by extensions ['colcon_pkg']
[0.407s] Level 1:colcon.colcon_core.package_identification:_identify(src/arduinobot_description) by extension 'colcon_pkg'
[0.407s] Level 1:colcon.colcon_core.package_identification:_identify(src/arduinobot_description) by extensions ['colcon_meta']
[0.407s] Level 1:colcon.colcon_core.package_identification:_identify(src/arduinobot_description) by extension 'colcon_meta'
[0.407s] Level 1:colcon.colcon_core.package_identification:_identify(src/arduinobot_description) by extensions ['ros']
[0.407s] Level 1:colcon.colcon_core.package_identification:_identify(src/arduinobot_description) by extension 'ros'
[0.408s] DEBUG:colcon.colcon_core.package_identification:Package 'src/arduinobot_description' with type 'ros.ament_cmake' and name 'arduinobot_description'
[0.408s] Level 1:colcon.colcon_core.package_identification:_identify(src/arduinobot_moveit) by extensions ['ignore', 'ignore_ament_install']
[0.408s] Level 1:colcon.colcon_core.package_identification:_identify(src/arduinobot_moveit) by extension 'ignore'
[0.408s] Level 1:colcon.colcon_core.package_identification:_identify(src/arduinobot_moveit) by extension 'ignore_ament_install'
[0.408s] Level 1:colcon.colcon_core.package_identification:_identify(src/arduinobot_moveit) by extensions ['colcon_pkg']
[0.409s] Level 1:colcon.colcon_core.package_identification:_identify(src/arduinobot_moveit) by extension 'colcon_pkg'
[0.409s] Level 1:colcon.colcon_core.package_identification:_identify(src/arduinobot_moveit) by extensions ['colcon_meta']
[0.409s] Level 1:colcon.colcon_core.package_identification:_identify(src/arduinobot_moveit) by extension 'colcon_meta'
[0.409s] Level 1:colcon.colcon_core.package_identification:_identify(src/arduinobot_moveit) by extensions ['ros']
[0.409s] Level 1:colcon.colcon_core.package_identification:_identify(src/arduinobot_moveit) by extension 'ros'
[0.410s] DEBUG:colcon.colcon_core.package_identification:Package 'src/arduinobot_moveit' with type 'ros.ament_cmake' and name 'arduinobot_moveit'
[0.410s] Level 1:colcon.colcon_core.package_identification:_identify(src/arduinobot_msgs) by extensions ['ignore', 'ignore_ament_install']
[0.410s] Level 1:colcon.colcon_core.package_identification:_identify(src/arduinobot_msgs) by extension 'ignore'
[0.410s] Level 1:colcon.colcon_core.package_identification:_identify(src/arduinobot_msgs) by extension 'ignore_ament_install'
[0.410s] Level 1:colcon.colcon_core.package_identification:_identify(src/arduinobot_msgs) by extensions ['colcon_pkg']
[0.410s] Level 1:colcon.colcon_core.package_identification:_identify(src/arduinobot_msgs) by extension 'colcon_pkg'
[0.410s] Level 1:colcon.colcon_core.package_identification:_identify(src/arduinobot_msgs) by extensions ['colcon_meta']
[0.410s] Level 1:colcon.colcon_core.package_identification:_identify(src/arduinobot_msgs) by extension 'colcon_meta'
[0.410s] Level 1:colcon.colcon_core.package_identification:_identify(src/arduinobot_msgs) by extensions ['ros']
[0.410s] Level 1:colcon.colcon_core.package_identification:_identify(src/arduinobot_msgs) by extension 'ros'
[0.411s] DEBUG:colcon.colcon_core.package_identification:Package 'src/arduinobot_msgs' with type 'ros.ament_cmake' and name 'arduinobot_msgs'
[0.411s] Level 1:colcon.colcon_core.package_identification:_identify(src/arduinobot_py_example) by extensions ['ignore', 'ignore_ament_install']
[0.411s] Level 1:colcon.colcon_core.package_identification:_identify(src/arduinobot_py_example) by extension 'ignore'
[0.412s] Level 1:colcon.colcon_core.package_identification:_identify(src/arduinobot_py_example) by extension 'ignore_ament_install'
[0.412s] Level 1:colcon.colcon_core.package_identification:_identify(src/arduinobot_py_example) by extensions ['colcon_pkg']
[0.412s] Level 1:colcon.colcon_core.package_identification:_identify(src/arduinobot_py_example) by extension 'colcon_pkg'
[0.412s] Level 1:colcon.colcon_core.package_identification:_identify(src/arduinobot_py_example) by extensions ['colcon_meta']
[0.412s] Level 1:colcon.colcon_core.package_identification:_identify(src/arduinobot_py_example) by extension 'colcon_meta'
[0.412s] Level 1:colcon.colcon_core.package_identification:_identify(src/arduinobot_py_example) by extensions ['ros']
[0.412s] Level 1:colcon.colcon_core.package_identification:_identify(src/arduinobot_py_example) by extension 'ros'
[0.413s] DEBUG:colcon.colcon_core.package_identification:Package 'src/arduinobot_py_example' with type 'ros.ament_python' and name 'arduinobot_py_example'
[0.413s] Level 1:colcon.colcon_core.package_identification:_identify(src/arduinobot_utils) by extensions ['ignore', 'ignore_ament_install']
[0.413s] Level 1:colcon.colcon_core.package_identification:_identify(src/arduinobot_utils) by extension 'ignore'
[0.413s] Level 1:colcon.colcon_core.package_identification:_identify(src/arduinobot_utils) by extension 'ignore_ament_install'
[0.413s] Level 1:colcon.colcon_core.package_identification:_identify(src/arduinobot_utils) by extensions ['colcon_pkg']
[0.413s] Level 1:colcon.colcon_core.package_identification:_identify(src/arduinobot_utils) by extension 'colcon_pkg'
[0.414s] Level 1:colcon.colcon_core.package_identification:_identify(src/arduinobot_utils) by extensions ['colcon_meta']
[0.414s] Level 1:colcon.colcon_core.package_identification:_identify(src/arduinobot_utils) by extension 'colcon_meta'
[0.414s] Level 1:colcon.colcon_core.package_identification:_identify(src/arduinobot_utils) by extensions ['ros']
[0.414s] Level 1:colcon.colcon_core.package_identification:_identify(src/arduinobot_utils) by extension 'ros'
[0.415s] DEBUG:colcon.colcon_core.package_identification:Package 'src/arduinobot_utils' with type 'ros.ament_cmake' and name 'arduinobot_utils'
[0.415s] Level 1:colcon.colcon_core.package_identification:_identify(src/demo_robot) by extensions ['ignore', 'ignore_ament_install']
[0.415s] Level 1:colcon.colcon_core.package_identification:_identify(src/demo_robot) by extension 'ignore'
[0.415s] Level 1:colcon.colcon_core.package_identification:_identify(src/demo_robot) by extension 'ignore_ament_install'
[0.415s] Level 1:colcon.colcon_core.package_identification:_identify(src/demo_robot) by extensions ['colcon_pkg']
[0.415s] Level 1:colcon.colcon_core.package_identification:_identify(src/demo_robot) by extension 'colcon_pkg'
[0.415s] Level 1:colcon.colcon_core.package_identification:_identify(src/demo_robot) by extensions ['colcon_meta']
[0.415s] Level 1:colcon.colcon_core.package_identification:_identify(src/demo_robot) by extension 'colcon_meta'
[0.416s] Level 1:colcon.colcon_core.package_identification:_identify(src/demo_robot) by extensions ['ros']
[0.416s] Level 1:colcon.colcon_core.package_identification:_identify(src/demo_robot) by extension 'ros'
[0.416s] Level 1:colcon.colcon_core.package_identification:_identify(src/demo_robot) by extensions ['cmake', 'python']
[0.416s] Level 1:colcon.colcon_core.package_identification:_identify(src/demo_robot) by extension 'cmake'
[0.416s] Level 1:colcon.colcon_core.package_identification:_identify(src/demo_robot) by extension 'python'
[0.416s] Level 1:colcon.colcon_core.package_identification:_identify(src/demo_robot) by extensions ['python_setup_py']
[0.416s] Level 1:colcon.colcon_core.package_identification:_identify(src/demo_robot) by extension 'python_setup_py'
[0.416s] Level 1:colcon.colcon_core.package_identification:_identify(src/demo_robot/urdf) by extensions ['ignore', 'ignore_ament_install']
[0.416s] Level 1:colcon.colcon_core.package_identification:_identify(src/demo_robot/urdf) by extension 'ignore'
[0.416s] Level 1:colcon.colcon_core.package_identification:_identify(src/demo_robot/urdf) by extension 'ignore_ament_install'
[0.416s] Level 1:colcon.colcon_core.package_identification:_identify(src/demo_robot/urdf) by extensions ['colcon_pkg']
[0.416s] Level 1:colcon.colcon_core.package_identification:_identify(src/demo_robot/urdf) by extension 'colcon_pkg'
[0.417s] Level 1:colcon.colcon_core.package_identification:_identify(src/demo_robot/urdf) by extensions ['colcon_meta']
[0.417s] Level 1:colcon.colcon_core.package_identification:_identify(src/demo_robot/urdf) by extension 'colcon_meta'
[0.417s] Level 1:colcon.colcon_core.package_identification:_identify(src/demo_robot/urdf) by extensions ['ros']
[0.417s] Level 1:colcon.colcon_core.package_identification:_identify(src/demo_robot/urdf) by extension 'ros'
[0.417s] Level 1:colcon.colcon_core.package_identification:_identify(src/demo_robot/urdf) by extensions ['cmake', 'python']
[0.417s] Level 1:colcon.colcon_core.package_identification:_identify(src/demo_robot/urdf) by extension 'cmake'
[0.417s] Level 1:colcon.colcon_core.package_identification:_identify(src/demo_robot/urdf) by extension 'python'
[0.417s] Level 1:colcon.colcon_core.package_identification:_identify(src/demo_robot/urdf) by extensions ['python_setup_py']
[0.417s] Level 1:colcon.colcon_core.package_identification:_identify(src/demo_robot/urdf) by extension 'python_setup_py'
[0.417s] Level 1:colcon.colcon_core.package_discovery:discover_packages(recursive) using defaults
[0.417s] Level 1:colcon.colcon_core.package_discovery:discover_packages(ignore) discover
[0.417s] Level 1:colcon.colcon_core.package_discovery:discover_packages(ignore) using defaults
[0.417s] Level 1:colcon.colcon_core.package_discovery:discover_packages(path) discover
[0.417s] Level 1:colcon.colcon_core.package_discovery:discover_packages(path) using defaults
[0.453s] Level 1:colcon.colcon_core.package_discovery:discover_packages(prefix_path) check parameters
[0.453s] Level 1:colcon.colcon_core.package_discovery:discover_packages(prefix_path) discover
[0.457s] DEBUG:colcon.colcon_installed_package_information.package_discovery:Found 2 installed packages in /home/sksuser/my_robot_ws/install
[0.459s] DEBUG:colcon.colcon_installed_package_information.package_discovery:Found 381 installed packages in /opt/ros/humble
[0.461s] Level 1:colcon.colcon_core.package_discovery:discover_packages(prefix_path) using defaults
[0.516s] Level 5:colcon.colcon_core.verb:set package 'arduinobot_controller' build argument 'cmake_args' from command line to 'None'
[0.516s] Level 5:colcon.colcon_core.verb:set package 'arduinobot_controller' build argument 'cmake_target' from command line to 'None'
[0.516s] Level 5:colcon.colcon_core.verb:set package 'arduinobot_controller' build argument 'cmake_target_skip_unavailable' from command line to 'False'
[0.516s] Level 5:colcon.colcon_core.verb:set package 'arduinobot_controller' build argument 'cmake_clean_cache' from command line to 'False'
[0.516s] Level 5:colcon.colcon_core.verb:set package 'arduinobot_controller' build argument 'cmake_clean_first' from command line to 'False'
[0.516s] Level 5:colcon.colcon_core.verb:set package 'arduinobot_controller' build argument 'cmake_force_configure' from command line to 'False'
[0.516s] Level 5:colcon.colcon_core.verb:set package 'arduinobot_controller' build argument 'ament_cmake_args' from command line to 'None'
[0.516s] Level 5:colcon.colcon_core.verb:set package 'arduinobot_controller' build argument 'catkin_cmake_args' from command line to 'None'
[0.516s] Level 5:colcon.colcon_core.verb:set package 'arduinobot_controller' build argument 'catkin_skip_building_tests' from command line to 'False'
[0.516s] DEBUG:colcon.colcon_core.verb:Building package 'arduinobot_controller' with the following arguments: {'ament_cmake_args': None, 'build_base': '/home/sksuser/arduinobot_ws/build/arduinobot_controller', 'catkin_cmake_args': None, 'catkin_skip_building_tests': False, 'cmake_args': None, 'cmake_clean_cache': False, 'cmake_clean_first': False, 'cmake_force_configure': False, 'cmake_target': None, 'cmake_target_skip_unavailable': False, 'install_base': '/home/sksuser/arduinobot_ws/install/arduinobot_controller', 'merge_install': False, 'path': '/home/sksuser/arduinobot_ws/src/arduinobot_controller', 'symlink_install': False, 'test_result_base': None}
[0.516s] Level 5:colcon.colcon_core.verb:set package 'arduinobot_cpp_example' build argument 'cmake_args' from command line to 'None'
[0.516s] Level 5:colcon.colcon_core.verb:set package 'arduinobot_cpp_example' build argument 'cmake_target' from command line to 'None'
[0.517s] Level 5:colcon.colcon_core.verb:set package 'arduinobot_cpp_example' build argument 'cmake_target_skip_unavailable' from command line to 'False'
[0.517s] Level 5:colcon.colcon_core.verb:set package 'arduinobot_cpp_example' build argument 'cmake_clean_cache' from command line to 'False'
[0.517s] Level 5:colcon.colcon_core.verb:set package 'arduinobot_cpp_example' build argument 'cmake_clean_first' from command line to 'False'
[0.517s] Level 5:colcon.colcon_core.verb:set package 'arduinobot_cpp_example' build argument 'cmake_force_configure' from command line to 'False'
[0.517s] Level 5:colcon.colcon_core.verb:set package 'arduinobot_cpp_example' build argument 'ament_cmake_args' from command line to 'None'
[0.517s] Level 5:colcon.colcon_core.verb:set package 'arduinobot_cpp_example' build argument 'catkin_cmake_args' from command line to 'None'
[0.517s] Level 5:colcon.colcon_core.verb:set package 'arduinobot_cpp_example' build argument 'catkin_skip_building_tests' from command line to 'False'
[0.517s] DEBUG:colcon.colcon_core.verb:Building package 'arduinobot_cpp_example' with the following arguments: {'ament_cmake_args': None, 'build_base': '/home/sksuser/arduinobot_ws/build/arduinobot_cpp_example', 'catkin_cmake_args': None, 'catkin_skip_building_tests': False, 'cmake_args': None, 'cmake_clean_cache': False, 'cmake_clean_first': False, 'cmake_force_configure': False, 'cmake_target': None, 'cmake_target_skip_unavailable': False, 'install_base': '/home/sksuser/arduinobot_ws/install/arduinobot_cpp_example', 'merge_install': False, 'path': '/home/sksuser/arduinobot_ws/src/arduinobot_cpp_example', 'symlink_install': False, 'test_result_base': None}
[0.517s] Level 5:colcon.colcon_core.verb:set package 'arduinobot_description' build argument 'cmake_args' from command line to 'None'
[0.517s] Level 5:colcon.colcon_core.verb:set package 'arduinobot_description' build argument 'cmake_target' from command line to 'None'
[0.517s] Level 5:colcon.colcon_core.verb:set package 'arduinobot_description' build argument 'cmake_target_skip_unavailable' from command line to 'False'
[0.517s] Level 5:colcon.colcon_core.verb:set package 'arduinobot_description' build argument 'cmake_clean_cache' from command line to 'False'
[0.517s] Level 5:colcon.colcon_core.verb:set package 'arduinobot_description' build argument 'cmake_clean_first' from command line to 'False'
[0.517s] Level 5:colcon.colcon_core.verb:set package 'arduinobot_description' build argument 'cmake_force_configure' from command line to 'False'
[0.517s] Level 5:colcon.colcon_core.verb:set package 'arduinobot_description' build argument 'ament_cmake_args' from command line to 'None'
[0.517s] Level 5:colcon.colcon_core.verb:set package 'arduinobot_description' build argument 'catkin_cmake_args' from command line to 'None'
[0.517s] Level 5:colcon.colcon_core.verb:set package 'arduinobot_description' build argument 'catkin_skip_building_tests' from command line to 'False'
[0.517s] DEBUG:colcon.colcon_core.verb:Building package 'arduinobot_description' with the following arguments: {'ament_cmake_args': None, 'build_base': '/home/sksuser/arduinobot_ws/build/arduinobot_description', 'catkin_cmake_args': None, 'catkin_skip_building_tests': False, 'cmake_args': None, 'cmake_clean_cache': False, 'cmake_clean_first': False, 'cmake_force_configure': False, 'cmake_target': None, 'cmake_target_skip_unavailable': False, 'install_base': '/home/sksuser/arduinobot_ws/install/arduinobot_description', 'merge_install': False, 'path': '/home/sksuser/arduinobot_ws/src/arduinobot_description', 'symlink_install': False, 'test_result_base': None}
[0.518s] Level 5:colcon.colcon_core.verb:set package 'arduinobot_moveit' build argument 'cmake_args' from command line to 'None'
[0.518s] Level 5:colcon.colcon_core.verb:set package 'arduinobot_moveit' build argument 'cmake_target' from command line to 'None'
[0.518s] Level 5:colcon.colcon_core.verb:set package 'arduinobot_moveit' build argument 'cmake_target_skip_unavailable' from command line to 'False'
[0.518s] Level 5:colcon.colcon_core.verb:set package 'arduinobot_moveit' build argument 'cmake_clean_cache' from command line to 'False'
[0.518s] Level 5:colcon.colcon_core.verb:set package 'arduinobot_moveit' build argument 'cmake_clean_first' from command line to 'False'
[0.518s] Level 5:colcon.colcon_core.verb:set package 'arduinobot_moveit' build argument 'cmake_force_configure' from command line to 'False'
[0.518s] Level 5:colcon.colcon_core.verb:set package 'arduinobot_moveit' build argument 'ament_cmake_args' from command line to 'None'
[0.518s] Level 5:colcon.colcon_core.verb:set package 'arduinobot_moveit' build argument 'catkin_cmake_args' from command line to 'None'
[0.518s] Level 5:colcon.colcon_core.verb:set package 'arduinobot_moveit' build argument 'catkin_skip_building_tests' from command line to 'False'
[0.518s] DEBUG:colcon.colcon_core.verb:Building package 'arduinobot_moveit' with the following arguments: {'ament_cmake_args': None, 'build_base': '/home/sksuser/arduinobot_ws/build/arduinobot_moveit', 'catkin_cmake_args': None, 'catkin_skip_building_tests': False, 'cmake_args': None, 'cmake_clean_cache': False, 'cmake_clean_first': False, 'cmake_force_configure': False, 'cmake_target': None, 'cmake_target_skip_unavailable': False, 'install_base': '/home/sksuser/arduinobot_ws/install/arduinobot_moveit', 'merge_install': False, 'path': '/home/sksuser/arduinobot_ws/src/arduinobot_moveit', 'symlink_install': False, 'test_result_base': None}
[0.519s] Level 5:colcon.colcon_core.verb:set package 'arduinobot_msgs' build argument 'cmake_args' from command line to 'None'
[0.519s] Level 5:colcon.colcon_core.verb:set package 'arduinobot_msgs' build argument 'cmake_target' from command line to 'None'
[0.519s] Level 5:colcon.colcon_core.verb:set package 'arduinobot_msgs' build argument 'cmake_target_skip_unavailable' from command line to 'False'
[0.519s] Level 5:colcon.colcon_core.verb:set package 'arduinobot_msgs' build argument 'cmake_clean_cache' from command line to 'False'
[0.519s] Level 5:colcon.colcon_core.verb:set package 'arduinobot_msgs' build argument 'cmake_clean_first' from command line to 'False'
[0.519s] Level 5:colcon.colcon_core.verb:set package 'arduinobot_msgs' build argument 'cmake_force_configure' from command line to 'False'
[0.519s] Level 5:colcon.colcon_core.verb:set package 'arduinobot_msgs' build argument 'ament_cmake_args' from command line to 'None'
[0.519s] Level 5:colcon.colcon_core.verb:set package 'arduinobot_msgs' build argument 'catkin_cmake_args' from command line to 'None'
[0.519s] Level 5:colcon.colcon_core.verb:set package 'arduinobot_msgs' build argument 'catkin_skip_building_tests' from command line to 'False'
[0.519s] DEBUG:colcon.colcon_core.verb:Building package 'arduinobot_msgs' with the following arguments: {'ament_cmake_args': None, 'build_base': '/home/sksuser/arduinobot_ws/build/arduinobot_msgs', 'catkin_cmake_args': None, 'catkin_skip_building_tests': False, 'cmake_args': None, 'cmake_clean_cache': False, 'cmake_clean_first': False, 'cmake_force_configure': False, 'cmake_target': None, 'cmake_target_skip_unavailable': False, 'install_base': '/home/sksuser/arduinobot_ws/install/arduinobot_msgs', 'merge_install': False, 'path': '/home/sksuser/arduinobot_ws/src/arduinobot_msgs', 'symlink_install': False, 'test_result_base': None}
[0.519s] Level 5:colcon.colcon_core.verb:set package 'arduinobot_py_example' build argument 'cmake_args' from command line to 'None'
[0.519s] Level 5:colcon.colcon_core.verb:set package 'arduinobot_py_example' build argument 'cmake_target' from command line to 'None'
[0.519s] Level 5:colcon.colcon_core.verb:set package 'arduinobot_py_example' build argument 'cmake_target_skip_unavailable' from command line to 'False'
[0.520s] Level 5:colcon.colcon_core.verb:set package 'arduinobot_py_example' build argument 'cmake_clean_cache' from command line to 'False'
[0.520s] Level 5:colcon.colcon_core.verb:set package 'arduinobot_py_example' build argument 'cmake_clean_first' from command line to 'False'
[0.520s] Level 5:colcon.colcon_core.verb:set package 'arduinobot_py_example' build argument 'cmake_force_configure' from command line to 'False'
[0.520s] Level 5:colcon.colcon_core.verb:set package 'arduinobot_py_example' build argument 'ament_cmake_args' from command line to 'None'
[0.520s] Level 5:colcon.colcon_core.verb:set package 'arduinobot_py_example' build argument 'catkin_cmake_args' from command line to 'None'
[0.520s] Level 5:colcon.colcon_core.verb:set package 'arduinobot_py_example' build argument 'catkin_skip_building_tests' from command line to 'False'
[0.520s] DEBUG:colcon.colcon_core.verb:Building package 'arduinobot_py_example' with the following arguments: {'ament_cmake_args': None, 'build_base': '/home/sksuser/arduinobot_ws/build/arduinobot_py_example', 'catkin_cmake_args': None, 'catkin_skip_building_tests': False, 'cmake_args': None, 'cmake_clean_cache': False, 'cmake_clean_first': False, 'cmake_force_configure': False, 'cmake_target': None, 'cmake_target_skip_unavailable': False, 'install_base': '/home/sksuser/arduinobot_ws/install/arduinobot_py_example', 'merge_install': False, 'path': '/home/sksuser/arduinobot_ws/src/arduinobot_py_example', 'symlink_install': False, 'test_result_base': None}
[0.520s] Level 5:colcon.colcon_core.verb:set package 'arduinobot_utils' build argument 'cmake_args' from command line to 'None'
[0.520s] Level 5:colcon.colcon_core.verb:set package 'arduinobot_utils' build argument 'cmake_target' from command line to 'None'
[0.520s] Level 5:colcon.colcon_core.verb:set package 'arduinobot_utils' build argument 'cmake_target_skip_unavailable' from command line to 'False'
[0.520s] Level 5:colcon.colcon_core.verb:set package 'arduinobot_utils' build argument 'cmake_clean_cache' from command line to 'False'
[0.520s] Level 5:colcon.colcon_core.verb:set package 'arduinobot_utils' build argument 'cmake_clean_first' from command line to 'False'
[0.520s] Level 5:colcon.colcon_core.verb:set package 'arduinobot_utils' build argument 'cmake_force_configure' from command line to 'False'
[0.520s] Level 5:colcon.colcon_core.verb:set package 'arduinobot_utils' build argument 'ament_cmake_args' from command line to 'None'
[0.520s] Level 5:colcon.colcon_core.verb:set package 'arduinobot_utils' build argument 'catkin_cmake_args' from command line to 'None'
[0.520s] Level 5:colcon.colcon_core.verb:set package 'arduinobot_utils' build argument 'catkin_skip_building_tests' from command line to 'False'
[0.520s] DEBUG:colcon.colcon_core.verb:Building package 'arduinobot_utils' with the following arguments: {'ament_cmake_args': None, 'build_base': '/home/sksuser/arduinobot_ws/build/arduinobot_utils', 'catkin_cmake_args': None, 'catkin_skip_building_tests': False, 'cmake_args': None, 'cmake_clean_cache': False, 'cmake_clean_first': False, 'cmake_force_configure': False, 'cmake_target': None, 'cmake_target_skip_unavailable': False, 'install_base': '/home/sksuser/arduinobot_ws/install/arduinobot_utils', 'merge_install': False, 'path': '/home/sksuser/arduinobot_ws/src/arduinobot_utils', 'symlink_install': False, 'test_result_base': None}
[0.521s] INFO:colcon.colcon_core.executor:Executing jobs using 'parallel' executor
[0.523s] DEBUG:colcon.colcon_parallel_executor.executor.parallel:run_until_complete
[0.523s] INFO:colcon.colcon_ros.task.ament_cmake.build:Building ROS package in '/home/sksuser/arduinobot_ws/src/arduinobot_msgs' with build type 'ament_cmake'
[0.525s] INFO:colcon.colcon_cmake.task.cmake.build:Building CMake package in '/home/sksuser/arduinobot_ws/src/arduinobot_msgs'
[0.530s] INFO:colcon.colcon_core.plugin_system:Skipping extension 'colcon_core.shell.bat': Not used on non-Windows systems
[0.530s] INFO:colcon.colcon_core.shell:Skip shell extension 'powershell' for command environment: Not usable outside of PowerShell
[0.530s] DEBUG:colcon.colcon_core.shell:Skip shell extension 'dsv' for command environment
[0.535s] INFO:colcon.colcon_ros.task.ament_cmake.build:Building ROS package in '/home/sksuser/arduinobot_ws/src/arduinobot_controller' with build type 'ament_cmake'
[0.535s] INFO:colcon.colcon_cmake.task.cmake.build:Building CMake package in '/home/sksuser/arduinobot_ws/src/arduinobot_controller'
[0.536s] INFO:colcon.colcon_core.shell:Skip shell extension 'powershell' for command environment: Not usable outside of PowerShell
[0.536s] DEBUG:colcon.colcon_core.shell:Skip shell extension 'dsv' for command environment
[0.543s] INFO:colcon.colcon_ros.task.ament_cmake.build:Building ROS package in '/home/sksuser/arduinobot_ws/src/arduinobot_cpp_example' with build type 'ament_cmake'
[0.543s] INFO:colcon.colcon_cmake.task.cmake.build:Building CMake package in '/home/sksuser/arduinobot_ws/src/arduinobot_cpp_example'
[0.544s] INFO:colcon.colcon_core.shell:Skip shell extension 'powershell' for command environment: Not usable outside of PowerShell
[0.544s] DEBUG:colcon.colcon_core.shell:Skip shell extension 'dsv' for command environment
[0.549s] INFO:colcon.colcon_ros.task.ament_cmake.build:Building ROS package in '/home/sksuser/arduinobot_ws/src/arduinobot_description' with build type 'ament_cmake'
[0.549s] INFO:colcon.colcon_cmake.task.cmake.build:Building CMake package in '/home/sksuser/arduinobot_ws/src/arduinobot_description'
[0.550s] INFO:colcon.colcon_core.shell:Skip shell extension 'powershell' for command environment: Not usable outside of PowerShell
[0.550s] DEBUG:colcon.colcon_core.shell:Skip shell extension 'dsv' for command environment
[0.558s] INFO:colcon.colcon_ros.task.ament_cmake.build:Building ROS package in '/home/sksuser/arduinobot_ws/src/arduinobot_moveit' with build type 'ament_cmake'
[0.558s] INFO:colcon.colcon_cmake.task.cmake.build:Building CMake package in '/home/sksuser/arduinobot_ws/src/arduinobot_moveit'
[0.559s] INFO:colcon.colcon_core.shell:Skip shell extension 'powershell' for command environment: Not usable outside of PowerShell
[0.559s] DEBUG:colcon.colcon_core.shell:Skip shell extension 'dsv' for command environment
[0.576s] DEBUG:colcon.colcon_core.event_handler.log_command:Invoking command in '/home/sksuser/arduinobot_ws/build/arduinobot_msgs': CMAKE_PREFIX_PATH=${CMAKE_PREFIX_PATH}:/opt/ros/humble /usr/bin/cmake --build /home/sksuser/arduinobot_ws/build/arduinobot_msgs -- -j8 -l8
[0.584s] DEBUG:colcon.colcon_core.event_handler.log_command:Invoking command in '/home/sksuser/arduinobot_ws/build/arduinobot_controller': CMAKE_PREFIX_PATH=${CMAKE_PREFIX_PATH}:/opt/ros/humble /usr/bin/cmake --build /home/sksuser/arduinobot_ws/build/arduinobot_controller -- -j8 -l8
[0.590s] DEBUG:colcon.colcon_core.event_handler.log_command:Invoking command in '/home/sksuser/arduinobot_ws/build/arduinobot_cpp_example': CMAKE_PREFIX_PATH=${CMAKE_PREFIX_PATH}:/opt/ros/humble /usr/bin/cmake --build /home/sksuser/arduinobot_ws/build/arduinobot_cpp_example -- -j8 -l8
[0.600s] DEBUG:colcon.colcon_core.event_handler.log_command:Invoking command in '/home/sksuser/arduinobot_ws/build/arduinobot_description': CMAKE_PREFIX_PATH=${CMAKE_PREFIX_PATH}:/opt/ros/humble /usr/bin/cmake --build /home/sksuser/arduinobot_ws/build/arduinobot_description -- -j8 -l8
[0.608s] DEBUG:colcon.colcon_core.event_handler.log_command:Invoking command in '/home/sksuser/arduinobot_ws/build/arduinobot_moveit': CMAKE_PREFIX_PATH=${CMAKE_PREFIX_PATH}:/opt/ros/humble /usr/bin/cmake --build /home/sksuser/arduinobot_ws/build/arduinobot_moveit -- -j8 -l8
[0.673s] DEBUG:colcon.colcon_core.event_handler.log_command:Invoked command in '/home/sksuser/arduinobot_ws/build/arduinobot_controller' returned '0': CMAKE_PREFIX_PATH=${CMAKE_PREFIX_PATH}:/opt/ros/humble /usr/bin/cmake --build /home/sksuser/arduinobot_ws/build/arduinobot_controller -- -j8 -l8
[0.696s] DEBUG:colcon.colcon_core.event_handler.log_command:Invoking command in '/home/sksuser/arduinobot_ws/build/arduinobot_controller': CMAKE_PREFIX_PATH=${CMAKE_PREFIX_PATH}:/opt/ros/humble /usr/bin/cmake --install /home/sksuser/arduinobot_ws/build/arduinobot_controller
[0.705s] DEBUG:colcon.colcon_core.event_handler.log_command:Invoked command in '/home/sksuser/arduinobot_ws/build/arduinobot_moveit' returned '0': CMAKE_PREFIX_PATH=${CMAKE_PREFIX_PATH}:/opt/ros/humble /usr/bin/cmake --build /home/sksuser/arduinobot_ws/build/arduinobot_moveit -- -j8 -l8
[0.710s] DEBUG:colcon.colcon_core.event_handler.log_command:Invoking command in '/home/sksuser/arduinobot_ws/build/arduinobot_moveit': CMAKE_PREFIX_PATH=${CMAKE_PREFIX_PATH}:/opt/ros/humble /usr/bin/cmake --install /home/sksuser/arduinobot_ws/build/arduinobot_moveit
[0.715s] DEBUG:colcon.colcon_core.event_handler.log_command:Invoked command in '/home/sksuser/arduinobot_ws/build/arduinobot_description' returned '0': CMAKE_PREFIX_PATH=${CMAKE_PREFIX_PATH}:/opt/ros/humble /usr/bin/cmake --build /home/sksuser/arduinobot_ws/build/arduinobot_description -- -j8 -l8
[0.723s] DEBUG:colcon.colcon_core.event_handler.log_command:Invoking command in '/home/sksuser/arduinobot_ws/build/arduinobot_description': CMAKE_PREFIX_PATH=${CMAKE_PREFIX_PATH}:/opt/ros/humble /usr/bin/cmake --install /home/sksuser/arduinobot_ws/build/arduinobot_description
[0.750s] Level 1:colcon.colcon_core.environment:create_environment_scripts_only(arduinobot_controller)
[0.761s] DEBUG:colcon.colcon_core.event_handler.log_command:Invoked command in '/home/sksuser/arduinobot_ws/build/arduinobot_controller' returned '0': CMAKE_PREFIX_PATH=${CMAKE_PREFIX_PATH}:/opt/ros/humble /usr/bin/cmake --install /home/sksuser/arduinobot_ws/build/arduinobot_controller
[0.781s] Level 1:colcon.colcon_core.environment:checking '/home/sksuser/arduinobot_ws/install/arduinobot_controller' for CMake module files
[0.785s] Level 1:colcon.colcon_core.environment:checking '/home/sksuser/arduinobot_ws/install/arduinobot_controller' for CMake config files
[0.785s] Level 1:colcon.colcon_core.shell:create_environment_hook('arduinobot_controller', 'cmake_prefix_path')
[0.786s] INFO:colcon.colcon_core.shell:Creating environment hook '/home/sksuser/arduinobot_ws/install/arduinobot_controller/share/arduinobot_controller/hook/cmake_prefix_path.ps1'
[0.788s] INFO:colcon.colcon_core.shell:Creating environment descriptor '/home/sksuser/arduinobot_ws/install/arduinobot_controller/share/arduinobot_controller/hook/cmake_prefix_path.dsv'
[0.790s] INFO:colcon.colcon_core.shell:Creating environment hook '/home/sksuser/arduinobot_ws/install/arduinobot_controller/share/arduinobot_controller/hook/cmake_prefix_path.sh'
[0.797s] Level 1:colcon.colcon_core.environment:checking '/home/sksuser/arduinobot_ws/install/arduinobot_controller/bin'
[0.797s] Level 1:colcon.colcon_core.environment:checking '/home/sksuser/arduinobot_ws/install/arduinobot_controller/lib/pkgconfig/arduinobot_controller.pc'
[0.798s] Level 1:colcon.colcon_core.environment:checking '/home/sksuser/arduinobot_ws/install/arduinobot_controller/lib/python3.10/site-packages'
[0.799s] Level 1:colcon.colcon_core.environment:checking '/home/sksuser/arduinobot_ws/install/arduinobot_controller/bin'
[0.803s] INFO:colcon.colcon_core.shell:Creating package script '/home/sksuser/arduinobot_ws/install/arduinobot_controller/share/arduinobot_controller/package.ps1'
[0.808s] INFO:colcon.colcon_core.shell:Creating package descriptor '/home/sksuser/arduinobot_ws/install/arduinobot_controller/share/arduinobot_controller/package.dsv'
[0.811s] INFO:colcon.colcon_core.shell:Creating package script '/home/sksuser/arduinobot_ws/install/arduinobot_controller/share/arduinobot_controller/package.sh'
[0.813s] INFO:colcon.colcon_core.shell:Creating package script '/home/sksuser/arduinobot_ws/install/arduinobot_controller/share/arduinobot_controller/package.bash'
[0.816s] INFO:colcon.colcon_core.shell:Creating package script '/home/sksuser/arduinobot_ws/install/arduinobot_controller/share/arduinobot_controller/package.zsh'
[0.819s] Level 1:colcon.colcon_core.environment:create_file_with_runtime_dependencies(/home/sksuser/arduinobot_ws/install/arduinobot_controller/share/colcon-core/packages/arduinobot_controller)
[0.820s] Level 1:colcon.colcon_core.environment:create_environment_scripts_only(arduinobot_controller)
[0.821s] Level 1:colcon.colcon_core.environment:checking '/home/sksuser/arduinobot_ws/install/arduinobot_controller' for CMake module files
[0.823s] Level 1:colcon.colcon_core.environment:checking '/home/sksuser/arduinobot_ws/install/arduinobot_controller' for CMake config files
[0.823s] Level 1:colcon.colcon_core.shell:create_environment_hook('arduinobot_controller', 'cmake_prefix_path')
[0.824s] INFO:colcon.colcon_core.shell:Creating environment hook '/home/sksuser/arduinobot_ws/install/arduinobot_controller/share/arduinobot_controller/hook/cmake_prefix_path.ps1'
[0.825s] INFO:colcon.colcon_core.shell:Creating environment descriptor '/home/sksuser/arduinobot_ws/install/arduinobot_controller/share/arduinobot_controller/hook/cmake_prefix_path.dsv'
[0.826s] INFO:colcon.colcon_core.shell:Creating environment hook '/home/sksuser/arduinobot_ws/install/arduinobot_controller/share/arduinobot_controller/hook/cmake_prefix_path.sh'
[0.830s] Level 1:colcon.colcon_core.environment:checking '/home/sksuser/arduinobot_ws/install/arduinobot_controller/bin'
[0.830s] Level 1:colcon.colcon_core.environment:checking '/home/sksuser/arduinobot_ws/install/arduinobot_controller/lib/pkgconfig/arduinobot_controller.pc'
[0.831s] Level 1:colcon.colcon_core.environment:checking '/home/sksuser/arduinobot_ws/install/arduinobot_controller/lib/python3.10/site-packages'
[0.832s] Level 1:colcon.colcon_core.environment:checking '/home/sksuser/arduinobot_ws/install/arduinobot_controller/bin'
[0.833s] INFO:colcon.colcon_core.shell:Creating package script '/home/sksuser/arduinobot_ws/install/arduinobot_controller/share/arduinobot_controller/package.ps1'
[0.835s] INFO:colcon.colcon_core.shell:Creating package descriptor '/home/sksuser/arduinobot_ws/install/arduinobot_controller/share/arduinobot_controller/package.dsv'
[0.837s] INFO:colcon.colcon_core.shell:Creating package script '/home/sksuser/arduinobot_ws/install/arduinobot_controller/share/arduinobot_controller/package.sh'
[0.839s] INFO:colcon.colcon_core.shell:Creating package script '/home/sksuser/arduinobot_ws/install/arduinobot_controller/share/arduinobot_controller/package.bash'
[0.840s] INFO:colcon.colcon_core.shell:Creating package script '/home/sksuser/arduinobot_ws/install/arduinobot_controller/share/arduinobot_controller/package.zsh'
[0.842s] Level 1:colcon.colcon_core.environment:create_file_with_runtime_dependencies(/home/sksuser/arduinobot_ws/install/arduinobot_controller/share/colcon-core/packages/arduinobot_controller)
[0.843s] Level 1:colcon.colcon_core.environment:create_environment_scripts_only(arduinobot_moveit)
[0.844s] Level 1:colcon.colcon_core.environment:checking '/home/sksuser/arduinobot_ws/install/arduinobot_moveit' for CMake module files
[0.846s] Level 1:colcon.colcon_core.environment:checking '/home/sksuser/arduinobot_ws/install/arduinobot_moveit' for CMake config files
[0.848s] DEBUG:colcon.colcon_core.event_handler.log_command:Invoked command in '/home/sksuser/arduinobot_ws/build/arduinobot_moveit' returned '0': CMAKE_PREFIX_PATH=${CMAKE_PREFIX_PATH}:/opt/ros/humble /usr/bin/cmake --install /home/sksuser/arduinobot_ws/build/arduinobot_moveit
[0.848s] Level 1:colcon.colcon_core.shell:create_environment_hook('arduinobot_moveit', 'cmake_prefix_path')
[0.849s] INFO:colcon.colcon_core.shell:Creating environment hook '/home/sksuser/arduinobot_ws/install/arduinobot_moveit/share/arduinobot_moveit/hook/cmake_prefix_path.ps1'
[0.850s] INFO:colcon.colcon_core.shell:Creating environment descriptor '/home/sksuser/arduinobot_ws/install/arduinobot_moveit/share/arduinobot_moveit/hook/cmake_prefix_path.dsv'
[0.851s] INFO:colcon.colcon_core.shell:Creating environment hook '/home/sksuser/arduinobot_ws/install/arduinobot_moveit/share/arduinobot_moveit/hook/cmake_prefix_path.sh'
[0.853s] Level 1:colcon.colcon_core.environment:checking '/home/sksuser/arduinobot_ws/install/arduinobot_moveit/bin'
[0.854s] Level 1:colcon.colcon_core.environment:checking '/home/sksuser/arduinobot_ws/install/arduinobot_moveit/lib/pkgconfig/arduinobot_moveit.pc'
[0.855s] Level 1:colcon.colcon_core.environment:checking '/home/sksuser/arduinobot_ws/install/arduinobot_moveit/lib/python3.10/site-packages'
[0.855s] Level 1:colcon.colcon_core.environment:checking '/home/sksuser/arduinobot_ws/install/arduinobot_moveit/bin'
[0.856s] INFO:colcon.colcon_core.shell:Creating package script '/home/sksuser/arduinobot_ws/install/arduinobot_moveit/share/arduinobot_moveit/package.ps1'
[0.858s] INFO:colcon.colcon_core.shell:Creating package descriptor '/home/sksuser/arduinobot_ws/install/arduinobot_moveit/share/arduinobot_moveit/package.dsv'
[0.860s] INFO:colcon.colcon_core.shell:Creating package script '/home/sksuser/arduinobot_ws/install/arduinobot_moveit/share/arduinobot_moveit/package.sh'
[0.862s] INFO:colcon.colcon_core.shell:Creating package script '/home/sksuser/arduinobot_ws/install/arduinobot_moveit/share/arduinobot_moveit/package.bash'
[0.863s] INFO:colcon.colcon_core.shell:Creating package script '/home/sksuser/arduinobot_ws/install/arduinobot_moveit/share/arduinobot_moveit/package.zsh'
[0.865s] Level 1:colcon.colcon_core.environment:create_file_with_runtime_dependencies(/home/sksuser/arduinobot_ws/install/arduinobot_moveit/share/colcon-core/packages/arduinobot_moveit)
[0.867s] Level 1:colcon.colcon_core.environment:create_environment_scripts_only(arduinobot_moveit)
[0.868s] Level 1:colcon.colcon_core.environment:checking '/home/sksuser/arduinobot_ws/install/arduinobot_moveit' for CMake module files
[0.869s] Level 1:colcon.colcon_core.environment:checking '/home/sksuser/arduinobot_ws/install/arduinobot_moveit' for CMake config files
[0.870s] Level 1:colcon.colcon_core.shell:create_environment_hook('arduinobot_moveit', 'cmake_prefix_path')
[0.871s] INFO:colcon.colcon_core.shell:Creating environment hook '/home/sksuser/arduinobot_ws/install/arduinobot_moveit/share/arduinobot_moveit/hook/cmake_prefix_path.ps1'
[0.872s] INFO:colcon.colcon_core.shell:Creating environment descriptor '/home/sksuser/arduinobot_ws/install/arduinobot_moveit/share/arduinobot_moveit/hook/cmake_prefix_path.dsv'
[0.873s] INFO:colcon.colcon_core.shell:Creating environment hook '/home/sksuser/arduinobot_ws/install/arduinobot_moveit/share/arduinobot_moveit/hook/cmake_prefix_path.sh'
[0.875s] Level 1:colcon.colcon_core.environment:checking '/home/sksuser/arduinobot_ws/install/arduinobot_moveit/bin'
[0.876s] Level 1:colcon.colcon_core.environment:checking '/home/sksuser/arduinobot_ws/install/arduinobot_moveit/lib/pkgconfig/arduinobot_moveit.pc'
[0.876s] Level 1:colcon.colcon_core.environment:checking '/home/sksuser/arduinobot_ws/install/arduinobot_moveit/lib/python3.10/site-packages'
[0.878s] Level 1:colcon.colcon_core.environment:checking '/home/sksuser/arduinobot_ws/install/arduinobot_moveit/bin'
[0.879s] INFO:colcon.colcon_core.shell:Creating package script '/home/sksuser/arduinobot_ws/install/arduinobot_moveit/share/arduinobot_moveit/package.ps1'
[0.881s] INFO:colcon.colcon_core.shell:Creating package descriptor '/home/sksuser/arduinobot_ws/install/arduinobot_moveit/share/arduinobot_moveit/package.dsv'
[0.882s] INFO:colcon.colcon_core.shell:Creating package script '/home/sksuser/arduinobot_ws/install/arduinobot_moveit/share/arduinobot_moveit/package.sh'
[0.884s] INFO:colcon.colcon_core.shell:Creating package script '/home/sksuser/arduinobot_ws/install/arduinobot_moveit/share/arduinobot_moveit/package.bash'
[0.885s] INFO:colcon.colcon_core.shell:Creating package script '/home/sksuser/arduinobot_ws/install/arduinobot_moveit/share/arduinobot_moveit/package.zsh'
[0.886s] Level 1:colcon.colcon_core.environment:create_file_with_runtime_dependencies(/home/sksuser/arduinobot_ws/install/arduinobot_moveit/share/colcon-core/packages/arduinobot_moveit)
[0.890s] DEBUG:colcon.colcon_core.event_handler.log_command:Invoked command in '/home/sksuser/arduinobot_ws/build/arduinobot_cpp_example' returned '0': CMAKE_PREFIX_PATH=${CMAKE_PREFIX_PATH}:/opt/ros/humble /usr/bin/cmake --build /home/sksuser/arduinobot_ws/build/arduinobot_cpp_example -- -j8 -l8
[0.897s] DEBUG:colcon.colcon_core.event_handler.log_command:Invoking command in '/home/sksuser/arduinobot_ws/build/arduinobot_cpp_example': CMAKE_PREFIX_PATH=${CMAKE_PREFIX_PATH}:/opt/ros/humble /usr/bin/cmake --install /home/sksuser/arduinobot_ws/build/arduinobot_cpp_example
[0.898s] Level 1:colcon.colcon_core.environment:create_environment_scripts_only(arduinobot_description)
[0.900s] Level 1:colcon.colcon_core.environment:checking '/home/sksuser/arduinobot_ws/install/arduinobot_description' for CMake module files
[0.902s] DEBUG:colcon.colcon_core.event_handler.log_command:Invoked command in '/home/sksuser/arduinobot_ws/build/arduinobot_description' returned '0': CMAKE_PREFIX_PATH=${CMAKE_PREFIX_PATH}:/opt/ros/humble /usr/bin/cmake --install /home/sksuser/arduinobot_ws/build/arduinobot_description
[0.903s] Level 1:colcon.colcon_core.environment:checking '/home/sksuser/arduinobot_ws/install/arduinobot_description' for CMake config files
[0.903s] Level 1:colcon.colcon_core.shell:create_environment_hook('arduinobot_description', 'cmake_prefix_path')
[0.904s] INFO:colcon.colcon_core.shell:Creating environment hook '/home/sksuser/arduinobot_ws/install/arduinobot_description/share/arduinobot_description/hook/cmake_prefix_path.ps1'
[0.906s] INFO:colcon.colcon_core.shell:Creating environment descriptor '/home/sksuser/arduinobot_ws/install/arduinobot_description/share/arduinobot_description/hook/cmake_prefix_path.dsv'
[0.907s] INFO:colcon.colcon_core.shell:Creating environment hook '/home/sksuser/arduinobot_ws/install/arduinobot_description/share/arduinobot_description/hook/cmake_prefix_path.sh'
[0.909s] Level 1:colcon.colcon_core.environment:checking '/home/sksuser/arduinobot_ws/install/arduinobot_description/bin'
[0.909s] Level 1:colcon.colcon_core.environment:checking '/home/sksuser/arduinobot_ws/install/arduinobot_description/lib/pkgconfig/arduinobot_description.pc'
[0.910s] Level 1:colcon.colcon_core.environment:checking '/home/sksuser/arduinobot_ws/install/arduinobot_description/lib/python3.10/site-packages'
[0.911s] Level 1:colcon.colcon_core.environment:checking '/home/sksuser/arduinobot_ws/install/arduinobot_description/bin'
[0.912s] INFO:colcon.colcon_core.shell:Creating package script '/home/sksuser/arduinobot_ws/install/arduinobot_description/share/arduinobot_description/package.ps1'
[0.914s] INFO:colcon.colcon_core.shell:Creating package descriptor '/home/sksuser/arduinobot_ws/install/arduinobot_description/share/arduinobot_description/package.dsv'
[0.915s] INFO:colcon.colcon_core.shell:Creating package script '/home/sksuser/arduinobot_ws/install/arduinobot_description/share/arduinobot_description/package.sh'
[0.917s] INFO:colcon.colcon_core.shell:Creating package script '/home/sksuser/arduinobot_ws/install/arduinobot_description/share/arduinobot_description/package.bash'
[0.917s] INFO:colcon.colcon_core.shell:Creating package script '/home/sksuser/arduinobot_ws/install/arduinobot_description/share/arduinobot_description/package.zsh'
[0.919s] Level 1:colcon.colcon_core.environment:create_file_with_runtime_dependencies(/home/sksuser/arduinobot_ws/install/arduinobot_description/share/colcon-core/packages/arduinobot_description)
[0.920s] Level 1:colcon.colcon_core.environment:create_environment_scripts_only(arduinobot_description)
[0.921s] Level 1:colcon.colcon_core.environment:checking '/home/sksuser/arduinobot_ws/install/arduinobot_description' for CMake module files
[0.922s] Level 1:colcon.colcon_core.environment:checking '/home/sksuser/arduinobot_ws/install/arduinobot_description' for CMake config files
[0.923s] Level 1:colcon.colcon_core.shell:create_environment_hook('arduinobot_description', 'cmake_prefix_path')
[0.924s] INFO:colcon.colcon_core.shell:Creating environment hook '/home/sksuser/arduinobot_ws/install/arduinobot_description/share/arduinobot_description/hook/cmake_prefix_path.ps1'
[0.926s] INFO:colcon.colcon_core.shell:Creating environment descriptor '/home/sksuser/arduinobot_ws/install/arduinobot_description/share/arduinobot_description/hook/cmake_prefix_path.dsv'
[0.928s] INFO:colcon.colcon_core.shell:Creating environment hook '/home/sksuser/arduinobot_ws/install/arduinobot_description/share/arduinobot_description/hook/cmake_prefix_path.sh'
[0.930s] Level 1:colcon.colcon_core.environment:checking '/home/sksuser/arduinobot_ws/install/arduinobot_description/bin'
[0.930s] Level 1:colcon.colcon_core.environment:checking '/home/sksuser/arduinobot_ws/install/arduinobot_description/lib/pkgconfig/arduinobot_description.pc'
[0.931s] Level 1:colcon.colcon_core.environment:checking '/home/sksuser/arduinobot_ws/install/arduinobot_description/lib/python3.10/site-packages'
[0.932s] Level 1:colcon.colcon_core.environment:checking '/home/sksuser/arduinobot_ws/install/arduinobot_description/bin'
[0.933s] INFO:colcon.colcon_core.shell:Creating package script '/home/sksuser/arduinobot_ws/install/arduinobot_description/share/arduinobot_description/package.ps1'
[0.935s] INFO:colcon.colcon_core.shell:Creating package descriptor '/home/sksuser/arduinobot_ws/install/arduinobot_description/share/arduinobot_description/package.dsv'
[0.937s] INFO:colcon.colcon_core.shell:Creating package script '/home/sksuser/arduinobot_ws/install/arduinobot_description/share/arduinobot_description/package.sh'
[0.938s] INFO:colcon.colcon_core.shell:Creating package script '/home/sksuser/arduinobot_ws/install/arduinobot_description/share/arduinobot_description/package.bash'
[0.939s] INFO:colcon.colcon_core.shell:Creating package script '/home/sksuser/arduinobot_ws/install/arduinobot_description/share/arduinobot_description/package.zsh'
[0.941s] Level 1:colcon.colcon_core.environment:create_file_with_runtime_dependencies(/home/sksuser/arduinobot_ws/install/arduinobot_description/share/colcon-core/packages/arduinobot_description)
[0.948s] Level 1:colcon.colcon_core.environment:create_environment_scripts_only(arduinobot_cpp_example)
[0.949s] Level 1:colcon.colcon_core.environment:checking '/home/sksuser/arduinobot_ws/install/arduinobot_cpp_example' for CMake module files
[0.952s] Level 1:colcon.colcon_core.environment:checking '/home/sksuser/arduinobot_ws/install/arduinobot_cpp_example' for CMake config files
[0.954s] DEBUG:colcon.colcon_core.event_handler.log_command:Invoked command in '/home/sksuser/arduinobot_ws/build/arduinobot_cpp_example' returned '0': CMAKE_PREFIX_PATH=${CMAKE_PREFIX_PATH}:/opt/ros/humble /usr/bin/cmake --install /home/sksuser/arduinobot_ws/build/arduinobot_cpp_example
[0.954s] Level 1:colcon.colcon_core.shell:create_environment_hook('arduinobot_cpp_example', 'cmake_prefix_path')
[0.955s] INFO:colcon.colcon_core.shell:Creating environment hook '/home/sksuser/arduinobot_ws/install/arduinobot_cpp_example/share/arduinobot_cpp_example/hook/cmake_prefix_path.ps1'
[0.956s] INFO:colcon.colcon_core.shell:Creating environment descriptor '/home/sksuser/arduinobot_ws/install/arduinobot_cpp_example/share/arduinobot_cpp_example/hook/cmake_prefix_path.dsv'
[0.958s] INFO:colcon.colcon_core.shell:Creating environment hook '/home/sksuser/arduinobot_ws/install/arduinobot_cpp_example/share/arduinobot_cpp_example/hook/cmake_prefix_path.sh'
[0.959s] Level 1:colcon.colcon_core.environment:checking '/home/sksuser/arduinobot_ws/install/arduinobot_cpp_example/lib'
[0.960s] Level 1:colcon.colcon_core.environment:checking '/home/sksuser/arduinobot_ws/install/arduinobot_cpp_example/bin'
[0.960s] Level 1:colcon.colcon_core.environment:checking '/home/sksuser/arduinobot_ws/install/arduinobot_cpp_example/lib/pkgconfig/arduinobot_cpp_example.pc'
[0.961s] Level 1:colcon.colcon_core.environment:checking '/home/sksuser/arduinobot_ws/install/arduinobot_cpp_example/lib/python3.10/site-packages'
[0.962s] Level 1:colcon.colcon_core.environment:checking '/home/sksuser/arduinobot_ws/install/arduinobot_cpp_example/bin'
[0.963s] INFO:colcon.colcon_core.shell:Creating package script '/home/sksuser/arduinobot_ws/install/arduinobot_cpp_example/share/arduinobot_cpp_example/package.ps1'
[0.965s] INFO:colcon.colcon_core.shell:Creating package descriptor '/home/sksuser/arduinobot_ws/install/arduinobot_cpp_example/share/arduinobot_cpp_example/package.dsv'
[0.966s] INFO:colcon.colcon_core.shell:Creating package script '/home/sksuser/arduinobot_ws/install/arduinobot_cpp_example/share/arduinobot_cpp_example/package.sh'
[0.968s] INFO:colcon.colcon_core.shell:Creating package script '/home/sksuser/arduinobot_ws/install/arduinobot_cpp_example/share/arduinobot_cpp_example/package.bash'
[0.969s] INFO:colcon.colcon_core.shell:Creating package script '/home/sksuser/arduinobot_ws/install/arduinobot_cpp_example/share/arduinobot_cpp_example/package.zsh'
[0.970s] Level 1:colcon.colcon_core.environment:create_file_with_runtime_dependencies(/home/sksuser/arduinobot_ws/install/arduinobot_cpp_example/share/colcon-core/packages/arduinobot_cpp_example)
[0.972s] Level 1:colcon.colcon_core.environment:create_environment_scripts_only(arduinobot_cpp_example)
[0.972s] Level 1:colcon.colcon_core.environment:checking '/home/sksuser/arduinobot_ws/install/arduinobot_cpp_example' for CMake module files
[0.974s] Level 1:colcon.colcon_core.environment:checking '/home/sksuser/arduinobot_ws/install/arduinobot_cpp_example' for CMake config files
[0.974s] Level 1:colcon.colcon_core.shell:create_environment_hook('arduinobot_cpp_example', 'cmake_prefix_path')
[0.975s] INFO:colcon.colcon_core.shell:Creating environment hook '/home/sksuser/arduinobot_ws/install/arduinobot_cpp_example/share/arduinobot_cpp_example/hook/cmake_prefix_path.ps1'
[0.977s] INFO:colcon.colcon_core.shell:Creating environment descriptor '/home/sksuser/arduinobot_ws/install/arduinobot_cpp_example/share/arduinobot_cpp_example/hook/cmake_prefix_path.dsv'
[0.978s] INFO:colcon.colcon_core.shell:Creating environment hook '/home/sksuser/arduinobot_ws/install/arduinobot_cpp_example/share/arduinobot_cpp_example/hook/cmake_prefix_path.sh'
[0.980s] Level 1:colcon.colcon_core.environment:checking '/home/sksuser/arduinobot_ws/install/arduinobot_cpp_example/lib'
[0.980s] Level 1:colcon.colcon_core.environment:checking '/home/sksuser/arduinobot_ws/install/arduinobot_cpp_example/bin'
[0.980s] Level 1:colcon.colcon_core.environment:checking '/home/sksuser/arduinobot_ws/install/arduinobot_cpp_example/lib/pkgconfig/arduinobot_cpp_example.pc'
[0.981s] Level 1:colcon.colcon_core.environment:checking '/home/sksuser/arduinobot_ws/install/arduinobot_cpp_example/lib/python3.10/site-packages'
[0.982s] Level 1:colcon.colcon_core.environment:checking '/home/sksuser/arduinobot_ws/install/arduinobot_cpp_example/bin'
[0.983s] INFO:colcon.colcon_core.shell:Creating package script '/home/sksuser/arduinobot_ws/install/arduinobot_cpp_example/share/arduinobot_cpp_example/package.ps1'
[0.984s] INFO:colcon.colcon_core.shell:Creating package descriptor '/home/sksuser/arduinobot_ws/install/arduinobot_cpp_example/share/arduinobot_cpp_example/package.dsv'
[0.985s] INFO:colcon.colcon_core.shell:Creating package script '/home/sksuser/arduinobot_ws/install/arduinobot_cpp_example/share/arduinobot_cpp_example/package.sh'
[0.987s] INFO:colcon.colcon_core.shell:Creating package script '/home/sksuser/arduinobot_ws/install/arduinobot_cpp_example/share/arduinobot_cpp_example/package.bash'
[0.988s] INFO:colcon.colcon_core.shell:Creating package script '/home/sksuser/arduinobot_ws/install/arduinobot_cpp_example/share/arduinobot_cpp_example/package.zsh'
[0.989s] Level 1:colcon.colcon_core.environment:create_file_with_runtime_dependencies(/home/sksuser/arduinobot_ws/install/arduinobot_cpp_example/share/colcon-core/packages/arduinobot_cpp_example)
[1.406s] DEBUG:colcon.colcon_core.event_handler.log_command:Invoked command in '/home/sksuser/arduinobot_ws/build/arduinobot_msgs' returned '0': CMAKE_PREFIX_PATH=${CMAKE_PREFIX_PATH}:/opt/ros/humble /usr/bin/cmake --build /home/sksuser/arduinobot_ws/build/arduinobot_msgs -- -j8 -l8
[1.409s] DEBUG:colcon.colcon_core.event_handler.log_command:Invoking command in '/home/sksuser/arduinobot_ws/build/arduinobot_msgs': CMAKE_PREFIX_PATH=${CMAKE_PREFIX_PATH}:/opt/ros/humble /usr/bin/cmake --install /home/sksuser/arduinobot_ws/build/arduinobot_msgs
[1.587s] Level 1:colcon.colcon_core.environment:create_environment_scripts_only(arduinobot_msgs)
[1.588s] Level 1:colcon.colcon_core.environment:checking '/home/sksuser/arduinobot_ws/install/arduinobot_msgs' for CMake module files
[1.590s] Level 1:colcon.colcon_core.environment:checking '/home/sksuser/arduinobot_ws/install/arduinobot_msgs' for CMake config files
[1.591s] DEBUG:colcon.colcon_core.event_handler.log_command:Invoked command in '/home/sksuser/arduinobot_ws/build/arduinobot_msgs' returned '0': CMAKE_PREFIX_PATH=${CMAKE_PREFIX_PATH}:/opt/ros/humble /usr/bin/cmake --install /home/sksuser/arduinobot_ws/build/arduinobot_msgs
[1.595s] Level 1:colcon.colcon_core.shell:create_environment_hook('arduinobot_msgs', 'cmake_prefix_path')
[1.596s] INFO:colcon.colcon_core.shell:Creating environment hook '/home/sksuser/arduinobot_ws/install/arduinobot_msgs/share/arduinobot_msgs/hook/cmake_prefix_path.ps1'
[1.597s] INFO:colcon.colcon_core.shell:Creating environment descriptor '/home/sksuser/arduinobot_ws/install/arduinobot_msgs/share/arduinobot_msgs/hook/cmake_prefix_path.dsv'
[1.599s] INFO:colcon.colcon_core.shell:Creating environment hook '/home/sksuser/arduinobot_ws/install/arduinobot_msgs/share/arduinobot_msgs/hook/cmake_prefix_path.sh'
[1.603s] Level 1:colcon.colcon_core.environment:checking '/home/sksuser/arduinobot_ws/install/arduinobot_msgs/lib'
[1.603s] Level 1:colcon.colcon_core.shell:create_environment_hook('arduinobot_msgs', 'ld_library_path_lib')
[1.604s] INFO:colcon.colcon_core.shell:Creating environment hook '/home/sksuser/arduinobot_ws/install/arduinobot_msgs/share/arduinobot_msgs/hook/ld_library_path_lib.ps1'
[1.605s] INFO:colcon.colcon_core.shell:Creating environment descriptor '/home/sksuser/arduinobot_ws/install/arduinobot_msgs/share/arduinobot_msgs/hook/ld_library_path_lib.dsv'
[1.606s] INFO:colcon.colcon_core.shell:Creating environment hook '/home/sksuser/arduinobot_ws/install/arduinobot_msgs/share/arduinobot_msgs/hook/ld_library_path_lib.sh'
[1.606s] Level 1:colcon.colcon_core.environment:checking '/home/sksuser/arduinobot_ws/install/arduinobot_msgs/bin'
[1.607s] Level 1:colcon.colcon_core.environment:checking '/home/sksuser/arduinobot_ws/install/arduinobot_msgs/lib/pkgconfig/arduinobot_msgs.pc'
[1.607s] Level 1:colcon.colcon_core.environment:checking '/home/sksuser/arduinobot_ws/install/arduinobot_msgs/lib/python3.10/site-packages'
[1.610s] Level 1:colcon.colcon_core.environment:checking '/home/sksuser/arduinobot_ws/install/arduinobot_msgs/bin'
[1.611s] INFO:colcon.colcon_core.shell:Creating package script '/home/sksuser/arduinobot_ws/install/arduinobot_msgs/share/arduinobot_msgs/package.ps1'
[1.612s] INFO:colcon.colcon_core.shell:Creating package descriptor '/home/sksuser/arduinobot_ws/install/arduinobot_msgs/share/arduinobot_msgs/package.dsv'
[1.616s] INFO:colcon.colcon_core.shell:Creating package script '/home/sksuser/arduinobot_ws/install/arduinobot_msgs/share/arduinobot_msgs/package.sh'
[1.617s] INFO:colcon.colcon_core.shell:Creating package script '/home/sksuser/arduinobot_ws/install/arduinobot_msgs/share/arduinobot_msgs/package.bash'
[1.618s] INFO:colcon.colcon_core.shell:Creating package script '/home/sksuser/arduinobot_ws/install/arduinobot_msgs/share/arduinobot_msgs/package.zsh'
[1.619s] Level 1:colcon.colcon_core.environment:create_file_with_runtime_dependencies(/home/sksuser/arduinobot_ws/install/arduinobot_msgs/share/colcon-core/packages/arduinobot_msgs)
[1.620s] Level 1:colcon.colcon_core.environment:create_environment_scripts_only(arduinobot_msgs)
[1.621s] Level 1:colcon.colcon_core.environment:checking '/home/sksuser/arduinobot_ws/install/arduinobot_msgs' for CMake module files
[1.626s] Level 1:colcon.colcon_core.environment:checking '/home/sksuser/arduinobot_ws/install/arduinobot_msgs' for CMake config files
[1.627s] Level 1:colcon.colcon_core.shell:create_environment_hook('arduinobot_msgs', 'cmake_prefix_path')
[1.628s] INFO:colcon.colcon_core.shell:Creating environment hook '/home/sksuser/arduinobot_ws/install/arduinobot_msgs/share/arduinobot_msgs/hook/cmake_prefix_path.ps1'
[1.633s] INFO:colcon.colcon_core.shell:Creating environment descriptor '/home/sksuser/arduinobot_ws/install/arduinobot_msgs/share/arduinobot_msgs/hook/cmake_prefix_path.dsv'
[1.634s] INFO:colcon.colcon_core.shell:Creating environment hook '/home/sksuser/arduinobot_ws/install/arduinobot_msgs/share/arduinobot_msgs/hook/cmake_prefix_path.sh'
[1.635s] Level 1:colcon.colcon_core.environment:checking '/home/sksuser/arduinobot_ws/install/arduinobot_msgs/lib'
[1.636s] Level 1:colcon.colcon_core.shell:create_environment_hook('arduinobot_msgs', 'ld_library_path_lib')
[1.636s] INFO:colcon.colcon_core.shell:Creating environment hook '/home/sksuser/arduinobot_ws/install/arduinobot_msgs/share/arduinobot_msgs/hook/ld_library_path_lib.ps1'
[1.637s] INFO:colcon.colcon_core.shell:Creating environment descriptor '/home/sksuser/arduinobot_ws/install/arduinobot_msgs/share/arduinobot_msgs/hook/ld_library_path_lib.dsv'
[1.638s] INFO:colcon.colcon_core.shell:Creating environment hook '/home/sksuser/arduinobot_ws/install/arduinobot_msgs/share/arduinobot_msgs/hook/ld_library_path_lib.sh'
[1.639s] Level 1:colcon.colcon_core.environment:checking '/home/sksuser/arduinobot_ws/install/arduinobot_msgs/bin'
[1.639s] Level 1:colcon.colcon_core.environment:checking '/home/sksuser/arduinobot_ws/install/arduinobot_msgs/lib/pkgconfig/arduinobot_msgs.pc'
[1.640s] Level 1:colcon.colcon_core.environment:checking '/home/sksuser/arduinobot_ws/install/arduinobot_msgs/lib/python3.10/site-packages'
[1.641s] Level 1:colcon.colcon_core.environment:checking '/home/sksuser/arduinobot_ws/install/arduinobot_msgs/bin'
[1.642s] INFO:colcon.colcon_core.shell:Creating package script '/home/sksuser/arduinobot_ws/install/arduinobot_msgs/share/arduinobot_msgs/package.ps1'
[1.645s] INFO:colcon.colcon_core.shell:Creating package descriptor '/home/sksuser/arduinobot_ws/install/arduinobot_msgs/share/arduinobot_msgs/package.dsv'
[1.647s] INFO:colcon.colcon_core.shell:Creating package script '/home/sksuser/arduinobot_ws/install/arduinobot_msgs/share/arduinobot_msgs/package.sh'
[1.650s] INFO:colcon.colcon_core.shell:Creating package script '/home/sksuser/arduinobot_ws/install/arduinobot_msgs/share/arduinobot_msgs/package.bash'
[1.651s] INFO:colcon.colcon_core.shell:Creating package script '/home/sksuser/arduinobot_ws/install/arduinobot_msgs/share/arduinobot_msgs/package.zsh'
[1.652s] Level 1:colcon.colcon_core.environment:create_file_with_runtime_dependencies(/home/sksuser/arduinobot_ws/install/arduinobot_msgs/share/colcon-core/packages/arduinobot_msgs)
[1.656s] INFO:colcon.colcon_ros.task.ament_python.build:Building ROS package in '/home/sksuser/arduinobot_ws/src/arduinobot_py_example' with build type 'ament_python'
[1.656s] Level 1:colcon.colcon_core.shell:create_environment_hook('arduinobot_py_example', 'ament_prefix_path')
[1.657s] INFO:colcon.colcon_core.shell:Creating environment hook '/home/sksuser/arduinobot_ws/install/arduinobot_py_example/share/arduinobot_py_example/hook/ament_prefix_path.ps1'
[1.658s] INFO:colcon.colcon_core.shell:Creating environment descriptor '/home/sksuser/arduinobot_ws/install/arduinobot_py_example/share/arduinobot_py_example/hook/ament_prefix_path.dsv'
[1.659s] INFO:colcon.colcon_core.shell:Creating environment hook '/home/sksuser/arduinobot_ws/install/arduinobot_py_example/share/arduinobot_py_example/hook/ament_prefix_path.sh'
[1.662s] INFO:colcon.colcon_core.shell:Skip shell extension 'powershell' for command environment: Not usable outside of PowerShell
[1.662s] DEBUG:colcon.colcon_core.shell:Skip shell extension 'dsv' for command environment
[1.676s] INFO:colcon.colcon_ros.task.ament_cmake.build:Building ROS package in '/home/sksuser/arduinobot_ws/src/arduinobot_utils' with build type 'ament_cmake'
[1.676s] INFO:colcon.colcon_cmake.task.cmake.build:Building CMake package in '/home/sksuser/arduinobot_ws/src/arduinobot_utils'
[1.677s] INFO:colcon.colcon_core.shell:Skip shell extension 'powershell' for command environment: Not usable outside of PowerShell
[1.677s] DEBUG:colcon.colcon_core.shell:Skip shell extension 'dsv' for command environment
[2.363s] INFO:colcon.colcon_core.task.python.build:Building Python package in '/home/sksuser/arduinobot_ws/src/arduinobot_py_example'
[2.364s] INFO:colcon.colcon_core.shell:Skip shell extension 'powershell' for command environment: Not usable outside of PowerShell
[2.364s] DEBUG:colcon.colcon_core.shell:Skip shell extension 'dsv' for command environment
[2.389s] DEBUG:colcon.colcon_core.event_handler.log_command:Invoking command in '/home/sksuser/arduinobot_ws/build/arduinobot_utils': AMENT_PREFIX_PATH=/home/sksuser/arduinobot_ws/install/arduinobot_msgs:${AMENT_PREFIX_PATH} CMAKE_PREFIX_PATH=/home/sksuser/arduinobot_ws/install/arduinobot_msgs:/home/sksuser/my_robot_ws/install/my_robot_bringup:/home/sksuser/my_robot_ws/install/my_robot_description:/opt/ros/humble LD_LIBRARY_PATH=/home/sksuser/arduinobot_ws/install/arduinobot_msgs/lib:${LD_LIBRARY_PATH} PYTHONPATH=/home/sksuser/arduinobot_ws/install/arduinobot_msgs/local/lib/python3.10/dist-packages:${PYTHONPATH} /usr/bin/cmake --build /home/sksuser/arduinobot_ws/build/arduinobot_utils -- -j8 -l8
[3.286s] DEBUG:colcon.colcon_core.event_handler.log_command:Invoked command in '/home/sksuser/arduinobot_ws/build/arduinobot_utils' returned '0': AMENT_PREFIX_PATH=/home/sksuser/arduinobot_ws/install/arduinobot_msgs:${AMENT_PREFIX_PATH} CMAKE_PREFIX_PATH=/home/sksuser/arduinobot_ws/install/arduinobot_msgs:/home/sksuser/my_robot_ws/install/my_robot_bringup:/home/sksuser/my_robot_ws/install/my_robot_description:/opt/ros/humble LD_LIBRARY_PATH=/home/sksuser/arduinobot_ws/install/arduinobot_msgs/lib:${LD_LIBRARY_PATH} PYTHONPATH=/home/sksuser/arduinobot_ws/install/arduinobot_msgs/local/lib/python3.10/dist-packages:${PYTHONPATH} /usr/bin/cmake --build /home/sksuser/arduinobot_ws/build/arduinobot_utils -- -j8 -l8
[3.291s] DEBUG:colcon.colcon_core.event_handler.log_command:Invoking command in '/home/sksuser/arduinobot_ws/build/arduinobot_utils': AMENT_PREFIX_PATH=/home/sksuser/arduinobot_ws/install/arduinobot_msgs:${AMENT_PREFIX_PATH} CMAKE_PREFIX_PATH=/home/sksuser/arduinobot_ws/install/arduinobot_msgs:/home/sksuser/my_robot_ws/install/my_robot_bringup:/home/sksuser/my_robot_ws/install/my_robot_description:/opt/ros/humble LD_LIBRARY_PATH=/home/sksuser/arduinobot_ws/install/arduinobot_msgs/lib:${LD_LIBRARY_PATH} PYTHONPATH=/home/sksuser/arduinobot_ws/install/arduinobot_msgs/local/lib/python3.10/dist-packages:${PYTHONPATH} /usr/bin/cmake --install /home/sksuser/arduinobot_ws/build/arduinobot_utils
[3.426s] Level 1:colcon.colcon_core.environment:create_environment_scripts_only(arduinobot_utils)
[3.427s] Level 1:colcon.colcon_core.environment:checking '/home/sksuser/arduinobot_ws/install/arduinobot_utils' for CMake module files
[3.430s] DEBUG:colcon.colcon_core.event_handler.log_command:Invoked command in '/home/sksuser/arduinobot_ws/build/arduinobot_utils' returned '0': AMENT_PREFIX_PATH=/home/sksuser/arduinobot_ws/install/arduinobot_msgs:${AMENT_PREFIX_PATH} CMAKE_PREFIX_PATH=/home/sksuser/arduinobot_ws/install/arduinobot_msgs:/home/sksuser/my_robot_ws/install/my_robot_bringup:/home/sksuser/my_robot_ws/install/my_robot_description:/opt/ros/humble LD_LIBRARY_PATH=/home/sksuser/arduinobot_ws/install/arduinobot_msgs/lib:${LD_LIBRARY_PATH} PYTHONPATH=/home/sksuser/arduinobot_ws/install/arduinobot_msgs/local/lib/python3.10/dist-packages:${PYTHONPATH} /usr/bin/cmake --install /home/sksuser/arduinobot_ws/build/arduinobot_utils
[3.431s] Level 1:colcon.colcon_core.environment:checking '/home/sksuser/arduinobot_ws/install/arduinobot_utils' for CMake config files
[3.432s] Level 1:colcon.colcon_core.shell:create_environment_hook('arduinobot_utils', 'cmake_prefix_path')
[3.433s] INFO:colcon.colcon_core.shell:Creating environment hook '/home/sksuser/arduinobot_ws/install/arduinobot_utils/share/arduinobot_utils/hook/cmake_prefix_path.ps1'
[3.434s] INFO:colcon.colcon_core.shell:Creating environment descriptor '/home/sksuser/arduinobot_ws/install/arduinobot_utils/share/arduinobot_utils/hook/cmake_prefix_path.dsv'
[3.435s] INFO:colcon.colcon_core.shell:Creating environment hook '/home/sksuser/arduinobot_ws/install/arduinobot_utils/share/arduinobot_utils/hook/cmake_prefix_path.sh'
[3.437s] Level 1:colcon.colcon_core.environment:checking '/home/sksuser/arduinobot_ws/install/arduinobot_utils/lib'
[3.437s] Level 1:colcon.colcon_core.environment:checking '/home/sksuser/arduinobot_ws/install/arduinobot_utils/bin'
[3.437s] Level 1:colcon.colcon_core.environment:checking '/home/sksuser/arduinobot_ws/install/arduinobot_utils/lib/pkgconfig/arduinobot_utils.pc'
[3.438s] Level 1:colcon.colcon_core.environment:checking '/home/sksuser/arduinobot_ws/install/arduinobot_utils/lib/python3.10/site-packages'
[3.439s] Level 1:colcon.colcon_core.environment:checking '/home/sksuser/arduinobot_ws/install/arduinobot_utils/bin'
[3.440s] INFO:colcon.colcon_core.shell:Creating package script '/home/sksuser/arduinobot_ws/install/arduinobot_utils/share/arduinobot_utils/package.ps1'
[3.442s] INFO:colcon.colcon_core.shell:Creating package descriptor '/home/sksuser/arduinobot_ws/install/arduinobot_utils/share/arduinobot_utils/package.dsv'
[3.444s] INFO:colcon.colcon_core.shell:Creating package script '/home/sksuser/arduinobot_ws/install/arduinobot_utils/share/arduinobot_utils/package.sh'
[3.446s] INFO:colcon.colcon_core.shell:Creating package script '/home/sksuser/arduinobot_ws/install/arduinobot_utils/share/arduinobot_utils/package.bash'
[3.447s] INFO:colcon.colcon_core.shell:Creating package script '/home/sksuser/arduinobot_ws/install/arduinobot_utils/share/arduinobot_utils/package.zsh'
[3.448s] Level 1:colcon.colcon_core.environment:create_file_with_runtime_dependencies(/home/sksuser/arduinobot_ws/install/arduinobot_utils/share/colcon-core/packages/arduinobot_utils)
[3.450s] Level 1:colcon.colcon_core.environment:create_environment_scripts_only(arduinobot_utils)
[3.451s] Level 1:colcon.colcon_core.environment:checking '/home/sksuser/arduinobot_ws/install/arduinobot_utils' for CMake module files
[3.452s] Level 1:colcon.colcon_core.environment:checking '/home/sksuser/arduinobot_ws/install/arduinobot_utils' for CMake config files
[3.453s] Level 1:colcon.colcon_core.shell:create_environment_hook('arduinobot_utils', 'cmake_prefix_path')
[3.454s] INFO:colcon.colcon_core.shell:Creating environment hook '/home/sksuser/arduinobot_ws/install/arduinobot_utils/share/arduinobot_utils/hook/cmake_prefix_path.ps1'
[3.456s] INFO:colcon.colcon_core.shell:Creating environment descriptor '/home/sksuser/arduinobot_ws/install/arduinobot_utils/share/arduinobot_utils/hook/cmake_prefix_path.dsv'
[3.457s] INFO:colcon.colcon_core.shell:Creating environment hook '/home/sksuser/arduinobot_ws/install/arduinobot_utils/share/arduinobot_utils/hook/cmake_prefix_path.sh'
[3.459s] Level 1:colcon.colcon_core.environment:checking '/home/sksuser/arduinobot_ws/install/arduinobot_utils/lib'
[3.460s] Level 1:colcon.colcon_core.environment:checking '/home/sksuser/arduinobot_ws/install/arduinobot_utils/bin'
[3.460s] Level 1:colcon.colcon_core.environment:checking '/home/sksuser/arduinobot_ws/install/arduinobot_utils/lib/pkgconfig/arduinobot_utils.pc'
[3.461s] Level 1:colcon.colcon_core.environment:checking '/home/sksuser/arduinobot_ws/install/arduinobot_utils/lib/python3.10/site-packages'
[3.462s] Level 1:colcon.colcon_core.environment:checking '/home/sksuser/arduinobot_ws/install/arduinobot_utils/bin'
[3.463s] INFO:colcon.colcon_core.shell:Creating package script '/home/sksuser/arduinobot_ws/install/arduinobot_utils/share/arduinobot_utils/package.ps1'
[3.464s] INFO:colcon.colcon_core.shell:Creating package descriptor '/home/sksuser/arduinobot_ws/install/arduinobot_utils/share/arduinobot_utils/package.dsv'
[3.466s] INFO:colcon.colcon_core.shell:Creating package script '/home/sksuser/arduinobot_ws/install/arduinobot_utils/share/arduinobot_utils/package.sh'
[3.467s] INFO:colcon.colcon_core.shell:Creating package script '/home/sksuser/arduinobot_ws/install/arduinobot_utils/share/arduinobot_utils/package.bash'
[3.468s] INFO:colcon.colcon_core.shell:Creating package script '/home/sksuser/arduinobot_ws/install/arduinobot_utils/share/arduinobot_utils/package.zsh'
[3.470s] Level 1:colcon.colcon_core.environment:create_file_with_runtime_dependencies(/home/sksuser/arduinobot_ws/install/arduinobot_utils/share/colcon-core/packages/arduinobot_utils)
[3.535s] DEBUG:colcon.colcon_core.event_handler.log_command:Invoking command in '/home/sksuser/arduinobot_ws/src/arduinobot_py_example': AMENT_PREFIX_PATH=/home/sksuser/arduinobot_ws/install/arduinobot_msgs:${AMENT_PREFIX_PATH} CMAKE_PREFIX_PATH=/home/sksuser/arduinobot_ws/install/arduinobot_msgs:${CMAKE_PREFIX_PATH} LD_LIBRARY_PATH=/home/sksuser/arduinobot_ws/install/arduinobot_msgs/lib:${LD_LIBRARY_PATH} PYTHONPATH=/home/sksuser/arduinobot_ws/build/arduinobot_py_example/prefix_override:/usr/lib/python3/dist-packages/colcon_core/task/python/colcon_distutils_commands:/home/sksuser/arduinobot_ws/install/arduinobot_py_example/lib/python3.10/site-packages:/home/sksuser/arduinobot_ws/install/arduinobot_msgs/local/lib/python3.10/dist-packages:${PYTHONPATH} /usr/bin/python3 -W ignore:setup.py install is deprecated -W ignore:easy_install command is deprecated setup.py egg_info --egg-base ../../build/arduinobot_py_example build --build-base /home/sksuser/arduinobot_ws/build/arduinobot_py_example/build install --record /home/sksuser/arduinobot_ws/build/arduinobot_py_example/install.log --single-version-externally-managed install_data
[4.213s] Level 1:colcon.colcon_core.environment:checking '/home/sksuser/arduinobot_ws/install/arduinobot_py_example' for CMake module files
[4.215s] DEBUG:colcon.colcon_core.event_handler.log_command:Invoked command in '/home/sksuser/arduinobot_ws/src/arduinobot_py_example' returned '0': AMENT_PREFIX_PATH=/home/sksuser/arduinobot_ws/install/arduinobot_msgs:${AMENT_PREFIX_PATH} CMAKE_PREFIX_PATH=/home/sksuser/arduinobot_ws/install/arduinobot_msgs:${CMAKE_PREFIX_PATH} LD_LIBRARY_PATH=/home/sksuser/arduinobot_ws/install/arduinobot_msgs/lib:${LD_LIBRARY_PATH} PYTHONPATH=/home/sksuser/arduinobot_ws/build/arduinobot_py_example/prefix_override:/usr/lib/python3/dist-packages/colcon_core/task/python/colcon_distutils_commands:/home/sksuser/arduinobot_ws/install/arduinobot_py_example/lib/python3.10/site-packages:/home/sksuser/arduinobot_ws/install/arduinobot_msgs/local/lib/python3.10/dist-packages:${PYTHONPATH} /usr/bin/python3 -W ignore:setup.py install is deprecated -W ignore:easy_install command is deprecated setup.py egg_info --egg-base ../../build/arduinobot_py_example build --build-base /home/sksuser/arduinobot_ws/build/arduinobot_py_example/build install --record /home/sksuser/arduinobot_ws/build/arduinobot_py_example/install.log --single-version-externally-managed install_data
[4.215s] Level 1:colcon.colcon_core.environment:checking '/home/sksuser/arduinobot_ws/install/arduinobot_py_example' for CMake config files
[4.216s] Level 1:colcon.colcon_core.environment:checking '/home/sksuser/arduinobot_ws/install/arduinobot_py_example/lib'
[4.216s] Level 1:colcon.colcon_core.environment:checking '/home/sksuser/arduinobot_ws/install/arduinobot_py_example/bin'
[4.216s] Level 1:colcon.colcon_core.environment:checking '/home/sksuser/arduinobot_ws/install/arduinobot_py_example/lib/pkgconfig/arduinobot_py_example.pc'
[4.216s] Level 1:colcon.colcon_core.environment:checking '/home/sksuser/arduinobot_ws/install/arduinobot_py_example/lib/python3.10/site-packages'
[4.217s] Level 1:colcon.colcon_core.shell:create_environment_hook('arduinobot_py_example', 'pythonpath')
[4.217s] INFO:colcon.colcon_core.shell:Creating environment hook '/home/sksuser/arduinobot_ws/install/arduinobot_py_example/share/arduinobot_py_example/hook/pythonpath.ps1'
[4.217s] INFO:colcon.colcon_core.shell:Creating environment descriptor '/home/sksuser/arduinobot_ws/install/arduinobot_py_example/share/arduinobot_py_example/hook/pythonpath.dsv'
[4.218s] INFO:colcon.colcon_core.shell:Creating environment hook '/home/sksuser/arduinobot_ws/install/arduinobot_py_example/share/arduinobot_py_example/hook/pythonpath.sh'
[4.219s] Level 1:colcon.colcon_core.environment:checking '/home/sksuser/arduinobot_ws/install/arduinobot_py_example/bin'
[4.219s] Level 1:colcon.colcon_core.environment:create_environment_scripts_only(arduinobot_py_example)
[4.219s] INFO:colcon.colcon_core.shell:Creating package script '/home/sksuser/arduinobot_ws/install/arduinobot_py_example/share/arduinobot_py_example/package.ps1'
[4.220s] INFO:colcon.colcon_core.shell:Creating package descriptor '/home/sksuser/arduinobot_ws/install/arduinobot_py_example/share/arduinobot_py_example/package.dsv'
[4.221s] INFO:colcon.colcon_core.shell:Creating package script '/home/sksuser/arduinobot_ws/install/arduinobot_py_example/share/arduinobot_py_example/package.sh'
[4.222s] INFO:colcon.colcon_core.shell:Creating package script '/home/sksuser/arduinobot_ws/install/arduinobot_py_example/share/arduinobot_py_example/package.bash'
[4.222s] INFO:colcon.colcon_core.shell:Creating package script '/home/sksuser/arduinobot_ws/install/arduinobot_py_example/share/arduinobot_py_example/package.zsh'
[4.223s] Level 1:colcon.colcon_core.environment:create_file_with_runtime_dependencies(/home/sksuser/arduinobot_ws/install/arduinobot_py_example/share/colcon-core/packages/arduinobot_py_example)
[4.223s] DEBUG:colcon.colcon_parallel_executor.executor.parallel:closing loop
[4.224s] DEBUG:colcon.colcon_parallel_executor.executor.parallel:loop closed
[4.224s] DEBUG:colcon.colcon_parallel_executor.executor.parallel:run_until_complete finished with '0'
[4.224s] DEBUG:colcon.colcon_core.event_reactor:joining thread
[4.232s] INFO:colcon.colcon_core.plugin_system:Skipping extension 'colcon_notification.desktop_notification.terminal_notifier': Not used on non-Darwin systems
[4.232s] INFO:colcon.colcon_core.plugin_system:Skipping extension 'colcon_notification.desktop_notification.win32': Not used on non-Windows systems
[4.232s] INFO:colcon.colcon_notification.desktop_notification:Sending desktop notification using 'notify2'
[4.259s] DEBUG:colcon.colcon_core.event_reactor:joined thread
[4.259s] INFO:colcon.colcon_core.shell:Creating prefix script '/home/sksuser/arduinobot_ws/install/local_setup.ps1'
[4.261s] INFO:colcon.colcon_core.shell:Creating prefix util module '/home/sksuser/arduinobot_ws/install/_local_setup_util_ps1.py'
[4.263s] INFO:colcon.colcon_core.shell:Creating prefix chain script '/home/sksuser/arduinobot_ws/install/setup.ps1'
[4.266s] INFO:colcon.colcon_core.shell:Creating prefix script '/home/sksuser/arduinobot_ws/install/local_setup.sh'
[4.267s] INFO:colcon.colcon_core.shell:Creating prefix util module '/home/sksuser/arduinobot_ws/install/_local_setup_util_sh.py'
[4.268s] INFO:colcon.colcon_core.shell:Creating prefix chain script '/home/sksuser/arduinobot_ws/install/setup.sh'
[4.271s] INFO:colcon.colcon_core.shell:Creating prefix script '/home/sksuser/arduinobot_ws/install/local_setup.bash'
[4.272s] INFO:colcon.colcon_core.shell:Creating prefix chain script '/home/sksuser/arduinobot_ws/install/setup.bash'
[4.274s] INFO:colcon.colcon_core.shell:Creating prefix script '/home/sksuser/arduinobot_ws/install/local_setup.zsh'
[4.275s] INFO:colcon.colcon_core.shell:Creating prefix chain script '/home/sksuser/arduinobot_ws/install/setup.zsh'
