[0.036s] Invoking command in '/home/sksuser/arduinobot_ws/build/arduinobot_description': CMAKE_PREFIX_PATH=${CMAKE_PREFIX_PATH}:/opt/ros/humble /usr/bin/cmake --build /home/sksuser/arduinobot_ws/build/arduinobot_description -- -j8 -l8
[0.128s] Invoked command in '/home/sksuser/arduinobot_ws/build/arduinobot_description' returned '0': CMAKE_PREFIX_PATH=${CMAKE_PREFIX_PATH}:/opt/ros/humble /usr/bin/cmake --build /home/sksuser/arduinobot_ws/build/arduinobot_description -- -j8 -l8
[0.133s] Invoking command in '/home/sksuser/arduinobot_ws/build/arduinobot_description': CMAKE_PREFIX_PATH=${CMAKE_PREFIX_PATH}:/opt/ros/humble /usr/bin/cmake --install /home/sksuser/arduinobot_ws/build/arduinobot_description
[0.185s] -- Install configuration: ""
[0.192s] -- Up-to-date: /home/sksuser/arduinobot_ws/install/arduinobot_description/share/arduinobot_description/meshes
[0.193s] -- Up-to-date: /home/sksuser/arduinobot_ws/install/arduinobot_description/share/arduinobot_description/meshes/plate.STL
[0.193s] -- Up-to-date: /home/sksuser/arduinobot_ws/install/arduinobot_description/share/arduinobot_description/meshes/basement.STL
[0.193s] -- Up-to-date: /home/sksuser/arduinobot_ws/install/arduinobot_description/share/arduinobot_description/meshes/link.STL
[0.194s] -- Up-to-date: /home/sksuser/arduinobot_ws/install/arduinobot_description/share/arduinobot_description/meshes/claw_support.STL
[0.194s] -- Up-to-date: /home/sksuser/arduinobot_ws/install/arduinobot_description/share/arduinobot_description/meshes/right_finger.STL
[0.194s] -- Up-to-date: /home/sksuser/arduinobot_ws/install/arduinobot_description/share/arduinobot_description/meshes/horizontal_arm.STL
[0.194s] -- Up-to-date: /home/sksuser/arduinobot_ws/install/arduinobot_description/share/arduinobot_description/meshes/servo_plate.STL
[0.195s] -- Up-to-date: /home/sksuser/arduinobot_ws/install/arduinobot_description/share/arduinobot_description/meshes/vertical_drive_arm.STL
[0.195s] -- Up-to-date: /home/sksuser/arduinobot_ws/install/arduinobot_description/share/arduinobot_description/meshes/base_plate.STL
[0.195s] -- Up-to-date: /home/sksuser/arduinobot_ws/install/arduinobot_description/share/arduinobot_description/meshes/triangular_link.STL
[0.196s] -- Up-to-date: /home/sksuser/arduinobot_ws/install/arduinobot_description/share/arduinobot_description/meshes/forward_drive_arm.STL
[0.196s] -- Up-to-date: /home/sksuser/arduinobot_ws/install/arduinobot_description/share/arduinobot_description/meshes/round_plate.STL
[0.200s] -- Up-to-date: /home/sksuser/arduinobot_ws/install/arduinobot_description/share/arduinobot_description/meshes/left_finger.STL
[0.201s] -- Up-to-date: /home/sksuser/arduinobot_ws/install/arduinobot_description/share/arduinobot_description/urdf
[0.201s] -- Up-to-date: /home/sksuser/arduinobot_ws/install/arduinobot_description/share/arduinobot_description/urdf/arduinobot_ros2_control.xacro
[0.202s] -- Up-to-date: /home/sksuser/arduinobot_ws/install/arduinobot_description/share/arduinobot_description/urdf/arduinobot_gazebo.xacro
[0.202s] -- Up-to-date: /home/sksuser/arduinobot_ws/install/arduinobot_description/share/arduinobot_description/urdf/arduinobot.urdf.xacro
[0.202s] -- Up-to-date: /home/sksuser/arduinobot_ws/install/arduinobot_description/share/arduinobot_description/launch
[0.202s] -- Up-to-date: /home/sksuser/arduinobot_ws/install/arduinobot_description/share/arduinobot_description/launch/display.launch.py
[0.203s] -- Up-to-date: /home/sksuser/arduinobot_ws/install/arduinobot_description/share/arduinobot_description/launch/gazebo.launch.py
[0.205s] -- Up-to-date: /home/sksuser/arduinobot_ws/install/arduinobot_description/share/arduinobot_description/rviz
[0.206s] -- Up-to-date: /home/sksuser/arduinobot_ws/install/arduinobot_description/share/arduinobot_description/rviz/display.rviz
[0.206s] -- Up-to-date: /home/sksuser/arduinobot_ws/install/arduinobot_description/share/ament_index/resource_index/package_run_dependencies/arduinobot_description
[0.207s] -- Up-to-date: /home/sksuser/arduinobot_ws/install/arduinobot_description/share/ament_index/resource_index/parent_prefix_path/arduinobot_description
[0.209s] -- Up-to-date: /home/sksuser/arduinobot_ws/install/arduinobot_description/share/arduinobot_description/environment/ament_prefix_path.sh
[0.210s] -- Up-to-date: /home/sksuser/arduinobot_ws/install/arduinobot_description/share/arduinobot_description/environment/ament_prefix_path.dsv
[0.210s] -- Up-to-date: /home/sksuser/arduinobot_ws/install/arduinobot_description/share/arduinobot_description/environment/path.sh
[0.211s] -- Up-to-date: /home/sksuser/arduinobot_ws/install/arduinobot_description/share/arduinobot_description/environment/path.dsv
[0.214s] -- Up-to-date: /home/sksuser/arduinobot_ws/install/arduinobot_description/share/arduinobot_description/local_setup.bash
[0.214s] -- Up-to-date: /home/sksuser/arduinobot_ws/install/arduinobot_description/share/arduinobot_description/local_setup.sh
[0.216s] -- Up-to-date: /home/sksuser/arduinobot_ws/install/arduinobot_description/share/arduinobot_description/local_setup.zsh
[0.216s] -- Up-to-date: /home/sksuser/arduinobot_ws/install/arduinobot_description/share/arduinobot_description/local_setup.dsv
[0.217s] -- Installing: /home/sksuser/arduinobot_ws/install/arduinobot_description/share/arduinobot_description/package.dsv
[0.217s] -- Up-to-date: /home/sksuser/arduinobot_ws/install/arduinobot_description/share/ament_index/resource_index/packages/arduinobot_description
[0.217s] -- Up-to-date: /home/sksuser/arduinobot_ws/install/arduinobot_description/share/arduinobot_description/cmake/arduinobot_descriptionConfig.cmake
[0.218s] -- Up-to-date: /home/sksuser/arduinobot_ws/install/arduinobot_description/share/arduinobot_description/cmake/arduinobot_descriptionConfig-version.cmake
[0.218s] -- Up-to-date: /home/sksuser/arduinobot_ws/install/arduinobot_description/share/arduinobot_description/package.xml
[0.284s] Invoked command in '/home/sksuser/arduinobot_ws/build/arduinobot_description' returned '0': CMAKE_PREFIX_PATH=${CMAKE_PREFIX_PATH}:/opt/ros/humble /usr/bin/cmake --install /home/sksuser/arduinobot_ws/build/arduinobot_description
