[0.792s] Invoking command in '/home/sksuser/arduinobot_ws/build/arduinobot_utils': AMENT_PREFIX_PATH=/home/sksuser/arduinobot_ws/install/arduinobot_msgs:${AMENT_PREFIX_PATH} CMAKE_PREFIX_PATH=/home/sksuser/arduinobot_ws/install/arduinobot_msgs:/home/sksuser/my_robot_ws/install/my_robot_bringup:/home/sksuser/my_robot_ws/install/my_robot_description:/opt/ros/humble LD_LIBRARY_PATH=/home/sksuser/arduinobot_ws/install/arduinobot_msgs/lib:${LD_LIBRARY_PATH} PYTHONPATH=/home/sksuser/arduinobot_ws/install/arduinobot_msgs/local/lib/python3.10/dist-packages:${PYTHONPATH} /usr/bin/cmake --build /home/sksuser/arduinobot_ws/build/arduinobot_utils -- -j8 -l8
[0.851s] -- Found ament_cmake: 1.3.12 (/opt/ros/humble/share/ament_cmake/cmake)
[1.259s] -- Found rclpy: 3.3.17 (/opt/ros/humble/share/rclpy/cmake)
[1.260s] -- Found arduinobot_msgs: 0.0.0 (/home/sksuser/arduinobot_ws/install/arduinobot_msgs/share/arduinobot_msgs/cmake)
[1.353s] -- Found rosidl_generator_c: 3.1.7 (/opt/ros/humble/share/rosidl_generator_c/cmake)
[1.361s] -- Found rosidl_adapter: 3.1.7 (/opt/ros/humble/share/rosidl_adapter/cmake)
[1.382s] -- Found rosidl_generator_cpp: 3.1.7 (/opt/ros/humble/share/rosidl_generator_cpp/cmake)
[1.409s] -- Using all available rosidl_typesupport_c: rosidl_typesupport_fastrtps_c;rosidl_typesupport_introspection_c
[1.454s] -- Using all available rosidl_typesupport_cpp: rosidl_typesupport_fastrtps_cpp;rosidl_typesupport_introspection_cpp
[1.849s] -- Found ament_lint_auto: 0.12.14 (/opt/ros/humble/share/ament_lint_auto/cmake)
[2.070s] -- Added test 'flake8' to check Python code syntax and style conventions
[2.071s] -- Added test 'lint_cmake' to check CMake code style
[2.072s] -- Added test 'pep257' to check Python code against some of the docstring style conventions in PEP 257
[2.075s] -- Added test 'xmllint' to check XML markup files
[2.078s] -- Configuring done
[2.090s] -- Generating done
[2.098s] -- Build files have been written to: /home/sksuser/arduinobot_ws/build/arduinobot_utils
[2.202s] Built target ament_cmake_python_copy_arduinobot_utils
[2.991s] running egg_info
[2.992s] writing arduinobot_utils.egg-info/PKG-INFO
[2.992s] writing dependency_links to arduinobot_utils.egg-info/dependency_links.txt
[2.993s] writing top-level names to arduinobot_utils.egg-info/top_level.txt
[3.001s] reading manifest file 'arduinobot_utils.egg-info/SOURCES.txt'
[3.003s] writing manifest file 'arduinobot_utils.egg-info/SOURCES.txt'
[3.076s] Built target ament_cmake_python_build_arduinobot_utils_egg
[3.099s] Invoked command in '/home/sksuser/arduinobot_ws/build/arduinobot_utils' returned '0': AMENT_PREFIX_PATH=/home/sksuser/arduinobot_ws/install/arduinobot_msgs:${AMENT_PREFIX_PATH} CMAKE_PREFIX_PATH=/home/sksuser/arduinobot_ws/install/arduinobot_msgs:/home/sksuser/my_robot_ws/install/my_robot_bringup:/home/sksuser/my_robot_ws/install/my_robot_description:/opt/ros/humble LD_LIBRARY_PATH=/home/sksuser/arduinobot_ws/install/arduinobot_msgs/lib:${LD_LIBRARY_PATH} PYTHONPATH=/home/sksuser/arduinobot_ws/install/arduinobot_msgs/local/lib/python3.10/dist-packages:${PYTHONPATH} /usr/bin/cmake --build /home/sksuser/arduinobot_ws/build/arduinobot_utils -- -j8 -l8
[3.109s] Invoking command in '/home/sksuser/arduinobot_ws/build/arduinobot_utils': AMENT_PREFIX_PATH=/home/sksuser/arduinobot_ws/install/arduinobot_msgs:${AMENT_PREFIX_PATH} CMAKE_PREFIX_PATH=/home/sksuser/arduinobot_ws/install/arduinobot_msgs:/home/sksuser/my_robot_ws/install/my_robot_bringup:/home/sksuser/my_robot_ws/install/my_robot_description:/opt/ros/humble LD_LIBRARY_PATH=/home/sksuser/arduinobot_ws/install/arduinobot_msgs/lib:${LD_LIBRARY_PATH} PYTHONPATH=/home/sksuser/arduinobot_ws/install/arduinobot_msgs/local/lib/python3.10/dist-packages:${PYTHONPATH} /usr/bin/cmake --install /home/sksuser/arduinobot_ws/build/arduinobot_utils
[3.124s] -- Install configuration: ""
[3.125s] -- Up-to-date: /home/sksuser/arduinobot_ws/install/arduinobot_utils/share/arduinobot_utils/environment/pythonpath.sh
[3.126s] -- Installing: /home/sksuser/arduinobot_ws/install/arduinobot_utils/share/arduinobot_utils/environment/pythonpath.dsv
[3.126s] -- Up-to-date: /home/sksuser/arduinobot_ws/install/arduinobot_utils/local/lib/python3.10/dist-packages/arduinobot_utils-0.0.0-py3.10.egg-info
[3.126s] -- Installing: /home/sksuser/arduinobot_ws/install/arduinobot_utils/local/lib/python3.10/dist-packages/arduinobot_utils-0.0.0-py3.10.egg-info/PKG-INFO
[3.127s] -- Installing: /home/sksuser/arduinobot_ws/install/arduinobot_utils/local/lib/python3.10/dist-packages/arduinobot_utils-0.0.0-py3.10.egg-info/dependency_links.txt
[3.127s] -- Installing: /home/sksuser/arduinobot_ws/install/arduinobot_utils/local/lib/python3.10/dist-packages/arduinobot_utils-0.0.0-py3.10.egg-info/top_level.txt
[3.128s] -- Installing: /home/sksuser/arduinobot_ws/install/arduinobot_utils/local/lib/python3.10/dist-packages/arduinobot_utils-0.0.0-py3.10.egg-info/SOURCES.txt
[3.128s] -- Up-to-date: /home/sksuser/arduinobot_ws/install/arduinobot_utils/local/lib/python3.10/dist-packages/arduinobot_utils
[3.128s] -- Up-to-date: /home/sksuser/arduinobot_ws/install/arduinobot_utils/local/lib/python3.10/dist-packages/arduinobot_utils/__init__.py
[3.128s] -- Up-to-date: /home/sksuser/arduinobot_ws/install/arduinobot_utils/local/lib/python3.10/dist-packages/arduinobot_utils/angle_conversion.py
[3.226s] Listing '/home/sksuser/arduinobot_ws/install/arduinobot_utils/local/lib/python3.10/dist-packages/arduinobot_utils'...
[3.245s] -- Up-to-date: /home/sksuser/arduinobot_ws/install/arduinobot_utils/lib/arduinobot_utils/angle_conversion.py
[3.245s] -- Up-to-date: /home/sksuser/arduinobot_ws/install/arduinobot_utils/share/ament_index/resource_index/package_run_dependencies/arduinobot_utils
[3.246s] -- Up-to-date: /home/sksuser/arduinobot_ws/install/arduinobot_utils/share/ament_index/resource_index/parent_prefix_path/arduinobot_utils
[3.246s] -- Up-to-date: /home/sksuser/arduinobot_ws/install/arduinobot_utils/share/arduinobot_utils/environment/ament_prefix_path.sh
[3.246s] -- Installing: /home/sksuser/arduinobot_ws/install/arduinobot_utils/share/arduinobot_utils/environment/ament_prefix_path.dsv
[3.246s] -- Up-to-date: /home/sksuser/arduinobot_ws/install/arduinobot_utils/share/arduinobot_utils/environment/path.sh
[3.246s] -- Installing: /home/sksuser/arduinobot_ws/install/arduinobot_utils/share/arduinobot_utils/environment/path.dsv
[3.247s] -- Up-to-date: /home/sksuser/arduinobot_ws/install/arduinobot_utils/share/arduinobot_utils/local_setup.bash
[3.247s] -- Up-to-date: /home/sksuser/arduinobot_ws/install/arduinobot_utils/share/arduinobot_utils/local_setup.sh
[3.248s] -- Up-to-date: /home/sksuser/arduinobot_ws/install/arduinobot_utils/share/arduinobot_utils/local_setup.zsh
[3.248s] -- Installing: /home/sksuser/arduinobot_ws/install/arduinobot_utils/share/arduinobot_utils/local_setup.dsv
[3.248s] -- Installing: /home/sksuser/arduinobot_ws/install/arduinobot_utils/share/arduinobot_utils/package.dsv
[3.249s] -- Up-to-date: /home/sksuser/arduinobot_ws/install/arduinobot_utils/share/ament_index/resource_index/packages/arduinobot_utils
[3.249s] -- Up-to-date: /home/sksuser/arduinobot_ws/install/arduinobot_utils/share/arduinobot_utils/cmake/arduinobot_utilsConfig.cmake
[3.249s] -- Up-to-date: /home/sksuser/arduinobot_ws/install/arduinobot_utils/share/arduinobot_utils/cmake/arduinobot_utilsConfig-version.cmake
[3.249s] -- Up-to-date: /home/sksuser/arduinobot_ws/install/arduinobot_utils/share/arduinobot_utils/package.xml
[3.255s] Invoked command in '/home/sksuser/arduinobot_ws/build/arduinobot_utils' returned '0': AMENT_PREFIX_PATH=/home/sksuser/arduinobot_ws/install/arduinobot_msgs:${AMENT_PREFIX_PATH} CMAKE_PREFIX_PATH=/home/sksuser/arduinobot_ws/install/arduinobot_msgs:/home/sksuser/my_robot_ws/install/my_robot_bringup:/home/sksuser/my_robot_ws/install/my_robot_description:/opt/ros/humble LD_LIBRARY_PATH=/home/sksuser/arduinobot_ws/install/arduinobot_msgs/lib:${LD_LIBRARY_PATH} PYTHONPATH=/home/sksuser/arduinobot_ws/install/arduinobot_msgs/local/lib/python3.10/dist-packages:${PYTHONPATH} /usr/bin/cmake --install /home/sksuser/arduinobot_ws/build/arduinobot_utils
