[0.047s] Invoking command in '/home/sksuser/arduinobot_ws/build/arduinobot_moveit': CMAKE_PREFIX_PATH=${CMAKE_PREFIX_PATH}:/opt/ros/humble /usr/bin/cmake /home/sksuser/arduinobot_ws/src/arduinobot_moveit -DCMAKE_INSTALL_PREFIX=/home/sksuser/arduinobot_ws/install/arduinobot_moveit
[0.371s] -- The C compiler identification is GNU 11.4.0
[0.580s] -- The CXX compiler identification is GNU 11.4.0
[0.603s] -- Detecting C compiler ABI info
[0.739s] -- Detecting C compiler ABI info - done
[0.754s] -- Check for working C compiler: /usr/bin/cc - skipped
[0.754s] -- Detecting C compile features
[0.756s] -- Detecting C compile features - done
[0.762s] -- Detecting CXX compiler ABI info
[1.036s] -- Detecting CXX compiler ABI info - done
[1.063s] -- Check for working CXX compiler: /usr/bin/c++ - skipped
[1.064s] -- Detecting CXX compile features
[1.065s] -- Detecting CXX compile features - done
[1.077s] -- Found ament_cmake: 1.3.12 (/opt/ros/humble/share/ament_cmake/cmake)
[1.455s] -- Found Python3: /usr/bin/python3 (found version "3.10.12") found components: Interpreter 
[1.655s] -- Found ament_lint_auto: 0.12.14 (/opt/ros/humble/share/ament_lint_auto/cmake)
[1.807s] -- Added test 'lint_cmake' to check CMake code style
[1.810s] -- Added test 'xmllint' to check XML markup files
[1.812s] -- Configuring done
[1.818s] -- Generating done
[1.822s] -- Build files have been written to: /home/sksuser/arduinobot_ws/build/arduinobot_moveit
[1.977s] Invoked command in '/home/sksuser/arduinobot_ws/build/arduinobot_moveit' returned '0': CMAKE_PREFIX_PATH=${CMAKE_PREFIX_PATH}:/opt/ros/humble /usr/bin/cmake /home/sksuser/arduinobot_ws/src/arduinobot_moveit -DCMAKE_INSTALL_PREFIX=/home/sksuser/arduinobot_ws/install/arduinobot_moveit
[1.979s] Invoking command in '/home/sksuser/arduinobot_ws/build/arduinobot_moveit': CMAKE_PREFIX_PATH=${CMAKE_PREFIX_PATH}:/opt/ros/humble /usr/bin/cmake --build /home/sksuser/arduinobot_ws/build/arduinobot_moveit -- -j8 -l8
[2.070s] Invoked command in '/home/sksuser/arduinobot_ws/build/arduinobot_moveit' returned '0': CMAKE_PREFIX_PATH=${CMAKE_PREFIX_PATH}:/opt/ros/humble /usr/bin/cmake --build /home/sksuser/arduinobot_ws/build/arduinobot_moveit -- -j8 -l8
[2.074s] Invoking command in '/home/sksuser/arduinobot_ws/build/arduinobot_moveit': CMAKE_PREFIX_PATH=${CMAKE_PREFIX_PATH}:/opt/ros/humble /usr/bin/cmake --install /home/sksuser/arduinobot_ws/build/arduinobot_moveit
[2.092s] -- Install configuration: ""
[2.092s] -- Installing: /home/sksuser/arduinobot_ws/install/arduinobot_moveit/share/ament_index/resource_index/package_run_dependencies/arduinobot_moveit
[2.092s] -- Installing: /home/sksuser/arduinobot_ws/install/arduinobot_moveit/share/ament_index/resource_index/parent_prefix_path/arduinobot_moveit
[2.093s] -- Installing: /home/sksuser/arduinobot_ws/install/arduinobot_moveit/share/arduinobot_moveit/environment/ament_prefix_path.sh
[2.094s] -- Installing: /home/sksuser/arduinobot_ws/install/arduinobot_moveit/share/arduinobot_moveit/environment/ament_prefix_path.dsv
[2.094s] -- Installing: /home/sksuser/arduinobot_ws/install/arduinobot_moveit/share/arduinobot_moveit/environment/path.sh
[2.094s] -- Installing: /home/sksuser/arduinobot_ws/install/arduinobot_moveit/share/arduinobot_moveit/environment/path.dsv
[2.095s] -- Installing: /home/sksuser/arduinobot_ws/install/arduinobot_moveit/share/arduinobot_moveit/local_setup.bash
[2.095s] -- Installing: /home/sksuser/arduinobot_ws/install/arduinobot_moveit/share/arduinobot_moveit/local_setup.sh
[2.095s] -- Installing: /home/sksuser/arduinobot_ws/install/arduinobot_moveit/share/arduinobot_moveit/local_setup.zsh
[2.096s] -- Installing: /home/sksuser/arduinobot_ws/install/arduinobot_moveit/share/arduinobot_moveit/local_setup.dsv
[2.096s] -- Installing: /home/sksuser/arduinobot_ws/install/arduinobot_moveit/share/arduinobot_moveit/package.dsv
[2.097s] -- Installing: /home/sksuser/arduinobot_ws/install/arduinobot_moveit/share/ament_index/resource_index/packages/arduinobot_moveit
[2.097s] -- Installing: /home/sksuser/arduinobot_ws/install/arduinobot_moveit/share/arduinobot_moveit/cmake/arduinobot_moveitConfig.cmake
[2.098s] -- Installing: /home/sksuser/arduinobot_ws/install/arduinobot_moveit/share/arduinobot_moveit/cmake/arduinobot_moveitConfig-version.cmake
[2.098s] -- Installing: /home/sksuser/arduinobot_ws/install/arduinobot_moveit/share/arduinobot_moveit/package.xml
[2.102s] Invoked command in '/home/sksuser/arduinobot_ws/build/arduinobot_moveit' returned '0': CMAKE_PREFIX_PATH=${CMAKE_PREFIX_PATH}:/opt/ros/humble /usr/bin/cmake --install /home/sksuser/arduinobot_ws/build/arduinobot_moveit
