[0.105s] Invoking command in '/home/sksuser/arduinobot_ws/build/arduinobot_description': CMAKE_PREFIX_PATH=${CMAKE_PREFIX_PATH}:/opt/ros/humble /usr/bin/cmake --build /home/sksuser/arduinobot_ws/build/arduinobot_description -- -j8 -l8
[0.393s] Invoked command in '/home/sksuser/arduinobot_ws/build/arduinobot_description' returned '0': CMAKE_PREFIX_PATH=${CMAKE_PREFIX_PATH}:/opt/ros/humble /usr/bin/cmake --build /home/sksuser/arduinobot_ws/build/arduinobot_description -- -j8 -l8
[0.397s] Invoking command in '/home/sksuser/arduinobot_ws/build/arduinobot_description': CMAKE_PREFIX_PATH=${CMAKE_PREFIX_PATH}:/opt/ros/humble /usr/bin/cmake --install /home/sksuser/arduinobot_ws/build/arduinobot_description
[0.551s] -- Install configuration: ""
[0.552s] -- Up-to-date: /home/sksuser/arduinobot_ws/install/arduinobot_description/share/arduinobot_description/meshes
[0.561s] -- Up-to-date: /home/sksuser/arduinobot_ws/install/arduinobot_description/share/arduinobot_description/meshes/plate.STL
[0.561s] -- Up-to-date: /home/sksuser/arduinobot_ws/install/arduinobot_description/share/arduinobot_description/meshes/basement.STL
[0.562s] -- Up-to-date: /home/sksuser/arduinobot_ws/install/arduinobot_description/share/arduinobot_description/meshes/link.STL
[0.562s] -- Up-to-date: /home/sksuser/arduinobot_ws/install/arduinobot_description/share/arduinobot_description/meshes/claw_support.STL
[0.567s] -- Up-to-date: /home/sksuser/arduinobot_ws/install/arduinobot_description/share/arduinobot_description/meshes/right_finger.STL
[0.572s] -- Up-to-date: /home/sksuser/arduinobot_ws/install/arduinobot_description/share/arduinobot_description/meshes/horizontal_arm.STL
[0.573s] -- Up-to-date: /home/sksuser/arduinobot_ws/install/arduinobot_description/share/arduinobot_description/meshes/servo_plate.STL
[0.573s] -- Up-to-date: /home/sksuser/arduinobot_ws/install/arduinobot_description/share/arduinobot_description/meshes/vertical_drive_arm.STL
[0.574s] -- Up-to-date: /home/sksuser/arduinobot_ws/install/arduinobot_description/share/arduinobot_description/meshes/base_plate.STL
[0.575s] -- Up-to-date: /home/sksuser/arduinobot_ws/install/arduinobot_description/share/arduinobot_description/meshes/triangular_link.STL
[0.576s] -- Up-to-date: /home/sksuser/arduinobot_ws/install/arduinobot_description/share/arduinobot_description/meshes/forward_drive_arm.STL
[0.579s] -- Up-to-date: /home/sksuser/arduinobot_ws/install/arduinobot_description/share/arduinobot_description/meshes/round_plate.STL
[0.579s] -- Up-to-date: /home/sksuser/arduinobot_ws/install/arduinobot_description/share/arduinobot_description/meshes/left_finger.STL
[0.580s] -- Up-to-date: /home/sksuser/arduinobot_ws/install/arduinobot_description/share/arduinobot_description/urdf
[0.580s] -- Up-to-date: /home/sksuser/arduinobot_ws/install/arduinobot_description/share/arduinobot_description/urdf/arduinobot_ros2_control.xacro
[0.584s] -- Up-to-date: /home/sksuser/arduinobot_ws/install/arduinobot_description/share/arduinobot_description/urdf/arduinobot_gazebo.xacro
[0.585s] -- Up-to-date: /home/sksuser/arduinobot_ws/install/arduinobot_description/share/arduinobot_description/urdf/arduinobot.urdf.xacro
[0.586s] -- Up-to-date: /home/sksuser/arduinobot_ws/install/arduinobot_description/share/arduinobot_description/launch
[0.587s] -- Up-to-date: /home/sksuser/arduinobot_ws/install/arduinobot_description/share/arduinobot_description/launch/display.launch.py
[0.589s] -- Up-to-date: /home/sksuser/arduinobot_ws/install/arduinobot_description/share/arduinobot_description/launch/gazebo.launch.py
[0.589s] -- Up-to-date: /home/sksuser/arduinobot_ws/install/arduinobot_description/share/arduinobot_description/rviz
[0.589s] -- Up-to-date: /home/sksuser/arduinobot_ws/install/arduinobot_description/share/arduinobot_description/rviz/display.rviz
[0.590s] -- Up-to-date: /home/sksuser/arduinobot_ws/install/arduinobot_description/share/ament_index/resource_index/package_run_dependencies/arduinobot_description
[0.590s] -- Up-to-date: /home/sksuser/arduinobot_ws/install/arduinobot_description/share/ament_index/resource_index/parent_prefix_path/arduinobot_description
[0.594s] -- Up-to-date: /home/sksuser/arduinobot_ws/install/arduinobot_description/share/arduinobot_description/environment/ament_prefix_path.sh
[0.595s] -- Up-to-date: /home/sksuser/arduinobot_ws/install/arduinobot_description/share/arduinobot_description/environment/ament_prefix_path.dsv
[0.596s] -- Up-to-date: /home/sksuser/arduinobot_ws/install/arduinobot_description/share/arduinobot_description/environment/path.sh
[0.597s] -- Up-to-date: /home/sksuser/arduinobot_ws/install/arduinobot_description/share/arduinobot_description/environment/path.dsv
[0.597s] -- Up-to-date: /home/sksuser/arduinobot_ws/install/arduinobot_description/share/arduinobot_description/local_setup.bash
[0.599s] -- Up-to-date: /home/sksuser/arduinobot_ws/install/arduinobot_description/share/arduinobot_description/local_setup.sh
[0.600s] -- Up-to-date: /home/sksuser/arduinobot_ws/install/arduinobot_description/share/arduinobot_description/local_setup.zsh
[0.600s] -- Up-to-date: /home/sksuser/arduinobot_ws/install/arduinobot_description/share/arduinobot_description/local_setup.dsv
[0.601s] -- Installing: /home/sksuser/arduinobot_ws/install/arduinobot_description/share/arduinobot_description/package.dsv
[0.603s] -- Up-to-date: /home/sksuser/arduinobot_ws/install/arduinobot_description/share/ament_index/resource_index/packages/arduinobot_description
[0.609s] -- Up-to-date: /home/sksuser/arduinobot_ws/install/arduinobot_description/share/arduinobot_description/cmake/arduinobot_descriptionConfig.cmake
[0.610s] -- Up-to-date: /home/sksuser/arduinobot_ws/install/arduinobot_description/share/arduinobot_description/cmake/arduinobot_descriptionConfig-version.cmake
[0.610s] -- Up-to-date: /home/sksuser/arduinobot_ws/install/arduinobot_description/share/arduinobot_description/package.xml
[0.756s] Invoked command in '/home/sksuser/arduinobot_ws/build/arduinobot_description' returned '0': CMAKE_PREFIX_PATH=${CMAKE_PREFIX_PATH}:/opt/ros/humble /usr/bin/cmake --install /home/sksuser/arduinobot_ws/build/arduinobot_description
