[1.101s] Invoking command in '/home/sksuser/arduinobot_ws/src/arduinobot_py_example': PYTHONPATH=/home/sksuser/arduinobot_ws/build/arduinobot_py_example/prefix_override:/usr/lib/python3/dist-packages/colcon_core/task/python/colcon_distutils_commands:/home/sksuser/arduinobot_ws/install/arduinobot_py_example/lib/python3.10/site-packages:${PYTHONPATH} /usr/bin/python3 -W ignore:setup.py install is deprecated -W ignore:easy_install command is deprecated setup.py egg_info --egg-base ../../build/arduinobot_py_example build --build-base /home/sksuser/arduinobot_ws/build/arduinobot_py_example/build install --record /home/sksuser/arduinobot_ws/build/arduinobot_py_example/install.log --single-version-externally-managed install_data
[1.471s] running egg_info
[1.472s] writing ../../build/arduinobot_py_example/arduinobot_py_example.egg-info/PKG-INFO
[1.472s] writing dependency_links to ../../build/arduinobot_py_example/arduinobot_py_example.egg-info/dependency_links.txt
[1.473s] writing entry points to ../../build/arduinobot_py_example/arduinobot_py_example.egg-info/entry_points.txt
[1.473s] writing requirements to ../../build/arduinobot_py_example/arduinobot_py_example.egg-info/requires.txt
[1.473s] writing top-level names to ../../build/arduinobot_py_example/arduinobot_py_example.egg-info/top_level.txt
[1.477s] reading manifest file '../../build/arduinobot_py_example/arduinobot_py_example.egg-info/SOURCES.txt'
[1.479s] writing manifest file '../../build/arduinobot_py_example/arduinobot_py_example.egg-info/SOURCES.txt'
[1.479s] running build
[1.479s] running build_py
[1.480s] running install
[1.481s] running install_lib
[1.484s] running install_data
[1.484s] running install_egg_info
[1.488s] removing '/home/sksuser/arduinobot_ws/install/arduinobot_py_example/lib/python3.10/site-packages/arduinobot_py_example-0.0.0-py3.10.egg-info' (and everything under it)
[1.489s] Copying ../../build/arduinobot_py_example/arduinobot_py_example.egg-info to /home/sksuser/arduinobot_ws/install/arduinobot_py_example/lib/python3.10/site-packages/arduinobot_py_example-0.0.0-py3.10.egg-info
[1.490s] running install_scripts
[1.523s] Installing simple_parameter script to /home/sksuser/arduinobot_ws/install/arduinobot_py_example/lib/arduinobot_py_example
[1.523s] Installing simple_publisher script to /home/sksuser/arduinobot_ws/install/arduinobot_py_example/lib/arduinobot_py_example
[1.524s] Installing simple_subscriber script to /home/sksuser/arduinobot_ws/install/arduinobot_py_example/lib/arduinobot_py_example
[1.524s] writing list of installed files to '/home/sksuser/arduinobot_ws/build/arduinobot_py_example/install.log'
[1.562s] Invoked command in '/home/sksuser/arduinobot_ws/src/arduinobot_py_example' returned '0': PYTHONPATH=/home/sksuser/arduinobot_ws/build/arduinobot_py_example/prefix_override:/usr/lib/python3/dist-packages/colcon_core/task/python/colcon_distutils_commands:/home/sksuser/arduinobot_ws/install/arduinobot_py_example/lib/python3.10/site-packages:${PYTHONPATH} /usr/bin/python3 -W ignore:setup.py install is deprecated -W ignore:easy_install command is deprecated setup.py egg_info --egg-base ../../build/arduinobot_py_example build --build-base /home/sksuser/arduinobot_ws/build/arduinobot_py_example/build install --record /home/sksuser/arduinobot_ws/build/arduinobot_py_example/install.log --single-version-externally-managed install_data
