[0.049s] Invoking command in '/home/sksuser/arduinobot_ws/build/arduinobot_controller': CMAKE_PREFIX_PATH=${CMAKE_PREFIX_PATH}:/home/sksuser/arduinobot_ws/install/arduinobot_py_example:/opt/ros/humble /usr/bin/cmake --build /home/sksuser/arduinobot_ws/build/arduinobot_controller -- -j8 -l8
[0.543s] Invoked command in '/home/sksuser/arduinobot_ws/build/arduinobot_controller' returned '0': CMAKE_PREFIX_PATH=${CMAKE_PREFIX_PATH}:/home/sksuser/arduinobot_ws/install/arduinobot_py_example:/opt/ros/humble /usr/bin/cmake --build /home/sksuser/arduinobot_ws/build/arduinobot_controller -- -j8 -l8
[0.557s] Invoking command in '/home/sksuser/arduinobot_ws/build/arduinobot_controller': CMAKE_PREFIX_PATH=${CMAKE_PREFIX_PATH}:/home/sksuser/arduinobot_ws/install/arduinobot_py_example:/opt/ros/humble /usr/bin/cmake --install /home/sksuser/arduinobot_ws/build/arduinobot_controller
[0.572s] -- Install configuration: ""
[0.573s] -- Up-to-date: /home/sksuser/arduinobot_ws/install/arduinobot_controller/share/arduinobot_controller//config
[0.574s] -- Up-to-date: /home/sksuser/arduinobot_ws/install/arduinobot_controller/share/arduinobot_controller//config/arduinobot_controllers.yaml
[0.574s] -- Up-to-date: /home/sksuser/arduinobot_ws/install/arduinobot_controller/share/arduinobot_controller//launch
[0.574s] -- Installing: /home/sksuser/arduinobot_ws/install/arduinobot_controller/share/arduinobot_controller//launch/controller.launch.py
[0.574s] -- Up-to-date: /home/sksuser/arduinobot_ws/install/arduinobot_controller/share/ament_index/resource_index/package_run_dependencies/arduinobot_controller
[0.575s] -- Up-to-date: /home/sksuser/arduinobot_ws/install/arduinobot_controller/share/ament_index/resource_index/parent_prefix_path/arduinobot_controller
[0.575s] -- Up-to-date: /home/sksuser/arduinobot_ws/install/arduinobot_controller/share/arduinobot_controller/environment/ament_prefix_path.sh
[0.575s] -- Up-to-date: /home/sksuser/arduinobot_ws/install/arduinobot_controller/share/arduinobot_controller/environment/ament_prefix_path.dsv
[0.575s] -- Up-to-date: /home/sksuser/arduinobot_ws/install/arduinobot_controller/share/arduinobot_controller/environment/path.sh
[0.575s] -- Up-to-date: /home/sksuser/arduinobot_ws/install/arduinobot_controller/share/arduinobot_controller/environment/path.dsv
[0.576s] -- Up-to-date: /home/sksuser/arduinobot_ws/install/arduinobot_controller/share/arduinobot_controller/local_setup.bash
[0.576s] -- Up-to-date: /home/sksuser/arduinobot_ws/install/arduinobot_controller/share/arduinobot_controller/local_setup.sh
[0.576s] -- Up-to-date: /home/sksuser/arduinobot_ws/install/arduinobot_controller/share/arduinobot_controller/local_setup.zsh
[0.576s] -- Up-to-date: /home/sksuser/arduinobot_ws/install/arduinobot_controller/share/arduinobot_controller/local_setup.dsv
[0.576s] -- Installing: /home/sksuser/arduinobot_ws/install/arduinobot_controller/share/arduinobot_controller/package.dsv
[0.577s] -- Up-to-date: /home/sksuser/arduinobot_ws/install/arduinobot_controller/share/ament_index/resource_index/packages/arduinobot_controller
[0.577s] -- Up-to-date: /home/sksuser/arduinobot_ws/install/arduinobot_controller/share/arduinobot_controller/cmake/arduinobot_controllerConfig.cmake
[0.579s] -- Up-to-date: /home/sksuser/arduinobot_ws/install/arduinobot_controller/share/arduinobot_controller/cmake/arduinobot_controllerConfig-version.cmake
[0.580s] -- Up-to-date: /home/sksuser/arduinobot_ws/install/arduinobot_controller/share/arduinobot_controller/package.xml
[0.583s] Invoked command in '/home/sksuser/arduinobot_ws/build/arduinobot_controller' returned '0': CMAKE_PREFIX_PATH=${CMAKE_PREFIX_PATH}:/home/sksuser/arduinobot_ws/install/arduinobot_py_example:/opt/ros/humble /usr/bin/cmake --install /home/sksuser/arduinobot_ws/build/arduinobot_controller
