[0.040s] Invoking command in '/home/sksuser/arduinobot_ws/build/arduinobot_controller': AMENT_PREFIX_PATH=/home/sksuser/arduinobot_ws/install/arduinobot_description:${AMENT_PREFIX_PATH} CMAKE_PREFIX_PATH=/home/sksuser/arduinobot_ws/install/arduinobot_description:/home/sksuser/my_robot_ws/install/my_robot_bringup:/home/sksuser/my_robot_ws/install/my_robot_description:/opt/ros/humble /usr/bin/cmake --build /home/sksuser/arduinobot_ws/build/arduinobot_controller -- -j8 -l8
[0.191s] [100%] Built target slider_control
[0.200s] [100%] Built target ament_cmake_python_copy_arduinobot_controller
[0.757s] running egg_info
[0.758s] writing arduinobot_controller.egg-info/PKG-INFO
[0.759s] writing dependency_links to arduinobot_controller.egg-info/dependency_links.txt
[0.759s] writing top-level names to arduinobot_controller.egg-info/top_level.txt
[0.764s] reading manifest file 'arduinobot_controller.egg-info/SOURCES.txt'
[0.765s] writing manifest file 'arduinobot_controller.egg-info/SOURCES.txt'
[0.828s] [100%] Built target ament_cmake_python_build_arduinobot_controller_egg
[1.681s] Invoked command in '/home/sksuser/arduinobot_ws/build/arduinobot_controller' returned '0': AMENT_PREFIX_PATH=/home/sksuser/arduinobot_ws/install/arduinobot_description:${AMENT_PREFIX_PATH} CMAKE_PREFIX_PATH=/home/sksuser/arduinobot_ws/install/arduinobot_description:/home/sksuser/my_robot_ws/install/my_robot_bringup:/home/sksuser/my_robot_ws/install/my_robot_description:/opt/ros/humble /usr/bin/cmake --build /home/sksuser/arduinobot_ws/build/arduinobot_controller -- -j8 -l8
[1.688s] Invoking command in '/home/sksuser/arduinobot_ws/build/arduinobot_controller': AMENT_PREFIX_PATH=/home/sksuser/arduinobot_ws/install/arduinobot_description:${AMENT_PREFIX_PATH} CMAKE_PREFIX_PATH=/home/sksuser/arduinobot_ws/install/arduinobot_description:/home/sksuser/my_robot_ws/install/my_robot_bringup:/home/sksuser/my_robot_ws/install/my_robot_description:/opt/ros/humble /usr/bin/cmake --install /home/sksuser/arduinobot_ws/build/arduinobot_controller
[1.712s] -- Install configuration: ""
[1.712s] -- Up-to-date: /home/sksuser/arduinobot_ws/install/arduinobot_controller/share/arduinobot_controller/environment/pythonpath.sh
[1.713s] -- Up-to-date: /home/sksuser/arduinobot_ws/install/arduinobot_controller/share/arduinobot_controller/environment/pythonpath.dsv
[1.713s] -- Up-to-date: /home/sksuser/arduinobot_ws/install/arduinobot_controller/local/lib/python3.10/dist-packages/arduinobot_controller-0.0.0-py3.10.egg-info
[1.713s] -- Installing: /home/sksuser/arduinobot_ws/install/arduinobot_controller/local/lib/python3.10/dist-packages/arduinobot_controller-0.0.0-py3.10.egg-info/PKG-INFO
[1.714s] -- Installing: /home/sksuser/arduinobot_ws/install/arduinobot_controller/local/lib/python3.10/dist-packages/arduinobot_controller-0.0.0-py3.10.egg-info/dependency_links.txt
[1.736s] -- Installing: /home/sksuser/arduinobot_ws/install/arduinobot_controller/local/lib/python3.10/dist-packages/arduinobot_controller-0.0.0-py3.10.egg-info/top_level.txt
[1.742s] -- Installing: /home/sksuser/arduinobot_ws/install/arduinobot_controller/local/lib/python3.10/dist-packages/arduinobot_controller-0.0.0-py3.10.egg-info/SOURCES.txt
[1.742s] -- Up-to-date: /home/sksuser/arduinobot_ws/install/arduinobot_controller/local/lib/python3.10/dist-packages/arduinobot_controller
[1.743s] -- Up-to-date: /home/sksuser/arduinobot_ws/install/arduinobot_controller/local/lib/python3.10/dist-packages/arduinobot_controller/__init__.py
[1.743s] -- Up-to-date: /home/sksuser/arduinobot_ws/install/arduinobot_controller/local/lib/python3.10/dist-packages/arduinobot_controller/slider_control.py
[1.872s] Listing '/home/sksuser/arduinobot_ws/install/arduinobot_controller/local/lib/python3.10/dist-packages/arduinobot_controller'...
[1.889s] -- Up-to-date: /home/sksuser/arduinobot_ws/install/arduinobot_controller/lib/arduinobot_controller/slider_control
[1.896s] -- Up-to-date: /home/sksuser/arduinobot_ws/install/arduinobot_controller/share/arduinobot_controller/launch
[1.897s] -- Up-to-date: /home/sksuser/arduinobot_ws/install/arduinobot_controller/share/arduinobot_controller/launch/slider_controller.launch.py
[1.897s] -- Up-to-date: /home/sksuser/arduinobot_ws/install/arduinobot_controller/share/arduinobot_controller/launch/controller.launch.py
[1.897s] -- Up-to-date: /home/sksuser/arduinobot_ws/install/arduinobot_controller/share/arduinobot_controller/config
[1.897s] -- Up-to-date: /home/sksuser/arduinobot_ws/install/arduinobot_controller/share/arduinobot_controller/config/arduinobot_controllers.yaml
[1.897s] -- Up-to-date: /home/sksuser/arduinobot_ws/install/arduinobot_controller/lib/arduinobot_controller/slider_control.py
[1.898s] -- Up-to-date: /home/sksuser/arduinobot_ws/install/arduinobot_controller/share/ament_index/resource_index/package_run_dependencies/arduinobot_controller
[1.899s] -- Up-to-date: /home/sksuser/arduinobot_ws/install/arduinobot_controller/share/ament_index/resource_index/parent_prefix_path/arduinobot_controller
[1.899s] -- Up-to-date: /home/sksuser/arduinobot_ws/install/arduinobot_controller/share/arduinobot_controller/environment/ament_prefix_path.sh
[1.899s] -- Up-to-date: /home/sksuser/arduinobot_ws/install/arduinobot_controller/share/arduinobot_controller/environment/ament_prefix_path.dsv
[1.901s] -- Up-to-date: /home/sksuser/arduinobot_ws/install/arduinobot_controller/share/arduinobot_controller/environment/path.sh
[1.902s] -- Up-to-date: /home/sksuser/arduinobot_ws/install/arduinobot_controller/share/arduinobot_controller/environment/path.dsv
[1.902s] -- Up-to-date: /home/sksuser/arduinobot_ws/install/arduinobot_controller/share/arduinobot_controller/local_setup.bash
[1.902s] -- Up-to-date: /home/sksuser/arduinobot_ws/install/arduinobot_controller/share/arduinobot_controller/local_setup.sh
[1.903s] -- Up-to-date: /home/sksuser/arduinobot_ws/install/arduinobot_controller/share/arduinobot_controller/local_setup.zsh
[1.903s] -- Up-to-date: /home/sksuser/arduinobot_ws/install/arduinobot_controller/share/arduinobot_controller/local_setup.dsv
[1.903s] -- Installing: /home/sksuser/arduinobot_ws/install/arduinobot_controller/share/arduinobot_controller/package.dsv
[1.906s] -- Up-to-date: /home/sksuser/arduinobot_ws/install/arduinobot_controller/share/ament_index/resource_index/packages/arduinobot_controller
[1.906s] -- Up-to-date: /home/sksuser/arduinobot_ws/install/arduinobot_controller/share/arduinobot_controller/cmake/arduinobot_controllerConfig.cmake
[1.907s] -- Up-to-date: /home/sksuser/arduinobot_ws/install/arduinobot_controller/share/arduinobot_controller/cmake/arduinobot_controllerConfig-version.cmake
[1.907s] -- Up-to-date: /home/sksuser/arduinobot_ws/install/arduinobot_controller/share/arduinobot_controller/package.xml
[1.914s] Invoked command in '/home/sksuser/arduinobot_ws/build/arduinobot_controller' returned '0': AMENT_PREFIX_PATH=/home/sksuser/arduinobot_ws/install/arduinobot_description:${AMENT_PREFIX_PATH} CMAKE_PREFIX_PATH=/home/sksuser/arduinobot_ws/install/arduinobot_description:/home/sksuser/my_robot_ws/install/my_robot_bringup:/home/sksuser/my_robot_ws/install/my_robot_description:/opt/ros/humble /usr/bin/cmake --install /home/sksuser/arduinobot_ws/build/arduinobot_controller
