[0.049s] Invoking command in '/home/sksuser/arduinobot_ws/build/arduinobot_moveit': CMAKE_PREFIX_PATH=${CMAKE_PREFIX_PATH}:/opt/ros/humble /usr/bin/cmake --build /home/sksuser/arduinobot_ws/build/arduinobot_moveit -- -j8 -l8
[0.143s] Invoked command in '/home/sksuser/arduinobot_ws/build/arduinobot_moveit' returned '0': CMAKE_PREFIX_PATH=${CMAKE_PREFIX_PATH}:/opt/ros/humble /usr/bin/cmake --build /home/sksuser/arduinobot_ws/build/arduinobot_moveit -- -j8 -l8
[0.148s] Invoking command in '/home/sksuser/arduinobot_ws/build/arduinobot_moveit': CMAKE_PREFIX_PATH=${CMAKE_PREFIX_PATH}:/opt/ros/humble /usr/bin/cmake --install /home/sksuser/arduinobot_ws/build/arduinobot_moveit
[0.205s] -- Install configuration: ""
[0.205s] -- Up-to-date: /home/sksuser/arduinobot_ws/install/arduinobot_moveit/share/arduinobot_moveit/config
[0.206s] -- Up-to-date: /home/sksuser/arduinobot_ws/install/arduinobot_moveit/share/arduinobot_moveit/config/pliz_cartesian_limits.yaml
[0.206s] -- Up-to-date: /home/sksuser/arduinobot_ws/install/arduinobot_moveit/share/arduinobot_moveit/config/kinematic.yaml
[0.207s] -- Up-to-date: /home/sksuser/arduinobot_ws/install/arduinobot_moveit/share/arduinobot_moveit/config/moveit_controller.yaml
[0.207s] -- Up-to-date: /home/sksuser/arduinobot_ws/install/arduinobot_moveit/share/arduinobot_moveit/config/joint_limits.yaml
[0.207s] -- Up-to-date: /home/sksuser/arduinobot_ws/install/arduinobot_moveit/share/arduinobot_moveit/config/arduinobot.srdf
[0.207s] -- Up-to-date: /home/sksuser/arduinobot_ws/install/arduinobot_moveit/share/arduinobot_moveit/config/initial_position.yaml
[0.208s] -- Up-to-date: /home/sksuser/arduinobot_ws/install/arduinobot_moveit/share/arduinobot_moveit/launch
[0.208s] -- Up-to-date: /home/sksuser/arduinobot_ws/install/arduinobot_moveit/share/arduinobot_moveit/launch/moveit.launch.py
[0.208s] -- Up-to-date: /home/sksuser/arduinobot_ws/install/arduinobot_moveit/share/ament_index/resource_index/package_run_dependencies/arduinobot_moveit
[0.209s] -- Up-to-date: /home/sksuser/arduinobot_ws/install/arduinobot_moveit/share/ament_index/resource_index/parent_prefix_path/arduinobot_moveit
[0.209s] -- Up-to-date: /home/sksuser/arduinobot_ws/install/arduinobot_moveit/share/arduinobot_moveit/environment/ament_prefix_path.sh
[0.209s] -- Up-to-date: /home/sksuser/arduinobot_ws/install/arduinobot_moveit/share/arduinobot_moveit/environment/ament_prefix_path.dsv
[0.210s] -- Up-to-date: /home/sksuser/arduinobot_ws/install/arduinobot_moveit/share/arduinobot_moveit/environment/path.sh
[0.210s] -- Up-to-date: /home/sksuser/arduinobot_ws/install/arduinobot_moveit/share/arduinobot_moveit/environment/path.dsv
[0.210s] -- Up-to-date: /home/sksuser/arduinobot_ws/install/arduinobot_moveit/share/arduinobot_moveit/local_setup.bash
[0.210s] -- Up-to-date: /home/sksuser/arduinobot_ws/install/arduinobot_moveit/share/arduinobot_moveit/local_setup.sh
[0.211s] -- Up-to-date: /home/sksuser/arduinobot_ws/install/arduinobot_moveit/share/arduinobot_moveit/local_setup.zsh
[0.211s] -- Up-to-date: /home/sksuser/arduinobot_ws/install/arduinobot_moveit/share/arduinobot_moveit/local_setup.dsv
[0.212s] -- Installing: /home/sksuser/arduinobot_ws/install/arduinobot_moveit/share/arduinobot_moveit/package.dsv
[0.212s] -- Up-to-date: /home/sksuser/arduinobot_ws/install/arduinobot_moveit/share/ament_index/resource_index/packages/arduinobot_moveit
[0.212s] -- Up-to-date: /home/sksuser/arduinobot_ws/install/arduinobot_moveit/share/arduinobot_moveit/cmake/arduinobot_moveitConfig.cmake
[0.216s] -- Up-to-date: /home/sksuser/arduinobot_ws/install/arduinobot_moveit/share/arduinobot_moveit/cmake/arduinobot_moveitConfig-version.cmake
[0.216s] -- Up-to-date: /home/sksuser/arduinobot_ws/install/arduinobot_moveit/share/arduinobot_moveit/package.xml
[0.271s] Invoked command in '/home/sksuser/arduinobot_ws/build/arduinobot_moveit' returned '0': CMAKE_PREFIX_PATH=${CMAKE_PREFIX_PATH}:/opt/ros/humble /usr/bin/cmake --install /home/sksuser/arduinobot_ws/build/arduinobot_moveit
