[0.073s] Invoking command in '/home/sksuser/arduinobot_ws/build/arduinobot_remote': AMENT_PREFIX_PATH=/home/sksuser/arduinobot_ws/install/arduinobot_moveit:/home/sksuser/arduinobot_ws/install/arduinobot_msgs:/home/sksuser/arduinobot_ws/install/arduinobot_description:${AMENT_PREFIX_PATH} CMAKE_PREFIX_PATH=/home/sksuser/arduinobot_ws/install/arduinobot_moveit:/home/sksuser/arduinobot_ws/install/arduinobot_msgs:/home/sksuser/arduinobot_ws/install/arduinobot_description:/home/sksuser/my_robot_ws/install/my_robot_bringup:/home/sksuser/my_robot_ws/install/my_robot_description:/opt/ros/humble LD_LIBRARY_PATH=/home/sksuser/arduinobot_ws/install/arduinobot_msgs/lib:${LD_LIBRARY_PATH} PYTHONPATH=/home/sksuser/arduinobot_ws/install/arduinobot_msgs/local/lib/python3.10/dist-packages:${PYTHONPATH} /usr/bin/cmake --build /home/sksuser/arduinobot_ws/build/arduinobot_remote -- -j8 -l8
[0.847s] [ 50%] Built target task_server_node
[0.848s] [ 50%] Built target ament_cmake_python_copy_arduinobot_remote
[0.849s] [100%] Built target task_server
[0.999s] running egg_info
[1.000s] writing arduinobot_remote.egg-info/PKG-INFO
[1.001s] writing dependency_links to arduinobot_remote.egg-info/dependency_links.txt
[1.001s] writing top-level names to arduinobot_remote.egg-info/top_level.txt
[1.010s] reading manifest file 'arduinobot_remote.egg-info/SOURCES.txt'
[1.011s] writing manifest file 'arduinobot_remote.egg-info/SOURCES.txt'
[1.080s] [100%] Built target ament_cmake_python_build_arduinobot_remote_egg
[1.106s] Invoked command in '/home/sksuser/arduinobot_ws/build/arduinobot_remote' returned '0': AMENT_PREFIX_PATH=/home/sksuser/arduinobot_ws/install/arduinobot_moveit:/home/sksuser/arduinobot_ws/install/arduinobot_msgs:/home/sksuser/arduinobot_ws/install/arduinobot_description:${AMENT_PREFIX_PATH} CMAKE_PREFIX_PATH=/home/sksuser/arduinobot_ws/install/arduinobot_moveit:/home/sksuser/arduinobot_ws/install/arduinobot_msgs:/home/sksuser/arduinobot_ws/install/arduinobot_description:/home/sksuser/my_robot_ws/install/my_robot_bringup:/home/sksuser/my_robot_ws/install/my_robot_description:/opt/ros/humble LD_LIBRARY_PATH=/home/sksuser/arduinobot_ws/install/arduinobot_msgs/lib:${LD_LIBRARY_PATH} PYTHONPATH=/home/sksuser/arduinobot_ws/install/arduinobot_msgs/local/lib/python3.10/dist-packages:${PYTHONPATH} /usr/bin/cmake --build /home/sksuser/arduinobot_ws/build/arduinobot_remote -- -j8 -l8
[1.110s] Invoking command in '/home/sksuser/arduinobot_ws/build/arduinobot_remote': AMENT_PREFIX_PATH=/home/sksuser/arduinobot_ws/install/arduinobot_moveit:/home/sksuser/arduinobot_ws/install/arduinobot_msgs:/home/sksuser/arduinobot_ws/install/arduinobot_description:${AMENT_PREFIX_PATH} CMAKE_PREFIX_PATH=/home/sksuser/arduinobot_ws/install/arduinobot_moveit:/home/sksuser/arduinobot_ws/install/arduinobot_msgs:/home/sksuser/arduinobot_ws/install/arduinobot_description:/home/sksuser/my_robot_ws/install/my_robot_bringup:/home/sksuser/my_robot_ws/install/my_robot_description:/opt/ros/humble LD_LIBRARY_PATH=/home/sksuser/arduinobot_ws/install/arduinobot_msgs/lib:${LD_LIBRARY_PATH} PYTHONPATH=/home/sksuser/arduinobot_ws/install/arduinobot_msgs/local/lib/python3.10/dist-packages:${PYTHONPATH} /usr/bin/cmake --install /home/sksuser/arduinobot_ws/build/arduinobot_remote
[1.127s] -- Install configuration: ""
[1.128s] -- Up-to-date: /home/sksuser/arduinobot_ws/install/arduinobot_remote/lib/arduinobot_remote/task_server_node
[1.129s] -- Up-to-date: /home/sksuser/arduinobot_ws/install/arduinobot_remote/share/arduinobot_remote/environment/pythonpath.sh
[1.129s] -- Up-to-date: /home/sksuser/arduinobot_ws/install/arduinobot_remote/share/arduinobot_remote/environment/pythonpath.dsv
[1.129s] -- Up-to-date: /home/sksuser/arduinobot_ws/install/arduinobot_remote/local/lib/python3.10/dist-packages/arduinobot_remote-0.0.0-py3.10.egg-info
[1.130s] -- Installing: /home/sksuser/arduinobot_ws/install/arduinobot_remote/local/lib/python3.10/dist-packages/arduinobot_remote-0.0.0-py3.10.egg-info/PKG-INFO
[1.130s] -- Installing: /home/sksuser/arduinobot_ws/install/arduinobot_remote/local/lib/python3.10/dist-packages/arduinobot_remote-0.0.0-py3.10.egg-info/dependency_links.txt
[1.131s] -- Installing: /home/sksuser/arduinobot_ws/install/arduinobot_remote/local/lib/python3.10/dist-packages/arduinobot_remote-0.0.0-py3.10.egg-info/top_level.txt
[1.131s] -- Installing: /home/sksuser/arduinobot_ws/install/arduinobot_remote/local/lib/python3.10/dist-packages/arduinobot_remote-0.0.0-py3.10.egg-info/SOURCES.txt
[1.131s] -- Up-to-date: /home/sksuser/arduinobot_ws/install/arduinobot_remote/local/lib/python3.10/dist-packages/arduinobot_remote
[1.131s] -- Up-to-date: /home/sksuser/arduinobot_ws/install/arduinobot_remote/local/lib/python3.10/dist-packages/arduinobot_remote/task_server.py
[1.132s] -- Up-to-date: /home/sksuser/arduinobot_ws/install/arduinobot_remote/local/lib/python3.10/dist-packages/arduinobot_remote/__init__.py
[1.132s] -- Up-to-date: /home/sksuser/arduinobot_ws/install/arduinobot_remote/local/lib/python3.10/dist-packages/arduinobot_remote/alexa_interface.py
[1.211s] Listing '/home/sksuser/arduinobot_ws/install/arduinobot_remote/local/lib/python3.10/dist-packages/arduinobot_remote'...
[1.222s] -- Up-to-date: /home/sksuser/arduinobot_ws/install/arduinobot_remote/share/arduinobot_remote/launch
[1.222s] -- Up-to-date: /home/sksuser/arduinobot_ws/install/arduinobot_remote/share/arduinobot_remote/launch/remote_interface.launch.py
[1.224s] -- Up-to-date: /home/sksuser/arduinobot_ws/install/arduinobot_remote/lib/libtask_server.so
[1.224s] -- Up-to-date: /home/sksuser/arduinobot_ws/install/arduinobot_remote/lib/arduinobot_remote/task_server.py
[1.224s] -- Up-to-date: /home/sksuser/arduinobot_ws/install/arduinobot_remote/lib/arduinobot_remote/alexa_interface.py
[1.225s] -- Up-to-date: /home/sksuser/arduinobot_ws/install/arduinobot_remote/share/ament_index/resource_index/package_run_dependencies/arduinobot_remote
[1.225s] -- Up-to-date: /home/sksuser/arduinobot_ws/install/arduinobot_remote/share/ament_index/resource_index/parent_prefix_path/arduinobot_remote
[1.226s] -- Up-to-date: /home/sksuser/arduinobot_ws/install/arduinobot_remote/share/arduinobot_remote/environment/ament_prefix_path.sh
[1.226s] -- Up-to-date: /home/sksuser/arduinobot_ws/install/arduinobot_remote/share/arduinobot_remote/environment/ament_prefix_path.dsv
[1.226s] -- Up-to-date: /home/sksuser/arduinobot_ws/install/arduinobot_remote/share/arduinobot_remote/environment/path.sh
[1.227s] -- Up-to-date: /home/sksuser/arduinobot_ws/install/arduinobot_remote/share/arduinobot_remote/environment/path.dsv
[1.227s] -- Up-to-date: /home/sksuser/arduinobot_ws/install/arduinobot_remote/share/arduinobot_remote/local_setup.bash
[1.228s] -- Up-to-date: /home/sksuser/arduinobot_ws/install/arduinobot_remote/share/arduinobot_remote/local_setup.sh
[1.228s] -- Up-to-date: /home/sksuser/arduinobot_ws/install/arduinobot_remote/share/arduinobot_remote/local_setup.zsh
[1.228s] -- Up-to-date: /home/sksuser/arduinobot_ws/install/arduinobot_remote/share/arduinobot_remote/local_setup.dsv
[1.228s] -- Installing: /home/sksuser/arduinobot_ws/install/arduinobot_remote/share/arduinobot_remote/package.dsv
[1.228s] -- Up-to-date: /home/sksuser/arduinobot_ws/install/arduinobot_remote/share/ament_index/resource_index/packages/arduinobot_remote
[1.229s] -- Up-to-date: /home/sksuser/arduinobot_ws/install/arduinobot_remote/share/ament_index/resource_index/rclcpp_components/arduinobot_remote
[1.229s] -- Up-to-date: /home/sksuser/arduinobot_ws/install/arduinobot_remote/share/arduinobot_remote/cmake/arduinobot_remoteConfig.cmake
[1.229s] -- Up-to-date: /home/sksuser/arduinobot_ws/install/arduinobot_remote/share/arduinobot_remote/cmake/arduinobot_remoteConfig-version.cmake
[1.229s] -- Up-to-date: /home/sksuser/arduinobot_ws/install/arduinobot_remote/share/arduinobot_remote/package.xml
[1.232s] Invoked command in '/home/sksuser/arduinobot_ws/build/arduinobot_remote' returned '0': AMENT_PREFIX_PATH=/home/sksuser/arduinobot_ws/install/arduinobot_moveit:/home/sksuser/arduinobot_ws/install/arduinobot_msgs:/home/sksuser/arduinobot_ws/install/arduinobot_description:${AMENT_PREFIX_PATH} CMAKE_PREFIX_PATH=/home/sksuser/arduinobot_ws/install/arduinobot_moveit:/home/sksuser/arduinobot_ws/install/arduinobot_msgs:/home/sksuser/arduinobot_ws/install/arduinobot_description:/home/sksuser/my_robot_ws/install/my_robot_bringup:/home/sksuser/my_robot_ws/install/my_robot_description:/opt/ros/humble LD_LIBRARY_PATH=/home/sksuser/arduinobot_ws/install/arduinobot_msgs/lib:${LD_LIBRARY_PATH} PYTHONPATH=/home/sksuser/arduinobot_ws/install/arduinobot_msgs/local/lib/python3.10/dist-packages:${PYTHONPATH} /usr/bin/cmake --install /home/sksuser/arduinobot_ws/build/arduinobot_remote
