[ 14%] Built target simple_action_server
[ 28%] Built target simple_action_client
[ 42%] Built target simple_moveit_interface
[ 57%] Built target simple_action_server_node
[ 71%] Built target simple_action_client_node
[ 85%] Built target simple_publisher
[100%] Built target simple_subscriber
-- Install configuration: ""
-- Up-to-date: /home/sksuser/arduinobot_ws/install/arduinobot_cpp_example/lib/arduinobot_cpp_example/simple_action_server_node
-- Up-to-date: /home/sksuser/arduinobot_ws/install/arduinobot_cpp_example/lib/arduinobot_cpp_example/simple_action_client_node
-- Up-to-date: /home/sksuser/arduinobot_ws/install/arduinobot_cpp_example/lib/arduinobot_cpp_example/simple_publisher
-- Up-to-date: /home/sksuser/arduinobot_ws/install/arduinobot_cpp_example/lib/arduinobot_cpp_example/simple_subscriber
-- Up-to-date: /home/sksuser/arduinobot_ws/install/arduinobot_cpp_example/lib/arduinobot_cpp_example/simple_moveit_interface
-- Up-to-date: /home/sksuser/arduinobot_ws/install/arduinobot_cpp_example/lib/libsimple_action_server.so
-- Up-to-date: /home/sksuser/arduinobot_ws/install/arduinobot_cpp_example/lib/libsimple_action_client.so
-- Up-to-date: /home/sksuser/arduinobot_ws/install/arduinobot_cpp_example/share/ament_index/resource_index/package_run_dependencies/arduinobot_cpp_example
-- Up-to-date: /home/sksuser/arduinobot_ws/install/arduinobot_cpp_example/share/ament_index/resource_index/parent_prefix_path/arduinobot_cpp_example
-- Up-to-date: /home/sksuser/arduinobot_ws/install/arduinobot_cpp_example/share/arduinobot_cpp_example/environment/ament_prefix_path.sh
-- Up-to-date: /home/sksuser/arduinobot_ws/install/arduinobot_cpp_example/share/arduinobot_cpp_example/environment/ament_prefix_path.dsv
-- Up-to-date: /home/sksuser/arduinobot_ws/install/arduinobot_cpp_example/share/arduinobot_cpp_example/environment/path.sh
-- Up-to-date: /home/sksuser/arduinobot_ws/install/arduinobot_cpp_example/share/arduinobot_cpp_example/environment/path.dsv
-- Up-to-date: /home/sksuser/arduinobot_ws/install/arduinobot_cpp_example/share/arduinobot_cpp_example/local_setup.bash
-- Up-to-date: /home/sksuser/arduinobot_ws/install/arduinobot_cpp_example/share/arduinobot_cpp_example/local_setup.sh
-- Up-to-date: /home/sksuser/arduinobot_ws/install/arduinobot_cpp_example/share/arduinobot_cpp_example/local_setup.zsh
-- Up-to-date: /home/sksuser/arduinobot_ws/install/arduinobot_cpp_example/share/arduinobot_cpp_example/local_setup.dsv
-- Installing: /home/sksuser/arduinobot_ws/install/arduinobot_cpp_example/share/arduinobot_cpp_example/package.dsv
-- Up-to-date: /home/sksuser/arduinobot_ws/install/arduinobot_cpp_example/share/ament_index/resource_index/packages/arduinobot_cpp_example
-- Up-to-date: /home/sksuser/arduinobot_ws/install/arduinobot_cpp_example/share/ament_index/resource_index/rclcpp_components/arduinobot_cpp_example
-- Up-to-date: /home/sksuser/arduinobot_ws/install/arduinobot_cpp_example/share/arduinobot_cpp_example/cmake/arduinobot_cpp_exampleConfig.cmake
-- Up-to-date: /home/sksuser/arduinobot_ws/install/arduinobot_cpp_example/share/arduinobot_cpp_example/cmake/arduinobot_cpp_exampleConfig-version.cmake
-- Up-to-date: /home/sksuser/arduinobot_ws/install/arduinobot_cpp_example/share/arduinobot_cpp_example/package.xml
