[0.036s] Invoking command in '/home/sksuser/arduinobot_ws/build/arduinobot_bringup': CMAKE_PREFIX_PATH=${CMAKE_PREFIX_PATH}:/opt/ros/humble /usr/bin/cmake /home/sksuser/arduinobot_ws/src/arduinobot_bringup -DCMAKE_INSTALL_PREFIX=/home/sksuser/arduinobot_ws/install/arduinobot_bringup
[0.340s] -- The C compiler identification is GNU 11.4.0
[0.609s] -- The CXX compiler identification is GNU 11.4.0
[0.641s] -- Detecting C compiler ABI info
[0.870s] -- Detecting C compiler ABI info - done
[0.904s] -- Check for working C compiler: /usr/bin/cc - skipped
[0.910s] -- Detecting C compile features
[0.911s] -- Detecting C compile features - done
[0.923s] -- Detecting CXX compiler ABI info
[1.168s] -- Detecting CXX compiler ABI info - done
[1.235s] -- Check for working CXX compiler: /usr/bin/c++ - skipped
[1.235s] -- Detecting CXX compile features
[1.235s] -- Detecting CXX compile features - done
[1.289s] -- Found ament_cmake: 1.3.12 (/opt/ros/humble/share/ament_cmake/cmake)
[1.845s] -- Found Python3: /usr/bin/python3 (found version "3.10.12") found components: Interpreter 
[2.124s] -- Found ament_lint_auto: 0.12.14 (/opt/ros/humble/share/ament_lint_auto/cmake)
[2.357s] -- Added test 'lint_cmake' to check CMake code style
[2.361s] -- Added test 'xmllint' to check XML markup files
[2.372s] -- Configuring done
[2.376s] -- Generating done
[2.384s] -- Build files have been written to: /home/sksuser/arduinobot_ws/build/arduinobot_bringup
[2.615s] Invoked command in '/home/sksuser/arduinobot_ws/build/arduinobot_bringup' returned '0': CMAKE_PREFIX_PATH=${CMAKE_PREFIX_PATH}:/opt/ros/humble /usr/bin/cmake /home/sksuser/arduinobot_ws/src/arduinobot_bringup -DCMAKE_INSTALL_PREFIX=/home/sksuser/arduinobot_ws/install/arduinobot_bringup
[2.617s] Invoking command in '/home/sksuser/arduinobot_ws/build/arduinobot_bringup': CMAKE_PREFIX_PATH=${CMAKE_PREFIX_PATH}:/opt/ros/humble /usr/bin/cmake --build /home/sksuser/arduinobot_ws/build/arduinobot_bringup -- -j8 -l8
[2.873s] Invoked command in '/home/sksuser/arduinobot_ws/build/arduinobot_bringup' returned '0': CMAKE_PREFIX_PATH=${CMAKE_PREFIX_PATH}:/opt/ros/humble /usr/bin/cmake --build /home/sksuser/arduinobot_ws/build/arduinobot_bringup -- -j8 -l8
[2.889s] Invoking command in '/home/sksuser/arduinobot_ws/build/arduinobot_bringup': CMAKE_PREFIX_PATH=${CMAKE_PREFIX_PATH}:/opt/ros/humble /usr/bin/cmake --install /home/sksuser/arduinobot_ws/build/arduinobot_bringup
[2.914s] -- Install configuration: ""
[2.916s] -- Installing: /home/sksuser/arduinobot_ws/install/arduinobot_bringup/share/ament_index/resource_index/package_run_dependencies/arduinobot_bringup
[2.917s] -- Installing: /home/sksuser/arduinobot_ws/install/arduinobot_bringup/share/ament_index/resource_index/parent_prefix_path/arduinobot_bringup
[2.917s] -- Installing: /home/sksuser/arduinobot_ws/install/arduinobot_bringup/share/arduinobot_bringup/environment/ament_prefix_path.sh
[2.917s] -- Installing: /home/sksuser/arduinobot_ws/install/arduinobot_bringup/share/arduinobot_bringup/environment/ament_prefix_path.dsv
[2.918s] -- Installing: /home/sksuser/arduinobot_ws/install/arduinobot_bringup/share/arduinobot_bringup/environment/path.sh
[2.918s] -- Installing: /home/sksuser/arduinobot_ws/install/arduinobot_bringup/share/arduinobot_bringup/environment/path.dsv
[2.921s] -- Installing: /home/sksuser/arduinobot_ws/install/arduinobot_bringup/share/arduinobot_bringup/local_setup.bash
[2.922s] -- Installing: /home/sksuser/arduinobot_ws/install/arduinobot_bringup/share/arduinobot_bringup/local_setup.sh
[2.922s] -- Installing: /home/sksuser/arduinobot_ws/install/arduinobot_bringup/share/arduinobot_bringup/local_setup.zsh
[2.922s] -- Installing: /home/sksuser/arduinobot_ws/install/arduinobot_bringup/share/arduinobot_bringup/local_setup.dsv
[2.922s] -- Installing: /home/sksuser/arduinobot_ws/install/arduinobot_bringup/share/arduinobot_bringup/package.dsv
[2.923s] -- Installing: /home/sksuser/arduinobot_ws/install/arduinobot_bringup/share/ament_index/resource_index/packages/arduinobot_bringup
[2.923s] -- Installing: /home/sksuser/arduinobot_ws/install/arduinobot_bringup/share/arduinobot_bringup/cmake/arduinobot_bringupConfig.cmake
[2.927s] -- Installing: /home/sksuser/arduinobot_ws/install/arduinobot_bringup/share/arduinobot_bringup/cmake/arduinobot_bringupConfig-version.cmake
[2.927s] -- Installing: /home/sksuser/arduinobot_ws/install/arduinobot_bringup/share/arduinobot_bringup/package.xml
[2.931s] Invoked command in '/home/sksuser/arduinobot_ws/build/arduinobot_bringup' returned '0': CMAKE_PREFIX_PATH=${CMAKE_PREFIX_PATH}:/opt/ros/humble /usr/bin/cmake --install /home/sksuser/arduinobot_ws/build/arduinobot_bringup
