[0.046s] Invoking command in '/home/sksuser/arduinobot_ws/build/arduinobot_cpp_example': CMAKE_PREFIX_PATH=${CMAKE_PREFIX_PATH}:/opt/ros/humble /usr/bin/cmake --build /home/sksuser/arduinobot_ws/build/arduinobot_cpp_example -- -j8 -l8
[0.180s] [ 50%] Built target simple_subscriber
[0.185s] [100%] Built target simple_publisher
[0.318s] Invoked command in '/home/sksuser/arduinobot_ws/build/arduinobot_cpp_example' returned '0': CMAKE_PREFIX_PATH=${CMAKE_PREFIX_PATH}:/opt/ros/humble /usr/bin/cmake --build /home/sksuser/arduinobot_ws/build/arduinobot_cpp_example -- -j8 -l8
[0.324s] Invoking command in '/home/sksuser/arduinobot_ws/build/arduinobot_cpp_example': CMAKE_PREFIX_PATH=${CMAKE_PREFIX_PATH}:/opt/ros/humble /usr/bin/cmake --install /home/sksuser/arduinobot_ws/build/arduinobot_cpp_example
[0.388s] -- Install configuration: ""
[0.389s] -- Up-to-date: /home/sksuser/arduinobot_ws/install/arduinobot_cpp_example/lib/arduinobot_cpp_example/simple_publisher
[0.389s] -- Up-to-date: /home/sksuser/arduinobot_ws/install/arduinobot_cpp_example/lib/arduinobot_cpp_example/simple_subscriber
[0.389s] -- Up-to-date: /home/sksuser/arduinobot_ws/install/arduinobot_cpp_example/share/ament_index/resource_index/package_run_dependencies/arduinobot_cpp_example
[0.390s] -- Up-to-date: /home/sksuser/arduinobot_ws/install/arduinobot_cpp_example/share/ament_index/resource_index/parent_prefix_path/arduinobot_cpp_example
[0.390s] -- Up-to-date: /home/sksuser/arduinobot_ws/install/arduinobot_cpp_example/share/arduinobot_cpp_example/environment/ament_prefix_path.sh
[0.390s] -- Up-to-date: /home/sksuser/arduinobot_ws/install/arduinobot_cpp_example/share/arduinobot_cpp_example/environment/ament_prefix_path.dsv
[0.391s] -- Up-to-date: /home/sksuser/arduinobot_ws/install/arduinobot_cpp_example/share/arduinobot_cpp_example/environment/path.sh
[0.391s] -- Up-to-date: /home/sksuser/arduinobot_ws/install/arduinobot_cpp_example/share/arduinobot_cpp_example/environment/path.dsv
[0.392s] -- Up-to-date: /home/sksuser/arduinobot_ws/install/arduinobot_cpp_example/share/arduinobot_cpp_example/local_setup.bash
[0.394s] -- Up-to-date: /home/sksuser/arduinobot_ws/install/arduinobot_cpp_example/share/arduinobot_cpp_example/local_setup.sh
[0.395s] -- Up-to-date: /home/sksuser/arduinobot_ws/install/arduinobot_cpp_example/share/arduinobot_cpp_example/local_setup.zsh
[0.396s] -- Up-to-date: /home/sksuser/arduinobot_ws/install/arduinobot_cpp_example/share/arduinobot_cpp_example/local_setup.dsv
[0.398s] -- Installing: /home/sksuser/arduinobot_ws/install/arduinobot_cpp_example/share/arduinobot_cpp_example/package.dsv
[0.399s] -- Up-to-date: /home/sksuser/arduinobot_ws/install/arduinobot_cpp_example/share/ament_index/resource_index/packages/arduinobot_cpp_example
[0.399s] -- Up-to-date: /home/sksuser/arduinobot_ws/install/arduinobot_cpp_example/share/arduinobot_cpp_example/cmake/arduinobot_cpp_exampleConfig.cmake
[0.400s] -- Up-to-date: /home/sksuser/arduinobot_ws/install/arduinobot_cpp_example/share/arduinobot_cpp_example/cmake/arduinobot_cpp_exampleConfig-version.cmake
[0.400s] -- Up-to-date: /home/sksuser/arduinobot_ws/install/arduinobot_cpp_example/share/arduinobot_cpp_example/package.xml
[0.400s] Invoked command in '/home/sksuser/arduinobot_ws/build/arduinobot_cpp_example' returned '0': CMAKE_PREFIX_PATH=${CMAKE_PREFIX_PATH}:/opt/ros/humble /usr/bin/cmake --install /home/sksuser/arduinobot_ws/build/arduinobot_cpp_example
