[0.031s] Invoking command in '/home/sksuser/arduinobot_ws/build/arduinobot_description': CMAKE_PREFIX_PATH=/opt/ros/humble /usr/bin/cmake --build /home/sksuser/arduinobot_ws/build/arduinobot_description -- -j8 -l8
[0.065s] -- Found ament_cmake: 1.3.12 (/opt/ros/humble/share/ament_cmake/cmake)
[0.266s] -- Found ament_lint_auto: 0.12.14 (/opt/ros/humble/share/ament_lint_auto/cmake)
[0.376s] -- Added test 'flake8' to check Python code syntax and style conventions
[0.377s] -- Added test 'lint_cmake' to check CMake code style
[0.378s] -- Added test 'pep257' to check Python code against some of the docstring style conventions in PEP 257
[0.380s] -- Added test 'xmllint' to check XML markup files
[0.381s] -- Configuring done
[0.385s] -- Generating done
[0.388s] -- Build files have been written to: /home/sksuser/arduinobot_ws/build/arduinobot_description
[0.506s] Invoked command in '/home/sksuser/arduinobot_ws/build/arduinobot_description' returned '0': CMAKE_PREFIX_PATH=/opt/ros/humble /usr/bin/cmake --build /home/sksuser/arduinobot_ws/build/arduinobot_description -- -j8 -l8
[0.509s] Invoking command in '/home/sksuser/arduinobot_ws/build/arduinobot_description': CMAKE_PREFIX_PATH=/opt/ros/humble /usr/bin/cmake --install /home/sksuser/arduinobot_ws/build/arduinobot_description
[0.526s] -- Install configuration: ""
[0.527s] -- Up-to-date: /home/sksuser/arduinobot_ws/install/arduinobot_description/share/arduinobot_description/meshes
[0.528s] -- Up-to-date: /home/sksuser/arduinobot_ws/install/arduinobot_description/share/arduinobot_description/meshes/plate.STL
[0.528s] -- Up-to-date: /home/sksuser/arduinobot_ws/install/arduinobot_description/share/arduinobot_description/meshes/basement.STL
[0.528s] -- Up-to-date: /home/sksuser/arduinobot_ws/install/arduinobot_description/share/arduinobot_description/meshes/link.STL
[0.529s] -- Up-to-date: /home/sksuser/arduinobot_ws/install/arduinobot_description/share/arduinobot_description/meshes/claw_support.STL
[0.529s] -- Up-to-date: /home/sksuser/arduinobot_ws/install/arduinobot_description/share/arduinobot_description/meshes/right_finger.STL
[0.529s] -- Up-to-date: /home/sksuser/arduinobot_ws/install/arduinobot_description/share/arduinobot_description/meshes/horizontal_arm.STL
[0.530s] -- Up-to-date: /home/sksuser/arduinobot_ws/install/arduinobot_description/share/arduinobot_description/meshes/servo_plate.STL
[0.530s] -- Up-to-date: /home/sksuser/arduinobot_ws/install/arduinobot_description/share/arduinobot_description/meshes/vertical_drive_arm.STL
[0.530s] -- Up-to-date: /home/sksuser/arduinobot_ws/install/arduinobot_description/share/arduinobot_description/meshes/base_plate.STL
[0.530s] -- Up-to-date: /home/sksuser/arduinobot_ws/install/arduinobot_description/share/arduinobot_description/meshes/triangular_link.STL
[0.530s] -- Up-to-date: /home/sksuser/arduinobot_ws/install/arduinobot_description/share/arduinobot_description/meshes/forward_drive_arm.STL
[0.530s] -- Up-to-date: /home/sksuser/arduinobot_ws/install/arduinobot_description/share/arduinobot_description/meshes/round_plate.STL
[0.531s] -- Up-to-date: /home/sksuser/arduinobot_ws/install/arduinobot_description/share/arduinobot_description/meshes/left_finger.STL
[0.531s] -- Up-to-date: /home/sksuser/arduinobot_ws/install/arduinobot_description/share/arduinobot_description/urdf
[0.531s] -- Up-to-date: /home/sksuser/arduinobot_ws/install/arduinobot_description/share/arduinobot_description/urdf/arduinobot.urdf.xacro
[0.531s] -- Up-to-date: /home/sksuser/arduinobot_ws/install/arduinobot_description/share/arduinobot_description/launch
[0.532s] -- Up-to-date: /home/sksuser/arduinobot_ws/install/arduinobot_description/share/arduinobot_description/launch/display.launch.py
[0.532s] -- Up-to-date: /home/sksuser/arduinobot_ws/install/arduinobot_description/share/arduinobot_description/rviz
[0.532s] -- Up-to-date: /home/sksuser/arduinobot_ws/install/arduinobot_description/share/arduinobot_description/rviz/display.rviz
[0.532s] -- Installing: /home/sksuser/arduinobot_ws/install/arduinobot_description/share/ament_index/resource_index/package_run_dependencies/arduinobot_description
[0.533s] -- Up-to-date: /home/sksuser/arduinobot_ws/install/arduinobot_description/share/ament_index/resource_index/parent_prefix_path/arduinobot_description
[0.533s] -- Up-to-date: /home/sksuser/arduinobot_ws/install/arduinobot_description/share/arduinobot_description/environment/ament_prefix_path.sh
[0.533s] -- Installing: /home/sksuser/arduinobot_ws/install/arduinobot_description/share/arduinobot_description/environment/ament_prefix_path.dsv
[0.533s] -- Up-to-date: /home/sksuser/arduinobot_ws/install/arduinobot_description/share/arduinobot_description/environment/path.sh
[0.533s] -- Installing: /home/sksuser/arduinobot_ws/install/arduinobot_description/share/arduinobot_description/environment/path.dsv
[0.534s] -- Up-to-date: /home/sksuser/arduinobot_ws/install/arduinobot_description/share/arduinobot_description/local_setup.bash
[0.534s] -- Up-to-date: /home/sksuser/arduinobot_ws/install/arduinobot_description/share/arduinobot_description/local_setup.sh
[0.534s] -- Up-to-date: /home/sksuser/arduinobot_ws/install/arduinobot_description/share/arduinobot_description/local_setup.zsh
[0.534s] -- Installing: /home/sksuser/arduinobot_ws/install/arduinobot_description/share/arduinobot_description/local_setup.dsv
[0.534s] -- Installing: /home/sksuser/arduinobot_ws/install/arduinobot_description/share/arduinobot_description/package.dsv
[0.535s] -- Up-to-date: /home/sksuser/arduinobot_ws/install/arduinobot_description/share/ament_index/resource_index/packages/arduinobot_description
[0.536s] -- Up-to-date: /home/sksuser/arduinobot_ws/install/arduinobot_description/share/arduinobot_description/cmake/arduinobot_descriptionConfig.cmake
[0.536s] -- Up-to-date: /home/sksuser/arduinobot_ws/install/arduinobot_description/share/arduinobot_description/cmake/arduinobot_descriptionConfig-version.cmake
[0.536s] -- Installing: /home/sksuser/arduinobot_ws/install/arduinobot_description/share/arduinobot_description/package.xml
[0.571s] Invoked command in '/home/sksuser/arduinobot_ws/build/arduinobot_description' returned '0': CMAKE_PREFIX_PATH=/opt/ros/humble /usr/bin/cmake --install /home/sksuser/arduinobot_ws/build/arduinobot_description
