[0.131s] DEBUG:colcon:Command line arguments: ['/usr/bin/colcon', 'build']
[0.131s] DEBUG:colcon:Parsed command line arguments: Namespace(log_base=None, log_level=None, verb_name='build', build_base='build', install_base='install', merge_install=False, symlink_install=False, test_result_base=None, continue_on_error=False, executor='parallel', parallel_workers=8, event_handlers=None, ignore_user_meta=False, metas=['./colcon.meta'], base_paths=['.'], packages_ignore=None, packages_ignore_regex=None, paths=None, packages_up_to=None, packages_up_to_regex=None, packages_above=None, packages_above_and_dependencies=None, packages_above_depth=None, packages_select_by_dep=None, packages_skip_by_dep=None, packages_skip_up_to=None, packages_select_build_failed=False, packages_skip_build_finished=False, packages_select_test_failures=False, packages_skip_test_passed=False, packages_select=None, packages_skip=None, packages_select_regex=None, packages_skip_regex=None, packages_start=None, packages_end=None, allow_overriding=[], cmake_args=None, cmake_target=None, cmake_target_skip_unavailable=False, cmake_clean_cache=False, cmake_clean_first=False, cmake_force_configure=False, ament_cmake_args=None, catkin_cmake_args=None, catkin_skip_building_tests=False, mixin_files=None, mixin=None, verb_parser=<colcon_mixin.mixin.mixin_argument.MixinArgumentDecorator object at 0x7ac273f57340>, verb_extension=<colcon_core.verb.build.BuildVerb object at 0x7ac273f56d70>, main=<bound method BuildVerb.main of <colcon_core.verb.build.BuildVerb object at 0x7ac273f56d70>>, mixin_verb=('build',))
[0.340s] Level 1:colcon.colcon_core.package_discovery:discover_packages(colcon_meta) check parameters
[0.341s] Level 1:colcon.colcon_core.package_discovery:discover_packages(recursive) check parameters
[0.341s] Level 1:colcon.colcon_core.package_discovery:discover_packages(ignore) check parameters
[0.341s] Level 1:colcon.colcon_core.package_discovery:discover_packages(path) check parameters
[0.341s] Level 1:colcon.colcon_core.package_discovery:discover_packages(colcon_meta) discover
[0.341s] Level 1:colcon.colcon_core.package_discovery:discover_packages(recursive) discover
[0.341s] INFO:colcon.colcon_core.package_discovery:Crawling recursively for packages in '/home/sksuser/arduinobot_ws'
[0.341s] Level 1:colcon.colcon_core.package_identification:_identify(.) by extensions ['ignore', 'ignore_ament_install']
[0.341s] Level 1:colcon.colcon_core.package_identification:_identify(.) by extension 'ignore'
[0.341s] Level 1:colcon.colcon_core.package_identification:_identify(.) by extension 'ignore_ament_install'
[0.341s] Level 1:colcon.colcon_core.package_identification:_identify(.) by extensions ['colcon_pkg']
[0.341s] Level 1:colcon.colcon_core.package_identification:_identify(.) by extension 'colcon_pkg'
[0.342s] Level 1:colcon.colcon_core.package_identification:_identify(.) by extensions ['colcon_meta']
[0.342s] Level 1:colcon.colcon_core.package_identification:_identify(.) by extension 'colcon_meta'
[0.342s] Level 1:colcon.colcon_core.package_identification:_identify(.) by extensions ['ros']
[0.342s] Level 1:colcon.colcon_core.package_identification:_identify(.) by extension 'ros'
[0.354s] Level 1:colcon.colcon_core.package_identification:_identify(.) by extensions ['cmake', 'python']
[0.354s] Level 1:colcon.colcon_core.package_identification:_identify(.) by extension 'cmake'
[0.354s] Level 1:colcon.colcon_core.package_identification:_identify(.) by extension 'python'
[0.354s] Level 1:colcon.colcon_core.package_identification:_identify(.) by extensions ['python_setup_py']
[0.354s] Level 1:colcon.colcon_core.package_identification:_identify(.) by extension 'python_setup_py'
[0.354s] Level 1:colcon.colcon_core.package_identification:_identify(build) by extensions ['ignore', 'ignore_ament_install']
[0.355s] Level 1:colcon.colcon_core.package_identification:_identify(build) by extension 'ignore'
[0.355s] Level 1:colcon.colcon_core.package_identification:_identify(build) ignored
[0.355s] Level 1:colcon.colcon_core.package_identification:_identify(install) by extensions ['ignore', 'ignore_ament_install']
[0.355s] Level 1:colcon.colcon_core.package_identification:_identify(install) by extension 'ignore'
[0.355s] Level 1:colcon.colcon_core.package_identification:_identify(install) ignored
[0.355s] Level 1:colcon.colcon_core.package_identification:_identify(log) by extensions ['ignore', 'ignore_ament_install']
[0.356s] Level 1:colcon.colcon_core.package_identification:_identify(log) by extension 'ignore'
[0.356s] Level 1:colcon.colcon_core.package_identification:_identify(log) ignored
[0.356s] Level 1:colcon.colcon_core.package_identification:_identify(src) by extensions ['ignore', 'ignore_ament_install']
[0.356s] Level 1:colcon.colcon_core.package_identification:_identify(src) by extension 'ignore'
[0.356s] Level 1:colcon.colcon_core.package_identification:_identify(src) by extension 'ignore_ament_install'
[0.356s] Level 1:colcon.colcon_core.package_identification:_identify(src) by extensions ['colcon_pkg']
[0.356s] Level 1:colcon.colcon_core.package_identification:_identify(src) by extension 'colcon_pkg'
[0.356s] Level 1:colcon.colcon_core.package_identification:_identify(src) by extensions ['colcon_meta']
[0.356s] Level 1:colcon.colcon_core.package_identification:_identify(src) by extension 'colcon_meta'
[0.356s] Level 1:colcon.colcon_core.package_identification:_identify(src) by extensions ['ros']
[0.356s] Level 1:colcon.colcon_core.package_identification:_identify(src) by extension 'ros'
[0.356s] Level 1:colcon.colcon_core.package_identification:_identify(src) by extensions ['cmake', 'python']
[0.356s] Level 1:colcon.colcon_core.package_identification:_identify(src) by extension 'cmake'
[0.357s] Level 1:colcon.colcon_core.package_identification:_identify(src) by extension 'python'
[0.357s] Level 1:colcon.colcon_core.package_identification:_identify(src) by extensions ['python_setup_py']
[0.357s] Level 1:colcon.colcon_core.package_identification:_identify(src) by extension 'python_setup_py'
[0.357s] Level 1:colcon.colcon_core.package_identification:_identify(src/arduinobot_controller) by extensions ['ignore', 'ignore_ament_install']
[0.357s] Level 1:colcon.colcon_core.package_identification:_identify(src/arduinobot_controller) by extension 'ignore'
[0.357s] Level 1:colcon.colcon_core.package_identification:_identify(src/arduinobot_controller) by extension 'ignore_ament_install'
[0.357s] Level 1:colcon.colcon_core.package_identification:_identify(src/arduinobot_controller) by extensions ['colcon_pkg']
[0.357s] Level 1:colcon.colcon_core.package_identification:_identify(src/arduinobot_controller) by extension 'colcon_pkg'
[0.357s] Level 1:colcon.colcon_core.package_identification:_identify(src/arduinobot_controller) by extensions ['colcon_meta']
[0.357s] Level 1:colcon.colcon_core.package_identification:_identify(src/arduinobot_controller) by extension 'colcon_meta'
[0.357s] Level 1:colcon.colcon_core.package_identification:_identify(src/arduinobot_controller) by extensions ['ros']
[0.357s] Level 1:colcon.colcon_core.package_identification:_identify(src/arduinobot_controller) by extension 'ros'
[0.360s] DEBUG:colcon.colcon_core.package_identification:Package 'src/arduinobot_controller' with type 'ros.ament_cmake' and name 'arduinobot_controller'
[0.360s] Level 1:colcon.colcon_core.package_identification:_identify(src/arduinobot_cpp_example) by extensions ['ignore', 'ignore_ament_install']
[0.360s] Level 1:colcon.colcon_core.package_identification:_identify(src/arduinobot_cpp_example) by extension 'ignore'
[0.360s] Level 1:colcon.colcon_core.package_identification:_identify(src/arduinobot_cpp_example) by extension 'ignore_ament_install'
[0.360s] Level 1:colcon.colcon_core.package_identification:_identify(src/arduinobot_cpp_example) by extensions ['colcon_pkg']
[0.361s] Level 1:colcon.colcon_core.package_identification:_identify(src/arduinobot_cpp_example) by extension 'colcon_pkg'
[0.361s] Level 1:colcon.colcon_core.package_identification:_identify(src/arduinobot_cpp_example) by extensions ['colcon_meta']
[0.361s] Level 1:colcon.colcon_core.package_identification:_identify(src/arduinobot_cpp_example) by extension 'colcon_meta'
[0.361s] Level 1:colcon.colcon_core.package_identification:_identify(src/arduinobot_cpp_example) by extensions ['ros']
[0.361s] Level 1:colcon.colcon_core.package_identification:_identify(src/arduinobot_cpp_example) by extension 'ros'
[0.362s] DEBUG:colcon.colcon_core.package_identification:Package 'src/arduinobot_cpp_example' with type 'ros.ament_cmake' and name 'arduinobot_cpp_example'
[0.362s] Level 1:colcon.colcon_core.package_identification:_identify(src/arduinobot_description) by extensions ['ignore', 'ignore_ament_install']
[0.362s] Level 1:colcon.colcon_core.package_identification:_identify(src/arduinobot_description) by extension 'ignore'
[0.362s] Level 1:colcon.colcon_core.package_identification:_identify(src/arduinobot_description) by extension 'ignore_ament_install'
[0.362s] Level 1:colcon.colcon_core.package_identification:_identify(src/arduinobot_description) by extensions ['colcon_pkg']
[0.362s] Level 1:colcon.colcon_core.package_identification:_identify(src/arduinobot_description) by extension 'colcon_pkg'
[0.362s] Level 1:colcon.colcon_core.package_identification:_identify(src/arduinobot_description) by extensions ['colcon_meta']
[0.362s] Level 1:colcon.colcon_core.package_identification:_identify(src/arduinobot_description) by extension 'colcon_meta'
[0.362s] Level 1:colcon.colcon_core.package_identification:_identify(src/arduinobot_description) by extensions ['ros']
[0.362s] Level 1:colcon.colcon_core.package_identification:_identify(src/arduinobot_description) by extension 'ros'
[0.365s] DEBUG:colcon.colcon_core.package_identification:Package 'src/arduinobot_description' with type 'ros.ament_cmake' and name 'arduinobot_description'
[0.365s] Level 1:colcon.colcon_core.package_identification:_identify(src/arduinobot_py_example) by extensions ['ignore', 'ignore_ament_install']
[0.365s] Level 1:colcon.colcon_core.package_identification:_identify(src/arduinobot_py_example) by extension 'ignore'
[0.365s] Level 1:colcon.colcon_core.package_identification:_identify(src/arduinobot_py_example) by extension 'ignore_ament_install'
[0.365s] Level 1:colcon.colcon_core.package_identification:_identify(src/arduinobot_py_example) by extensions ['colcon_pkg']
[0.365s] Level 1:colcon.colcon_core.package_identification:_identify(src/arduinobot_py_example) by extension 'colcon_pkg'
[0.365s] Level 1:colcon.colcon_core.package_identification:_identify(src/arduinobot_py_example) by extensions ['colcon_meta']
[0.365s] Level 1:colcon.colcon_core.package_identification:_identify(src/arduinobot_py_example) by extension 'colcon_meta'
[0.365s] Level 1:colcon.colcon_core.package_identification:_identify(src/arduinobot_py_example) by extensions ['ros']
[0.365s] Level 1:colcon.colcon_core.package_identification:_identify(src/arduinobot_py_example) by extension 'ros'
[0.366s] DEBUG:colcon.colcon_core.package_identification:Package 'src/arduinobot_py_example' with type 'ros.ament_python' and name 'arduinobot_py_example'
[0.366s] Level 1:colcon.colcon_core.package_identification:_identify(src/demo_robot) by extensions ['ignore', 'ignore_ament_install']
[0.366s] Level 1:colcon.colcon_core.package_identification:_identify(src/demo_robot) by extension 'ignore'
[0.366s] Level 1:colcon.colcon_core.package_identification:_identify(src/demo_robot) by extension 'ignore_ament_install'
[0.366s] Level 1:colcon.colcon_core.package_identification:_identify(src/demo_robot) by extensions ['colcon_pkg']
[0.366s] Level 1:colcon.colcon_core.package_identification:_identify(src/demo_robot) by extension 'colcon_pkg'
[0.367s] Level 1:colcon.colcon_core.package_identification:_identify(src/demo_robot) by extensions ['colcon_meta']
[0.367s] Level 1:colcon.colcon_core.package_identification:_identify(src/demo_robot) by extension 'colcon_meta'
[0.367s] Level 1:colcon.colcon_core.package_identification:_identify(src/demo_robot) by extensions ['ros']
[0.367s] Level 1:colcon.colcon_core.package_identification:_identify(src/demo_robot) by extension 'ros'
[0.367s] Level 1:colcon.colcon_core.package_identification:_identify(src/demo_robot) by extensions ['cmake', 'python']
[0.367s] Level 1:colcon.colcon_core.package_identification:_identify(src/demo_robot) by extension 'cmake'
[0.367s] Level 1:colcon.colcon_core.package_identification:_identify(src/demo_robot) by extension 'python'
[0.367s] Level 1:colcon.colcon_core.package_identification:_identify(src/demo_robot) by extensions ['python_setup_py']
[0.367s] Level 1:colcon.colcon_core.package_identification:_identify(src/demo_robot) by extension 'python_setup_py'
[0.367s] Level 1:colcon.colcon_core.package_identification:_identify(src/demo_robot/urdf) by extensions ['ignore', 'ignore_ament_install']
[0.367s] Level 1:colcon.colcon_core.package_identification:_identify(src/demo_robot/urdf) by extension 'ignore'
[0.367s] Level 1:colcon.colcon_core.package_identification:_identify(src/demo_robot/urdf) by extension 'ignore_ament_install'
[0.367s] Level 1:colcon.colcon_core.package_identification:_identify(src/demo_robot/urdf) by extensions ['colcon_pkg']
[0.367s] Level 1:colcon.colcon_core.package_identification:_identify(src/demo_robot/urdf) by extension 'colcon_pkg'
[0.367s] Level 1:colcon.colcon_core.package_identification:_identify(src/demo_robot/urdf) by extensions ['colcon_meta']
[0.367s] Level 1:colcon.colcon_core.package_identification:_identify(src/demo_robot/urdf) by extension 'colcon_meta'
[0.368s] Level 1:colcon.colcon_core.package_identification:_identify(src/demo_robot/urdf) by extensions ['ros']
[0.368s] Level 1:colcon.colcon_core.package_identification:_identify(src/demo_robot/urdf) by extension 'ros'
[0.368s] Level 1:colcon.colcon_core.package_identification:_identify(src/demo_robot/urdf) by extensions ['cmake', 'python']
[0.368s] Level 1:colcon.colcon_core.package_identification:_identify(src/demo_robot/urdf) by extension 'cmake'
[0.368s] Level 1:colcon.colcon_core.package_identification:_identify(src/demo_robot/urdf) by extension 'python'
[0.368s] Level 1:colcon.colcon_core.package_identification:_identify(src/demo_robot/urdf) by extensions ['python_setup_py']
[0.368s] Level 1:colcon.colcon_core.package_identification:_identify(src/demo_robot/urdf) by extension 'python_setup_py'
[0.368s] Level 1:colcon.colcon_core.package_discovery:discover_packages(recursive) using defaults
[0.368s] Level 1:colcon.colcon_core.package_discovery:discover_packages(ignore) discover
[0.368s] Level 1:colcon.colcon_core.package_discovery:discover_packages(ignore) using defaults
[0.368s] Level 1:colcon.colcon_core.package_discovery:discover_packages(path) discover
[0.368s] Level 1:colcon.colcon_core.package_discovery:discover_packages(path) using defaults
[0.399s] Level 1:colcon.colcon_core.package_discovery:discover_packages(prefix_path) check parameters
[0.399s] Level 1:colcon.colcon_core.package_discovery:discover_packages(prefix_path) discover
[0.402s] DEBUG:colcon.colcon_installed_package_information.package_discovery:Found 4 installed packages in /home/sksuser/arduinobot_ws/install
[0.402s] DEBUG:colcon.colcon_installed_package_information.package_discovery:Found 2 installed packages in /home/sksuser/my_robot_ws/install
[0.404s] DEBUG:colcon.colcon_installed_package_information.package_discovery:Found 379 installed packages in /opt/ros/humble
[0.406s] Level 1:colcon.colcon_core.package_discovery:discover_packages(prefix_path) using defaults
[0.462s] Level 5:colcon.colcon_core.verb:set package 'arduinobot_controller' build argument 'cmake_args' from command line to 'None'
[0.462s] Level 5:colcon.colcon_core.verb:set package 'arduinobot_controller' build argument 'cmake_target' from command line to 'None'
[0.462s] Level 5:colcon.colcon_core.verb:set package 'arduinobot_controller' build argument 'cmake_target_skip_unavailable' from command line to 'False'
[0.462s] Level 5:colcon.colcon_core.verb:set package 'arduinobot_controller' build argument 'cmake_clean_cache' from command line to 'False'
[0.462s] Level 5:colcon.colcon_core.verb:set package 'arduinobot_controller' build argument 'cmake_clean_first' from command line to 'False'
[0.462s] Level 5:colcon.colcon_core.verb:set package 'arduinobot_controller' build argument 'cmake_force_configure' from command line to 'False'
[0.463s] Level 5:colcon.colcon_core.verb:set package 'arduinobot_controller' build argument 'ament_cmake_args' from command line to 'None'
[0.463s] Level 5:colcon.colcon_core.verb:set package 'arduinobot_controller' build argument 'catkin_cmake_args' from command line to 'None'
[0.463s] Level 5:colcon.colcon_core.verb:set package 'arduinobot_controller' build argument 'catkin_skip_building_tests' from command line to 'False'
[0.463s] DEBUG:colcon.colcon_core.verb:Building package 'arduinobot_controller' with the following arguments: {'ament_cmake_args': None, 'build_base': '/home/sksuser/arduinobot_ws/build/arduinobot_controller', 'catkin_cmake_args': None, 'catkin_skip_building_tests': False, 'cmake_args': None, 'cmake_clean_cache': False, 'cmake_clean_first': False, 'cmake_force_configure': False, 'cmake_target': None, 'cmake_target_skip_unavailable': False, 'install_base': '/home/sksuser/arduinobot_ws/install/arduinobot_controller', 'merge_install': False, 'path': '/home/sksuser/arduinobot_ws/src/arduinobot_controller', 'symlink_install': False, 'test_result_base': None}
[0.463s] Level 5:colcon.colcon_core.verb:set package 'arduinobot_cpp_example' build argument 'cmake_args' from command line to 'None'
[0.463s] Level 5:colcon.colcon_core.verb:set package 'arduinobot_cpp_example' build argument 'cmake_target' from command line to 'None'
[0.463s] Level 5:colcon.colcon_core.verb:set package 'arduinobot_cpp_example' build argument 'cmake_target_skip_unavailable' from command line to 'False'
[0.463s] Level 5:colcon.colcon_core.verb:set package 'arduinobot_cpp_example' build argument 'cmake_clean_cache' from command line to 'False'
[0.463s] Level 5:colcon.colcon_core.verb:set package 'arduinobot_cpp_example' build argument 'cmake_clean_first' from command line to 'False'
[0.463s] Level 5:colcon.colcon_core.verb:set package 'arduinobot_cpp_example' build argument 'cmake_force_configure' from command line to 'False'
[0.463s] Level 5:colcon.colcon_core.verb:set package 'arduinobot_cpp_example' build argument 'ament_cmake_args' from command line to 'None'
[0.463s] Level 5:colcon.colcon_core.verb:set package 'arduinobot_cpp_example' build argument 'catkin_cmake_args' from command line to 'None'
[0.463s] Level 5:colcon.colcon_core.verb:set package 'arduinobot_cpp_example' build argument 'catkin_skip_building_tests' from command line to 'False'
[0.463s] DEBUG:colcon.colcon_core.verb:Building package 'arduinobot_cpp_example' with the following arguments: {'ament_cmake_args': None, 'build_base': '/home/sksuser/arduinobot_ws/build/arduinobot_cpp_example', 'catkin_cmake_args': None, 'catkin_skip_building_tests': False, 'cmake_args': None, 'cmake_clean_cache': False, 'cmake_clean_first': False, 'cmake_force_configure': False, 'cmake_target': None, 'cmake_target_skip_unavailable': False, 'install_base': '/home/sksuser/arduinobot_ws/install/arduinobot_cpp_example', 'merge_install': False, 'path': '/home/sksuser/arduinobot_ws/src/arduinobot_cpp_example', 'symlink_install': False, 'test_result_base': None}
[0.464s] Level 5:colcon.colcon_core.verb:set package 'arduinobot_description' build argument 'cmake_args' from command line to 'None'
[0.464s] Level 5:colcon.colcon_core.verb:set package 'arduinobot_description' build argument 'cmake_target' from command line to 'None'
[0.464s] Level 5:colcon.colcon_core.verb:set package 'arduinobot_description' build argument 'cmake_target_skip_unavailable' from command line to 'False'
[0.464s] Level 5:colcon.colcon_core.verb:set package 'arduinobot_description' build argument 'cmake_clean_cache' from command line to 'False'
[0.464s] Level 5:colcon.colcon_core.verb:set package 'arduinobot_description' build argument 'cmake_clean_first' from command line to 'False'
[0.464s] Level 5:colcon.colcon_core.verb:set package 'arduinobot_description' build argument 'cmake_force_configure' from command line to 'False'
[0.464s] Level 5:colcon.colcon_core.verb:set package 'arduinobot_description' build argument 'ament_cmake_args' from command line to 'None'
[0.464s] Level 5:colcon.colcon_core.verb:set package 'arduinobot_description' build argument 'catkin_cmake_args' from command line to 'None'
[0.464s] Level 5:colcon.colcon_core.verb:set package 'arduinobot_description' build argument 'catkin_skip_building_tests' from command line to 'False'
[0.464s] DEBUG:colcon.colcon_core.verb:Building package 'arduinobot_description' with the following arguments: {'ament_cmake_args': None, 'build_base': '/home/sksuser/arduinobot_ws/build/arduinobot_description', 'catkin_cmake_args': None, 'catkin_skip_building_tests': False, 'cmake_args': None, 'cmake_clean_cache': False, 'cmake_clean_first': False, 'cmake_force_configure': False, 'cmake_target': None, 'cmake_target_skip_unavailable': False, 'install_base': '/home/sksuser/arduinobot_ws/install/arduinobot_description', 'merge_install': False, 'path': '/home/sksuser/arduinobot_ws/src/arduinobot_description', 'symlink_install': False, 'test_result_base': None}
[0.465s] Level 5:colcon.colcon_core.verb:set package 'arduinobot_py_example' build argument 'cmake_args' from command line to 'None'
[0.465s] Level 5:colcon.colcon_core.verb:set package 'arduinobot_py_example' build argument 'cmake_target' from command line to 'None'
[0.465s] Level 5:colcon.colcon_core.verb:set package 'arduinobot_py_example' build argument 'cmake_target_skip_unavailable' from command line to 'False'
[0.465s] Level 5:colcon.colcon_core.verb:set package 'arduinobot_py_example' build argument 'cmake_clean_cache' from command line to 'False'
[0.465s] Level 5:colcon.colcon_core.verb:set package 'arduinobot_py_example' build argument 'cmake_clean_first' from command line to 'False'
[0.465s] Level 5:colcon.colcon_core.verb:set package 'arduinobot_py_example' build argument 'cmake_force_configure' from command line to 'False'
[0.465s] Level 5:colcon.colcon_core.verb:set package 'arduinobot_py_example' build argument 'ament_cmake_args' from command line to 'None'
[0.465s] Level 5:colcon.colcon_core.verb:set package 'arduinobot_py_example' build argument 'catkin_cmake_args' from command line to 'None'
[0.465s] Level 5:colcon.colcon_core.verb:set package 'arduinobot_py_example' build argument 'catkin_skip_building_tests' from command line to 'False'
[0.465s] DEBUG:colcon.colcon_core.verb:Building package 'arduinobot_py_example' with the following arguments: {'ament_cmake_args': None, 'build_base': '/home/sksuser/arduinobot_ws/build/arduinobot_py_example', 'catkin_cmake_args': None, 'catkin_skip_building_tests': False, 'cmake_args': None, 'cmake_clean_cache': False, 'cmake_clean_first': False, 'cmake_force_configure': False, 'cmake_target': None, 'cmake_target_skip_unavailable': False, 'install_base': '/home/sksuser/arduinobot_ws/install/arduinobot_py_example', 'merge_install': False, 'path': '/home/sksuser/arduinobot_ws/src/arduinobot_py_example', 'symlink_install': False, 'test_result_base': None}
[0.465s] INFO:colcon.colcon_core.executor:Executing jobs using 'parallel' executor
[0.467s] DEBUG:colcon.colcon_parallel_executor.executor.parallel:run_until_complete
[0.467s] INFO:colcon.colcon_ros.task.ament_cmake.build:Building ROS package in '/home/sksuser/arduinobot_ws/src/arduinobot_controller' with build type 'ament_cmake'
[0.467s] INFO:colcon.colcon_cmake.task.cmake.build:Building CMake package in '/home/sksuser/arduinobot_ws/src/arduinobot_controller'
[0.470s] INFO:colcon.colcon_core.plugin_system:Skipping extension 'colcon_core.shell.bat': Not used on non-Windows systems
[0.470s] INFO:colcon.colcon_core.shell:Skip shell extension 'powershell' for command environment: Not usable outside of PowerShell
[0.471s] DEBUG:colcon.colcon_core.shell:Skip shell extension 'dsv' for command environment
[0.475s] INFO:colcon.colcon_ros.task.ament_cmake.build:Building ROS package in '/home/sksuser/arduinobot_ws/src/arduinobot_cpp_example' with build type 'ament_cmake'
[0.476s] INFO:colcon.colcon_cmake.task.cmake.build:Building CMake package in '/home/sksuser/arduinobot_ws/src/arduinobot_cpp_example'
[0.476s] INFO:colcon.colcon_core.shell:Skip shell extension 'powershell' for command environment: Not usable outside of PowerShell
[0.476s] DEBUG:colcon.colcon_core.shell:Skip shell extension 'dsv' for command environment
[0.484s] INFO:colcon.colcon_ros.task.ament_cmake.build:Building ROS package in '/home/sksuser/arduinobot_ws/src/arduinobot_description' with build type 'ament_cmake'
[0.484s] INFO:colcon.colcon_cmake.task.cmake.build:Building CMake package in '/home/sksuser/arduinobot_ws/src/arduinobot_description'
[0.484s] INFO:colcon.colcon_core.shell:Skip shell extension 'powershell' for command environment: Not usable outside of PowerShell
[0.485s] DEBUG:colcon.colcon_core.shell:Skip shell extension 'dsv' for command environment
[0.491s] INFO:colcon.colcon_ros.task.ament_python.build:Building ROS package in '/home/sksuser/arduinobot_ws/src/arduinobot_py_example' with build type 'ament_python'
[0.492s] Level 1:colcon.colcon_core.shell:create_environment_hook('arduinobot_py_example', 'ament_prefix_path')
[0.492s] INFO:colcon.colcon_core.shell:Creating environment hook '/home/sksuser/arduinobot_ws/install/arduinobot_py_example/share/arduinobot_py_example/hook/ament_prefix_path.ps1'
[0.495s] INFO:colcon.colcon_core.shell:Creating environment descriptor '/home/sksuser/arduinobot_ws/install/arduinobot_py_example/share/arduinobot_py_example/hook/ament_prefix_path.dsv'
[0.496s] INFO:colcon.colcon_core.shell:Creating environment hook '/home/sksuser/arduinobot_ws/install/arduinobot_py_example/share/arduinobot_py_example/hook/ament_prefix_path.sh'
[0.498s] INFO:colcon.colcon_core.shell:Skip shell extension 'powershell' for command environment: Not usable outside of PowerShell
[0.498s] DEBUG:colcon.colcon_core.shell:Skip shell extension 'dsv' for command environment
[0.515s] DEBUG:colcon.colcon_core.event_handler.log_command:Invoking command in '/home/sksuser/arduinobot_ws/build/arduinobot_controller': CMAKE_PREFIX_PATH=${CMAKE_PREFIX_PATH}:/home/sksuser/arduinobot_ws/install/arduinobot_py_example:/opt/ros/humble /usr/bin/cmake --build /home/sksuser/arduinobot_ws/build/arduinobot_controller -- -j8 -l8
[0.521s] DEBUG:colcon.colcon_core.event_handler.log_command:Invoking command in '/home/sksuser/arduinobot_ws/build/arduinobot_cpp_example': CMAKE_PREFIX_PATH=${CMAKE_PREFIX_PATH}:/home/sksuser/arduinobot_ws/install/arduinobot_py_example:/opt/ros/humble /usr/bin/cmake --build /home/sksuser/arduinobot_ws/build/arduinobot_cpp_example -- -j8 -l8
[0.529s] DEBUG:colcon.colcon_core.event_handler.log_command:Invoking command in '/home/sksuser/arduinobot_ws/build/arduinobot_description': CMAKE_PREFIX_PATH=${CMAKE_PREFIX_PATH}:/home/sksuser/arduinobot_ws/install/arduinobot_py_example:/opt/ros/humble /usr/bin/cmake --build /home/sksuser/arduinobot_ws/build/arduinobot_description -- -j8 -l8
[0.926s] INFO:colcon.colcon_core.task.python.build:Building Python package in '/home/sksuser/arduinobot_ws/src/arduinobot_py_example'
[0.926s] INFO:colcon.colcon_core.shell:Skip shell extension 'powershell' for command environment: Not usable outside of PowerShell
[0.927s] DEBUG:colcon.colcon_core.shell:Skip shell extension 'dsv' for command environment
[0.934s] DEBUG:colcon.colcon_core.event_handler.log_command:Invoked command in '/home/sksuser/arduinobot_ws/build/arduinobot_controller' returned '0': CMAKE_PREFIX_PATH=${CMAKE_PREFIX_PATH}:/home/sksuser/arduinobot_ws/install/arduinobot_py_example:/opt/ros/humble /usr/bin/cmake --build /home/sksuser/arduinobot_ws/build/arduinobot_controller -- -j8 -l8
[0.946s] DEBUG:colcon.colcon_core.event_handler.log_command:Invoking command in '/home/sksuser/arduinobot_ws/build/arduinobot_controller': CMAKE_PREFIX_PATH=${CMAKE_PREFIX_PATH}:/home/sksuser/arduinobot_ws/install/arduinobot_py_example:/opt/ros/humble /usr/bin/cmake --install /home/sksuser/arduinobot_ws/build/arduinobot_controller
[0.947s] DEBUG:colcon.colcon_core.event_handler.log_command:Invoked command in '/home/sksuser/arduinobot_ws/build/arduinobot_description' returned '0': CMAKE_PREFIX_PATH=${CMAKE_PREFIX_PATH}:/home/sksuser/arduinobot_ws/install/arduinobot_py_example:/opt/ros/humble /usr/bin/cmake --build /home/sksuser/arduinobot_ws/build/arduinobot_description -- -j8 -l8
[0.949s] DEBUG:colcon.colcon_core.event_handler.log_command:Invoking command in '/home/sksuser/arduinobot_ws/build/arduinobot_description': CMAKE_PREFIX_PATH=${CMAKE_PREFIX_PATH}:/home/sksuser/arduinobot_ws/install/arduinobot_py_example:/opt/ros/humble /usr/bin/cmake --install /home/sksuser/arduinobot_ws/build/arduinobot_description
[0.950s] DEBUG:colcon.colcon_core.event_handler.log_command:Invoked command in '/home/sksuser/arduinobot_ws/build/arduinobot_cpp_example' returned '0': CMAKE_PREFIX_PATH=${CMAKE_PREFIX_PATH}:/home/sksuser/arduinobot_ws/install/arduinobot_py_example:/opt/ros/humble /usr/bin/cmake --build /home/sksuser/arduinobot_ws/build/arduinobot_cpp_example -- -j8 -l8
[0.953s] DEBUG:colcon.colcon_core.event_handler.log_command:Invoking command in '/home/sksuser/arduinobot_ws/build/arduinobot_cpp_example': CMAKE_PREFIX_PATH=${CMAKE_PREFIX_PATH}:/home/sksuser/arduinobot_ws/install/arduinobot_py_example:/opt/ros/humble /usr/bin/cmake --install /home/sksuser/arduinobot_ws/build/arduinobot_cpp_example
[0.967s] Level 1:colcon.colcon_core.environment:create_environment_scripts_only(arduinobot_controller)
[0.979s] DEBUG:colcon.colcon_core.event_handler.log_command:Invoked command in '/home/sksuser/arduinobot_ws/build/arduinobot_controller' returned '0': CMAKE_PREFIX_PATH=${CMAKE_PREFIX_PATH}:/home/sksuser/arduinobot_ws/install/arduinobot_py_example:/opt/ros/humble /usr/bin/cmake --install /home/sksuser/arduinobot_ws/build/arduinobot_controller
[0.984s] Level 1:colcon.colcon_core.environment:checking '/home/sksuser/arduinobot_ws/install/arduinobot_controller' for CMake module files
[0.984s] Level 1:colcon.colcon_core.environment:checking '/home/sksuser/arduinobot_ws/install/arduinobot_controller' for CMake config files
[0.985s] Level 1:colcon.colcon_core.shell:create_environment_hook('arduinobot_controller', 'cmake_prefix_path')
[0.985s] INFO:colcon.colcon_core.shell:Creating environment hook '/home/sksuser/arduinobot_ws/install/arduinobot_controller/share/arduinobot_controller/hook/cmake_prefix_path.ps1'
[0.986s] INFO:colcon.colcon_core.shell:Creating environment descriptor '/home/sksuser/arduinobot_ws/install/arduinobot_controller/share/arduinobot_controller/hook/cmake_prefix_path.dsv'
[0.986s] INFO:colcon.colcon_core.shell:Creating environment hook '/home/sksuser/arduinobot_ws/install/arduinobot_controller/share/arduinobot_controller/hook/cmake_prefix_path.sh'
[0.988s] Level 1:colcon.colcon_core.environment:checking '/home/sksuser/arduinobot_ws/install/arduinobot_controller/bin'
[0.988s] Level 1:colcon.colcon_core.environment:checking '/home/sksuser/arduinobot_ws/install/arduinobot_controller/lib/pkgconfig/arduinobot_controller.pc'
[0.988s] Level 1:colcon.colcon_core.environment:checking '/home/sksuser/arduinobot_ws/install/arduinobot_controller/lib/python3.10/site-packages'
[0.989s] Level 1:colcon.colcon_core.environment:checking '/home/sksuser/arduinobot_ws/install/arduinobot_controller/bin'
[0.989s] INFO:colcon.colcon_core.shell:Creating package script '/home/sksuser/arduinobot_ws/install/arduinobot_controller/share/arduinobot_controller/package.ps1'
[0.991s] INFO:colcon.colcon_core.shell:Creating package descriptor '/home/sksuser/arduinobot_ws/install/arduinobot_controller/share/arduinobot_controller/package.dsv'
[0.992s] INFO:colcon.colcon_core.shell:Creating package script '/home/sksuser/arduinobot_ws/install/arduinobot_controller/share/arduinobot_controller/package.sh'
[0.994s] INFO:colcon.colcon_core.shell:Creating package script '/home/sksuser/arduinobot_ws/install/arduinobot_controller/share/arduinobot_controller/package.bash'
[0.996s] INFO:colcon.colcon_core.shell:Creating package script '/home/sksuser/arduinobot_ws/install/arduinobot_controller/share/arduinobot_controller/package.zsh'
[0.998s] Level 1:colcon.colcon_core.environment:create_file_with_runtime_dependencies(/home/sksuser/arduinobot_ws/install/arduinobot_controller/share/colcon-core/packages/arduinobot_controller)
[1.000s] Level 1:colcon.colcon_core.environment:create_environment_scripts_only(arduinobot_controller)
[1.001s] Level 1:colcon.colcon_core.environment:checking '/home/sksuser/arduinobot_ws/install/arduinobot_controller' for CMake module files
[1.002s] Level 1:colcon.colcon_core.environment:checking '/home/sksuser/arduinobot_ws/install/arduinobot_controller' for CMake config files
[1.002s] Level 1:colcon.colcon_core.shell:create_environment_hook('arduinobot_controller', 'cmake_prefix_path')
[1.002s] INFO:colcon.colcon_core.shell:Creating environment hook '/home/sksuser/arduinobot_ws/install/arduinobot_controller/share/arduinobot_controller/hook/cmake_prefix_path.ps1'
[1.003s] INFO:colcon.colcon_core.shell:Creating environment descriptor '/home/sksuser/arduinobot_ws/install/arduinobot_controller/share/arduinobot_controller/hook/cmake_prefix_path.dsv'
[1.004s] INFO:colcon.colcon_core.shell:Creating environment hook '/home/sksuser/arduinobot_ws/install/arduinobot_controller/share/arduinobot_controller/hook/cmake_prefix_path.sh'
[1.005s] Level 1:colcon.colcon_core.environment:checking '/home/sksuser/arduinobot_ws/install/arduinobot_controller/bin'
[1.005s] Level 1:colcon.colcon_core.environment:checking '/home/sksuser/arduinobot_ws/install/arduinobot_controller/lib/pkgconfig/arduinobot_controller.pc'
[1.006s] Level 1:colcon.colcon_core.environment:checking '/home/sksuser/arduinobot_ws/install/arduinobot_controller/lib/python3.10/site-packages'
[1.006s] Level 1:colcon.colcon_core.environment:checking '/home/sksuser/arduinobot_ws/install/arduinobot_controller/bin'
[1.007s] INFO:colcon.colcon_core.shell:Creating package script '/home/sksuser/arduinobot_ws/install/arduinobot_controller/share/arduinobot_controller/package.ps1'
[1.008s] INFO:colcon.colcon_core.shell:Creating package descriptor '/home/sksuser/arduinobot_ws/install/arduinobot_controller/share/arduinobot_controller/package.dsv'
[1.009s] INFO:colcon.colcon_core.shell:Creating package script '/home/sksuser/arduinobot_ws/install/arduinobot_controller/share/arduinobot_controller/package.sh'
[1.010s] INFO:colcon.colcon_core.shell:Creating package script '/home/sksuser/arduinobot_ws/install/arduinobot_controller/share/arduinobot_controller/package.bash'
[1.011s] INFO:colcon.colcon_core.shell:Creating package script '/home/sksuser/arduinobot_ws/install/arduinobot_controller/share/arduinobot_controller/package.zsh'
[1.011s] Level 1:colcon.colcon_core.environment:create_file_with_runtime_dependencies(/home/sksuser/arduinobot_ws/install/arduinobot_controller/share/colcon-core/packages/arduinobot_controller)
[1.015s] Level 1:colcon.colcon_core.environment:create_environment_scripts_only(arduinobot_description)
[1.015s] Level 1:colcon.colcon_core.environment:checking '/home/sksuser/arduinobot_ws/install/arduinobot_description' for CMake module files
[1.017s] DEBUG:colcon.colcon_core.event_handler.log_command:Invoked command in '/home/sksuser/arduinobot_ws/build/arduinobot_description' returned '0': CMAKE_PREFIX_PATH=${CMAKE_PREFIX_PATH}:/home/sksuser/arduinobot_ws/install/arduinobot_py_example:/opt/ros/humble /usr/bin/cmake --install /home/sksuser/arduinobot_ws/build/arduinobot_description
[1.017s] Level 1:colcon.colcon_core.environment:checking '/home/sksuser/arduinobot_ws/install/arduinobot_description' for CMake config files
[1.018s] Level 1:colcon.colcon_core.shell:create_environment_hook('arduinobot_description', 'cmake_prefix_path')
[1.019s] INFO:colcon.colcon_core.shell:Creating environment hook '/home/sksuser/arduinobot_ws/install/arduinobot_description/share/arduinobot_description/hook/cmake_prefix_path.ps1'
[1.019s] INFO:colcon.colcon_core.shell:Creating environment descriptor '/home/sksuser/arduinobot_ws/install/arduinobot_description/share/arduinobot_description/hook/cmake_prefix_path.dsv'
[1.020s] INFO:colcon.colcon_core.shell:Creating environment hook '/home/sksuser/arduinobot_ws/install/arduinobot_description/share/arduinobot_description/hook/cmake_prefix_path.sh'
[1.021s] Level 1:colcon.colcon_core.environment:checking '/home/sksuser/arduinobot_ws/install/arduinobot_description/bin'
[1.022s] Level 1:colcon.colcon_core.environment:checking '/home/sksuser/arduinobot_ws/install/arduinobot_description/lib/pkgconfig/arduinobot_description.pc'
[1.022s] Level 1:colcon.colcon_core.environment:checking '/home/sksuser/arduinobot_ws/install/arduinobot_description/lib/python3.10/site-packages'
[1.023s] Level 1:colcon.colcon_core.environment:checking '/home/sksuser/arduinobot_ws/install/arduinobot_description/bin'
[1.023s] INFO:colcon.colcon_core.shell:Creating package script '/home/sksuser/arduinobot_ws/install/arduinobot_description/share/arduinobot_description/package.ps1'
[1.024s] INFO:colcon.colcon_core.shell:Creating package descriptor '/home/sksuser/arduinobot_ws/install/arduinobot_description/share/arduinobot_description/package.dsv'
[1.025s] INFO:colcon.colcon_core.shell:Creating package script '/home/sksuser/arduinobot_ws/install/arduinobot_description/share/arduinobot_description/package.sh'
[1.026s] INFO:colcon.colcon_core.shell:Creating package script '/home/sksuser/arduinobot_ws/install/arduinobot_description/share/arduinobot_description/package.bash'
[1.026s] INFO:colcon.colcon_core.shell:Creating package script '/home/sksuser/arduinobot_ws/install/arduinobot_description/share/arduinobot_description/package.zsh'
[1.027s] Level 1:colcon.colcon_core.environment:create_file_with_runtime_dependencies(/home/sksuser/arduinobot_ws/install/arduinobot_description/share/colcon-core/packages/arduinobot_description)
[1.028s] Level 1:colcon.colcon_core.environment:create_environment_scripts_only(arduinobot_description)
[1.029s] Level 1:colcon.colcon_core.environment:checking '/home/sksuser/arduinobot_ws/install/arduinobot_description' for CMake module files
[1.030s] Level 1:colcon.colcon_core.environment:checking '/home/sksuser/arduinobot_ws/install/arduinobot_description' for CMake config files
[1.031s] Level 1:colcon.colcon_core.shell:create_environment_hook('arduinobot_description', 'cmake_prefix_path')
[1.031s] INFO:colcon.colcon_core.shell:Creating environment hook '/home/sksuser/arduinobot_ws/install/arduinobot_description/share/arduinobot_description/hook/cmake_prefix_path.ps1'
[1.032s] INFO:colcon.colcon_core.shell:Creating environment descriptor '/home/sksuser/arduinobot_ws/install/arduinobot_description/share/arduinobot_description/hook/cmake_prefix_path.dsv'
[1.033s] INFO:colcon.colcon_core.shell:Creating environment hook '/home/sksuser/arduinobot_ws/install/arduinobot_description/share/arduinobot_description/hook/cmake_prefix_path.sh'
[1.034s] Level 1:colcon.colcon_core.environment:checking '/home/sksuser/arduinobot_ws/install/arduinobot_description/bin'
[1.034s] Level 1:colcon.colcon_core.environment:checking '/home/sksuser/arduinobot_ws/install/arduinobot_description/lib/pkgconfig/arduinobot_description.pc'
[1.035s] Level 1:colcon.colcon_core.environment:checking '/home/sksuser/arduinobot_ws/install/arduinobot_description/lib/python3.10/site-packages'
[1.035s] Level 1:colcon.colcon_core.environment:checking '/home/sksuser/arduinobot_ws/install/arduinobot_description/bin'
[1.036s] INFO:colcon.colcon_core.shell:Creating package script '/home/sksuser/arduinobot_ws/install/arduinobot_description/share/arduinobot_description/package.ps1'
[1.037s] INFO:colcon.colcon_core.shell:Creating package descriptor '/home/sksuser/arduinobot_ws/install/arduinobot_description/share/arduinobot_description/package.dsv'
[1.039s] INFO:colcon.colcon_core.shell:Creating package script '/home/sksuser/arduinobot_ws/install/arduinobot_description/share/arduinobot_description/package.sh'
[1.040s] INFO:colcon.colcon_core.shell:Creating package script '/home/sksuser/arduinobot_ws/install/arduinobot_description/share/arduinobot_description/package.bash'
[1.041s] INFO:colcon.colcon_core.shell:Creating package script '/home/sksuser/arduinobot_ws/install/arduinobot_description/share/arduinobot_description/package.zsh'
[1.041s] Level 1:colcon.colcon_core.environment:create_file_with_runtime_dependencies(/home/sksuser/arduinobot_ws/install/arduinobot_description/share/colcon-core/packages/arduinobot_description)
[1.042s] Level 1:colcon.colcon_core.environment:create_environment_scripts_only(arduinobot_cpp_example)
[1.042s] Level 1:colcon.colcon_core.environment:checking '/home/sksuser/arduinobot_ws/install/arduinobot_cpp_example' for CMake module files
[1.044s] DEBUG:colcon.colcon_core.event_handler.log_command:Invoked command in '/home/sksuser/arduinobot_ws/build/arduinobot_cpp_example' returned '0': CMAKE_PREFIX_PATH=${CMAKE_PREFIX_PATH}:/home/sksuser/arduinobot_ws/install/arduinobot_py_example:/opt/ros/humble /usr/bin/cmake --install /home/sksuser/arduinobot_ws/build/arduinobot_cpp_example
[1.045s] Level 1:colcon.colcon_core.environment:checking '/home/sksuser/arduinobot_ws/install/arduinobot_cpp_example' for CMake config files
[1.045s] Level 1:colcon.colcon_core.shell:create_environment_hook('arduinobot_cpp_example', 'cmake_prefix_path')
[1.045s] INFO:colcon.colcon_core.shell:Creating environment hook '/home/sksuser/arduinobot_ws/install/arduinobot_cpp_example/share/arduinobot_cpp_example/hook/cmake_prefix_path.ps1'
[1.046s] INFO:colcon.colcon_core.shell:Creating environment descriptor '/home/sksuser/arduinobot_ws/install/arduinobot_cpp_example/share/arduinobot_cpp_example/hook/cmake_prefix_path.dsv'
[1.047s] INFO:colcon.colcon_core.shell:Creating environment hook '/home/sksuser/arduinobot_ws/install/arduinobot_cpp_example/share/arduinobot_cpp_example/hook/cmake_prefix_path.sh'
[1.048s] Level 1:colcon.colcon_core.environment:checking '/home/sksuser/arduinobot_ws/install/arduinobot_cpp_example/lib'
[1.048s] Level 1:colcon.colcon_core.environment:checking '/home/sksuser/arduinobot_ws/install/arduinobot_cpp_example/bin'
[1.048s] Level 1:colcon.colcon_core.environment:checking '/home/sksuser/arduinobot_ws/install/arduinobot_cpp_example/lib/pkgconfig/arduinobot_cpp_example.pc'
[1.049s] Level 1:colcon.colcon_core.environment:checking '/home/sksuser/arduinobot_ws/install/arduinobot_cpp_example/lib/python3.10/site-packages'
[1.049s] Level 1:colcon.colcon_core.environment:checking '/home/sksuser/arduinobot_ws/install/arduinobot_cpp_example/bin'
[1.050s] INFO:colcon.colcon_core.shell:Creating package script '/home/sksuser/arduinobot_ws/install/arduinobot_cpp_example/share/arduinobot_cpp_example/package.ps1'
[1.050s] INFO:colcon.colcon_core.shell:Creating package descriptor '/home/sksuser/arduinobot_ws/install/arduinobot_cpp_example/share/arduinobot_cpp_example/package.dsv'
[1.051s] INFO:colcon.colcon_core.shell:Creating package script '/home/sksuser/arduinobot_ws/install/arduinobot_cpp_example/share/arduinobot_cpp_example/package.sh'
[1.052s] INFO:colcon.colcon_core.shell:Creating package script '/home/sksuser/arduinobot_ws/install/arduinobot_cpp_example/share/arduinobot_cpp_example/package.bash'
[1.053s] INFO:colcon.colcon_core.shell:Creating package script '/home/sksuser/arduinobot_ws/install/arduinobot_cpp_example/share/arduinobot_cpp_example/package.zsh'
[1.053s] Level 1:colcon.colcon_core.environment:create_file_with_runtime_dependencies(/home/sksuser/arduinobot_ws/install/arduinobot_cpp_example/share/colcon-core/packages/arduinobot_cpp_example)
[1.054s] Level 1:colcon.colcon_core.environment:create_environment_scripts_only(arduinobot_cpp_example)
[1.055s] Level 1:colcon.colcon_core.environment:checking '/home/sksuser/arduinobot_ws/install/arduinobot_cpp_example' for CMake module files
[1.056s] Level 1:colcon.colcon_core.environment:checking '/home/sksuser/arduinobot_ws/install/arduinobot_cpp_example' for CMake config files
[1.056s] Level 1:colcon.colcon_core.shell:create_environment_hook('arduinobot_cpp_example', 'cmake_prefix_path')
[1.056s] INFO:colcon.colcon_core.shell:Creating environment hook '/home/sksuser/arduinobot_ws/install/arduinobot_cpp_example/share/arduinobot_cpp_example/hook/cmake_prefix_path.ps1'
[1.057s] INFO:colcon.colcon_core.shell:Creating environment descriptor '/home/sksuser/arduinobot_ws/install/arduinobot_cpp_example/share/arduinobot_cpp_example/hook/cmake_prefix_path.dsv'
[1.057s] INFO:colcon.colcon_core.shell:Creating environment hook '/home/sksuser/arduinobot_ws/install/arduinobot_cpp_example/share/arduinobot_cpp_example/hook/cmake_prefix_path.sh'
[1.059s] Level 1:colcon.colcon_core.environment:checking '/home/sksuser/arduinobot_ws/install/arduinobot_cpp_example/lib'
[1.059s] Level 1:colcon.colcon_core.environment:checking '/home/sksuser/arduinobot_ws/install/arduinobot_cpp_example/bin'
[1.059s] Level 1:colcon.colcon_core.environment:checking '/home/sksuser/arduinobot_ws/install/arduinobot_cpp_example/lib/pkgconfig/arduinobot_cpp_example.pc'
[1.060s] Level 1:colcon.colcon_core.environment:checking '/home/sksuser/arduinobot_ws/install/arduinobot_cpp_example/lib/python3.10/site-packages'
[1.060s] Level 1:colcon.colcon_core.environment:checking '/home/sksuser/arduinobot_ws/install/arduinobot_cpp_example/bin'
[1.062s] INFO:colcon.colcon_core.shell:Creating package script '/home/sksuser/arduinobot_ws/install/arduinobot_cpp_example/share/arduinobot_cpp_example/package.ps1'
[1.063s] INFO:colcon.colcon_core.shell:Creating package descriptor '/home/sksuser/arduinobot_ws/install/arduinobot_cpp_example/share/arduinobot_cpp_example/package.dsv'
[1.064s] INFO:colcon.colcon_core.shell:Creating package script '/home/sksuser/arduinobot_ws/install/arduinobot_cpp_example/share/arduinobot_cpp_example/package.sh'
[1.065s] INFO:colcon.colcon_core.shell:Creating package script '/home/sksuser/arduinobot_ws/install/arduinobot_cpp_example/share/arduinobot_cpp_example/package.bash'
[1.066s] INFO:colcon.colcon_core.shell:Creating package script '/home/sksuser/arduinobot_ws/install/arduinobot_cpp_example/share/arduinobot_cpp_example/package.zsh'
[1.068s] Level 1:colcon.colcon_core.environment:create_file_with_runtime_dependencies(/home/sksuser/arduinobot_ws/install/arduinobot_cpp_example/share/colcon-core/packages/arduinobot_cpp_example)
[1.493s] DEBUG:colcon.colcon_core.event_handler.log_command:Invoking command in '/home/sksuser/arduinobot_ws/src/arduinobot_py_example': PYTHONPATH=/home/sksuser/arduinobot_ws/build/arduinobot_py_example/prefix_override:/usr/lib/python3/dist-packages/colcon_core/task/python/colcon_distutils_commands:/home/sksuser/arduinobot_ws/install/arduinobot_py_example/lib/python3.10/site-packages:${PYTHONPATH} /usr/bin/python3 -W ignore:setup.py install is deprecated -W ignore:easy_install command is deprecated setup.py egg_info --egg-base ../../build/arduinobot_py_example build --build-base /home/sksuser/arduinobot_ws/build/arduinobot_py_example/build install --record /home/sksuser/arduinobot_ws/build/arduinobot_py_example/install.log --single-version-externally-managed install_data
[1.888s] Level 1:colcon.colcon_core.environment:checking '/home/sksuser/arduinobot_ws/install/arduinobot_py_example' for CMake module files
[1.889s] DEBUG:colcon.colcon_core.event_handler.log_command:Invoked command in '/home/sksuser/arduinobot_ws/src/arduinobot_py_example' returned '0': PYTHONPATH=/home/sksuser/arduinobot_ws/build/arduinobot_py_example/prefix_override:/usr/lib/python3/dist-packages/colcon_core/task/python/colcon_distutils_commands:/home/sksuser/arduinobot_ws/install/arduinobot_py_example/lib/python3.10/site-packages:${PYTHONPATH} /usr/bin/python3 -W ignore:setup.py install is deprecated -W ignore:easy_install command is deprecated setup.py egg_info --egg-base ../../build/arduinobot_py_example build --build-base /home/sksuser/arduinobot_ws/build/arduinobot_py_example/build install --record /home/sksuser/arduinobot_ws/build/arduinobot_py_example/install.log --single-version-externally-managed install_data
[1.890s] Level 1:colcon.colcon_core.environment:checking '/home/sksuser/arduinobot_ws/install/arduinobot_py_example' for CMake config files
[1.891s] Level 1:colcon.colcon_core.environment:checking '/home/sksuser/arduinobot_ws/install/arduinobot_py_example/lib'
[1.891s] Level 1:colcon.colcon_core.environment:checking '/home/sksuser/arduinobot_ws/install/arduinobot_py_example/bin'
[1.891s] Level 1:colcon.colcon_core.environment:checking '/home/sksuser/arduinobot_ws/install/arduinobot_py_example/lib/pkgconfig/arduinobot_py_example.pc'
[1.891s] Level 1:colcon.colcon_core.environment:checking '/home/sksuser/arduinobot_ws/install/arduinobot_py_example/lib/python3.10/site-packages'
[1.891s] Level 1:colcon.colcon_core.shell:create_environment_hook('arduinobot_py_example', 'pythonpath')
[1.891s] INFO:colcon.colcon_core.shell:Creating environment hook '/home/sksuser/arduinobot_ws/install/arduinobot_py_example/share/arduinobot_py_example/hook/pythonpath.ps1'
[1.892s] INFO:colcon.colcon_core.shell:Creating environment descriptor '/home/sksuser/arduinobot_ws/install/arduinobot_py_example/share/arduinobot_py_example/hook/pythonpath.dsv'
[1.892s] INFO:colcon.colcon_core.shell:Creating environment hook '/home/sksuser/arduinobot_ws/install/arduinobot_py_example/share/arduinobot_py_example/hook/pythonpath.sh'
[1.893s] Level 1:colcon.colcon_core.environment:checking '/home/sksuser/arduinobot_ws/install/arduinobot_py_example/bin'
[1.893s] Level 1:colcon.colcon_core.environment:create_environment_scripts_only(arduinobot_py_example)
[1.894s] INFO:colcon.colcon_core.shell:Creating package script '/home/sksuser/arduinobot_ws/install/arduinobot_py_example/share/arduinobot_py_example/package.ps1'
[1.894s] INFO:colcon.colcon_core.shell:Creating package descriptor '/home/sksuser/arduinobot_ws/install/arduinobot_py_example/share/arduinobot_py_example/package.dsv'
[1.895s] INFO:colcon.colcon_core.shell:Creating package script '/home/sksuser/arduinobot_ws/install/arduinobot_py_example/share/arduinobot_py_example/package.sh'
[1.897s] INFO:colcon.colcon_core.shell:Creating package script '/home/sksuser/arduinobot_ws/install/arduinobot_py_example/share/arduinobot_py_example/package.bash'
[1.897s] INFO:colcon.colcon_core.shell:Creating package script '/home/sksuser/arduinobot_ws/install/arduinobot_py_example/share/arduinobot_py_example/package.zsh'
[1.898s] Level 1:colcon.colcon_core.environment:create_file_with_runtime_dependencies(/home/sksuser/arduinobot_ws/install/arduinobot_py_example/share/colcon-core/packages/arduinobot_py_example)
[1.899s] DEBUG:colcon.colcon_parallel_executor.executor.parallel:closing loop
[1.899s] DEBUG:colcon.colcon_parallel_executor.executor.parallel:loop closed
[1.899s] DEBUG:colcon.colcon_parallel_executor.executor.parallel:run_until_complete finished with '0'
[1.899s] DEBUG:colcon.colcon_core.event_reactor:joining thread
[1.908s] INFO:colcon.colcon_core.plugin_system:Skipping extension 'colcon_notification.desktop_notification.terminal_notifier': Not used on non-Darwin systems
[1.908s] INFO:colcon.colcon_core.plugin_system:Skipping extension 'colcon_notification.desktop_notification.win32': Not used on non-Windows systems
[1.908s] INFO:colcon.colcon_notification.desktop_notification:Sending desktop notification using 'notify2'
[1.922s] DEBUG:colcon.colcon_core.event_reactor:joined thread
[1.922s] INFO:colcon.colcon_core.shell:Creating prefix script '/home/sksuser/arduinobot_ws/install/local_setup.ps1'
[1.924s] INFO:colcon.colcon_core.shell:Creating prefix util module '/home/sksuser/arduinobot_ws/install/_local_setup_util_ps1.py'
[1.927s] INFO:colcon.colcon_core.shell:Creating prefix chain script '/home/sksuser/arduinobot_ws/install/setup.ps1'
[1.930s] INFO:colcon.colcon_core.shell:Creating prefix script '/home/sksuser/arduinobot_ws/install/local_setup.sh'
[1.931s] INFO:colcon.colcon_core.shell:Creating prefix util module '/home/sksuser/arduinobot_ws/install/_local_setup_util_sh.py'
[1.932s] INFO:colcon.colcon_core.shell:Creating prefix chain script '/home/sksuser/arduinobot_ws/install/setup.sh'
[1.935s] INFO:colcon.colcon_core.shell:Creating prefix script '/home/sksuser/arduinobot_ws/install/local_setup.bash'
[1.936s] INFO:colcon.colcon_core.shell:Creating prefix chain script '/home/sksuser/arduinobot_ws/install/setup.bash'
[1.939s] INFO:colcon.colcon_core.shell:Creating prefix script '/home/sksuser/arduinobot_ws/install/local_setup.zsh'
[1.940s] INFO:colcon.colcon_core.shell:Creating prefix chain script '/home/sksuser/arduinobot_ws/install/setup.zsh'
