/home/sksuser/arduinobot_ws/install/arduinobot_py_example/lib/python3.10/site-packages/arduinobot_py_example/simple_service_client.py
/home/sksuser/arduinobot_ws/install/arduinobot_py_example/lib/python3.10/site-packages/arduinobot_py_example/simple_subscriber.py
/home/sksuser/arduinobot_ws/install/arduinobot_py_example/lib/python3.10/site-packages/arduinobot_py_example/simple_publisher.py
/home/sksuser/arduinobot_ws/install/arduinobot_py_example/lib/python3.10/site-packages/arduinobot_py_example/simple_action_client.py
/home/sksuser/arduinobot_ws/install/arduinobot_py_example/lib/python3.10/site-packages/arduinobot_py_example/__init__.py
/home/sksuser/arduinobot_ws/install/arduinobot_py_example/lib/python3.10/site-packages/arduinobot_py_example/simple_parameter.py
/home/sksuser/arduinobot_ws/install/arduinobot_py_example/lib/python3.10/site-packages/arduinobot_py_example/simple_service_server.py
/home/sksuser/arduinobot_ws/install/arduinobot_py_example/lib/python3.10/site-packages/arduinobot_py_example/simple_action_server.py
/home/sksuser/arduinobot_ws/install/arduinobot_py_example/lib/python3.10/site-packages/arduinobot_py_example/__pycache__/simple_service_client.cpython-310.pyc
/home/sksuser/arduinobot_ws/install/arduinobot_py_example/lib/python3.10/site-packages/arduinobot_py_example/__pycache__/simple_subscriber.cpython-310.pyc
/home/sksuser/arduinobot_ws/install/arduinobot_py_example/lib/python3.10/site-packages/arduinobot_py_example/__pycache__/simple_publisher.cpython-310.pyc
/home/sksuser/arduinobot_ws/install/arduinobot_py_example/lib/python3.10/site-packages/arduinobot_py_example/__pycache__/simple_action_client.cpython-310.pyc
/home/sksuser/arduinobot_ws/install/arduinobot_py_example/lib/python3.10/site-packages/arduinobot_py_example/__pycache__/__init__.cpython-310.pyc
/home/sksuser/arduinobot_ws/install/arduinobot_py_example/lib/python3.10/site-packages/arduinobot_py_example/__pycache__/simple_parameter.cpython-310.pyc
/home/sksuser/arduinobot_ws/install/arduinobot_py_example/lib/python3.10/site-packages/arduinobot_py_example/__pycache__/simple_service_server.cpython-310.pyc
/home/sksuser/arduinobot_ws/install/arduinobot_py_example/lib/python3.10/site-packages/arduinobot_py_example/__pycache__/simple_action_server.cpython-310.pyc
/home/sksuser/arduinobot_ws/install/arduinobot_py_example/share/ament_index/resource_index/packages/arduinobot_py_example
/home/sksuser/arduinobot_ws/install/arduinobot_py_example/share/arduinobot_py_example/package.xml
/home/sksuser/arduinobot_ws/install/arduinobot_py_example/lib/python3.10/site-packages/arduinobot_py_example-0.0.0-py3.10.egg-info/PKG-INFO
/home/sksuser/arduinobot_ws/install/arduinobot_py_example/lib/python3.10/site-packages/arduinobot_py_example-0.0.0-py3.10.egg-info/dependency_links.txt
/home/sksuser/arduinobot_ws/install/arduinobot_py_example/lib/python3.10/site-packages/arduinobot_py_example-0.0.0-py3.10.egg-info/top_level.txt
/home/sksuser/arduinobot_ws/install/arduinobot_py_example/lib/python3.10/site-packages/arduinobot_py_example-0.0.0-py3.10.egg-info/zip-safe
/home/sksuser/arduinobot_ws/install/arduinobot_py_example/lib/python3.10/site-packages/arduinobot_py_example-0.0.0-py3.10.egg-info/SOURCES.txt
/home/sksuser/arduinobot_ws/install/arduinobot_py_example/lib/python3.10/site-packages/arduinobot_py_example-0.0.0-py3.10.egg-info/entry_points.txt
/home/sksuser/arduinobot_ws/install/arduinobot_py_example/lib/python3.10/site-packages/arduinobot_py_example-0.0.0-py3.10.egg-info/requires.txt
/home/sksuser/arduinobot_ws/install/arduinobot_py_example/lib/arduinobot_py_example/simple_action_client
/home/sksuser/arduinobot_ws/install/arduinobot_py_example/lib/arduinobot_py_example/simple_action_server
/home/sksuser/arduinobot_ws/install/arduinobot_py_example/lib/arduinobot_py_example/simple_parameter
/home/sksuser/arduinobot_ws/install/arduinobot_py_example/lib/arduinobot_py_example/simple_publisher
/home/sksuser/arduinobot_ws/install/arduinobot_py_example/lib/arduinobot_py_example/simple_service_client
/home/sksuser/arduinobot_ws/install/arduinobot_py_example/lib/arduinobot_py_example/simple_service_server
/home/sksuser/arduinobot_ws/install/arduinobot_py_example/lib/arduinobot_py_example/simple_subscriber
