[0.022s] Invoking command in '/home/sksuser/arduinobot_ws/build/arduinobot_moveit': AMENT_PREFIX_PATH=/home/sksuser/arduinobot_ws/install/arduinobot_description:${AMENT_PREFIX_PATH} CMAKE_PREFIX_PATH=/home/sksuser/arduinobot_ws/install/arduinobot_description:/home/sksuser/my_robot_ws/install/my_robot_bringup:/home/sksuser/my_robot_ws/install/my_robot_description:/opt/ros/humble /usr/bin/cmake /home/sksuser/arduinobot_ws/src/arduinobot_moveit -DCMAKE_INSTALL_PREFIX=/home/sksuser/arduinobot_ws/install/arduinobot_moveit
[0.149s] -- The C compiler identification is GNU 11.4.0
[0.255s] -- The CXX compiler identification is GNU 11.4.0
[0.266s] -- Detecting C compiler ABI info
[0.379s] -- Detecting C compiler ABI info - done
[0.396s] -- Check for working C compiler: /usr/bin/cc - skipped
[0.397s] -- Detecting C compile features
[0.397s] -- Detecting C compile features - done
[0.403s] -- Detecting CXX compiler ABI info
[0.558s] -- Detecting CXX compiler ABI info - done
[0.570s] -- Check for working CXX compiler: /usr/bin/c++ - skipped
[0.571s] -- Detecting CXX compile features
[0.572s] -- Detecting CXX compile features - done
[0.576s] -- Found ament_cmake: 1.3.12 (/opt/ros/humble/share/ament_cmake/cmake)
[0.864s] -- Found Python3: /usr/bin/python3 (found version "3.10.12") found components: Interpreter 
[1.038s] -- Found ament_lint_auto: 0.12.14 (/opt/ros/humble/share/ament_lint_auto/cmake)
[1.216s] -- Added test 'copyright' to check source files copyright and LICENSE
[1.222s] -- Added test 'flake8' to check Python code syntax and style conventions
[1.223s] -- Added test 'lint_cmake' to check CMake code style
[1.225s] -- Added test 'pep257' to check Python code against some of the docstring style conventions in PEP 257
[1.227s] -- Added test 'xmllint' to check XML markup files
[1.230s] -- Configuring done
[1.237s] -- Generating done
[1.241s] -- Build files have been written to: /home/sksuser/arduinobot_ws/build/arduinobot_moveit
[1.250s] Invoked command in '/home/sksuser/arduinobot_ws/build/arduinobot_moveit' returned '0': AMENT_PREFIX_PATH=/home/sksuser/arduinobot_ws/install/arduinobot_description:${AMENT_PREFIX_PATH} CMAKE_PREFIX_PATH=/home/sksuser/arduinobot_ws/install/arduinobot_description:/home/sksuser/my_robot_ws/install/my_robot_bringup:/home/sksuser/my_robot_ws/install/my_robot_description:/opt/ros/humble /usr/bin/cmake /home/sksuser/arduinobot_ws/src/arduinobot_moveit -DCMAKE_INSTALL_PREFIX=/home/sksuser/arduinobot_ws/install/arduinobot_moveit
[1.254s] Invoking command in '/home/sksuser/arduinobot_ws/build/arduinobot_moveit': AMENT_PREFIX_PATH=/home/sksuser/arduinobot_ws/install/arduinobot_description:${AMENT_PREFIX_PATH} CMAKE_PREFIX_PATH=/home/sksuser/arduinobot_ws/install/arduinobot_description:/home/sksuser/my_robot_ws/install/my_robot_bringup:/home/sksuser/my_robot_ws/install/my_robot_description:/opt/ros/humble /usr/bin/cmake --build /home/sksuser/arduinobot_ws/build/arduinobot_moveit -- -j8 -l8
[1.352s] Invoked command in '/home/sksuser/arduinobot_ws/build/arduinobot_moveit' returned '0': AMENT_PREFIX_PATH=/home/sksuser/arduinobot_ws/install/arduinobot_description:${AMENT_PREFIX_PATH} CMAKE_PREFIX_PATH=/home/sksuser/arduinobot_ws/install/arduinobot_description:/home/sksuser/my_robot_ws/install/my_robot_bringup:/home/sksuser/my_robot_ws/install/my_robot_description:/opt/ros/humble /usr/bin/cmake --build /home/sksuser/arduinobot_ws/build/arduinobot_moveit -- -j8 -l8
[1.356s] Invoking command in '/home/sksuser/arduinobot_ws/build/arduinobot_moveit': AMENT_PREFIX_PATH=/home/sksuser/arduinobot_ws/install/arduinobot_description:${AMENT_PREFIX_PATH} CMAKE_PREFIX_PATH=/home/sksuser/arduinobot_ws/install/arduinobot_description:/home/sksuser/my_robot_ws/install/my_robot_bringup:/home/sksuser/my_robot_ws/install/my_robot_description:/opt/ros/humble /usr/bin/cmake --install /home/sksuser/arduinobot_ws/build/arduinobot_moveit
[1.374s] -- Install configuration: ""
[1.374s] -- Installing: /home/sksuser/arduinobot_ws/install/arduinobot_moveit/share/arduinobot_moveit/launch
[1.375s] -- Installing: /home/sksuser/arduinobot_ws/install/arduinobot_moveit/share/arduinobot_moveit/launch/moveit.launch.py
[1.375s] -- Installing: /home/sksuser/arduinobot_ws/install/arduinobot_moveit/share/arduinobot_moveit/config
[1.376s] -- Installing: /home/sksuser/arduinobot_ws/install/arduinobot_moveit/share/arduinobot_moveit/config/moveit_controllers.yaml
[1.376s] -- Installing: /home/sksuser/arduinobot_ws/install/arduinobot_moveit/share/arduinobot_moveit/config/moveit.rviz
[1.376s] -- Installing: /home/sksuser/arduinobot_ws/install/arduinobot_moveit/share/arduinobot_moveit/config/joint_limits.yaml
[1.377s] -- Installing: /home/sksuser/arduinobot_ws/install/arduinobot_moveit/share/arduinobot_moveit/config/arduinobot.srdf
[1.377s] -- Installing: /home/sksuser/arduinobot_ws/install/arduinobot_moveit/share/arduinobot_moveit/config/planning_python_api.yaml
[1.377s] -- Installing: /home/sksuser/arduinobot_ws/install/arduinobot_moveit/share/arduinobot_moveit/config/pilz_cartesian_limits.yaml
[1.377s] -- Installing: /home/sksuser/arduinobot_ws/install/arduinobot_moveit/share/arduinobot_moveit/config/initial_positions.yaml
[1.378s] -- Installing: /home/sksuser/arduinobot_ws/install/arduinobot_moveit/share/arduinobot_moveit/config/kinematics.yaml
[1.378s] -- Installing: /home/sksuser/arduinobot_ws/install/arduinobot_moveit/share/ament_index/resource_index/package_run_dependencies/arduinobot_moveit
[1.379s] -- Installing: /home/sksuser/arduinobot_ws/install/arduinobot_moveit/share/ament_index/resource_index/parent_prefix_path/arduinobot_moveit
[1.379s] -- Installing: /home/sksuser/arduinobot_ws/install/arduinobot_moveit/share/arduinobot_moveit/environment/ament_prefix_path.sh
[1.379s] -- Installing: /home/sksuser/arduinobot_ws/install/arduinobot_moveit/share/arduinobot_moveit/environment/ament_prefix_path.dsv
[1.380s] -- Installing: /home/sksuser/arduinobot_ws/install/arduinobot_moveit/share/arduinobot_moveit/environment/path.sh
[1.380s] -- Installing: /home/sksuser/arduinobot_ws/install/arduinobot_moveit/share/arduinobot_moveit/environment/path.dsv
[1.380s] -- Installing: /home/sksuser/arduinobot_ws/install/arduinobot_moveit/share/arduinobot_moveit/local_setup.bash
[1.381s] -- Installing: /home/sksuser/arduinobot_ws/install/arduinobot_moveit/share/arduinobot_moveit/local_setup.sh
[1.381s] -- Installing: /home/sksuser/arduinobot_ws/install/arduinobot_moveit/share/arduinobot_moveit/local_setup.zsh
[1.381s] -- Installing: /home/sksuser/arduinobot_ws/install/arduinobot_moveit/share/arduinobot_moveit/local_setup.dsv
[1.382s] -- Installing: /home/sksuser/arduinobot_ws/install/arduinobot_moveit/share/arduinobot_moveit/package.dsv
[1.382s] -- Installing: /home/sksuser/arduinobot_ws/install/arduinobot_moveit/share/ament_index/resource_index/packages/arduinobot_moveit
[1.383s] -- Installing: /home/sksuser/arduinobot_ws/install/arduinobot_moveit/share/arduinobot_moveit/cmake/arduinobot_moveitConfig.cmake
[1.383s] -- Installing: /home/sksuser/arduinobot_ws/install/arduinobot_moveit/share/arduinobot_moveit/cmake/arduinobot_moveitConfig-version.cmake
[1.383s] -- Installing: /home/sksuser/arduinobot_ws/install/arduinobot_moveit/share/arduinobot_moveit/package.xml
[1.389s] Invoked command in '/home/sksuser/arduinobot_ws/build/arduinobot_moveit' returned '0': AMENT_PREFIX_PATH=/home/sksuser/arduinobot_ws/install/arduinobot_description:${AMENT_PREFIX_PATH} CMAKE_PREFIX_PATH=/home/sksuser/arduinobot_ws/install/arduinobot_description:/home/sksuser/my_robot_ws/install/my_robot_bringup:/home/sksuser/my_robot_ws/install/my_robot_description:/opt/ros/humble /usr/bin/cmake --install /home/sksuser/arduinobot_ws/build/arduinobot_moveit
