[1.860s] Invoking command in '/home/sksuser/arduinobot_ws/src/arduinobot_py_example': PYTHONPATH=/home/sksuser/arduinobot_ws/build/arduinobot_py_example/prefix_override:/usr/lib/python3/dist-packages/colcon_core/task/python/colcon_distutils_commands:/home/sksuser/arduinobot_ws/install/arduinobot_py_example/lib/python3.10/site-packages:${PYTHONPATH} /usr/bin/python3 -W ignore:setup.py install is deprecated -W ignore:easy_install command is deprecated setup.py egg_info --egg-base ../../build/arduinobot_py_example build --build-base /home/sksuser/arduinobot_ws/build/arduinobot_py_example/build install --record /home/sksuser/arduinobot_ws/build/arduinobot_py_example/install.log --single-version-externally-managed install_data
[2.455s] running egg_info
[2.457s] writing ../../build/arduinobot_py_example/arduinobot_py_example.egg-info/PKG-INFO
[2.458s] writing dependency_links to ../../build/arduinobot_py_example/arduinobot_py_example.egg-info/dependency_links.txt
[2.458s] writing entry points to ../../build/arduinobot_py_example/arduinobot_py_example.egg-info/entry_points.txt
[2.459s] writing requirements to ../../build/arduinobot_py_example/arduinobot_py_example.egg-info/requires.txt
[2.459s] writing top-level names to ../../build/arduinobot_py_example/arduinobot_py_example.egg-info/top_level.txt
[2.462s] reading manifest file '../../build/arduinobot_py_example/arduinobot_py_example.egg-info/SOURCES.txt'
[2.464s] writing manifest file '../../build/arduinobot_py_example/arduinobot_py_example.egg-info/SOURCES.txt'
[2.464s] running build
[2.465s] running build_py
[2.466s] running install
[2.466s] running install_lib
[2.469s] running install_data
[2.470s] running install_egg_info
[2.474s] removing '/home/sksuser/arduinobot_ws/install/arduinobot_py_example/lib/python3.10/site-packages/arduinobot_py_example-0.0.0-py3.10.egg-info' (and everything under it)
[2.475s] Copying ../../build/arduinobot_py_example/arduinobot_py_example.egg-info to /home/sksuser/arduinobot_ws/install/arduinobot_py_example/lib/python3.10/site-packages/arduinobot_py_example-0.0.0-py3.10.egg-info
[2.477s] running install_scripts
[2.528s] Installing simple_parameter script to /home/sksuser/arduinobot_ws/install/arduinobot_py_example/lib/arduinobot_py_example
[2.529s] Installing simple_publisher script to /home/sksuser/arduinobot_ws/install/arduinobot_py_example/lib/arduinobot_py_example
[2.529s] Installing simple_subscriber script to /home/sksuser/arduinobot_ws/install/arduinobot_py_example/lib/arduinobot_py_example
[2.530s] writing list of installed files to '/home/sksuser/arduinobot_ws/build/arduinobot_py_example/install.log'
[2.593s] Invoked command in '/home/sksuser/arduinobot_ws/src/arduinobot_py_example' returned '0': PYTHONPATH=/home/sksuser/arduinobot_ws/build/arduinobot_py_example/prefix_override:/usr/lib/python3/dist-packages/colcon_core/task/python/colcon_distutils_commands:/home/sksuser/arduinobot_ws/install/arduinobot_py_example/lib/python3.10/site-packages:${PYTHONPATH} /usr/bin/python3 -W ignore:setup.py install is deprecated -W ignore:easy_install command is deprecated setup.py egg_info --egg-base ../../build/arduinobot_py_example build --build-base /home/sksuser/arduinobot_ws/build/arduinobot_py_example/build install --record /home/sksuser/arduinobot_ws/build/arduinobot_py_example/install.log --single-version-externally-managed install_data
