[0.084s] Invoking command in '/home/sksuser/arduinobot_ws/build/arduinobot_cpp_example': AMENT_PREFIX_PATH=/home/sksuser/arduinobot_ws/install/arduinobot_msgs:${AMENT_PREFIX_PATH} CMAKE_PREFIX_PATH=/home/sksuser/arduinobot_ws/install/arduinobot_msgs:/home/sksuser/my_robot_ws/install/my_robot_bringup:/home/sksuser/my_robot_ws/install/my_robot_description:/opt/ros/humble LD_LIBRARY_PATH=/home/sksuser/arduinobot_ws/install/arduinobot_msgs/lib:${LD_LIBRARY_PATH} PYTHONPATH=/home/sksuser/arduinobot_ws/install/arduinobot_msgs/local/lib/python3.10/dist-packages:${PYTHONPATH} /usr/bin/cmake --build /home/sksuser/arduinobot_ws/build/arduinobot_cpp_example -- -j8 -l8
[1.095s] [ 14%] Built target simple_subscriber
[1.096s] [ 28%] Built target simple_publisher
[1.096s] [ 42%] Built target simple_action_server_node
[1.096s] [ 57%] Built target simple_action_server
[1.096s] [ 71%] Built target simple_action_client
[1.097s] [ 85%] Built target simple_action_client_node
[1.097s] [100%] Built target simple_moveit_interface
[1.120s] Invoked command in '/home/sksuser/arduinobot_ws/build/arduinobot_cpp_example' returned '0': AMENT_PREFIX_PATH=/home/sksuser/arduinobot_ws/install/arduinobot_msgs:${AMENT_PREFIX_PATH} CMAKE_PREFIX_PATH=/home/sksuser/arduinobot_ws/install/arduinobot_msgs:/home/sksuser/my_robot_ws/install/my_robot_bringup:/home/sksuser/my_robot_ws/install/my_robot_description:/opt/ros/humble LD_LIBRARY_PATH=/home/sksuser/arduinobot_ws/install/arduinobot_msgs/lib:${LD_LIBRARY_PATH} PYTHONPATH=/home/sksuser/arduinobot_ws/install/arduinobot_msgs/local/lib/python3.10/dist-packages:${PYTHONPATH} /usr/bin/cmake --build /home/sksuser/arduinobot_ws/build/arduinobot_cpp_example -- -j8 -l8
[1.129s] Invoking command in '/home/sksuser/arduinobot_ws/build/arduinobot_cpp_example': AMENT_PREFIX_PATH=/home/sksuser/arduinobot_ws/install/arduinobot_msgs:${AMENT_PREFIX_PATH} CMAKE_PREFIX_PATH=/home/sksuser/arduinobot_ws/install/arduinobot_msgs:/home/sksuser/my_robot_ws/install/my_robot_bringup:/home/sksuser/my_robot_ws/install/my_robot_description:/opt/ros/humble LD_LIBRARY_PATH=/home/sksuser/arduinobot_ws/install/arduinobot_msgs/lib:${LD_LIBRARY_PATH} PYTHONPATH=/home/sksuser/arduinobot_ws/install/arduinobot_msgs/local/lib/python3.10/dist-packages:${PYTHONPATH} /usr/bin/cmake --install /home/sksuser/arduinobot_ws/build/arduinobot_cpp_example
[1.165s] -- Install configuration: ""
[1.165s] -- Up-to-date: /home/sksuser/arduinobot_ws/install/arduinobot_cpp_example/lib/arduinobot_cpp_example/simple_action_server_node
[1.166s] -- Up-to-date: /home/sksuser/arduinobot_ws/install/arduinobot_cpp_example/lib/arduinobot_cpp_example/simple_action_client_node
[1.166s] -- Up-to-date: /home/sksuser/arduinobot_ws/install/arduinobot_cpp_example/lib/arduinobot_cpp_example/simple_publisher
[1.166s] -- Up-to-date: /home/sksuser/arduinobot_ws/install/arduinobot_cpp_example/lib/arduinobot_cpp_example/simple_subscriber
[1.166s] -- Up-to-date: /home/sksuser/arduinobot_ws/install/arduinobot_cpp_example/lib/arduinobot_cpp_example/simple_moveit_interface
[1.166s] -- Up-to-date: /home/sksuser/arduinobot_ws/install/arduinobot_cpp_example/lib/libsimple_action_server.so
[1.167s] -- Up-to-date: /home/sksuser/arduinobot_ws/install/arduinobot_cpp_example/lib/libsimple_action_client.so
[1.167s] -- Up-to-date: /home/sksuser/arduinobot_ws/install/arduinobot_cpp_example/share/ament_index/resource_index/package_run_dependencies/arduinobot_cpp_example
[1.174s] -- Up-to-date: /home/sksuser/arduinobot_ws/install/arduinobot_cpp_example/share/ament_index/resource_index/parent_prefix_path/arduinobot_cpp_example
[1.174s] -- Up-to-date: /home/sksuser/arduinobot_ws/install/arduinobot_cpp_example/share/arduinobot_cpp_example/environment/ament_prefix_path.sh
[1.175s] -- Up-to-date: /home/sksuser/arduinobot_ws/install/arduinobot_cpp_example/share/arduinobot_cpp_example/environment/ament_prefix_path.dsv
[1.175s] -- Up-to-date: /home/sksuser/arduinobot_ws/install/arduinobot_cpp_example/share/arduinobot_cpp_example/environment/path.sh
[1.175s] -- Up-to-date: /home/sksuser/arduinobot_ws/install/arduinobot_cpp_example/share/arduinobot_cpp_example/environment/path.dsv
[1.176s] -- Up-to-date: /home/sksuser/arduinobot_ws/install/arduinobot_cpp_example/share/arduinobot_cpp_example/local_setup.bash
[1.176s] -- Up-to-date: /home/sksuser/arduinobot_ws/install/arduinobot_cpp_example/share/arduinobot_cpp_example/local_setup.sh
[1.176s] -- Up-to-date: /home/sksuser/arduinobot_ws/install/arduinobot_cpp_example/share/arduinobot_cpp_example/local_setup.zsh
[1.176s] -- Up-to-date: /home/sksuser/arduinobot_ws/install/arduinobot_cpp_example/share/arduinobot_cpp_example/local_setup.dsv
[1.177s] -- Installing: /home/sksuser/arduinobot_ws/install/arduinobot_cpp_example/share/arduinobot_cpp_example/package.dsv
[1.177s] -- Up-to-date: /home/sksuser/arduinobot_ws/install/arduinobot_cpp_example/share/ament_index/resource_index/packages/arduinobot_cpp_example
[1.177s] -- Up-to-date: /home/sksuser/arduinobot_ws/install/arduinobot_cpp_example/share/ament_index/resource_index/rclcpp_components/arduinobot_cpp_example
[1.177s] -- Up-to-date: /home/sksuser/arduinobot_ws/install/arduinobot_cpp_example/share/arduinobot_cpp_example/cmake/arduinobot_cpp_exampleConfig.cmake
[1.177s] -- Up-to-date: /home/sksuser/arduinobot_ws/install/arduinobot_cpp_example/share/arduinobot_cpp_example/cmake/arduinobot_cpp_exampleConfig-version.cmake
[1.178s] -- Up-to-date: /home/sksuser/arduinobot_ws/install/arduinobot_cpp_example/share/arduinobot_cpp_example/package.xml
[1.190s] Invoked command in '/home/sksuser/arduinobot_ws/build/arduinobot_cpp_example' returned '0': AMENT_PREFIX_PATH=/home/sksuser/arduinobot_ws/install/arduinobot_msgs:${AMENT_PREFIX_PATH} CMAKE_PREFIX_PATH=/home/sksuser/arduinobot_ws/install/arduinobot_msgs:/home/sksuser/my_robot_ws/install/my_robot_bringup:/home/sksuser/my_robot_ws/install/my_robot_description:/opt/ros/humble LD_LIBRARY_PATH=/home/sksuser/arduinobot_ws/install/arduinobot_msgs/lib:${LD_LIBRARY_PATH} PYTHONPATH=/home/sksuser/arduinobot_ws/install/arduinobot_msgs/local/lib/python3.10/dist-packages:${PYTHONPATH} /usr/bin/cmake --install /home/sksuser/arduinobot_ws/build/arduinobot_cpp_example
